{"target": 0.7029849408683686, "params": {"alpha_power": -3.491463344983009, "gamma_power": -1.980360310046275, "n_components": 839.4647443008324}, "datetime": {"datetime": "2024-05-04 14:12:13", "elapsed": 12119.020045, "delta": 45.65145}}
{"target": 0.7883864170795787, "params": {"alpha_power": 3.2536066715963337, "gamma_power": -5.404503958422534, "n_components": 840.4025707440536}, "datetime": {"datetime": "2024-05-04 14:13:02", "elapsed": 12168.253831, "delta": 49.233786}}
{"target": 0.7730867754106526, "params": {"alpha_power": -5.927156466392727, "gamma_power": -2.0579687090635757, "n_components": 1945.862447566871}, "datetime": {"datetime": "2024-05-04 14:15:17", "elapsed": 12302.714639, "delta": 134.460808}}
{"target": 0.6029185158580823, "params": {"alpha_power": 2.1214110958179404, "gamma_power": -1.7699376268331894, "n_components": 1384.4600881833676}, "datetime": {"datetime": "2024-05-04 14:16:26", "elapsed": 12372.373305, "delta": 69.658666}}
{"target": 0.9394594968309326, "params": {"alpha_power": -5.599944509231545, "gamma_power": -5.591540501459618, "n_components": 1392.2428375651657}, "datetime": {"datetime": "2024-05-04 14:17:39", "elapsed": 12444.793455, "delta": 72.42015}}
{"target": 0.9107529402008693, "params": {"alpha_power": -2.5598127409553673, "gamma_power": -5.998546866984018, "n_components": 862.1176266817301}, "datetime": {"datetime": "2024-05-04 14:18:25", "elapsed": 12490.551455, "delta": 45.758}}
{"target": 0.9192810978330991, "params": {"alpha_power": -2.6052401549465487, "gamma_power": -4.069657542624588, "n_components": 867.2867329978671}, "datetime": {"datetime": "2024-05-04 14:19:11", "elapsed": 12536.799927, "delta": 46.248472}}
{"target": 0.9139847315666494, "params": {"alpha_power": -2.224613822979122, "gamma_power": -6.0, "n_components": 1650.1894293017165}, "datetime": {"datetime": "2024-05-04 14:20:08", "elapsed": 12594.067261, "delta": 57.267334}}
{"target": 0.767656920275056, "params": {"alpha_power": 1.703859344614349, "gamma_power": -5.979582241934999, "n_components": 868.9281087112802}, "datetime": {"datetime": "2024-05-04 14:21:29", "elapsed": 12674.745295, "delta": 80.678034}}
{"target": 0.9491496756173591, "params": {"alpha_power": -5.919979955133397, "gamma_power": -4.4655124685288445, "n_components": 864.8203204020691}, "datetime": {"datetime": "2024-05-04 14:22:32", "elapsed": 12738.389266, "delta": 63.643971}}
{"target": 0.4989177998000688, "params": {"alpha_power": -4.08959835545604, "gamma_power": -0.48414061345655846, "n_components": 866.8857272349702}, "datetime": {"datetime": "2024-05-04 14:23:22", "elapsed": 12788.243533, "delta": 49.854267}}
{"target": 0.9167530616020223, "params": {"alpha_power": -4.703460624425841, "gamma_power": -5.91898113324133, "n_components": 867.3874831327685}, "datetime": {"datetime": "2024-05-04 14:24:14", "elapsed": 12840.158486, "delta": 51.914953}}
{"target": 0.9144487792979019, "params": {"alpha_power": -2.0035601157433938, "gamma_power": -5.720638040263373, "n_components": 1392.7034805679018}, "datetime": {"datetime": "2024-05-04 14:25:08", "elapsed": 12893.673807, "delta": 53.515321}}
{"target": 0.7856048224940907, "params": {"alpha_power": 3.7716027006748227, "gamma_power": -4.421905981601096, "n_components": 1777.0948748060528}, "datetime": {"datetime": "2024-05-04 14:26:14", "elapsed": 12960.124344, "delta": 66.450537}}
{"target": 0.9192289628187351, "params": {"alpha_power": -4.714119560913607, "gamma_power": -5.833790011915483, "n_components": 1419.3959996411768}, "datetime": {"datetime": "2024-05-04 14:27:16", "elapsed": 13021.691112, "delta": 61.566768}}
{"target": 0.948097280797413, "params": {"alpha_power": -4.462207299639973, "gamma_power": -3.9140800869771315, "n_components": 1422.7561727521563}, "datetime": {"datetime": "2024-05-04 14:28:10", "elapsed": 13075.973221, "delta": 54.282109}}
{"target": 0.9124522804813118, "params": {"alpha_power": -1.2774990360888012, "gamma_power": -6.0, "n_components": 1422.7253374091451}, "datetime": {"datetime": "2024-05-04 14:29:05", "elapsed": 13130.671084, "delta": 54.697863}}
{"target": 0.9156989895611505, "params": {"alpha_power": -3.5101012902249593, "gamma_power": -5.544799524197947, "n_components": 1426.889087432747}, "datetime": {"datetime": "2024-05-04 14:30:00", "elapsed": 13185.482127, "delta": 54.811043}}
{"target": 0.7133605885572438, "params": {"alpha_power": -2.1048142730560317, "gamma_power": -2.004220663551748, "n_components": 1425.1115778507021}, "datetime": {"datetime": "2024-05-04 14:30:55", "elapsed": 13240.881819, "delta": 55.399692}}
{"target": 0.9204762949330018, "params": {"alpha_power": -4.653460565974647, "gamma_power": -5.806610126736668, "n_components": 1430.2253052037042}, "datetime": {"datetime": "2024-05-04 14:32:02", "elapsed": 13308.009952, "delta": 67.128133}}
{"target": 0.9272762153946852, "params": {"alpha_power": -5.3205134573605575, "gamma_power": -5.952056606297872, "n_components": 1424.210012737988}, "datetime": {"datetime": "2024-05-04 14:33:31", "elapsed": 13396.811403, "delta": 88.801451}}
{"target": 0.9164582027075225, "params": {"alpha_power": -0.8401918534375641, "gamma_power": -5.009483248282751, "n_components": 1431.5923666481701}, "datetime": {"datetime": "2024-05-04 14:34:26", "elapsed": 13451.817898, "delta": 55.006495}}
{"target": 0.9400127917819742, "params": {"alpha_power": -5.915375583355676, "gamma_power": -5.880644441529675, "n_components": 1306.1710247708504}, "datetime": {"datetime": "2024-05-04 14:35:49", "elapsed": 13535.245673, "delta": 83.427775}}
{"target": 0.9271540451043065, "params": {"alpha_power": -3.77748850631651, "gamma_power": -4.6012446359835195, "n_components": 1435.064721731072}, "datetime": {"datetime": "2024-05-04 14:36:43", "elapsed": 13589.257256, "delta": 54.011583}}
{"target": 0.9161317200246467, "params": {"alpha_power": 0.27259453125251554, "gamma_power": -4.639774101957364, "n_components": 1435.8952472757276}, "datetime": {"datetime": "2024-05-04 14:37:41", "elapsed": 13646.690664, "delta": 57.433408}}
{"target": 0.5014198568192956, "params": {"alpha_power": -3.378862309422115, "gamma_power": -1.145179657947148, "n_components": 1432.9085575915394}, "datetime": {"datetime": "2024-05-04 14:38:39", "elapsed": 13705.330929, "delta": 58.640265}}
{"target": 0.9219094828459207, "params": {"alpha_power": -3.471618136381277, "gamma_power": -4.681459063155221, "n_components": 1438.6606550382003}, "datetime": {"datetime": "2024-05-04 14:39:34", "elapsed": 13759.756449, "delta": 54.42552}}
{"target": 0.8020159686731508, "params": {"alpha_power": 1.9872223856065396, "gamma_power": -4.2408314360791, "n_components": 1439.9539844309127}, "datetime": {"datetime": "2024-05-04 14:40:53", "elapsed": 13839.309388, "delta": 79.552939}}
{"target": 0.802657834165468, "params": {"alpha_power": 4.631640913922261, "gamma_power": -4.005466691152989, "n_components": 1433.6594855264727}, "datetime": {"datetime": "2024-05-04 14:41:51", "elapsed": 13896.649073, "delta": 57.339685}}
{"target": 0.9424790855100398, "params": {"alpha_power": -5.572606811369631, "gamma_power": -5.381562046390244, "n_components": 1443.1814131111864}, "datetime": {"datetime": "2024-05-04 14:43:02", "elapsed": 13968.040032, "delta": 71.390959}}
{"target": 0.7248313778630855, "params": {"alpha_power": -5.344229832988889, "gamma_power": -1.973240896265155, "n_components": 1442.4036358546216}, "datetime": {"datetime": "2024-05-04 14:44:40", "elapsed": 14065.782141, "delta": 97.742109}}
{"target": 0.9410594458250904, "params": {"alpha_power": -6.0, "gamma_power": -6.0, "n_components": 1787.518058101461}, "datetime": {"datetime": "2024-05-04 14:46:25", "elapsed": 14170.502971, "delta": 104.72083}}
{"target": 0.9329217421020133, "params": {"alpha_power": -4.87426496186411, "gamma_power": -5.335313891589498, "n_components": 1447.1011334383443}, "datetime": {"datetime": "2024-05-04 14:47:25", "elapsed": 14230.463319, "delta": 59.960348}}
{"target": 0.9132189180745979, "params": {"alpha_power": -2.09877440211976, "gamma_power": -6.0, "n_components": 1444.45653001311}, "datetime": {"datetime": "2024-05-04 14:48:19", "elapsed": 14284.798582, "delta": 54.335263}}
{"target": 0.9143084152102403, "params": {"alpha_power": -0.9935702359010063, "gamma_power": -3.518673642413406, "n_components": 1449.4419507094485}, "datetime": {"datetime": "2024-05-04 14:49:13", "elapsed": 14339.373139, "delta": 54.574557}}
{"target": 0.9312139655791585, "params": {"alpha_power": -4.526303433598695, "gamma_power": -5.124839241288198, "n_components": 1451.8000409648673}, "datetime": {"datetime": "2024-05-04 14:50:11", "elapsed": 14397.13212, "delta": 57.758981}}
{"target": 0.5020057984326236, "params": {"alpha_power": -5.039684175228209, "gamma_power": -1.3677677265249573, "n_components": 1450.282483965063}, "datetime": {"datetime": "2024-05-04 14:51:21", "elapsed": 14467.085429, "delta": 69.953309}}
{"target": 0.9163009251956182, "params": {"alpha_power": -1.173074867842499, "gamma_power": -5.26398965089368, "n_components": 1454.0979156202484}, "datetime": {"datetime": "2024-05-04 14:52:15", "elapsed": 14521.359327, "delta": 54.273898}}
{"target": 0.9378172488038896, "params": {"alpha_power": -5.28633811349183, "gamma_power": -5.4011129847276065, "n_components": 1455.5942371102328}, "datetime": {"datetime": "2024-05-04 14:53:23", "elapsed": 14589.049213, "delta": 67.689886}}
{"target": 0.7837890917546309, "params": {"alpha_power": 2.5665451861081845, "gamma_power": -5.1443472431443755, "n_components": 1449.403104587016}, "datetime": {"datetime": "2024-05-04 14:54:25", "elapsed": 14650.629311, "delta": 61.580098}}
{"target": 0.9294296569390061, "params": {"alpha_power": -4.760171917445863, "gamma_power": -5.365707860447036, "n_components": 1459.8912901559033}, "datetime": {"datetime": "2024-05-04 14:55:25", "elapsed": 14711.08574, "delta": 60.456429}}
{"target": 0.7604403802199292, "params": {"alpha_power": -2.1009471096061625, "gamma_power": -2.153666829805253, "n_components": 1460.7803247560207}, "datetime": {"datetime": "2024-05-04 14:56:20", "elapsed": 14765.735823, "delta": 54.650083}}
