{"target": 0.5028323801060127, "params": {"alpha_power": 0.20757460615907064, "gamma_power": 0.6287382267036987, "n_components": 1554.3735428541231}, "datetime": {"datetime": "2024-05-04 10:50:14", "elapsed": 0.0, "delta": 0.0}}
{"target": 0.9177998704176155, "params": {"alpha_power": -2.6112498723946476, "gamma_power": -4.452682457168432, "n_components": 1403.821961951187}, "datetime": {"datetime": "2024-05-04 10:51:08", "elapsed": 53.619448, "delta": 53.619448}}
{"target": 0.9416967910768216, "params": {"alpha_power": -3.994329562799325, "gamma_power": -3.252902734744785, "n_components": 1274.2994597803374}, "datetime": {"datetime": "2024-05-04 10:51:59", "elapsed": 104.75731, "delta": 51.137862}}
{"target": 0.9143951500767603, "params": {"alpha_power": -1.0568388616950486, "gamma_power": -5.982745831593797, "n_components": 1779.661146506999}, "datetime": {"datetime": "2024-05-04 10:52:58", "elapsed": 163.585191, "delta": 58.827881}}
{"target": 0.8016795213792619, "params": {"alpha_power": 4.619370460517683, "gamma_power": -3.8971321744346334, "n_components": 1220.2055439079577}, "datetime": {"datetime": "2024-05-04 10:53:51", "elapsed": 217.077844, "delta": 53.492653}}
{"target": 0.5, "params": {"alpha_power": 5.741122992177971, "gamma_power": -0.08434324511582236, "n_components": 223.64333420866762}, "datetime": {"datetime": "2024-05-04 10:54:27", "elapsed": 252.679492, "delta": 35.601648}}
{"target": 0.9220850052627867, "params": {"alpha_power": -2.463066423391613, "gamma_power": -3.9844589132292754, "n_components": 1662.6860442965228}, "datetime": {"datetime": "2024-05-04 10:55:23", "elapsed": 308.999373, "delta": 56.319881}}
{"target": 0.761129865910021, "params": {"alpha_power": 1.5141964555229528, "gamma_power": -5.226656002604283, "n_components": 101.0047412216245}, "datetime": {"datetime": "2024-05-04 10:56:07", "elapsed": 352.818688, "delta": 43.819315}}
{"target": 0.7881546135844997, "params": {"alpha_power": 5.305994794265995, "gamma_power": -5.009494695923672, "n_components": 901.0333997157035}, "datetime": {"datetime": "2024-05-04 10:56:54", "elapsed": 400.368979, "delta": 47.550291}}
{"target": 0.5002820795886447, "params": {"alpha_power": -1.8421267182174699, "gamma_power": 0.08849559078027092, "n_components": 914.343443469344}, "datetime": {"datetime": "2024-05-04 10:57:41", "elapsed": 446.698175, "delta": 46.329196}}
{"target": 0.49890125459104107, "params": {"alpha_power": 3.9450178118730683, "gamma_power": -0.9750371324177323, "n_components": 326.5307189498331}, "datetime": {"datetime": "2024-05-04 10:58:19", "elapsed": 484.506035, "delta": 37.80786}}
{"target": 0.8583978793573717, "params": {"alpha_power": 1.1566100725153063, "gamma_power": -5.091705916063741, "n_components": 247.31477428163663}, "datetime": {"datetime": "2024-05-04 10:58:53", "elapsed": 519.292767, "delta": 34.786732}}
{"target": 0.8212494079429014, "params": {"alpha_power": 3.974463068285017, "gamma_power": -2.7493006965385827, "n_components": 407.82371010522303}, "datetime": {"datetime": "2024-05-04 10:59:33", "elapsed": 559.051202, "delta": 39.758435}}
{"target": 0.6650574675651223, "params": {"alpha_power": 0.5757035051160795, "gamma_power": -1.8805992471036017, "n_components": 1569.8650212438952}, "datetime": {"datetime": "2024-05-04 11:00:32", "elapsed": 617.460466, "delta": 58.409264}}
{"target": 0.6811175443095234, "params": {"alpha_power": 1.8701454960828396, "gamma_power": -2.096052683651039, "n_components": 438.66980648327234}, "datetime": {"datetime": "2024-05-04 11:01:23", "elapsed": 668.693992, "delta": 51.233526}}
{"target": 0.868318854624578, "params": {"alpha_power": -3.1129976253838425, "gamma_power": -2.457617573417985, "n_components": 853.8168277766752}, "datetime": {"datetime": "2024-05-04 11:02:09", "elapsed": 715.123528, "delta": 46.429536}}
{"target": 0.5006576615008232, "params": {"alpha_power": -0.2033377746847025, "gamma_power": 0.690178887617301, "n_components": 1813.0441663340234}, "datetime": {"datetime": "2024-05-04 11:03:09", "elapsed": 774.629638, "delta": 59.50611}}
{"target": 0.503581830463128, "params": {"alpha_power": 0.06911186373018197, "gamma_power": -0.255089603859596, "n_components": 1672.6602595424642}, "datetime": {"datetime": "2024-05-04 11:04:05", "elapsed": 831.295138, "delta": 56.6655}}
{"target": 0.9141815183898732, "params": {"alpha_power": -3.217999828775347, "gamma_power": -5.446611595165487, "n_components": 984.9495603102263}, "datetime": {"datetime": "2024-05-04 11:04:52", "elapsed": 877.809268, "delta": 46.51413}}
{"target": 0.7881467126854214, "params": {"alpha_power": 4.547709700851279, "gamma_power": -4.967478589059025, "n_components": 539.3774800900023}, "datetime": {"datetime": "2024-05-04 11:05:33", "elapsed": 919.113307, "delta": 41.304039}}
{"target": 0.7820854802451713, "params": {"alpha_power": 5.015349668447158, "gamma_power": -5.096555306756805, "n_components": 1841.174671925095}, "datetime": {"datetime": "2024-05-04 11:06:37", "elapsed": 982.731011, "delta": 63.617704}}
{"target": 0.5834681748365724, "params": {"alpha_power": -3.1824293890644353, "gamma_power": -1.6880926195234833, "n_components": 1908.016744002402}, "datetime": {"datetime": "2024-05-04 11:07:37", "elapsed": 1042.830984, "delta": 60.099973}}
{"target": 0.9163758478517426, "params": {"alpha_power": -2.9384301633319696, "gamma_power": -2.8482139615850675, "n_components": 1947.7837828103382}, "datetime": {"datetime": "2024-05-04 11:08:37", "elapsed": 1102.760164, "delta": 59.92918}}
{"target": 0.9201847543497413, "params": {"alpha_power": -3.127548022060336, "gamma_power": -4.609230881137598, "n_components": 1407.0981161499524}, "datetime": {"datetime": "2024-05-04 11:09:29", "elapsed": 1155.297446, "delta": 52.537282}}
{"target": 0.8502794204632554, "params": {"alpha_power": 4.140110336028862, "gamma_power": -2.8267867272823644, "n_components": 292.6030523202274}, "datetime": {"datetime": "2024-05-04 11:10:06", "elapsed": 1191.483157, "delta": 36.185711}}
{"target": 0.9146455545683002, "params": {"alpha_power": -4.005680453187864, "gamma_power": -6.0, "n_components": 1656.6397956881906}, "datetime": {"datetime": "2024-05-04 11:11:03", "elapsed": 1249.264639, "delta": 57.781482}}
{"target": 0.7111554599115603, "params": {"alpha_power": 0.4970607296907339, "gamma_power": -2.007441749061546, "n_components": 1266.695809149196}, "datetime": {"datetime": "2024-05-04 11:11:56", "elapsed": 1301.641027, "delta": 52.376388}}
{"target": 0.9306387067154576, "params": {"alpha_power": -4.475042162501692, "gamma_power": -5.008223741035428, "n_components": 1281.3469198890166}, "datetime": {"datetime": "2024-05-04 11:12:49", "elapsed": 1354.574282, "delta": 52.933255}}
{"target": 0.5010460582620264, "params": {"alpha_power": 1.9512695622212866, "gamma_power": 1.0, "n_components": 1280.6345368249067}, "datetime": {"datetime": "2024-05-04 11:14:02", "elapsed": 1427.597942, "delta": 73.02366}}
{"target": 0.5494930408865523, "params": {"alpha_power": 0.06913159934791757, "gamma_power": -1.6308425854395479, "n_components": 1658.0669017118914}, "datetime": {"datetime": "2024-05-04 11:14:58", "elapsed": 1484.32828, "delta": 56.730338}}
{"target": 0.9297006049745205, "params": {"alpha_power": -5.0429741206108005, "gamma_power": -5.656133180133831, "n_components": 1660.4540433958766}, "datetime": {"datetime": "2024-05-04 11:16:16", "elapsed": 1562.237662, "delta": 77.909382}}
{"target": 0.7696296117782928, "params": {"alpha_power": -5.635966289807694, "gamma_power": -2.0912593932124666, "n_components": 1277.7631211108535}, "datetime": {"datetime": "2024-05-04 11:17:38", "elapsed": 1644.238771, "delta": 82.001109}}
{"target": 0.9136518374829784, "params": {"alpha_power": -2.358956847891644, "gamma_power": -5.583731270369139, "n_components": 1276.77015698057}, "datetime": {"datetime": "2024-05-04 11:18:30", "elapsed": 1695.661313, "delta": 51.422542}}
{"target": 0.9409835580227319, "params": {"alpha_power": -5.988342097187424, "gamma_power": -5.825611013278991, "n_components": 1270.6997970970572}, "datetime": {"datetime": "2024-05-04 11:19:51", "elapsed": 1777.044711, "delta": 81.383398}}
{"target": 0.9392588805349902, "params": {"alpha_power": -5.911585452821671, "gamma_power": -6.0, "n_components": 1665.5779741923832}, "datetime": {"datetime": "2024-05-04 11:21:28", "elapsed": 1873.972523, "delta": 96.927812}}
{"target": 0.7945946682000284, "params": {"alpha_power": 3.294297000996618, "gamma_power": -4.156556400166375, "n_components": 1407.5911170618315}, "datetime": {"datetime": "2024-05-04 11:22:24", "elapsed": 1929.893079, "delta": 55.920556}}
{"target": 0.498968017399267, "params": {"alpha_power": -4.823683892127265, "gamma_power": 0.1463455484011842, "n_components": 1405.1517091372018}, "datetime": {"datetime": "2024-05-04 11:23:30", "elapsed": 1995.577747, "delta": 65.684668}}
{"target": 0.9162493223900844, "params": {"alpha_power": -1.2181029987503997, "gamma_power": -4.589392612386627, "n_components": 1271.2499856276347}, "datetime": {"datetime": "2024-05-04 11:24:20", "elapsed": 2046.027175, "delta": 50.449428}}
{"target": 0.9375736991077869, "params": {"alpha_power": -6.0, "gamma_power": -6.0, "n_components": 1285.8669386005108}, "datetime": {"datetime": "2024-05-04 11:25:48", "elapsed": 2133.839084, "delta": 87.811909}}
{"target": 0.5056211935907502, "params": {"alpha_power": -5.854087591984735, "gamma_power": -1.0709649709608113, "n_components": 1663.5185654059323}, "datetime": {"datetime": "2024-05-04 11:27:38", "elapsed": 2243.491351, "delta": 109.652267}}
{"target": 0.7565019217566287, "params": {"alpha_power": -5.582985915216793, "gamma_power": -2.0563582126071887, "n_components": 1270.6757980626817}, "datetime": {"datetime": "2024-05-04 11:29:02", "elapsed": 2327.508404, "delta": 84.017053}}
{"target": 0.9141377665395796, "params": {"alpha_power": -3.2549285975425852, "gamma_power": -5.938814528825077, "n_components": 1273.2985346538624}, "datetime": {"datetime": "2024-05-04 11:30:16", "elapsed": 2401.428142, "delta": 73.919738}}
{"target": 0.9121836487531925, "params": {"alpha_power": -2.375243251337838, "gamma_power": -6.0, "n_components": 1284.5938172270069}, "datetime": {"datetime": "2024-05-04 11:31:07", "elapsed": 2452.772439, "delta": 51.344297}}
{"target": 0.8117451008063632, "params": {"alpha_power": -5.109524443108006, "gamma_power": -2.165548027988989, "n_components": 1284.252041602312}, "datetime": {"datetime": "2024-05-04 11:32:22", "elapsed": 2527.838327, "delta": 75.065888}}
{"target": 0.8093833357361528, "params": {"alpha_power": 1.2798619552334212, "gamma_power": -4.412820277798852, "n_components": 1948.136730742137}, "datetime": {"datetime": "2024-05-04 11:33:26", "elapsed": 2592.06548, "delta": 64.227153}}
{"target": 0.5015318123320668, "params": {"alpha_power": -2.998695582970075, "gamma_power": 0.2828673257981915, "n_components": 1951.263379929548}, "datetime": {"datetime": "2024-05-04 11:34:32", "elapsed": 2658.236992, "delta": 66.171512}}
{"target": 0.9437384465936969, "params": {"alpha_power": -4.037385204506, "gamma_power": -4.018792198147086, "n_components": 1944.553307732028}, "datetime": {"datetime": "2024-05-04 11:35:35", "elapsed": 2720.770768, "delta": 62.533776}}
{"target": 0.9168978719449996, "params": {"alpha_power": -1.758163503784612, "gamma_power": -5.1088335233149635, "n_components": 1666.50630181815}, "datetime": {"datetime": "2024-05-04 11:36:33", "elapsed": 2779.156505, "delta": 58.385737}}
{"target": 0.5136434076037583, "params": {"alpha_power": -1.0869109347983639, "gamma_power": -1.4294069391978892, "n_components": 1943.626202301121}, "datetime": {"datetime": "2024-05-04 11:37:35", "elapsed": 2841.058264, "delta": 61.901759}}
{"target": 0.9400421128406664, "params": {"alpha_power": -5.5640722390921935, "gamma_power": -5.609545050293346, "n_components": 1946.5282010453445}, "datetime": {"datetime": "2024-05-04 11:39:05", "elapsed": 2930.893082, "delta": 89.834818}}
{"target": 0.914795508480965, "params": {"alpha_power": -2.898716397560424, "gamma_power": -5.995492816197901, "n_components": 1662.889393074986}, "datetime": {"datetime": "2024-05-04 11:40:03", "elapsed": 2989.198213, "delta": 58.305131}}
{"target": 0.9164424947045575, "params": {"alpha_power": 0.3956578818843628, "gamma_power": -3.9082621130357937, "n_components": 1274.8610171746761}, "datetime": {"datetime": "2024-05-04 11:40:55", "elapsed": 3040.848928, "delta": 51.650715}}
{"target": 0.9224707984778936, "params": {"alpha_power": -4.453686954112204, "gamma_power": -5.422294190662583, "n_components": 1289.3334889774349}, "datetime": {"datetime": "2024-05-04 11:41:51", "elapsed": 3096.832315, "delta": 55.983387}}
{"target": 0.9150262294138976, "params": {"alpha_power": -2.775044243700319, "gamma_power": -5.802729160295538, "n_components": 1947.3966701974932}, "datetime": {"datetime": "2024-05-04 11:42:53", "elapsed": 3158.932946, "delta": 62.100631}}
{"target": 0.8407690759213301, "params": {"alpha_power": 1.100833575627357, "gamma_power": -5.875989260438378, "n_components": 1402.3918679153742}, "datetime": {"datetime": "2024-05-04 11:43:49", "elapsed": 3214.500825, "delta": 55.567879}}
{"target": 0.8399828926867199, "params": {"alpha_power": -0.5176047483101813, "gamma_power": -2.4027418743865705, "n_components": 1776.8115406470527}, "datetime": {"datetime": "2024-05-04 11:44:47", "elapsed": 3272.980349, "delta": 58.479524}}
{"target": 0.8746312383279744, "params": {"alpha_power": -5.977418766908815, "gamma_power": -2.407499062632725, "n_components": 982.7745867704997}, "datetime": {"datetime": "2024-05-04 11:46:19", "elapsed": 3364.63755, "delta": 91.657201}}
{"target": 0.8829429945126439, "params": {"alpha_power": -0.7241213319851898, "gamma_power": -2.773582407565509, "n_components": 981.9256882173095}, "datetime": {"datetime": "2024-05-04 11:47:06", "elapsed": 3412.071872, "delta": 47.434322}}
{"target": 0.5298122556158187, "params": {"alpha_power": -1.5122776748620126, "gamma_power": -1.5926828244043598, "n_components": 987.3187437165741}, "datetime": {"datetime": "2024-05-04 11:47:53", "elapsed": 3459.158269, "delta": 47.086397}}
{"target": 0.914183824132835, "params": {"alpha_power": -2.9254721935125403, "gamma_power": -5.381683744323994, "n_components": 981.1128816948583}, "datetime": {"datetime": "2024-05-04 11:48:41", "elapsed": 3507.260258, "delta": 48.101989}}
{"target": 0.9065190927490396, "params": {"alpha_power": -0.656301792243611, "gamma_power": -3.102358505310033, "n_components": 1783.206633901959}, "datetime": {"datetime": "2024-05-04 11:49:41", "elapsed": 3566.539201, "delta": 59.278943}}
{"target": 0.948423442599229, "params": {"alpha_power": -4.892997160804714, "gamma_power": -4.46054989157723, "n_components": 1783.2817954487373}, "datetime": {"datetime": "2024-05-04 11:50:46", "elapsed": 3632.074267, "delta": 65.535066}}
{"target": 0.4968477217461237, "params": {"alpha_power": -4.899207828995472, "gamma_power": -0.7228552153690355, "n_components": 1783.9428742952673}, "datetime": {"datetime": "2024-05-04 11:52:03", "elapsed": 3708.497198, "delta": 76.422931}}
{"target": 0.9149608833977249, "params": {"alpha_power": -3.0972659543822303, "gamma_power": -5.881133094260525, "n_components": 1784.8167376543736}, "datetime": {"datetime": "2024-05-04 11:53:35", "elapsed": 3800.498843, "delta": 92.001645}}
{"target": 0.9483099568331328, "params": {"alpha_power": -4.7710584283522985, "gamma_power": -4.3976238727467685, "n_components": 1779.933545454836}, "datetime": {"datetime": "2024-05-04 11:54:38", "elapsed": 3863.501732, "delta": 63.002889}}
{"target": 0.7847472577418897, "params": {"alpha_power": 2.768733572082521, "gamma_power": -4.842951032418491, "n_components": 1784.2716742503278}, "datetime": {"datetime": "2024-05-04 11:55:45", "elapsed": 3931.141227, "delta": 67.639495}}
{"target": 0.9145589637957195, "params": {"alpha_power": -2.7924897715122214, "gamma_power": -5.898325127655376, "n_components": 1782.2099235948212}, "datetime": {"datetime": "2024-05-04 11:56:44", "elapsed": 3990.372274, "delta": 59.231047}}
{"target": 0.9355148015778892, "params": {"alpha_power": -5.5709385515417225, "gamma_power": -5.867371815828501, "n_components": 1941.0044892401618}, "datetime": {"datetime": "2024-05-04 11:58:31", "elapsed": 4096.627795, "delta": 106.255521}}
{"target": 0.9339791651582692, "params": {"alpha_power": -5.126986958991121, "gamma_power": -5.58933117763428, "n_components": 1775.058955296655}, "datetime": {"datetime": "2024-05-04 11:59:48", "elapsed": 4174.224163, "delta": 77.596368}}
{"target": 0.7356848802102507, "params": {"alpha_power": -2.095892247262748, "gamma_power": -2.0856899979578793, "n_components": 977.1252534208826}, "datetime": {"datetime": "2024-05-04 12:00:35", "elapsed": 4220.861065, "delta": 46.636902}}
{"target": 0.9155217059488461, "params": {"alpha_power": -1.3233886566449602, "gamma_power": -5.5743329496290315, "n_components": 1771.7499780395808}, "datetime": {"datetime": "2024-05-04 12:01:33", "elapsed": 4279.107081, "delta": 58.246016}}
{"target": 0.9359417061620304, "params": {"alpha_power": -4.665642204584009, "gamma_power": -2.8529159922740512, "n_components": 1771.6992840874952}, "datetime": {"datetime": "2024-05-04 12:02:38", "elapsed": 4344.229261, "delta": 65.12218}}
{"target": 0.9395102711456907, "params": {"alpha_power": -5.074819864306411, "gamma_power": -5.1600432033659525, "n_components": 1767.455913274063}, "datetime": {"datetime": "2024-05-04 12:03:46", "elapsed": 4412.340479, "delta": 68.111218}}
{"target": 0.9405214274759526, "params": {"alpha_power": -6.0, "gamma_power": -6.0, "n_components": 1770.994584568414}, "datetime": {"datetime": "2024-05-04 12:05:32", "elapsed": 4518.198653, "delta": 105.858174}}
{"target": 0.5026362459735403, "params": {"alpha_power": -0.6742297127553343, "gamma_power": -1.0583210895364585, "n_components": 1767.8985878891167}, "datetime": {"datetime": "2024-05-04 12:06:31", "elapsed": 4576.732133, "delta": 58.53348}}
{"target": 0.9399392619956082, "params": {"alpha_power": -6.0, "gamma_power": -6.0, "n_components": 1763.0610606328214}, "datetime": {"datetime": "2024-05-04 12:08:13", "elapsed": 4678.584812, "delta": 101.852679}}
{"target": 0.9127881934575282, "params": {"alpha_power": 0.21672619129108384, "gamma_power": -5.837942584351856, "n_components": 1289.6505354159417}, "datetime": {"datetime": "2024-05-04 12:09:04", "elapsed": 4730.348541, "delta": 51.763729}}
{"target": 0.9135001694567917, "params": {"alpha_power": -2.1936372312654258, "gamma_power": -6.0, "n_components": 1294.0586959898849}, "datetime": {"datetime": "2024-05-04 12:09:57", "elapsed": 4782.756198, "delta": 52.407657}}
{"target": 0.5616469289428512, "params": {"alpha_power": -1.6426296271355767, "gamma_power": -1.6693979566914017, "n_components": 1292.0220100416077}, "datetime": {"datetime": "2024-05-04 12:10:48", "elapsed": 4833.936169, "delta": 51.179971}}
{"target": 0.9408400917731473, "params": {"alpha_power": -6.0, "gamma_power": -6.0, "n_components": 1758.4853978215071}, "datetime": {"datetime": "2024-05-04 12:12:37", "elapsed": 4942.437676, "delta": 108.501507}}
{"target": 0.9236704641265974, "params": {"alpha_power": -5.420529472112856, "gamma_power": -2.7376870563705396, "n_components": 1759.785799959436}, "datetime": {"datetime": "2024-05-04 12:14:04", "elapsed": 5030.199918, "delta": 87.762242}}
{"target": 0.9146756176504504, "params": {"alpha_power": -2.059553276089988, "gamma_power": -5.9527409771049555, "n_components": 1758.2803442915651}, "datetime": {"datetime": "2024-05-04 12:15:04", "elapsed": 5089.544707, "delta": 59.344789}}
{"target": 0.947327575339847, "params": {"alpha_power": -4.916263549388502, "gamma_power": -4.574451186434595, "n_components": 1754.3682689784125}, "datetime": {"datetime": "2024-05-04 12:16:08", "elapsed": 5153.486826, "delta": 63.942119}}
{"target": 0.4970638092977914, "params": {"alpha_power": -1.7773339174792993, "gamma_power": -0.6596788395507849, "n_components": 1755.6043666052292}, "datetime": {"datetime": "2024-05-04 12:17:07", "elapsed": 5212.882595, "delta": 59.395769}}
{"target": 0.9309290237174264, "params": {"alpha_power": -4.932227316712528, "gamma_power": -5.518515487052358, "n_components": 1750.7939994642338}, "datetime": {"datetime": "2024-05-04 12:18:19", "elapsed": 5284.599139, "delta": 71.716544}}
{"target": 0.9209682553567757, "params": {"alpha_power": -4.554370692280317, "gamma_power": -5.65276087438305, "n_components": 1298.935178210275}, "datetime": {"datetime": "2024-05-04 12:19:15", "elapsed": 5340.623956, "delta": 56.024817}}
{"target": 0.9158635123407466, "params": {"alpha_power": -0.34247748894038654, "gamma_power": -5.267241157358732, "n_components": 1300.065554398978}, "datetime": {"datetime": "2024-05-04 12:20:07", "elapsed": 5392.668099, "delta": 52.044143}}
{"target": 0.9137905841536375, "params": {"alpha_power": -3.5294063458507017, "gamma_power": -6.0, "n_components": 1303.8169596065443}, "datetime": {"datetime": "2024-05-04 12:21:20", "elapsed": 5466.327811, "delta": 73.659712}}
{"target": 0.5540411737536106, "params": {"alpha_power": -3.0979830733080997, "gamma_power": -1.6627798742947872, "n_components": 1300.5401062470269}, "datetime": {"datetime": "2024-05-04 12:22:15", "elapsed": 5520.629058, "delta": 54.301247}}
{"target": 0.7705092967421459, "params": {"alpha_power": 3.8600178690630766, "gamma_power": -5.996727402219288, "n_components": 1298.46699967497}, "datetime": {"datetime": "2024-05-04 12:23:09", "elapsed": 5575.286361, "delta": 54.657303}}
{"target": 0.9558011042127873, "params": {"alpha_power": -5.98579899998229, "gamma_power": -4.787252013342292, "n_components": 1745.892855490071}, "datetime": {"datetime": "2024-05-04 12:24:46", "elapsed": 5671.70581, "delta": 96.419449}}
