{"target": 0.8824695464952563, "params": {"alpha_power": -2.3940906608490815, "gamma_power": -2.562692806638953, "n_components": 1745.5832223536206}, "datetime": {"datetime": "2024-05-04 12:26:14", "elapsed": 5759.901699, "delta": 88.195889}}
{"target": 0.911376092533386, "params": {"alpha_power": -5.638921947193705, "gamma_power": -2.6365027717100475, "n_components": 1741.7116806541069}, "datetime": {"datetime": "2024-05-04 12:28:18", "elapsed": 5883.859733, "delta": 123.958034}}
{"target": 0.9390635093897195, "params": {"alpha_power": -5.881423401113585, "gamma_power": -2.9326879914371906, "n_components": 1748.7702856791966}, "datetime": {"datetime": "2024-05-04 12:29:55", "elapsed": 5980.556351, "delta": 96.696618}}
{"target": 0.9149148428514625, "params": {"alpha_power": -0.4937727682822688, "gamma_power": -5.698725481877041, "n_components": 1741.6009003955824}, "datetime": {"datetime": "2024-05-04 12:30:53", "elapsed": 6039.266262, "delta": 58.709911}}
{"target": 0.9220018504181802, "params": {"alpha_power": -2.8033040049822175, "gamma_power": -4.400513460141532, "n_components": 1737.6185382279589}, "datetime": {"datetime": "2024-05-04 12:31:53", "elapsed": 6099.064649, "delta": 59.798387}}
{"target": 0.5016180254681514, "params": {"alpha_power": -0.4660245410569672, "gamma_power": -0.5008087539291974, "n_components": 1739.6378911003442}, "datetime": {"datetime": "2024-05-04 12:32:52", "elapsed": 6157.56445, "delta": 58.499801}}
{"target": 0.9361360902182302, "params": {"alpha_power": -5.450277330848936, "gamma_power": -5.68004662755636, "n_components": 1739.4159756522638}, "datetime": {"datetime": "2024-05-04 12:34:28", "elapsed": 6253.642116, "delta": 96.077666}}
{"target": 0.9192201199708567, "params": {"alpha_power": -2.8648860722246186, "gamma_power": -4.601680332116382, "n_components": 1732.7342062632754}, "datetime": {"datetime": "2024-05-04 12:35:27", "elapsed": 6313.019052, "delta": 59.376936}}
{"target": 0.9559691003488073, "params": {"alpha_power": -5.607713699076123, "gamma_power": -3.695727703214077, "n_components": 1736.128946596546}, "datetime": {"datetime": "2024-05-04 12:36:43", "elapsed": 6389.262943, "delta": 76.243891}}
{"target": 0.6577772001767102, "params": {"alpha_power": -5.93915857326952, "gamma_power": -1.8190907375441574, "n_components": 1732.1489334852622}, "datetime": {"datetime": "2024-05-04 12:38:46", "elapsed": 6511.433001, "delta": 122.170058}}
{"target": 0.838318314508119, "params": {"alpha_power": 1.0863162374911806, "gamma_power": -6.0, "n_components": 1305.0357653625492}, "datetime": {"datetime": "2024-05-04 12:39:39", "elapsed": 6565.060427, "delta": 53.627426}}
{"target": 0.7874774728718916, "params": {"alpha_power": 2.2964887941731593, "gamma_power": -4.823861943767795, "n_components": 1732.3642836667077}, "datetime": {"datetime": "2024-05-04 12:40:54", "elapsed": 6639.765324, "delta": 74.704897}}
{"target": 0.4992501264621042, "params": {"alpha_power": -5.687917669280024, "gamma_power": -0.7986021382755952, "n_components": 1775.0066571153936}, "datetime": {"datetime": "2024-05-04 12:42:39", "elapsed": 6744.750378, "delta": 104.985054}}
{"target": 0.915013055632356, "params": {"alpha_power": -2.252224732594035, "gamma_power": -5.782244608434503, "n_components": 1746.20419850783}, "datetime": {"datetime": "2024-05-04 12:43:38", "elapsed": 6803.885494, "delta": 59.135116}}
{"target": 0.9153180936985503, "params": {"alpha_power": -1.9786932306041, "gamma_power": -5.773670633291891, "n_components": 1411.8973351735506}, "datetime": {"datetime": "2024-05-04 12:44:32", "elapsed": 6857.542074, "delta": 53.65658}}
{"target": 0.9392413743776084, "params": {"alpha_power": -6.0, "gamma_power": -6.0, "n_components": 1410.4548276122541}, "datetime": {"datetime": "2024-05-04 12:46:10", "elapsed": 6955.969048, "delta": 98.426974}}
{"target": 0.9393573892484157, "params": {"alpha_power": -6.0, "gamma_power": -6.0, "n_components": 1405.374456451051}, "datetime": {"datetime": "2024-05-04 12:47:41", "elapsed": 7047.327776, "delta": 91.358728}}
{"target": 0.9336418044539458, "params": {"alpha_power": -5.698121516441655, "gamma_power": -6.0, "n_components": 1415.0934887463861}, "datetime": {"datetime": "2024-05-04 12:49:08", "elapsed": 7133.958471, "delta": 86.630695}}
{"target": 0.6408774920968762, "params": {"alpha_power": -2.541131819941489, "gamma_power": -1.808477219153744, "n_components": 1414.739923745183}, "datetime": {"datetime": "2024-05-04 12:50:02", "elapsed": 7187.912443, "delta": 53.953972}}
{"target": 0.9399623078409066, "params": {"alpha_power": -5.970821152303882, "gamma_power": -5.9255323895113765, "n_components": 1294.647895785632}, "datetime": {"datetime": "2024-05-04 12:51:29", "elapsed": 7274.636799, "delta": 86.724356}}
{"target": 0.9231789567951922, "params": {"alpha_power": -5.189326179587401, "gamma_power": -6.0, "n_components": 1400.4093344699527}, "datetime": {"datetime": "2024-05-04 12:52:57", "elapsed": 7362.461733, "delta": 87.824934}}
{"target": 0.9147178350336398, "params": {"alpha_power": -2.3027983481508647, "gamma_power": -5.941186013883106, "n_components": 1762.8479808282495}, "datetime": {"datetime": "2024-05-04 12:53:55", "elapsed": 7420.774221, "delta": 58.312488}}
{"target": 0.9194644793783764, "params": {"alpha_power": -4.4025703544262536, "gamma_power": -5.711025407811039, "n_components": 1395.3672224063512}, "datetime": {"datetime": "2024-05-04 12:54:53", "elapsed": 7478.569748, "delta": 57.795527}}
{"target": 0.8557967221788718, "params": {"alpha_power": -2.0146973566900597, "gamma_power": -2.4662452734237963, "n_components": 1396.829678054514}, "datetime": {"datetime": "2024-05-04 12:55:46", "elapsed": 7531.814882, "delta": 53.245134}}
{"target": 0.9295485180582507, "params": {"alpha_power": -3.5173587433803677, "gamma_power": -4.276357329322474, "n_components": 1390.6895520305682}, "datetime": {"datetime": "2024-05-04 12:56:38", "elapsed": 7584.120872, "delta": 52.30599}}
{"target": 0.5001393028133067, "params": {"alpha_power": -4.58811947552198, "gamma_power": 0.8883600257575122, "n_components": 1390.1680674460188}, "datetime": {"datetime": "2024-05-04 12:57:40", "elapsed": 7646.004813, "delta": 61.883941}}
{"target": 0.9164658522568969, "params": {"alpha_power": 0.5615740176383675, "gamma_power": -4.608794171752642, "n_components": 1392.7959753075197}, "datetime": {"datetime": "2024-05-04 12:58:35", "elapsed": 7700.906679, "delta": 54.901866}}
{"target": 0.9146192972178397, "params": {"alpha_power": 0.41413072483612545, "gamma_power": -5.419213604681743, "n_components": 1387.5688085634843}, "datetime": {"datetime": "2024-05-04 12:59:28", "elapsed": 7753.426107, "delta": 52.519428}}
{"target": 0.8106303511219272, "params": {"alpha_power": 4.935654021525261, "gamma_power": -2.5893193957746714, "n_components": 1390.1504894116183}, "datetime": {"datetime": "2024-05-04 13:00:24", "elapsed": 7810.138217, "delta": 56.71211}}
{"target": 0.9171997037102676, "params": {"alpha_power": -4.318263842064429, "gamma_power": -5.7501663894983155, "n_components": 1384.5997841020858}, "datetime": {"datetime": "2024-05-04 13:01:22", "elapsed": 7868.064322, "delta": 57.926105}}
{"target": 0.9069588879054414, "params": {"alpha_power": 0.6155143314683063, "gamma_power": -5.967904992426247, "n_components": 1382.226350697448}, "datetime": {"datetime": "2024-05-04 13:02:19", "elapsed": 7925.269977, "delta": 57.205655}}
{"target": 0.9197368637380581, "params": {"alpha_power": -3.0542428167636393, "gamma_power": -4.5366825556813914, "n_components": 1378.227811826667}, "datetime": {"datetime": "2024-05-04 13:03:13", "elapsed": 7978.530938, "delta": 53.260961}}
{"target": 0.5248321441132113, "params": {"alpha_power": -5.771165878114726, "gamma_power": -1.543501890858571, "n_components": 1380.3734822876381}, "datetime": {"datetime": "2024-05-04 13:04:49", "elapsed": 8074.938948, "delta": 96.40801}}
{"target": 0.771561046525503, "params": {"alpha_power": 2.177197022113438, "gamma_power": -5.832188206074182, "n_components": 1376.9197737225684}, "datetime": {"datetime": "2024-05-04 13:05:59", "elapsed": 8145.171586, "delta": 70.232638}}
{"target": 0.9258335088308384, "params": {"alpha_power": -3.492122276303664, "gamma_power": -4.454234644898476, "n_components": 1374.0476464981248}, "datetime": {"datetime": "2024-05-04 13:06:51", "elapsed": 8197.292332, "delta": 52.120746}}
{"target": 0.9260007900993898, "params": {"alpha_power": -4.212630748009111, "gamma_power": -5.099645350890563, "n_components": 1369.552052912765}, "datetime": {"datetime": "2024-05-04 13:07:46", "elapsed": 8252.279488, "delta": 54.987156}}
{"target": 0.5013098524231503, "params": {"alpha_power": -1.9885420410180805, "gamma_power": -1.2144219407061743, "n_components": 1370.4893199300639}, "datetime": {"datetime": "2024-05-04 13:08:39", "elapsed": 8305.048977, "delta": 52.769489}}
{"target": 0.5038826115994066, "params": {"alpha_power": -6.0, "gamma_power": 0.2250460167270548, "n_components": 1745.8561535854265}, "datetime": {"datetime": "2024-05-04 13:10:47", "elapsed": 8432.865676, "delta": 127.816699}}
{"target": 0.9162063098058726, "params": {"alpha_power": -3.1396497917259376, "gamma_power": -5.522522081110698, "n_components": 1743.0232922903158}, "datetime": {"datetime": "2024-05-04 13:11:47", "elapsed": 8493.21065, "delta": 60.344974}}
{"target": 0.9315615599413356, "params": {"alpha_power": -5.44204904434473, "gamma_power": -5.8923901408624735, "n_components": 1366.3010186753324}, "datetime": {"datetime": "2024-05-04 13:13:13", "elapsed": 8578.877116, "delta": 85.666466}}
{"target": 0.7116962298526429, "params": {"alpha_power": 2.7546093406461765, "gamma_power": -5.986928600460958, "n_components": 1744.8882835471654}, "datetime": {"datetime": "2024-05-04 13:14:21", "elapsed": 8646.734008, "delta": 67.856892}}
{"target": 0.7982817729361885, "params": {"alpha_power": 2.9217615053242842, "gamma_power": -6.0, "n_components": 1286.31059061569}, "datetime": {"datetime": "2024-05-04 13:15:18", "elapsed": 8704.117317, "delta": 57.383309}}
{"target": 0.9355726457497979, "params": {"alpha_power": -4.960583065989834, "gamma_power": -5.3288334696880195, "n_components": 1936.7922432630508}, "datetime": {"datetime": "2024-05-04 13:16:31", "elapsed": 8776.759966, "delta": 72.642649}}
{"target": 0.9370282139594093, "params": {"alpha_power": -4.142473647028742, "gamma_power": -4.500322592024848, "n_components": 1933.424013958023}, "datetime": {"datetime": "2024-05-04 13:17:37", "elapsed": 8842.644067, "delta": 65.884101}}
{"target": 0.9350778301642044, "params": {"alpha_power": -5.769631023009817, "gamma_power": -5.962334789839286, "n_components": 1388.6524906102443}, "datetime": {"datetime": "2024-05-04 13:19:05", "elapsed": 8931.262271, "delta": 88.618204}}
{"target": 0.9176618392210919, "params": {"alpha_power": -4.383092716108354, "gamma_power": -6.0, "n_components": 1735.3886208559263}, "datetime": {"datetime": "2024-05-04 13:20:10", "elapsed": 8996.078508, "delta": 64.816237}}
{"target": 0.501145520981018, "params": {"alpha_power": -5.355748235174257, "gamma_power": -0.4438175151176518, "n_components": 1934.852344909373}, "datetime": {"datetime": "2024-05-04 13:21:45", "elapsed": 9090.514756, "delta": 94.436248}}
{"target": 0.9142802290441532, "params": {"alpha_power": -0.7734690062153309, "gamma_power": -5.998285970232925, "n_components": 1936.767648459749}, "datetime": {"datetime": "2024-05-04 13:22:46", "elapsed": 9152.021263, "delta": 61.506507}}
{"target": 0.9174216446546282, "params": {"alpha_power": -0.9642402137400969, "gamma_power": -4.984897432527166, "n_components": 1930.562820792864}, "datetime": {"datetime": "2024-05-04 13:23:48", "elapsed": 9213.503867, "delta": 61.482604}}
{"target": 0.9425456719420036, "params": {"alpha_power": -5.606270935739309, "gamma_power": -5.549335787812909, "n_components": 1929.4612328702126}, "datetime": {"datetime": "2024-05-04 13:25:15", "elapsed": 9301.223758, "delta": 87.719891}}
{"target": 0.9142743539369178, "params": {"alpha_power": -2.7120663666999527, "gamma_power": -5.934665370611207, "n_components": 1926.7341836905678}, "datetime": {"datetime": "2024-05-04 13:26:16", "elapsed": 9362.003103, "delta": 60.779345}}
{"target": 0.9372112553499059, "params": {"alpha_power": -5.706659658036822, "gamma_power": -5.832175209433789, "n_components": 1374.9553382163779}, "datetime": {"datetime": "2024-05-04 13:27:41", "elapsed": 9446.726236, "delta": 84.723133}}
{"target": 0.6132905632519868, "params": {"alpha_power": -4.301608142143669, "gamma_power": -1.7458032103854313, "n_components": 1925.2752112206533}, "datetime": {"datetime": "2024-05-04 13:28:46", "elapsed": 9511.651651, "delta": 64.925415}}
{"target": 0.7779885231118338, "params": {"alpha_power": 3.0053575465026467, "gamma_power": -6.0, "n_components": 1933.4047792170124}, "datetime": {"datetime": "2024-05-04 13:29:51", "elapsed": 9576.595106, "delta": 64.943455}}
{"target": 0.9125857062796976, "params": {"alpha_power": -2.69778410048723, "gamma_power": -6.0, "n_components": 1388.003872996008}, "datetime": {"datetime": "2024-05-04 13:30:44", "elapsed": 9630.19836, "delta": 53.603254}}
{"target": 0.7988299576955733, "params": {"alpha_power": 3.4085315102754237, "gamma_power": -5.699798918775069, "n_components": 1396.3514679725213}, "datetime": {"datetime": "2024-05-04 13:31:40", "elapsed": 9686.063195, "delta": 55.864835}}
{"target": 0.914759659530598, "params": {"alpha_power": -3.023318195572015, "gamma_power": -5.5452008682627545, "n_components": 1362.620940273423}, "datetime": {"datetime": "2024-05-04 13:32:56", "elapsed": 9762.361271, "delta": 76.298076}}
{"target": 0.6346115805628499, "params": {"alpha_power": -4.628221457864995, "gamma_power": -1.7945480185629812, "n_components": 1359.137917899331}, "datetime": {"datetime": "2024-05-04 13:34:01", "elapsed": 9827.004798, "delta": 64.643527}}
{"target": 0.9147256660144322, "params": {"alpha_power": -1.6538249074189086, "gamma_power": -6.0, "n_components": 1775.516556471549}, "datetime": {"datetime": "2024-05-04 13:35:00", "elapsed": 9885.885113, "delta": 58.880315}}
{"target": 0.7713883960722694, "params": {"alpha_power": 3.187220294804497, "gamma_power": -5.931959035569238, "n_components": 981.9889837839261}, "datetime": {"datetime": "2024-05-04 13:35:49", "elapsed": 9935.34349, "delta": 49.458377}}
{"target": 0.7900402355182536, "params": {"alpha_power": 2.393803723102149, "gamma_power": -5.077475626109741, "n_components": 1664.6509047325337}, "datetime": {"datetime": "2024-05-04 13:36:58", "elapsed": 10004.032423, "delta": 68.688933}}
{"target": 0.9405868205964103, "params": {"alpha_power": -6.0, "gamma_power": -6.0, "n_components": 1932.8966210824722}, "datetime": {"datetime": "2024-05-04 13:38:45", "elapsed": 10111.30005, "delta": 107.267627}}
{"target": 0.778324011084298, "params": {"alpha_power": 3.056633921573658, "gamma_power": -5.912032560433934, "n_components": 1362.14913972616}, "datetime": {"datetime": "2024-05-04 13:39:41", "elapsed": 10166.494039, "delta": 55.193989}}
{"target": 0.9239195663939068, "params": {"alpha_power": -4.562507177135917, "gamma_power": -5.442640145328834, "n_components": 1309.3310871319898}, "datetime": {"datetime": "2024-05-04 13:40:37", "elapsed": 10222.687969, "delta": 56.19393}}
{"target": 0.5246231381297386, "params": {"alpha_power": -3.4920700319491975, "gamma_power": -1.5472410079577692, "n_components": 1311.909836178263}, "datetime": {"datetime": "2024-05-04 13:41:31", "elapsed": 10277.293751, "delta": 54.605782}}
{"target": 0.7698467021205351, "params": {"alpha_power": 2.1876513578567516, "gamma_power": -6.0, "n_components": 1926.1303103477287}, "datetime": {"datetime": "2024-05-04 13:42:56", "elapsed": 10361.975627, "delta": 84.681876}}
{"target": 0.8935818703526334, "params": {"alpha_power": -5.964852635265338, "gamma_power": -2.474853199698394, "n_components": 1764.3692055141985}, "datetime": {"datetime": "2024-05-04 13:45:01", "elapsed": 10486.841866, "delta": 124.866239}}
{"target": 0.7836293551023719, "params": {"alpha_power": 3.5786370748417298, "gamma_power": -5.504175797279083, "n_components": 1271.875569013565}, "datetime": {"datetime": "2024-05-04 13:45:55", "elapsed": 10540.932311, "delta": 54.090445}}
{"target": 0.912473895470197, "params": {"alpha_power": 0.812739168642703, "gamma_power": -5.059249055976219, "n_components": 857.4370680269474}, "datetime": {"datetime": "2024-05-04 13:46:43", "elapsed": 10588.589235, "delta": 47.656924}}
{"target": 0.7832063466093302, "params": {"alpha_power": 2.3407529582383013, "gamma_power": -5.642299827217402, "n_components": 852.9956696067055}, "datetime": {"datetime": "2024-05-04 13:47:39", "elapsed": 10644.55714, "delta": 55.967905}}
{"target": 0.8816635634106245, "params": {"alpha_power": -2.037483609797626, "gamma_power": -2.6657786099681213, "n_components": 859.9570688870022}, "datetime": {"datetime": "2024-05-04 13:48:43", "elapsed": 10709.185637, "delta": 64.628497}}
{"target": 0.9126993492409794, "params": {"alpha_power": -4.128480592761375, "gamma_power": -6.0, "n_components": 857.3704165633242}, "datetime": {"datetime": "2024-05-04 13:49:32", "elapsed": 10758.030069, "delta": 48.844432}}
{"target": 0.7957851419618092, "params": {"alpha_power": 3.7982786405774114, "gamma_power": -3.9943230940962504, "n_components": 860.7258110555592}, "datetime": {"datetime": "2024-05-04 13:50:22", "elapsed": 10807.860695, "delta": 49.830626}}
{"target": 0.9361324551079171, "params": {"alpha_power": -5.318183095644321, "gamma_power": -5.600768269540694, "n_components": 1652.301347119911}, "datetime": {"datetime": "2024-05-04 13:51:37", "elapsed": 10883.259786, "delta": 75.399091}}
{"target": 0.9352633694924787, "params": {"alpha_power": -4.741228314093465, "gamma_power": -5.127429069149054, "n_components": 1647.2993546921439}, "datetime": {"datetime": "2024-05-04 13:52:42", "elapsed": 10947.630186, "delta": 64.3704}}
{"target": 0.5266235906163537, "params": {"alpha_power": -5.472821803388387, "gamma_power": -1.5225079244402515, "n_components": 1650.7371758056245}, "datetime": {"datetime": "2024-05-04 13:54:06", "elapsed": 11031.747002, "delta": 84.116816}}
{"target": 0.9135013240296376, "params": {"alpha_power": -3.3267269354356004, "gamma_power": -6.0, "n_components": 1643.7108069994345}, "datetime": {"datetime": "2024-05-04 13:55:31", "elapsed": 11116.992428, "delta": 85.245426}}
{"target": 0.722217452330688, "params": {"alpha_power": -5.280950489901663, "gamma_power": -1.9634694750553425, "n_components": 1642.9524636467002}, "datetime": {"datetime": "2024-05-04 13:57:11", "elapsed": 11216.618336, "delta": 99.625908}}
{"target": 0.7886363382981346, "params": {"alpha_power": 1.913551283342466, "gamma_power": -5.09396081608419, "n_components": 1646.5579868728576}, "datetime": {"datetime": "2024-05-04 13:58:44", "elapsed": 11309.75881, "delta": 93.140474}}
{"target": 0.9142493943258752, "params": {"alpha_power": -3.387583834971271, "gamma_power": -6.0, "n_components": 1931.3550852631663}, "datetime": {"datetime": "2024-05-04 14:00:21", "elapsed": 11406.624824, "delta": 96.866014}}
{"target": 0.9142946397053674, "params": {"alpha_power": -1.1606656020849293, "gamma_power": -5.823051097657122, "n_components": 1366.1969787433827}, "datetime": {"datetime": "2024-05-04 14:01:14", "elapsed": 11460.14426, "delta": 53.519436}}
{"target": 0.502167417346761, "params": {"alpha_power": -5.244099463117647, "gamma_power": 0.29460379593786, "n_components": 857.8492100019876}, "datetime": {"datetime": "2024-05-04 14:02:16", "elapsed": 11521.982858, "delta": 61.838598}}
{"target": 0.9332624748401095, "params": {"alpha_power": -5.392386658205907, "gamma_power": -5.535783638871432, "n_components": 850.892597667539}, "datetime": {"datetime": "2024-05-04 14:03:16", "elapsed": 11581.48818, "delta": 59.505322}}
{"target": 0.9270048410078691, "params": {"alpha_power": -3.502288415748009, "gamma_power": -4.164641400823074, "n_components": 846.9463830222527}, "datetime": {"datetime": "2024-05-04 14:04:04", "elapsed": 11630.255141, "delta": 48.766961}}
{"target": 0.4991077564367007, "params": {"alpha_power": -4.634497236806357, "gamma_power": -1.2692999295014484, "n_components": 849.0211164068307}, "datetime": {"datetime": "2024-05-04 14:04:57", "elapsed": 11682.830448, "delta": 52.575307}}
{"target": 0.9164442466866003, "params": {"alpha_power": -4.684574130780794, "gamma_power": -5.901729597638818, "n_components": 843.0431206602865}, "datetime": {"datetime": "2024-05-04 14:05:53", "elapsed": 11738.411614, "delta": 55.581166}}
{"target": 0.9147188268409648, "params": {"alpha_power": -0.32397832028314966, "gamma_power": -4.348114624350602, "n_components": 843.4108259601642}, "datetime": {"datetime": "2024-05-04 14:06:38", "elapsed": 11784.122922, "delta": 45.711308}}
{"target": 0.9127189973836358, "params": {"alpha_power": -4.003733212494519, "gamma_power": -5.903653178716177, "n_components": 854.1773188440424}, "datetime": {"datetime": "2024-05-04 14:07:26", "elapsed": 11832.006942, "delta": 47.88402}}
{"target": 0.9280786326570091, "params": {"alpha_power": -5.0407332934052524, "gamma_power": -5.700237564807082, "n_components": 1670.0031810536575}, "datetime": {"datetime": "2024-05-04 14:08:46", "elapsed": 11911.648823, "delta": 79.641881}}
{"target": 0.9095565454639534, "params": {"alpha_power": -1.728403537565276, "gamma_power": -5.953884221996442, "n_components": 839.2585157586569}, "datetime": {"datetime": "2024-05-04 14:09:32", "elapsed": 11957.482611, "delta": 45.833788}}
{"target": 0.8046809590881147, "params": {"alpha_power": 1.246509012722802, "gamma_power": -5.278897757535809, "n_components": 847.0940672330293}, "datetime": {"datetime": "2024-05-04 14:10:19", "elapsed": 12004.425447, "delta": 46.942836}}
{"target": 0.9312954646990905, "params": {"alpha_power": -5.7939321319263435, "gamma_power": -5.966859499854238, "n_components": 846.332245345054}, "datetime": {"datetime": "2024-05-04 14:11:27", "elapsed": 12073.368595, "delta": 68.943148}}
