{"target": 0.9626330726319585, "params": {"C_power": 0.20757460615907064, "l1_ratio": 0.9469626038148141}, "datetime": {"datetime": "2024-05-03 23:13:43", "elapsed": 0.0, "delta": 0.0}}
{"target": 0.9626330754878604, "params": {"C_power": 3.1855171127628825, "l1_ratio": 0.2823958439671127}, "datetime": {"datetime": "2024-05-03 23:49:57", "elapsed": 2173.629805, "delta": 2173.629805}}
{"target": 0.9575253141203138, "params": {"C_power": -3.347455640860169, "l1_ratio": 0.6862220852374669}, "datetime": {"datetime": "2024-05-04 00:41:35", "elapsed": 5271.614935, "delta": 3097.98513}}
{"target": 0.9503061564771615, "params": {"C_power": -3.994329562799325, "l1_ratio": 0.39244246646503067}, "datetime": {"datetime": "2024-05-04 01:28:09", "elapsed": 8065.561051, "delta": 2793.946116}}
{"target": 0.9626331142318303, "params": {"C_power": 1.4166281670337106, "l1_ratio": 0.411930094858746}, "datetime": {"datetime": "2024-05-04 02:04:22", "elapsed": 10238.279004, "delta": 2172.717953}}
{"target": 0.5, "params": {"C_power": -5.970421425589366, "l1_ratio": 0.8840321823721048}, "datetime": {"datetime": "2024-05-04 02:06:57", "elapsed": 10393.901694, "delta": 155.62269}}
{"target": 0.9626330737286238, "params": {"C_power": 4.619370460517683, "l1_ratio": 0.30040968936648094}, "datetime": {"datetime": "2024-05-04 02:43:53", "elapsed": 12609.95575, "delta": 2216.054056}}
{"target": 0.9626330702434707, "params": {"C_power": 1.0749823825765752, "l1_ratio": 0.9784269160148309}, "datetime": {"datetime": "2024-05-04 03:20:30", "elapsed": 14806.4447, "delta": 2196.48895}}
{"target": 0.9626330455734478, "params": {"C_power": 4.141125865515733, "l1_ratio": 0.06507543905719348}, "datetime": {"datetime": "2024-05-04 03:57:26", "elapsed": 17022.317833, "delta": 2215.873133}}
{"target": 0.9625896768069891, "params": {"C_power": -2.463066423391613, "l1_ratio": 0.2879344409672464}, "datetime": {"datetime": "2024-05-04 05:02:56", "elapsed": 20952.545549, "delta": 3930.227716}}
{"target": 0.9626330823112301, "params": {"C_power": 3.8695960692411973, "l1_ratio": 0.6261830379602461}, "datetime": {"datetime": "2024-05-04 05:41:44", "elapsed": 23280.438463, "delta": 2327.892914}}
{"target": 0.958917447076842, "params": {"C_power": -4.674267433035915, "l1_ratio": 0.0005288111692760555}, "datetime": {"datetime": "2024-05-04 06:34:26", "elapsed": 26442.597633, "delta": 3162.15917}}
{"target": 0.9626330631323918, "params": {"C_power": 5.305994794265995, "l1_ratio": 0.14150075772518977}, "datetime": {"datetime": "2024-05-04 07:11:58", "elapsed": 28695.157599, "delta": 2252.559966}}
{"target": 0.9626316491227573, "params": {"C_power": -0.9408416860060829, "l1_ratio": 0.3464894401485442}, "datetime": {"datetime": "2024-05-04 07:48:56", "elapsed": 30912.597026, "delta": 2217.439427}}
{"target": 0.962633042580145, "params": {"C_power": 4.437421012766178, "l1_ratio": 0.42860181235228634}, "datetime": {"datetime": "2024-05-04 08:25:53", "elapsed": 33129.612316, "delta": 2217.01529}}
{"target": 0.9626330837022807, "params": {"C_power": 3.9450178118730683, "l1_ratio": 0.7178518382260383}, "datetime": {"datetime": "2024-05-04 09:02:58", "elapsed": 35354.938872, "delta": 2225.326556}}
{"target": 0.9185818345291012, "params": {"C_power": -4.569279669790528, "l1_ratio": 0.5963841727096089}, "datetime": {"datetime": "2024-05-04 09:46:41", "elapsed": 37977.64885, "delta": 2622.709978}}
{"target": 0.954200139209242, "params": {"C_power": -4.442924427537841, "l1_ratio": 0.07753409172717718}, "datetime": {"datetime": "2024-05-04 10:34:00", "elapsed": 40817.076852, "delta": 2839.428002}}
{"target": 0.962633052730616, "params": {"C_power": 3.974463068285017, "l1_ratio": 0.46438561478020246}, "datetime": {"datetime": "2024-05-04 11:10:24", "elapsed": 43000.813305, "delta": 2183.736453}}
{"target": 0.9435690951302489, "params": {"C_power": -4.055850251967012, "l1_ratio": 0.5479752920930067}, "datetime": {"datetime": "2024-05-04 11:56:50", "elapsed": 45786.477315, "delta": 2785.66401}}
{"target": 0.9626330525970165, "params": {"C_power": 1.0618298621081106, "l1_ratio": 0.7736131690757343}, "datetime": {"datetime": "2024-05-04 12:33:35", "elapsed": 47991.835626, "delta": 2205.358311}}
{"target": 0.9626331003790426, "params": {"C_power": 1.8701454960828396, "l1_ratio": 0.557706759478423}, "datetime": {"datetime": "2024-05-04 13:09:53", "elapsed": 50169.720771, "delta": 2177.885145}}
{"target": 0.9565615920784541, "params": {"C_power": -3.86103280115828, "l1_ratio": 0.24058353121801312}, "datetime": {"datetime": "2024-05-04 13:59:40", "elapsed": 53157.041376, "delta": 2987.320605}}
{"target": 0.9626330694084986, "params": {"C_power": 0.07265558842631137, "l1_ratio": 0.396745698829829}, "datetime": {"datetime": "2024-05-04 14:38:17", "elapsed": 55474.188833, "delta": 2317.147457}}
{"target": 0.9626330109928756, "params": {"C_power": -0.2033377746847025, "l1_ratio": 0.9557398410881859}, "datetime": {"datetime": "2024-05-04 15:12:18", "elapsed": 57514.832654, "delta": 2040.643821}}
{"target": 0.9626330696374936, "params": {"C_power": 6.0, "l1_ratio": 1.0}, "datetime": {"datetime": "2024-05-04 15:49:20", "elapsed": 59736.230768, "delta": 2221.398114}}
