{"target": 0.7939024398953264, "params": {"alpha_power": 1.512707946177148, "gamma_power": -4.539935984480499, "n_components": 1405.534778127784}, "datetime": {"datetime": "2024-05-05 11:17:57", "elapsed": 11590.600029, "delta": 135.554723}}
{"target": 0.7642667571036122, "params": {"alpha_power": 1.9068059314465398, "gamma_power": -5.989745288703854, "n_components": 1696.8200956748094}, "datetime": {"datetime": "2024-05-05 11:19:36", "elapsed": 11690.217701, "delta": 99.617672}}
{"target": 0.9204186881349316, "params": {"alpha_power": -4.946623695720613, "gamma_power": -5.903416978723816, "n_components": 1262.4797737009887}, "datetime": {"datetime": "2024-05-05 11:20:46", "elapsed": 11760.26666, "delta": 70.048959}}
{"target": 0.8035370474210544, "params": {"alpha_power": -2.9934821918429257, "gamma_power": -2.209496251790947, "n_components": 1261.916586968618}, "datetime": {"datetime": "2024-05-05 11:22:03", "elapsed": 11836.946438, "delta": 76.679778}}
{"target": 0.9133883615469474, "params": {"alpha_power": -2.97391627587796, "gamma_power": -6.0, "n_components": 1415.2146264797614}, "datetime": {"datetime": "2024-05-05 11:22:59", "elapsed": 11892.829389, "delta": 55.882951}}
{"target": 0.9603091890076161, "params": {"alpha_power": -7.751575693719513, "gamma_power": -4.931465522827031, "n_components": 1653.243140837335}, "datetime": {"datetime": "2024-05-05 11:29:39", "elapsed": 12292.593509, "delta": 399.76412}}
{"target": 0.9136855328246805, "params": {"alpha_power": -3.8723977217378334, "gamma_power": -5.757229397110095, "n_components": 982.4241204304408}, "datetime": {"datetime": "2024-05-05 11:30:35", "elapsed": 12348.627033, "delta": 56.033524}}
{"target": 0.529471497517249, "params": {"alpha_power": -5.822451177108796, "gamma_power": -1.5469219586388225, "n_components": 1651.7133013530563}, "datetime": {"datetime": "2024-05-05 11:32:25", "elapsed": 12458.620452, "delta": 109.993419}}
{"target": 0.9131330713425292, "params": {"alpha_power": -3.9042855676048185, "gamma_power": -6.0, "n_components": 1164.3421508392507}, "datetime": {"datetime": "2024-05-05 11:33:21", "elapsed": 12514.521042, "delta": 55.90059}}
{"target": 0.8883211659598171, "params": {"alpha_power": -1.221987333506342, "gamma_power": -2.728583267005756, "n_components": 1414.428496218935}, "datetime": {"datetime": "2024-05-05 11:34:18", "elapsed": 12571.940907, "delta": 57.419865}}
{"target": 0.9556027941621947, "params": {"alpha_power": -8.0, "gamma_power": -6.0, "n_components": 1414.4242720929185}, "datetime": {"datetime": "2024-05-05 11:41:02", "elapsed": 12975.6829, "delta": 403.741993}}
{"target": 0.9567193358160381, "params": {"alpha_power": -7.4403404149566095, "gamma_power": -4.121200177672124, "n_components": 1417.7296221725478}, "datetime": {"datetime": "2024-05-05 11:45:03", "elapsed": 13217.062041, "delta": 241.379141}}
{"target": 0.9164021069785104, "params": {"alpha_power": -4.597801604268299, "gamma_power": -6.0, "n_components": 1420.2164703923183}, "datetime": {"datetime": "2024-05-05 11:46:05", "elapsed": 13279.133563, "delta": 62.071522}}
{"target": 0.5044495132528708, "params": {"alpha_power": -4.8718367760555, "gamma_power": -0.942908666857825, "n_components": 1419.542228440731}, "datetime": {"datetime": "2024-05-05 11:47:14", "elapsed": 13347.630964, "delta": 68.497401}}
{"target": 0.7748493592486069, "params": {"alpha_power": 2.531051578919195, "gamma_power": -5.9030972784046085, "n_components": 987.6285950368801}, "datetime": {"datetime": "2024-05-05 11:48:09", "elapsed": 13402.396385, "delta": 54.765421}}
{"target": 0.9533233560899225, "params": {"alpha_power": -7.447937525921673, "gamma_power": -6.0, "n_components": 1266.1746376789974}, "datetime": {"datetime": "2024-05-05 11:52:27", "elapsed": 13661.044439, "delta": 258.648054}}
{"target": 0.9176568177618547, "params": {"alpha_power": -0.6135302551612867, "gamma_power": -4.172798847608742, "n_components": 1782.967356221387}, "datetime": {"datetime": "2024-05-05 11:53:30", "elapsed": 13723.823224, "delta": 62.778785}}
{"target": 0.5709051146539615, "params": {"alpha_power": -3.7202814594553093, "gamma_power": -1.6815445197200676, "n_components": 1781.0244680206958}, "datetime": {"datetime": "2024-05-05 11:54:38", "elapsed": 13791.956764, "delta": 68.13354}}
{"target": 0.9535804635241792, "params": {"alpha_power": -7.657368165421017, "gamma_power": -5.532036996417486, "n_components": 975.93921834708}, "datetime": {"datetime": "2024-05-05 11:58:34", "elapsed": 14027.507441, "delta": 235.550677}}
{"target": 0.780777405667026, "params": {"alpha_power": 1.3562127487890978, "gamma_power": -6.0, "n_components": 1779.98726690325}, "datetime": {"datetime": "2024-05-05 12:00:47", "elapsed": 14160.748698, "delta": 133.241257}}
{"target": 0.9165293120756267, "params": {"alpha_power": -0.7495729327320184, "gamma_power": -5.218773254380879, "n_components": 1786.4036234176217}, "datetime": {"datetime": "2024-05-05 12:01:50", "elapsed": 14223.412618, "delta": 62.66392}}
{"target": 0.9549847084257218, "params": {"alpha_power": -7.887659886766646, "gamma_power": -5.719268783140492, "n_components": 1159.2824194354187}, "datetime": {"datetime": "2024-05-05 12:07:19", "elapsed": 14552.563936, "delta": 329.151318}}
{"target": 0.9511819350055838, "params": {"alpha_power": -7.116829768470734, "gamma_power": -5.513799503024219, "n_components": 971.7736054001291}, "datetime": {"datetime": "2024-05-05 12:09:56", "elapsed": 14709.426443, "delta": 156.862507}}
{"target": 0.8462542539877042, "params": {"alpha_power": -7.904012007669546, "gamma_power": -2.3062914743639573, "n_components": 973.9037095377429}, "datetime": {"datetime": "2024-05-05 12:16:35", "elapsed": 15108.597754, "delta": 399.171311}}
{"target": 0.9222709254516213, "params": {"alpha_power": -4.00254434024731, "gamma_power": -5.000911311379, "n_components": 969.5422715135551}, "datetime": {"datetime": "2024-05-05 12:17:25", "elapsed": 15158.986212, "delta": 50.388458}}
{"target": 0.8759641183677512, "params": {"alpha_power": -7.832942911128571, "gamma_power": -2.471734987111152, "n_components": 967.9816346720821}, "datetime": {"datetime": "2024-05-05 12:24:09", "elapsed": 15563.303388, "delta": 404.317176}}
{"target": 0.9101768987988338, "params": {"alpha_power": 0.4933068345771403, "gamma_power": -3.2473953113128466, "n_components": 1745.43342388989}, "datetime": {"datetime": "2024-05-05 12:25:15", "elapsed": 15629.258166, "delta": 65.954778}}
{"target": 0.5022813794560377, "params": {"alpha_power": -0.8406965826282917, "gamma_power": -1.3297899370971287, "n_components": 1740.6207499464647}, "datetime": {"datetime": "2024-05-05 12:26:16", "elapsed": 15689.930045, "delta": 60.671879}}
{"target": 0.7953940045698791, "params": {"alpha_power": 2.438659036095377, "gamma_power": -5.9019120056471746, "n_components": 1746.235409398135}, "datetime": {"datetime": "2024-05-05 12:27:33", "elapsed": 15766.844591, "delta": 76.914546}}
