{"target": 0.5012072341164662, "params": {"alpha_power": -2.3097232776875183, "gamma_power": 0.6287382267036987, "n_components": 1554.3735428541231}, "datetime": {"datetime": "2024-05-05 08:04:46", "elapsed": 0.0, "delta": 0.0}}
{"target": 0.9464484323207882, "params": {"alpha_power": -4.89364571636176, "gamma_power": -4.452682457168432, "n_components": 1403.821961951187}, "datetime": {"datetime": "2024-05-05 08:05:48", "elapsed": 62.015292, "delta": 62.015292}}
{"target": 0.9459859904929349, "params": {"alpha_power": -6.161468765899381, "gamma_power": -3.252902734744785, "n_components": 1274.2994597803374}, "datetime": {"datetime": "2024-05-05 08:07:24", "elapsed": 157.799927, "delta": 95.784635}}
{"target": 0.9148195725337975, "params": {"alpha_power": -3.4687689565537942, "gamma_power": -5.982745831593797, "n_components": 1779.661146506999}, "datetime": {"datetime": "2024-05-05 08:08:56", "elapsed": 249.793782, "delta": 91.993855}}
{"target": 0.8015549351069223, "params": {"alpha_power": 1.73442292214121, "gamma_power": -3.8971321744346334, "n_components": 1220.2055439079577}, "datetime": {"datetime": "2024-05-05 08:10:29", "elapsed": 343.353065, "delta": 93.559283}}
{"target": 0.4998239943254559, "params": {"alpha_power": 2.76269607616314, "gamma_power": -0.08434324511582236, "n_components": 223.64333420866762}, "datetime": {"datetime": "2024-05-05 08:11:11", "elapsed": 384.89842, "delta": 41.545355}}
{"target": 0.9535064781171242, "params": {"alpha_power": -4.7578108881089785, "gamma_power": -3.9844589132292754, "n_components": 1662.6860442965228}, "datetime": {"datetime": "2024-05-05 08:12:18", "elapsed": 451.622699, "delta": 66.724279}}
{"target": 0.8970332061817319, "params": {"alpha_power": -1.111986582437293, "gamma_power": -5.226656002604283, "n_components": 101.0047412216245}, "datetime": {"datetime": "2024-05-05 08:12:51", "elapsed": 484.524665, "delta": 32.901966}}
{"target": 0.7888982374639647, "params": {"alpha_power": 2.3638285614104966, "gamma_power": -5.009494695923672, "n_components": 901.0333997157035}, "datetime": {"datetime": "2024-05-05 08:13:48", "elapsed": 541.844357, "delta": 57.319692}}
{"target": 0.5029532655687128, "params": {"alpha_power": -4.188616158366013, "gamma_power": 0.08849559078027092, "n_components": 914.343443469344}, "datetime": {"datetime": "2024-05-05 08:14:41", "elapsed": 595.160455, "delta": 53.316098}}
{"target": 0.5006830508190646, "params": {"alpha_power": 1.1162663275503135, "gamma_power": -0.9750371324177323, "n_components": 326.5307189498331}, "datetime": {"datetime": "2024-05-05 08:15:20", "elapsed": 633.610774, "delta": 38.450319}}
{"target": 0.9036421199470395, "params": {"alpha_power": -1.4397741001943025, "gamma_power": -5.091705916063741, "n_components": 247.31477428163663}, "datetime": {"datetime": "2024-05-05 08:15:57", "elapsed": 670.598029, "delta": 36.987255}}
{"target": 0.8634722078464913, "params": {"alpha_power": 1.143257812594598, "gamma_power": -2.7493006965385827, "n_components": 407.82371010522303}, "datetime": {"datetime": "2024-05-05 08:16:38", "elapsed": 712.25545, "delta": 41.657421}}
{"target": 0.6692115055934729, "params": {"alpha_power": -1.9722717869769264, "gamma_power": -1.8805992471036017, "n_components": 1569.8650212438952}, "datetime": {"datetime": "2024-05-05 08:17:38", "elapsed": 772.347441, "delta": 60.091991}}
{"target": 0.7094504351465105, "params": {"alpha_power": -0.7856999619240632, "gamma_power": -2.096052683651039, "n_components": 438.66980648327234}, "datetime": {"datetime": "2024-05-05 08:18:19", "elapsed": 813.085145, "delta": 40.737704}}
{"target": 0.8766326325463373, "params": {"alpha_power": -5.353581156601855, "gamma_power": -2.457617573417985, "n_components": 853.8168277766752}, "datetime": {"datetime": "2024-05-05 08:19:26", "elapsed": 879.461698, "delta": 66.376553}}
{"target": 0.5020935830119331, "params": {"alpha_power": -2.6863929601276437, "gamma_power": 0.690178887617301, "n_components": 1813.0441663340234}, "datetime": {"datetime": "2024-05-05 08:20:28", "elapsed": 941.895282, "delta": 62.433584}}
{"target": 0.5020181858913614, "params": {"alpha_power": -2.436647458247333, "gamma_power": -0.255089603859596, "n_components": 1672.6602595424642}, "datetime": {"datetime": "2024-05-05 08:21:28", "elapsed": 1001.710448, "delta": 59.815166}}
{"target": 0.936321236515161, "params": {"alpha_power": -5.4498331763774015, "gamma_power": -5.446611595165487, "n_components": 984.9495603102263}, "datetime": {"datetime": "2024-05-05 08:22:31", "elapsed": 1065.319445, "delta": 63.608997}}
{"target": 0.7885750486923764, "params": {"alpha_power": 1.6687338924470048, "gamma_power": -4.967478589059025, "n_components": 539.3774800900023}, "datetime": {"datetime": "2024-05-05 08:23:47", "elapsed": 1141.070955, "delta": 75.75151}}
{"target": 0.9527022497976599, "params": {"alpha_power": -6.208511027242408, "gamma_power": -3.8625169266981643, "n_components": 1167.0182559079053}, "datetime": {"datetime": "2024-05-05 08:25:17", "elapsed": 1230.857089, "delta": 89.786134}}
{"target": 0.49860300875638464, "params": {"alpha_power": 2.279374082521425, "gamma_power": -0.8329814267580735, "n_components": 1588.8719619989117}, "datetime": {"datetime": "2024-05-05 08:26:34", "elapsed": 1307.904806, "delta": 77.047717}}
{"target": 0.916616280991979, "params": {"alpha_power": -1.2364055576815698, "gamma_power": -3.8367083515632743, "n_components": 1689.3739897998282}, "datetime": {"datetime": "2024-05-05 08:28:05", "elapsed": 1399.001232, "delta": 91.096426}}
{"target": 0.9159481390216904, "params": {"alpha_power": -0.2736313734732141, "gamma_power": -3.602911349650693, "n_components": 1709.442855331575}, "datetime": {"datetime": "2024-05-05 08:29:09", "elapsed": 1462.403986, "delta": 63.402754}}
{"target": 0.8898815826251149, "params": {"alpha_power": -6.9449115596519215, "gamma_power": -2.606007590631731, "n_components": 551.1635209072494}, "datetime": {"datetime": "2024-05-05 08:31:47", "elapsed": 1620.399123, "delta": 157.995137}}
{"target": 0.566856693168473, "params": {"alpha_power": 2.7710881421116724, "gamma_power": -1.675283252951676, "n_components": 1033.783406936153}, "datetime": {"datetime": "2024-05-05 08:32:43", "elapsed": 1676.99107, "delta": 56.591947}}
{"target": 0.913943098140443, "params": {"alpha_power": -1.175462925720237, "gamma_power": -5.9404362715605945, "n_components": 1741.7690369638958}, "datetime": {"datetime": "2024-05-05 08:33:44", "elapsed": 1737.968547, "delta": 60.977477}}
{"target": 0.9449468251240323, "params": {"alpha_power": -6.96295664724097, "gamma_power": -3.239149302477181, "n_components": 1273.752437893406}, "datetime": {"datetime": "2024-05-05 08:36:38", "elapsed": 1911.957946, "delta": 173.989399}}
{"target": 0.9386588727497562, "params": {"alpha_power": -4.683250550689671, "gamma_power": -4.923442987373296, "n_components": 1655.559515519296}, "datetime": {"datetime": "2024-05-05 08:37:44", "elapsed": 1977.651747, "delta": 65.693801}}
{"target": 0.9222970287409424, "params": {"alpha_power": -3.028405629044393, "gamma_power": -4.409352627525815, "n_components": 1699.2448312644406}, "datetime": {"datetime": "2024-05-05 08:38:44", "elapsed": 2038.208453, "delta": 60.556706}}
{"target": 0.5478687258264336, "params": {"alpha_power": -3.518536724094612, "gamma_power": -1.6516406656095146, "n_components": 1177.5366730742476}, "datetime": {"datetime": "2024-05-05 08:39:38", "elapsed": 2092.193012, "delta": 53.984559}}
{"target": 0.9328008745969241, "params": {"alpha_power": -7.989958357874906, "gamma_power": -3.05470093629979, "n_components": 1158.6717344226647}, "datetime": {"datetime": "2024-05-05 08:46:52", "elapsed": 2525.431066, "delta": 433.238054}}
{"target": 0.7972281625040013, "params": {"alpha_power": 1.3047198023999034, "gamma_power": -4.309667531011548, "n_components": 1161.2897335661753}, "datetime": {"datetime": "2024-05-05 08:47:47", "elapsed": 2580.958298, "delta": 55.527232}}
{"target": 0.5000907859372388, "params": {"alpha_power": -0.346956325739157, "gamma_power": -0.35977180248577856, "n_components": 1395.8938852508597}, "datetime": {"datetime": "2024-05-05 08:48:41", "elapsed": 2635.003643, "delta": 54.045345}}
{"target": 0.9380319608183083, "params": {"alpha_power": -5.033462856648132, "gamma_power": -5.178961255843805, "n_components": 1410.8911181401447}, "datetime": {"datetime": "2024-05-05 08:49:47", "elapsed": 2700.859015, "delta": 65.855372}}
{"target": 0.91687996650217, "params": {"alpha_power": -1.4961339739301431, "gamma_power": -4.1525396982382645, "n_components": 1265.9145634754088}, "datetime": {"datetime": "2024-05-05 08:51:03", "elapsed": 2776.365828, "delta": 75.506813}}
{"target": 0.7779431773633265, "params": {"alpha_power": 3.0, "gamma_power": -6.0, "n_components": 1658.7722543510433}, "datetime": {"datetime": "2024-05-05 08:52:09", "elapsed": 2842.518843, "delta": 66.153015}}
{"target": 0.5023126161507149, "params": {"alpha_power": 2.8115566911800975, "gamma_power": 0.5565580567707586, "n_components": 1702.615800555221}, "datetime": {"datetime": "2024-05-05 08:53:17", "elapsed": 2911.335584, "delta": 68.816741}}
{"target": 0.5016603850650588, "params": {"alpha_power": -6.720230968521736, "gamma_power": 0.5083209652170986, "n_components": 1163.5879345472272}, "datetime": {"datetime": "2024-05-05 08:56:08", "elapsed": 3081.948373, "delta": 170.612789}}
{"target": 0.9356312957499042, "params": {"alpha_power": -3.448472779476953, "gamma_power": -3.7826722517931115, "n_components": 1659.5325325090676}, "datetime": {"datetime": "2024-05-05 08:57:08", "elapsed": 3141.761892, "delta": 59.813519}}
{"target": 0.9295478094653795, "params": {"alpha_power": -3.203815572474232, "gamma_power": -3.956808278314651, "n_components": 1407.7220856776275}, "datetime": {"datetime": "2024-05-05 08:58:01", "elapsed": 3194.830614, "delta": 53.068722}}
{"target": 0.6675201286317733, "params": {"alpha_power": -3.83495847488368, "gamma_power": -1.8728686270893171, "n_components": 1270.2137596948728}, "datetime": {"datetime": "2024-05-05 08:58:55", "elapsed": 3248.692197, "delta": 53.861583}}
{"target": 0.955985771206121, "params": {"alpha_power": -7.0471493258335585, "gamma_power": -5.185463111291929, "n_components": 1407.6459210104306}, "datetime": {"datetime": "2024-05-05 09:01:52", "elapsed": 3425.500104, "delta": 176.807907}}
{"target": 0.8816297348113411, "params": {"alpha_power": -7.874072023077557, "gamma_power": -2.4344768091859734, "n_components": 1658.1560613965007}, "datetime": {"datetime": "2024-05-05 09:11:59", "elapsed": 4032.765255, "delta": 607.265151}}
{"target": 0.5052564602157354, "params": {"alpha_power": -7.0769822112099785, "gamma_power": -0.495022310557502, "n_components": 1407.9042817892532}, "datetime": {"datetime": "2024-05-05 09:16:30", "elapsed": 4304.144697, "delta": 271.379442}}
{"target": 0.5035038928623423, "params": {"alpha_power": -3.8929259087235923, "gamma_power": -0.7192369071128475, "n_components": 1661.3208259232454}, "datetime": {"datetime": "2024-05-05 09:17:33", "elapsed": 4366.67915, "delta": 62.534453}}
{"target": 0.9159145491912815, "params": {"alpha_power": -2.1438847149801417, "gamma_power": -5.371648548334236, "n_components": 1661.9363209691778}, "datetime": {"datetime": "2024-05-05 09:18:34", "elapsed": 4427.893001, "delta": 61.213851}}
{"target": 0.916710491159084, "params": {"alpha_power": -4.4299433191373945, "gamma_power": -5.999196893496896, "n_components": 1661.184777255516}, "datetime": {"datetime": "2024-05-05 09:19:46", "elapsed": 4500.046546, "delta": 72.153545}}
{"target": 0.9495642818281361, "params": {"alpha_power": -6.869481927423921, "gamma_power": -5.828808738943811, "n_components": 1404.893337252115}, "datetime": {"datetime": "2024-05-05 09:22:18", "elapsed": 4651.648604, "delta": 151.602058}}
{"target": 0.9155875732997186, "params": {"alpha_power": -4.4014540754876466, "gamma_power": -6.0, "n_components": 1406.559046851334}, "datetime": {"datetime": "2024-05-05 09:23:20", "elapsed": 4713.780729, "delta": 62.132125}}
{"target": 0.9563395119434432, "params": {"alpha_power": -7.4798290197501816, "gamma_power": -4.599137002355044, "n_components": 1170.0531818288955}, "datetime": {"datetime": "2024-05-05 09:27:01", "elapsed": 4934.897978, "delta": 221.117249}}
{"target": 0.9170824035035061, "params": {"alpha_power": -3.8171971837275596, "gamma_power": -5.40552491203677, "n_components": 1168.771652826397}, "datetime": {"datetime": "2024-05-05 09:27:53", "elapsed": 4987.297683, "delta": 52.399705}}
{"target": 0.9360399217911821, "params": {"alpha_power": -5.754459082169721, "gamma_power": -6.0, "n_components": 1665.4566379170408}, "datetime": {"datetime": "2024-05-05 09:29:34", "elapsed": 5087.517872, "delta": 100.220189}}
{"target": 0.9553331055477298, "params": {"alpha_power": -8.0, "gamma_power": -5.603637978079348, "n_components": 1276.6349955059382}, "datetime": {"datetime": "2024-05-05 09:36:25", "elapsed": 5498.619435, "delta": 411.101563}}
{"target": 0.5256279124330556, "params": {"alpha_power": -8.0, "gamma_power": -1.556324473150085, "n_components": 1277.4003321743564}, "datetime": {"datetime": "2024-05-05 09:48:16", "elapsed": 6209.41266, "delta": 710.793225}}
{"target": 0.9231850835889741, "params": {"alpha_power": -4.9473285432371314, "gamma_power": -5.732162078474934, "n_components": 1275.853072681152}, "datetime": {"datetime": "2024-05-05 09:49:25", "elapsed": 6279.15743, "delta": 69.74477}}
{"target": 0.9555758771954868, "params": {"alpha_power": -7.446162114014938, "gamma_power": -6.0, "n_components": 1657.799311185099}, "datetime": {"datetime": "2024-05-05 09:54:09", "elapsed": 6562.885087, "delta": 283.727657}}
{"target": 0.9017456428803271, "params": {"alpha_power": -1.369897749002245, "gamma_power": -2.986411355204863, "n_components": 1694.684693273786}, "datetime": {"datetime": "2024-05-05 09:55:10", "elapsed": 6623.725201, "delta": 60.840114}}
{"target": 0.9138700414918048, "params": {"alpha_power": -0.7647231879566773, "gamma_power": -6.0, "n_components": 1410.7622638033524}, "datetime": {"datetime": "2024-05-05 09:56:04", "elapsed": 6678.131444, "delta": 54.406243}}
{"target": 0.9532493830934039, "params": {"alpha_power": -8.0, "gamma_power": -6.0, "n_components": 1155.901145852493}, "datetime": {"datetime": "2024-05-05 10:02:16", "elapsed": 7049.713343, "delta": 371.581899}}
{"target": 0.6816357756000897, "params": {"alpha_power": -7.2762370560031595, "gamma_power": -1.9196283582618507, "n_components": 1154.5044111636173}, "datetime": {"datetime": "2024-05-05 10:07:06", "elapsed": 7339.952864, "delta": 290.239521}}
{"target": 0.9190300212092826, "params": {"alpha_power": -4.454969111550452, "gamma_power": -5.790784658722216, "n_components": 1694.2447642089671}, "datetime": {"datetime": "2024-05-05 10:08:15", "elapsed": 7408.453529, "delta": 68.500665}}
{"target": 0.9524083665080687, "params": {"alpha_power": -7.299078207530959, "gamma_power": -5.879420451290753, "n_components": 1162.3201554592833}, "datetime": {"datetime": "2024-05-05 10:11:11", "elapsed": 7585.31611, "delta": 176.862581}}
{"target": 0.9253354819384987, "params": {"alpha_power": -4.638989210861286, "gamma_power": -5.438952642982299, "n_components": 1158.280547667898}, "datetime": {"datetime": "2024-05-05 10:12:07", "elapsed": 7640.784514, "delta": 55.468404}}
{"target": 0.9006700567279851, "params": {"alpha_power": -6.693196717767732, "gamma_power": -2.563185191881611, "n_components": 1696.7476912240686}, "datetime": {"datetime": "2024-05-05 10:15:24", "elapsed": 7837.928969, "delta": 197.144455}}
{"target": 0.5117412707740276, "params": {"alpha_power": -5.660455227619609, "gamma_power": -1.3979961855249163, "n_components": 1692.6332229360492}, "datetime": {"datetime": "2024-05-05 10:17:11", "elapsed": 7944.841956, "delta": 106.912987}}
{"target": 0.9566704041111628, "params": {"alpha_power": -7.6948470872666235, "gamma_power": -5.9797941941751915, "n_components": 1697.5867695929753}, "datetime": {"datetime": "2024-05-05 10:22:55", "elapsed": 8288.576011, "delta": 343.734055}}
{"target": 0.9122029722416343, "params": {"alpha_power": 0.4949178934828975, "gamma_power": -5.96870741133479, "n_components": 1691.9276853915258}, "datetime": {"datetime": "2024-05-05 10:23:58", "elapsed": 8352.092191, "delta": 63.51618}}
{"target": 0.9594248395565262, "params": {"alpha_power": -7.362294130908504, "gamma_power": -4.584888180409632, "n_components": 1701.442846526821}, "datetime": {"datetime": "2024-05-05 10:28:27", "elapsed": 8621.205704, "delta": 269.113513}}
{"target": 0.49966361394219605, "params": {"alpha_power": -7.346043033973298, "gamma_power": -0.45869433826979744, "n_components": 1700.1031129591101}, "datetime": {"datetime": "2024-05-05 10:35:18", "elapsed": 9032.261713, "delta": 411.056009}}
{"target": 0.9363391917576749, "params": {"alpha_power": -5.839323013779409, "gamma_power": -5.9633743353136115, "n_components": 1272.1405870870697}, "datetime": {"datetime": "2024-05-05 10:36:44", "elapsed": 9117.817401, "delta": 85.555688}}
{"target": 0.9284574938273776, "params": {"alpha_power": -5.347737412082411, "gamma_power": -5.960715425942155, "n_components": 1698.7811925381964}, "datetime": {"datetime": "2024-05-05 10:38:22", "elapsed": 9215.876421, "delta": 98.05902}}
{"target": 0.9238222391453972, "params": {"alpha_power": -5.12072935024157, "gamma_power": -6.0, "n_components": 1704.2813659038522}, "datetime": {"datetime": "2024-05-05 10:39:45", "elapsed": 9298.719718, "delta": 82.843297}}
{"target": 0.9537899594324039, "params": {"alpha_power": -7.805062799261927, "gamma_power": -5.997184095252862, "n_components": 1165.7564920751056}, "datetime": {"datetime": "2024-05-05 10:45:04", "elapsed": 9618.241767, "delta": 319.522049}}
{"target": 0.7271702253495057, "params": {"alpha_power": 3.0, "gamma_power": -2.1609614900704233, "n_components": 1690.1186043541625}, "datetime": {"datetime": "2024-05-05 10:46:10", "elapsed": 9684.237047, "delta": 65.99528}}
{"target": 0.9590460454713735, "params": {"alpha_power": -7.92130775192905, "gamma_power": -5.592820724358751, "n_components": 1662.1159992677601}, "datetime": {"datetime": "2024-05-05 10:52:57", "elapsed": 10090.994075, "delta": 406.757028}}
{"target": 0.9218803660322251, "params": {"alpha_power": -2.916043852844701, "gamma_power": -3.255592943594689, "n_components": 981.894372833447}, "datetime": {"datetime": "2024-05-05 10:53:47", "elapsed": 10140.693255, "delta": 49.69918}}
{"target": 0.9147863892845784, "params": {"alpha_power": -0.889830380596079, "gamma_power": -4.655288169463272, "n_components": 986.0966230388042}, "datetime": {"datetime": "2024-05-05 10:54:36", "elapsed": 10189.699731, "delta": 49.006476}}
{"target": 0.49844375473752206, "params": {"alpha_power": -4.426354962339844, "gamma_power": -1.038068770383551, "n_components": 986.0153468709002}, "datetime": {"datetime": "2024-05-05 10:55:31", "elapsed": 10244.48908, "delta": 54.789349}}
{"target": 0.9471323775574756, "params": {"alpha_power": -6.928062795956583, "gamma_power": -5.990245246915786, "n_components": 980.699392649306}, "datetime": {"datetime": "2024-05-05 10:58:04", "elapsed": 10398.096175, "delta": 153.607095}}
{"target": 0.9168434708724937, "params": {"alpha_power": -3.9259437592241895, "gamma_power": -5.42636695048392, "n_components": 977.1521203459138}, "datetime": {"datetime": "2024-05-05 10:58:57", "elapsed": 10450.722497, "delta": 52.626322}}
{"target": 0.9131503829874251, "params": {"alpha_power": -0.004896237343172238, "gamma_power": -5.638794093212902, "n_components": 981.489830969603}, "datetime": {"datetime": "2024-05-05 10:59:53", "elapsed": 10506.593613, "delta": 55.871116}}
{"target": 0.8859067136611353, "params": {"alpha_power": -7.077997938000628, "gamma_power": -2.5031549064003675, "n_components": 978.5442603834767}, "datetime": {"datetime": "2024-05-05 11:03:22", "elapsed": 10716.253006, "delta": 209.659393}}
{"target": 0.936875868038023, "params": {"alpha_power": -4.919396367679237, "gamma_power": -5.10922291763634, "n_components": 1710.166284742691}, "datetime": {"datetime": "2024-05-05 11:04:36", "elapsed": 10790.090082, "delta": 73.837076}}
{"target": 0.9188917276438902, "params": {"alpha_power": -2.684106205921535, "gamma_power": -4.572238314622982, "n_components": 1714.306804756841}, "datetime": {"datetime": "2024-05-05 11:05:43", "elapsed": 10856.503505, "delta": 66.413423}}
{"target": 0.5008496839270162, "params": {"alpha_power": -5.821543547096782, "gamma_power": -0.43740215076038513, "n_components": 1710.3800841316968}, "datetime": {"datetime": "2024-05-05 11:07:38", "elapsed": 10971.624313, "delta": 115.120808}}
{"target": 0.7891468933469671, "params": {"alpha_power": 2.637334862380685, "gamma_power": -5.855179371599326, "n_components": 1713.599330534622}, "datetime": {"datetime": "2024-05-05 11:08:52", "elapsed": 11045.681046, "delta": 74.056733}}
{"target": 0.6748236386867397, "params": {"alpha_power": -0.583400324521806, "gamma_power": -1.9101961066044242, "n_components": 977.7777913999812}, "datetime": {"datetime": "2024-05-05 11:09:42", "elapsed": 11095.704747, "delta": 50.023701}}
{"target": 0.9131827607490655, "params": {"alpha_power": -2.2439432181624324, "gamma_power": -6.0, "n_components": 1707.6417251923324}, "datetime": {"datetime": "2024-05-05 11:10:43", "elapsed": 11157.022563, "delta": 61.317816}}
{"target": 0.7946351474103264, "params": {"alpha_power": 2.8128160112891454, "gamma_power": -4.402233182665771, "n_components": 1264.696166843383}, "datetime": {"datetime": "2024-05-05 11:11:46", "elapsed": 11219.427353, "delta": 62.40479}}
{"target": 0.9535135012105199, "params": {"alpha_power": -7.3504353589448606, "gamma_power": -6.0, "n_components": 1400.339619963841}, "datetime": {"datetime": "2024-05-05 11:15:41", "elapsed": 11455.045306, "delta": 235.617953}}
