{"target": 0.9560523977680455, "params": {"max_depth": 29.726511121556747, "max_samples": 0.9470156412109993, "min_samples_leaf": 4.061839037587628, "min_samples_split": 4.259166751736902, "n_estimators": 298.94082693548734}, "datetime": {"datetime": "2024-05-05 08:15:17", "elapsed": 0.0, "delta": 0.0}}
{"target": 0.9530400536863203, "params": {"max_depth": 36.82132757997361, "max_samples": 0.1679720638969562, "min_samples_leaf": 2.5697698658601227, "min_samples_split": 6.944418778022474, "n_estimators": 470.7370853728714}, "datetime": {"datetime": "2024-05-05 08:19:44", "elapsed": 267.757662, "delta": 267.757662}}
{"target": 0.9447678480145267, "params": {"max_depth": 8.103525010437219, "max_samples": 0.8841481501897327, "min_samples_leaf": 4.539790153505894, "min_samples_split": 4.4032775149318475, "n_estimators": 630.623678693243}, "datetime": {"datetime": "2024-05-05 08:31:22", "elapsed": 965.606163, "delta": 697.848501}}
{"target": 0.9550253712493733, "params": {"max_depth": 49.0939304726229, "max_samples": 0.8452487283041848, "min_samples_leaf": 1.260301756228774, "min_samples_split": 4.357955717738925, "n_estimators": 359.14099687052175}, "datetime": {"datetime": "2024-05-05 08:46:13", "elapsed": 1856.069556, "delta": 890.463393}}
{"target": 0.9559208141153175, "params": {"max_depth": 42.54358624234419, "max_samples": 0.6265568549222859, "min_samples_leaf": 1.4419108556546951, "min_samples_split": 2.0042304893542084, "n_estimators": 947.9496095699496}, "datetime": {"datetime": "2024-05-05 09:13:59", "elapsed": 3522.468137, "delta": 1666.398581}}
{"target": 0.9514259016713268, "params": {"max_depth": 13.943031824457972, "max_samples": 0.4221749296399936, "min_samples_leaf": 2.385957760594177, "min_samples_split": 8.958280675177452, "n_estimators": 485.7416311170577}, "datetime": {"datetime": "2024-05-05 09:21:21", "elapsed": 3964.691965, "delta": 442.223828}}
{"target": 0.9536273382689583, "params": {"max_depth": 42.80756234155574, "max_samples": 0.7181339863878122, "min_samples_leaf": 1.4769067767364907, "min_samples_split": 6.771073381676871, "n_estimators": 216.78066793466195}, "datetime": {"datetime": "2024-05-05 09:29:07", "elapsed": 4430.494514, "delta": 465.802549}}
{"target": 0.9499500219310972, "params": {"max_depth": 11.256431852541441, "max_samples": 0.8313740504347276, "min_samples_leaf": 2.85754245912081, "min_samples_split": 3.2960998320219916, "n_estimators": 593.177762883706}, "datetime": {"datetime": "2024-05-05 09:42:15", "elapsed": 5218.645225, "delta": 788.150711}}
{"target": 0.9552446034825216, "params": {"max_depth": 32.716404517378386, "max_samples": 0.7738395559066585, "min_samples_leaf": 3.623381832027613, "min_samples_split": 6.461654075827384, "n_estimators": 260.422539913129}, "datetime": {"datetime": "2024-05-05 09:51:34", "elapsed": 5777.180341, "delta": 558.535116}}
{"target": 0.9542191445263082, "params": {"max_depth": 18.10450831115655, "max_samples": 0.5065485777364904, "min_samples_leaf": 2.586982795319316, "min_samples_split": 5.864441483543532, "n_estimators": 960.1658569793673}, "datetime": {"datetime": "2024-05-05 10:10:48", "elapsed": 6931.471546, "delta": 1154.291205}}
{"target": 0.9550094591667486, "params": {"max_depth": 45.86729209790999, "max_samples": 0.5062535626555377, "min_samples_leaf": 4.282805940651659, "min_samples_split": 8.621727408599849, "n_estimators": 308.650012841849}, "datetime": {"datetime": "2024-05-05 10:19:26", "elapsed": 7448.935247, "delta": 517.463701}}
{"target": 0.9496911673880201, "params": {"max_depth": 11.320330429007079, "max_samples": 0.46629716355258743, "min_samples_leaf": 4.515903233617093, "min_samples_split": 3.1800244696468276, "n_estimators": 308.12617477947475}, "datetime": {"datetime": "2024-05-05 10:24:26", "elapsed": 7749.213264, "delta": 300.278017}}
{"target": 0.9535713992797124, "params": {"max_depth": 46.55372383956505, "max_samples": 0.12993446407856452, "min_samples_leaf": 4.665630888263358, "min_samples_split": 3.8783804072903765, "n_estimators": 654.3880917755522}, "datetime": {"datetime": "2024-05-05 10:28:49", "elapsed": 8011.957379, "delta": 262.744115}}
{"target": 0.9529521787766877, "params": {"max_depth": 47.966685920053095, "max_samples": 0.25587568890261353, "min_samples_leaf": 2.8010205933799615, "min_samples_split": 9.78014224341195, "n_estimators": 315.43389834547474}, "datetime": {"datetime": "2024-05-05 10:33:22", "elapsed": 8284.792441, "delta": 272.835062}}
{"target": 0.9529966529287217, "params": {"max_depth": 16.344614713174415, "max_samples": 0.6882584305441065, "min_samples_leaf": 4.3800367786762875, "min_samples_split": 5.626529454534441, "n_estimators": 191.2330247832656}, "datetime": {"datetime": "2024-05-05 10:38:44", "elapsed": 8606.997008, "delta": 322.204567}}
{"target": 0.9515639152330435, "params": {"max_depth": 34.15961476321189, "max_samples": 0.08439246092292493, "min_samples_leaf": 1.2130683785957501, "min_samples_split": 4.763827823833564, "n_estimators": 914.9277026959685}, "datetime": {"datetime": "2024-05-05 10:42:48", "elapsed": 8851.176362, "delta": 244.179354}}
{"target": 0.9547770625923262, "params": {"max_depth": 41.54120870872967, "max_samples": 0.3848427158056822, "min_samples_leaf": 1.3709040178661822, "min_samples_split": 3.0138000769592566, "n_estimators": 580.9575531078776}, "datetime": {"datetime": "2024-05-05 10:54:27", "elapsed": 9549.784719, "delta": 698.608357}}
{"target": 0.9553897270943299, "params": {"max_depth": 29.30677627715708, "max_samples": 0.5040312389041277, "min_samples_leaf": 1.5064271027386154, "min_samples_split": 8.33032472845078, "n_estimators": 636.4461287108796}, "datetime": {"datetime": "2024-05-05 11:09:36", "elapsed": 10459.490583, "delta": 909.705864}}
{"target": 0.9548006650506634, "params": {"max_depth": 39.82631365336514, "max_samples": 0.45990472779624364, "min_samples_leaf": 1.2978368194580132, "min_samples_split": 6.81990274773199, "n_estimators": 492.0392525647328}, "datetime": {"datetime": "2024-05-05 11:21:10", "elapsed": 11153.295913, "delta": 693.80533}}
{"target": 0.9451802434799141, "params": {"max_depth": 8.269988580400435, "max_samples": 0.047583248483331494, "min_samples_leaf": 2.674969600023653, "min_samples_split": 9.02612684167417, "n_estimators": 489.71592397764846}, "datetime": {"datetime": "2024-05-05 11:22:14", "elapsed": 11217.593201, "delta": 64.297288}}
{"target": 0.9504797815017344, "params": {"max_depth": 35.02532882712762, "max_samples": 0.5687814257129076, "min_samples_leaf": 1.9607276061856482, "min_samples_split": 4.365654424846614, "n_estimators": 104.52243135316644}, "datetime": {"datetime": "2024-05-05 11:26:01", "elapsed": 11444.519212, "delta": 226.926011}}
{"target": 0.9518492428909908, "params": {"max_depth": 13.413529040225928, "max_samples": 0.5296258646589868, "min_samples_leaf": 3.589979952739522, "min_samples_split": 3.162895635953544, "n_estimators": 722.2503344147606}, "datetime": {"datetime": "2024-05-05 11:38:42", "elapsed": 12205.534419, "delta": 761.015207}}
{"target": 0.9568756931358455, "params": {"max_depth": 33.43373818036655, "max_samples": 0.9635812352823716, "min_samples_leaf": 4.371418204194971, "min_samples_split": 6.146515560467333, "n_estimators": 643.127686494245}, "datetime": {"datetime": "2024-05-05 12:02:56", "elapsed": 13658.941556, "delta": 1453.407137}}
{"target": 0.9498107008184764, "params": {"max_depth": 11.590822033855058, "max_samples": 0.9545998769179139, "min_samples_leaf": 4.580403819560209, "min_samples_split": 6.466777408512402, "n_estimators": 353.81474384394494}, "datetime": {"datetime": "2024-05-05 12:12:06", "elapsed": 14209.534591, "delta": 550.593035}}
{"target": 0.9548320459549478, "params": {"max_depth": 34.85437490599907, "max_samples": 0.4176110789566541, "min_samples_leaf": 3.5089299990290233, "min_samples_split": 5.171445152970013, "n_estimators": 371.6318475238236}, "datetime": {"datetime": "2024-05-05 12:19:55", "elapsed": 14678.183098, "delta": 468.648507}}
{"target": 0.95622125618907, "params": {"max_depth": 30.739335191156556, "max_samples": 0.8798628218545191, "min_samples_leaf": 2.9161261797425984, "min_samples_split": 2.127912756070849, "n_estimators": 639.9323495698025}, "datetime": {"datetime": "2024-05-05 12:43:32", "elapsed": 16095.450562, "delta": 1417.267464}}
{"target": 0.952515199289339, "params": {"max_depth": 39.07505171636574, "max_samples": 0.1413738156161202, "min_samples_leaf": 1.1088452181004413, "min_samples_split": 2.2620971359793396, "n_estimators": 641.1289027213104}, "datetime": {"datetime": "2024-05-05 12:48:34", "elapsed": 16397.757545, "delta": 302.306983}}
{"target": 0.9517631727617065, "params": {"max_depth": 27.31777635169441, "max_samples": 0.0749413535682642, "min_samples_leaf": 3.4320471887682222, "min_samples_split": 8.246051845690626, "n_estimators": 644.5031848372577}, "datetime": {"datetime": "2024-05-05 12:51:04", "elapsed": 16547.323662, "delta": 149.566117}}
{"target": 0.9530254013850004, "params": {"max_depth": 34.226726545059, "max_samples": 0.12818327222934153, "min_samples_leaf": 3.6710861830046797, "min_samples_split": 8.460490258919513, "n_estimators": 639.1895112372828}, "datetime": {"datetime": "2024-05-05 12:55:28", "elapsed": 16811.708986, "delta": 264.385324}}
{"target": 0.9561094691527592, "params": {"max_depth": 31.625351839455192, "max_samples": 0.5166148727782187, "min_samples_leaf": 4.212590201249356, "min_samples_split": 3.1386440162060225, "n_estimators": 643.2361670959315}, "datetime": {"datetime": "2024-05-05 13:10:43", "elapsed": 17726.174468, "delta": 914.465482}}
{"target": 0.9553647022254994, "params": {"max_depth": 34.98434211776855, "max_samples": 0.44374741378538024, "min_samples_leaf": 2.3815173421394693, "min_samples_split": 7.315111860841695, "n_estimators": 647.5563282374277}, "datetime": {"datetime": "2024-05-05 13:24:44", "elapsed": 18567.40234, "delta": 841.227872}}
{"target": 0.9546913732878792, "params": {"max_depth": 34.54364139632945, "max_samples": 0.7041530765176143, "min_samples_leaf": 2.4378506773263604, "min_samples_split": 7.000664654677845, "n_estimators": 302.52931220983453}, "datetime": {"datetime": "2024-05-05 13:34:39", "elapsed": 19162.724367, "delta": 595.322027}}
{"target": 0.9533957977823706, "params": {"max_depth": 31.24884527462423, "max_samples": 0.23220721118158252, "min_samples_leaf": 3.6622816965632707, "min_samples_split": 9.443835501501642, "n_estimators": 295.54241262101084}, "datetime": {"datetime": "2024-05-05 13:38:22", "elapsed": 19385.462345, "delta": 222.737978}}
{"target": 0.9562472473250224, "params": {"max_depth": 27.04303739132315, "max_samples": 0.6372584993220844, "min_samples_leaf": 4.1636927836772575, "min_samples_split": 3.0061897238028337, "n_estimators": 634.5703641217642}, "datetime": {"datetime": "2024-05-05 13:55:36", "elapsed": 20419.20738, "delta": 1033.745035}}
{"target": 0.9546413524683363, "params": {"max_depth": 26.501827820554126, "max_samples": 0.2944166469377078, "min_samples_leaf": 2.939271814606604, "min_samples_split": 7.969944343559281, "n_estimators": 629.8372431992361}, "datetime": {"datetime": "2024-05-05 14:04:44", "elapsed": 20967.157046, "delta": 547.949666}}
{"target": 0.9562822335865014, "params": {"max_depth": 31.274398371787193, "max_samples": 1.0, "min_samples_leaf": 1.0, "min_samples_split": 2.0, "n_estimators": 632.3034311487695}, "datetime": {"datetime": "2024-05-05 14:30:14", "elapsed": 22497.624835, "delta": 1530.467789}}
{"target": 0.9567170176939752, "params": {"max_depth": 35.62945375581563, "max_samples": 0.9273285208768867, "min_samples_leaf": 2.264328188927245, "min_samples_split": 3.425456222547174, "n_estimators": 951.1838464707479}, "datetime": {"datetime": "2024-05-05 15:06:31", "elapsed": 24674.328403, "delta": 2176.703568}}
{"target": 0.9518241871611179, "params": {"max_depth": 40.86198601192635, "max_samples": 0.06376742702400981, "min_samples_leaf": 3.5673230744956346, "min_samples_split": 6.896263513242289, "n_estimators": 954.1773262679887}, "datetime": {"datetime": "2024-05-05 15:09:39", "elapsed": 24862.316292, "delta": 187.987889}}
{"target": 0.950815738658821, "params": {"max_depth": 34.11791945184633, "max_samples": 0.05303842767560061, "min_samples_leaf": 2.735186248052313, "min_samples_split": 3.6105682613578924, "n_estimators": 945.723224426409}, "datetime": {"datetime": "2024-05-05 15:12:15", "elapsed": 25018.281344, "delta": 155.965052}}
{"target": 0.9541570128946253, "params": {"max_depth": 28.173819089909006, "max_samples": 0.4570693924397645, "min_samples_leaf": 1.155029600807516, "min_samples_split": 3.5492126351133066, "n_estimators": 303.4107161699652}, "datetime": {"datetime": "2024-05-05 15:19:29", "elapsed": 25452.389286, "delta": 434.107942}}
{"target": 0.9563166824834688, "params": {"max_depth": 30.815563437940735, "max_samples": 0.8662042141982143, "min_samples_leaf": 1.3633080627426866, "min_samples_split": 7.0384775347804105, "n_estimators": 953.6831653912094}, "datetime": {"datetime": "2024-05-05 15:53:54", "elapsed": 27516.786775, "delta": 2064.397489}}
{"target": 0.954970518397869, "params": {"max_depth": 31.353490018803946, "max_samples": 0.3339568349964262, "min_samples_leaf": 2.3194000041830756, "min_samples_split": 3.0481576795593215, "n_estimators": 954.7538826371272}, "datetime": {"datetime": "2024-05-05 16:09:10", "elapsed": 28433.07557, "delta": 916.288795}}
{"target": 0.9548901635652733, "params": {"max_depth": 24.767140982659456, "max_samples": 0.31139033951289347, "min_samples_leaf": 1.2933457348711843, "min_samples_split": 8.247671016477732, "n_estimators": 955.450388265514}, "datetime": {"datetime": "2024-05-05 16:23:25", "elapsed": 29288.561954, "delta": 855.486384}}
{"target": 0.9564508780086051, "params": {"max_depth": 30.630564589162624, "max_samples": 0.6591348686711529, "min_samples_leaf": 4.368618564893973, "min_samples_split": 2.761462675227884, "n_estimators": 628.199608658655}, "datetime": {"datetime": "2024-05-05 16:41:53", "elapsed": 30395.833977, "delta": 1107.272023}}
{"target": 0.9511661053056322, "params": {"max_depth": 35.499916733740676, "max_samples": 0.08801275626125245, "min_samples_leaf": 1.360262843617078, "min_samples_split": 5.7746550472716605, "n_estimators": 628.3461783387593}, "datetime": {"datetime": "2024-05-05 16:44:59", "elapsed": 30582.527496, "delta": 186.693519}}
{"target": 0.9543502796292742, "params": {"max_depth": 27.231967427202015, "max_samples": 0.29280122090725275, "min_samples_leaf": 1.2965311431929218, "min_samples_split": 2.491416632505426, "n_estimators": 630.7051470016675}, "datetime": {"datetime": "2024-05-05 16:54:12", "elapsed": 31135.232231, "delta": 552.704735}}
{"target": 0.955471601354615, "params": {"max_depth": 30.570688795406976, "max_samples": 0.35073181377294255, "min_samples_leaf": 4.985560361749686, "min_samples_split": 2.057963078348056, "n_estimators": 633.0445037211002}, "datetime": {"datetime": "2024-05-05 17:05:28", "elapsed": 31811.68018, "delta": 676.447949}}
{"target": 0.9564445888564466, "params": {"max_depth": 47.12041660468889, "max_samples": 0.6774406668338856, "min_samples_leaf": 2.659824644388411, "min_samples_split": 2.4450177450618407, "n_estimators": 944.1532309085437}, "datetime": {"datetime": "2024-05-05 17:35:18", "elapsed": 33600.959257, "delta": 1789.279077}}
{"target": 0.955273843705125, "params": {"max_depth": 48.752757884657875, "max_samples": 0.29635971017252233, "min_samples_leaf": 3.385419310703919, "min_samples_split": 2.252268915748939, "n_estimators": 948.4909004942399}, "datetime": {"datetime": "2024-05-05 17:49:43", "elapsed": 34466.248917, "delta": 865.28966}}
{"target": 0.9566681326623805, "params": {"max_depth": 48.47727626626207, "max_samples": 0.8912239845853515, "min_samples_leaf": 1.5785385767975812, "min_samples_split": 8.125326029412197, "n_estimators": 944.3700272277835}, "datetime": {"datetime": "2024-05-05 18:28:01", "elapsed": 36764.145171, "delta": 2297.896254}}
{"target": 0.9557652520817926, "params": {"max_depth": 47.36917869639594, "max_samples": 0.4316137597853915, "min_samples_leaf": 2.1155668722050858, "min_samples_split": 6.284021640491378, "n_estimators": 939.5126350604171}, "datetime": {"datetime": "2024-05-05 18:48:28", "elapsed": 37991.50961, "delta": 1227.364439}}
{"target": 0.9527217309248419, "params": {"max_depth": 43.97000852092174, "max_samples": 0.12284013693544082, "min_samples_leaf": 1.0487134467927253, "min_samples_split": 8.94526755524274, "n_estimators": 944.090629174359}, "datetime": {"datetime": "2024-05-05 18:54:35", "elapsed": 38358.057054, "delta": 366.547444}}
{"target": 0.9564053069233391, "params": {"max_depth": 49.89472293094506, "max_samples": 0.5081674994864895, "min_samples_leaf": 4.218777473778978, "min_samples_split": 8.984834143188293, "n_estimators": 941.8199257051991}, "datetime": {"datetime": "2024-05-05 19:17:35", "elapsed": 39738.475415, "delta": 1380.418361}}
{"target": 0.9568487159840672, "params": {"max_depth": 28.54398137649436, "max_samples": 1.0, "min_samples_leaf": 5.0, "min_samples_split": 2.0, "n_estimators": 622.4212070992664}, "datetime": {"datetime": "2024-05-05 19:42:22", "elapsed": 41225.534018, "delta": 1487.058603}}
{"target": 0.9560990787850633, "params": {"max_depth": 26.749504155827363, "max_samples": 0.673634464236235, "min_samples_leaf": 3.766686486652877, "min_samples_split": 4.277798220772407, "n_estimators": 616.742460022453}, "datetime": {"datetime": "2024-05-05 20:00:59", "elapsed": 42342.051654, "delta": 1116.517636}}
{"target": 0.9560013055548243, "params": {"max_depth": 32.726305610863, "max_samples": 0.6926870366722441, "min_samples_leaf": 2.8511417171452274, "min_samples_split": 2.6875965393238337, "n_estimators": 617.2588280256567}, "datetime": {"datetime": "2024-05-05 20:21:25", "elapsed": 43568.524321, "delta": 1226.472667}}
{"target": 0.9565761681631241, "params": {"max_depth": 29.13015880270433, "max_samples": 0.9218221139160215, "min_samples_leaf": 3.890213709580457, "min_samples_split": 6.838003171019369, "n_estimators": 622.3559632222334}, "datetime": {"datetime": "2024-05-05 20:46:09", "elapsed": 45051.824605, "delta": 1483.300284}}
{"target": 0.9557149318409774, "params": {"max_depth": 30.82390842621284, "max_samples": 0.6018924036431618, "min_samples_leaf": 1.7063309906714386, "min_samples_split": 8.665231482125606, "n_estimators": 614.7339453717332}, "datetime": {"datetime": "2024-05-05 21:03:50", "elapsed": 46113.225987, "delta": 1061.401382}}
{"target": 0.9333359258838103, "params": {"max_depth": 23.51052319733392, "max_samples": 0.001, "min_samples_leaf": 5.0, "min_samples_split": 10.0, "n_estimators": 619.5525183166175}, "datetime": {"datetime": "2024-05-05 21:04:22", "elapsed": 46145.134543, "delta": 31.908556}}
{"target": 0.9532398455841198, "params": {"max_depth": 32.77910564195137, "max_samples": 0.12389398695087524, "min_samples_leaf": 4.271356254680628, "min_samples_split": 6.682158524768556, "n_estimators": 619.3495431658681}, "datetime": {"datetime": "2024-05-05 21:08:22", "elapsed": 46385.253745, "delta": 240.119202}}
{"target": 0.9559257716810425, "params": {"max_depth": 28.532502440054483, "max_samples": 0.6886521456605912, "min_samples_leaf": 1.5895721843850472, "min_samples_split": 3.1619800311593833, "n_estimators": 614.762182224443}, "datetime": {"datetime": "2024-05-05 21:28:11", "elapsed": 47574.156994, "delta": 1188.903249}}
{"target": 0.9556159284486074, "params": {"max_depth": 29.2166350235021, "max_samples": 0.569148563576742, "min_samples_leaf": 1.63448295258782, "min_samples_split": 3.9094548140895586, "n_estimators": 625.132624834818}, "datetime": {"datetime": "2024-05-05 21:45:24", "elapsed": 48607.704022, "delta": 1033.547028}}
{"target": 0.956354641027162, "params": {"max_depth": 32.64076823982714, "max_samples": 0.9784727342237963, "min_samples_leaf": 1.4353514539260521, "min_samples_split": 6.046513812764559, "n_estimators": 609.9385646749938}, "datetime": {"datetime": "2024-05-05 22:10:52", "elapsed": 50135.659452, "delta": 1527.95543}}
{"target": 0.9562280686559916, "params": {"max_depth": 28.295438788739936, "max_samples": 0.7312161453682489, "min_samples_leaf": 4.707606739813816, "min_samples_split": 5.171868558110893, "n_estimators": 608.1822172473012}, "datetime": {"datetime": "2024-05-05 22:30:56", "elapsed": 51339.720131, "delta": 1204.060679}}
{"target": 0.9570051446100475, "params": {"max_depth": 31.897025806897254, "max_samples": 0.9533035175935727, "min_samples_leaf": 4.872615088552568, "min_samples_split": 3.6288585388851455, "n_estimators": 612.453279107272}, "datetime": {"datetime": "2024-05-05 22:56:41", "elapsed": 52884.353922, "delta": 1544.633791}}
{"target": 0.9569655677695211, "params": {"max_depth": 38.35391010141501, "max_samples": 0.8239156402848413, "min_samples_leaf": 4.300889245661496, "min_samples_split": 3.0251910041151806, "n_estimators": 611.1654241044589}, "datetime": {"datetime": "2024-05-05 23:19:13", "elapsed": 54236.203457, "delta": 1351.849535}}
{"target": 0.9567110880735425, "params": {"max_depth": 34.850972335498945, "max_samples": 0.9429934089583948, "min_samples_leaf": 4.292609172429168, "min_samples_split": 3.782770182967818, "n_estimators": 605.0561535776985}, "datetime": {"datetime": "2024-05-05 23:42:46", "elapsed": 55649.660855, "delta": 1413.457398}}
{"target": 0.9333270132331382, "params": {"max_depth": 36.89802089934726, "max_samples": 0.001, "min_samples_leaf": 5.0, "min_samples_split": 8.386706998667236, "n_estimators": 608.738037433944}, "datetime": {"datetime": "2024-05-05 23:43:18", "elapsed": 55681.728751, "delta": 32.067896}}
{"target": 0.9563707342233693, "params": {"max_depth": 32.33988439050857, "max_samples": 1.0, "min_samples_leaf": 2.642805120011831, "min_samples_split": 2.0, "n_estimators": 608.563807930062}, "datetime": {"datetime": "2024-05-06 00:07:52", "elapsed": 57155.647607, "delta": 1473.918856}}
