{"target": 0.9567311776484717, "params": {"max_depth": 30.726174602896435, "max_samples": 0.8738344257664793, "min_samples_leaf": 4.502260510922609, "min_samples_split": 2.2240447793903515, "n_estimators": 604.0256049524797}, "datetime": {"datetime": "2024-05-06 00:29:29", "elapsed": 58452.466585, "delta": 1296.818978}}
{"target": 0.9560122764163044, "params": {"max_depth": 34.003444475098085, "max_samples": 0.682501866309409, "min_samples_leaf": 2.0945504615955453, "min_samples_split": 4.127874817962676, "n_estimators": 600.4112118817038}, "datetime": {"datetime": "2024-05-06 00:47:52", "elapsed": 59555.086682, "delta": 1102.620097}}
{"target": 0.9545708923235491, "params": {"max_depth": 35.87591799229642, "max_samples": 0.3479009688003666, "min_samples_leaf": 1.05970904615128, "min_samples_split": 2.123167602386375, "n_estimators": 612.0506905456303}, "datetime": {"datetime": "2024-05-06 00:58:37", "elapsed": 60200.44376, "delta": 645.357078}}
{"target": 0.9563728267909575, "params": {"max_depth": 28.63874241826452, "max_samples": 1.0, "min_samples_leaf": 1.0, "min_samples_split": 5.940773203455768, "n_estimators": 610.7110598398987}, "datetime": {"datetime": "2024-05-06 01:22:17", "elapsed": 61620.515717, "delta": 1420.071957}}
{"target": 0.9563910811675864, "params": {"max_depth": 41.98543894802886, "max_samples": 0.6846979872352836, "min_samples_leaf": 2.31333109738556, "min_samples_split": 2.0078561099792154, "n_estimators": 611.8791345729696}, "datetime": {"datetime": "2024-05-06 01:41:16", "elapsed": 62759.206814, "delta": 1138.691097}}
{"target": 0.9562812630902207, "params": {"max_depth": 27.67478250573935, "max_samples": 0.8790296058632109, "min_samples_leaf": 1.9217270596123148, "min_samples_split": 6.820301999887323, "n_estimators": 604.9072176964976}, "datetime": {"datetime": "2024-05-06 02:03:41", "elapsed": 64103.897233, "delta": 1344.690419}}
{"target": 0.956106187426322, "params": {"max_depth": 33.78109161491621, "max_samples": 1.0, "min_samples_leaf": 1.0, "min_samples_split": 2.0, "n_estimators": 604.2867412665719}, "datetime": {"datetime": "2024-05-06 02:28:26", "elapsed": 65589.683036, "delta": 1485.785803}}
{"target": 0.9564752906016147, "params": {"max_depth": 40.106314639464536, "max_samples": 0.7851273555916684, "min_samples_leaf": 3.2800803335350746, "min_samples_split": 2.0035068108512144, "n_estimators": 615.9253574441949}, "datetime": {"datetime": "2024-05-06 02:49:57", "elapsed": 66880.056557, "delta": 1290.373521}}
{"target": 0.9557464148812042, "params": {"max_depth": 29.016964339028746, "max_samples": 0.49028352717857215, "min_samples_leaf": 3.42002485106991, "min_samples_split": 6.3347523891312765, "n_estimators": 600.200710019722}, "datetime": {"datetime": "2024-05-06 03:03:22", "elapsed": 67685.167493, "delta": 805.110936}}
{"target": 0.9562981643217853, "params": {"max_depth": 38.15590813156089, "max_samples": 0.6235226250970871, "min_samples_leaf": 4.401935023454522, "min_samples_split": 2.0835365259937157, "n_estimators": 601.6592295022356}, "datetime": {"datetime": "2024-05-06 03:20:14", "elapsed": 68697.285603, "delta": 1012.11811}}
{"target": 0.9561982292827711, "params": {"max_depth": 49.3710302698851, "max_samples": 0.4384037940679398, "min_samples_leaf": 4.63176135650671, "min_samples_split": 9.089219510356333, "n_estimators": 947.9364925774605}, "datetime": {"datetime": "2024-05-06 03:39:24", "elapsed": 69847.162829, "delta": 1149.877226}}
{"target": 0.9546570743196442, "params": {"max_depth": 25.488900837150616, "max_samples": 0.23694008418696783, "min_samples_leaf": 4.492903366366349, "min_samples_split": 3.065607217931679, "n_estimators": 602.0021888843341}, "datetime": {"datetime": "2024-05-06 03:46:18", "elapsed": 70260.989979, "delta": 413.82715}}
{"target": 0.9569066453762802, "params": {"max_depth": 34.57179810306156, "max_samples": 1.0, "min_samples_leaf": 5.0, "min_samples_split": 2.0, "n_estimators": 595.9459407170939}, "datetime": {"datetime": "2024-05-06 04:10:24", "elapsed": 71707.012555, "delta": 1446.022576}}
{"target": 0.9563581540598183, "params": {"max_depth": 39.40793125888899, "max_samples": 0.7179048624595149, "min_samples_leaf": 4.283457639624956, "min_samples_split": 4.447569055588047, "n_estimators": 593.0063103766156}, "datetime": {"datetime": "2024-05-06 04:29:19", "elapsed": 72842.066319, "delta": 1135.053764}}
{"target": 0.9452616264618904, "params": {"max_depth": 33.22144147664364, "max_samples": 0.012496242001885073, "min_samples_leaf": 1.8383691381171725, "min_samples_split": 2.7931384249735354, "n_estimators": 592.3031694890618}, "datetime": {"datetime": "2024-05-06 04:30:03", "elapsed": 72885.81051, "delta": 43.744191}}
{"target": 0.9568375002791658, "params": {"max_depth": 39.91263886610158, "max_samples": 0.8712202212783828, "min_samples_leaf": 4.652961721714981, "min_samples_split": 6.9093954023394675, "n_estimators": 597.958878874298}, "datetime": {"datetime": "2024-05-06 04:52:09", "elapsed": 74211.791826, "delta": 1325.981316}}
{"target": 0.9551914403757257, "params": {"max_depth": 38.725381515999445, "max_samples": 0.29890065584177167, "min_samples_leaf": 4.886072969788756, "min_samples_split": 3.13183299420663, "n_estimators": 597.6958240300796}, "datetime": {"datetime": "2024-05-06 05:01:06", "elapsed": 74749.552108, "delta": 537.760282}}
{"target": 0.9559153528267007, "params": {"max_depth": 42.843461793031636, "max_samples": 0.7856705783120973, "min_samples_leaf": 1.6031830236973241, "min_samples_split": 6.328698967510524, "n_estimators": 596.1047941428654}, "datetime": {"datetime": "2024-05-06 05:22:36", "elapsed": 76039.01119, "delta": 1289.459082}}
{"target": 0.9534415912139431, "params": {"max_depth": 43.170782880035404, "max_samples": 0.12594418693437684, "min_samples_leaf": 4.305418120836883, "min_samples_split": 7.034742349018777, "n_estimators": 589.9429753365123}, "datetime": {"datetime": "2024-05-06 05:26:32", "elapsed": 76275.595488, "delta": 236.584298}}
{"target": 0.9540846599940437, "params": {"max_depth": 32.096253692173235, "max_samples": 0.16361648135847467, "min_samples_leaf": 3.1049413749142767, "min_samples_split": 9.974024584302475, "n_estimators": 958.6615645182932}, "datetime": {"datetime": "2024-05-06 05:34:06", "elapsed": 76729.145798, "delta": 453.55031}}
{"target": 0.9569827016680487, "params": {"max_depth": 35.48681797687096, "max_samples": 1.0, "min_samples_leaf": 5.0, "min_samples_split": 2.2611547623186716, "n_estimators": 647.2726364409774}, "datetime": {"datetime": "2024-05-06 05:59:11", "elapsed": 78233.76402, "delta": 1504.618222}}
{"target": 0.95280382793262, "params": {"max_depth": 34.838330113394264, "max_samples": 0.11052652769997229, "min_samples_leaf": 3.8591827949782807, "min_samples_split": 2.2742819564314924, "n_estimators": 651.9147563606715}, "datetime": {"datetime": "2024-05-06 06:02:56", "elapsed": 78458.927015, "delta": 225.162995}}
{"target": 0.9494892573939226, "params": {"max_depth": 47.96557963458703, "max_samples": 0.02778268980564108, "min_samples_leaf": 4.423472875872644, "min_samples_split": 6.815092091230054, "n_estimators": 599.1053598539602}, "datetime": {"datetime": "2024-05-06 06:04:00", "elapsed": 78523.344494, "delta": 64.417479}}
{"target": 0.9564281660119317, "params": {"max_depth": 33.96513064483628, "max_samples": 0.6501979990729957, "min_samples_leaf": 4.098915919382023, "min_samples_split": 9.703109977959095, "n_estimators": 597.2034460074965}, "datetime": {"datetime": "2024-05-06 06:21:00", "elapsed": 79543.281764, "delta": 1019.93727}}
{"target": 0.9566809503876055, "params": {"max_depth": 24.54017474359801, "max_samples": 1.0, "min_samples_leaf": 3.001625242756694, "min_samples_split": 2.0, "n_estimators": 609.7992026589574}, "datetime": {"datetime": "2024-05-06 06:43:38", "elapsed": 80900.837374, "delta": 1357.55561}}
{"target": 0.9560157713348241, "params": {"max_depth": 22.55729934626334, "max_samples": 0.8058923115354543, "min_samples_leaf": 2.556607917616509, "min_samples_split": 7.497646164853391, "n_estimators": 606.8635854758552}, "datetime": {"datetime": "2024-05-06 07:02:46", "elapsed": 82049.730143, "delta": 1148.892769}}
{"target": 0.9530130813760689, "params": {"max_depth": 19.441079783830496, "max_samples": 0.13005726361983336, "min_samples_leaf": 4.303966274033746, "min_samples_split": 2.5972757136467575, "n_estimators": 605.7628925999674}, "datetime": {"datetime": "2024-05-06 07:06:33", "elapsed": 82275.800892, "delta": 226.070749}}
{"target": 0.9572545525456742, "params": {"max_depth": 50.0, "max_samples": 1.0, "min_samples_leaf": 5.0, "min_samples_split": 5.113837584642051, "n_estimators": 944.1725303387526}, "datetime": {"datetime": "2024-05-06 07:44:16", "elapsed": 84538.898301, "delta": 2263.097409}}
{"target": 0.9559338638023449, "params": {"max_depth": 24.29635300629068, "max_samples": 0.7118678496337701, "min_samples_leaf": 1.2613561191758471, "min_samples_split": 2.9749286978817198, "n_estimators": 638.4151761070578}, "datetime": {"datetime": "2024-05-06 08:03:09", "elapsed": 85672.566033, "delta": 1133.667732}}
{"target": 0.9548718107135962, "params": {"max_depth": 38.98044309881446, "max_samples": 0.3131396521174805, "min_samples_leaf": 2.1525753474093876, "min_samples_split": 9.389071721089806, "n_estimators": 594.0545769017228}, "datetime": {"datetime": "2024-05-06 08:12:40", "elapsed": 86243.40209, "delta": 570.836057}}
{"target": 0.9456871450204465, "params": {"max_depth": 49.5826816803376, "max_samples": 0.007849872489751433, "min_samples_leaf": 4.985698702993552, "min_samples_split": 3.494898424833873, "n_estimators": 940.64484822189}, "datetime": {"datetime": "2024-05-06 08:13:21", "elapsed": 86284.422537, "delta": 41.020447}}
{"target": 0.9561753243557177, "params": {"max_depth": 26.961289879796276, "max_samples": 0.8463621717790087, "min_samples_leaf": 2.442461424923045, "min_samples_split": 2.2149844774155323, "n_estimators": 607.8402013595213}, "datetime": {"datetime": "2024-05-06 08:34:39", "elapsed": 87562.096737, "delta": 1277.6742}}
{"target": 0.9519095168261609, "params": {"max_depth": 37.8004033563934, "max_samples": 0.11552504720828527, "min_samples_leaf": 1.878117522478774, "min_samples_split": 9.133371814113763, "n_estimators": 599.685589899236}, "datetime": {"datetime": "2024-05-06 08:38:27", "elapsed": 87789.781901, "delta": 227.685164}}
{"target": 0.955148683046129, "params": {"max_depth": 38.12070865159892, "max_samples": 0.2908282148525921, "min_samples_leaf": 4.282425417363433, "min_samples_split": 6.24588358891714, "n_estimators": 644.5297917721289}, "datetime": {"datetime": "2024-05-06 08:47:53", "elapsed": 88355.813066, "delta": 566.031165}}
{"target": 0.9556076476656397, "params": {"max_depth": 47.30485833924719, "max_samples": 0.38529302697322515, "min_samples_leaf": 2.2354472852972758, "min_samples_split": 5.415065812501829, "n_estimators": 946.4009762519795}, "datetime": {"datetime": "2024-05-06 09:05:34", "elapsed": 89417.741824, "delta": 1061.928758}}
{"target": 0.9535742523744698, "params": {"max_depth": 30.56591510230766, "max_samples": 0.1463312679650141, "min_samples_leaf": 4.049643824199517, "min_samples_split": 2.0069398750411303, "n_estimators": 598.7460920370133}, "datetime": {"datetime": "2024-05-06 09:10:03", "elapsed": 89685.972115, "delta": 268.230291}}
{"target": 0.9565317693478587, "params": {"max_depth": 48.773541661721765, "max_samples": 1.0, "min_samples_leaf": 1.0, "min_samples_split": 10.0, "n_estimators": 938.522195645642}, "datetime": {"datetime": "2024-05-06 09:50:38", "elapsed": 92121.223526, "delta": 2435.251411}}
{"target": 0.9560692052524091, "params": {"max_depth": 28.51660239795527, "max_samples": 1.0, "min_samples_leaf": 1.142397746884133, "min_samples_split": 2.0, "n_estimators": 619.9933588293303}, "datetime": {"datetime": "2024-05-06 10:16:05", "elapsed": 93648.404555, "delta": 1527.181029}}
{"target": 0.9506264918655123, "params": {"max_depth": 23.0702763551406, "max_samples": 0.06107241816134941, "min_samples_leaf": 1.1483705748559805, "min_samples_split": 8.654820965930053, "n_estimators": 601.8992221314406}, "datetime": {"datetime": "2024-05-06 10:18:12", "elapsed": 93775.547621, "delta": 127.143066}}
{"target": 0.9534389325976405, "params": {"max_depth": 44.571556548397346, "max_samples": 0.16285054603238844, "min_samples_leaf": 1.2005317330318706, "min_samples_split": 7.219261956796564, "n_estimators": 936.2645806159319}, "datetime": {"datetime": "2024-05-06 10:26:16", "elapsed": 94259.671879, "delta": 484.124258}}
{"target": 0.9551912757796666, "params": {"max_depth": 44.72410576082925, "max_samples": 0.4702157218701505, "min_samples_leaf": 1.4039867633749403, "min_samples_split": 2.5636797882875326, "n_estimators": 618.4077278826582}, "datetime": {"datetime": "2024-05-06 10:41:42", "elapsed": 95185.385079, "delta": 925.7132}}
{"target": 0.9558397473048068, "params": {"max_depth": 22.215526722581473, "max_samples": 0.5030518243264444, "min_samples_leaf": 4.607316808728689, "min_samples_split": 6.067888946798058, "n_estimators": 635.1632919400201}, "datetime": {"datetime": "2024-05-06 10:56:12", "elapsed": 96055.658357, "delta": 870.273278}}
{"target": 0.9566149213890982, "params": {"max_depth": 24.71925195845914, "max_samples": 0.8941929664444291, "min_samples_leaf": 3.6167583710502935, "min_samples_split": 6.175331079021649, "n_estimators": 610.2084813713393}, "datetime": {"datetime": "2024-05-06 11:18:10", "elapsed": 97373.174916, "delta": 1317.516559}}
{"target": 0.9541688790355167, "params": {"max_depth": 26.232438622928512, "max_samples": 0.19321890423718113, "min_samples_leaf": 4.326238516144158, "min_samples_split": 10.0, "n_estimators": 608.0065927853273}, "datetime": {"datetime": "2024-05-06 11:24:04", "elapsed": 97726.875151, "delta": 353.700235}}
{"target": 0.9528243769012169, "params": {"max_depth": 18.288442126200867, "max_samples": 0.185920376064719, "min_samples_leaf": 2.4184655699208455, "min_samples_split": 3.2468122129847057, "n_estimators": 638.5967665533958}, "datetime": {"datetime": "2024-05-06 11:29:41", "elapsed": 98064.41203, "delta": 337.536879}}
{"target": 0.9547504716255636, "params": {"max_depth": 23.7340912346542, "max_samples": 0.3740290489160932, "min_samples_leaf": 1.276655880060574, "min_samples_split": 3.1276744955333244, "n_estimators": 613.2399607079813}, "datetime": {"datetime": "2024-05-06 11:40:58", "elapsed": 98741.39167, "delta": 676.97964}}
{"target": 0.9560515502012628, "params": {"max_depth": 33.98037445908368, "max_samples": 0.8823856510392423, "min_samples_leaf": 1.3282201154641022, "min_samples_split": 2.85213170008268, "n_estimators": 645.2255239273883}, "datetime": {"datetime": "2024-05-06 12:06:48", "elapsed": 100291.62791, "delta": 1550.23624}}
{"target": 0.9567137578839736, "params": {"max_depth": 35.561689096939254, "max_samples": 0.9996193681549419, "min_samples_leaf": 4.81608299280852, "min_samples_split": 5.8848972525129915, "n_estimators": 597.298184049379}, "datetime": {"datetime": "2024-05-06 12:32:32", "elapsed": 101835.419703, "delta": 1543.791793}}
{"target": 0.955091471755875, "params": {"max_depth": 33.571653988580955, "max_samples": 0.2567261611527589, "min_samples_leaf": 4.596986435497335, "min_samples_split": 9.86595820660838, "n_estimators": 952.3413448363552}, "datetime": {"datetime": "2024-05-06 12:44:27", "elapsed": 102549.958266, "delta": 714.538563}}
{"target": 0.9561822635003132, "params": {"max_depth": 28.64457205959308, "max_samples": 0.632610429176737, "min_samples_leaf": 4.918248870684737, "min_samples_split": 3.470075316118085, "n_estimators": 612.3613174351335}, "datetime": {"datetime": "2024-05-06 13:01:40", "elapsed": 103583.446792, "delta": 1033.488526}}
{"target": 0.9539052532686358, "params": {"max_depth": 25.621798014669963, "max_samples": 0.35757673877406515, "min_samples_leaf": 2.1152116609579243, "min_samples_split": 2.202731746469058, "n_estimators": 295.49256882672944}, "datetime": {"datetime": "2024-05-06 13:07:08", "elapsed": 103911.238278, "delta": 327.791486}}
{"target": 0.9564663389209214, "params": {"max_depth": 39.63206534397276, "max_samples": 1.0, "min_samples_leaf": 1.6537156758222058, "min_samples_split": 2.0, "n_estimators": 606.5373877970211}, "datetime": {"datetime": "2024-05-06 13:35:03", "elapsed": 105586.693673, "delta": 1675.455395}}
{"target": 0.955865322125924, "params": {"max_depth": 48.013029432690544, "max_samples": 0.585439192077946, "min_samples_leaf": 2.3272154752897216, "min_samples_split": 2.270243273906453, "n_estimators": 611.6875741793531}, "datetime": {"datetime": "2024-05-06 13:53:02", "elapsed": 106665.746627, "delta": 1079.052954}}
{"target": 0.9570193854943593, "params": {"max_depth": 28.11768176489818, "max_samples": 0.927765974066719, "min_samples_leaf": 4.932719800169547, "min_samples_split": 6.942217927195962, "n_estimators": 950.6176897991454}, "datetime": {"datetime": "2024-05-06 14:29:47", "elapsed": 108869.828536, "delta": 2204.081909}}
{"target": 0.9566783246380981, "params": {"max_depth": 26.345214965002853, "max_samples": 0.9070562633454031, "min_samples_leaf": 1.9113141790268626, "min_samples_split": 8.354318762452007, "n_estimators": 948.1310451798589}, "datetime": {"datetime": "2024-05-06 15:05:18", "elapsed": 111001.354501, "delta": 2131.525965}}
{"target": 0.9564212184032381, "params": {"max_depth": 23.59899065827213, "max_samples": 0.7699355937708041, "min_samples_leaf": 2.8528428270119837, "min_samples_split": 3.8789420760135567, "n_estimators": 948.7030224843402}, "datetime": {"datetime": "2024-05-06 15:35:02", "elapsed": 112785.509976, "delta": 1784.155475}}
