{"target": 0.9544428400855332, "params": {"alpha_power": -3.9654042323068213}, "datetime": {"datetime": "2024-05-10 19:35:27", "elapsed": 0.0, "delta": 0.0}}
{"target": 0.9453609795554098, "params": {"alpha_power": -3.1060747923703715}, "datetime": {"datetime": "2024-05-10 20:06:01", "elapsed": 1833.751613, "delta": 1833.751613}}
{"target": 0.9477292401335895, "params": {"alpha_power": -3.469080481206186}, "datetime": {"datetime": "2024-05-10 20:54:38", "elapsed": 4750.465662, "delta": 2916.714049}}
{"target": 0.9551189817356984, "params": {"alpha_power": -3.963371109883167}, "datetime": {"datetime": "2024-05-10 21:07:39", "elapsed": 5531.576639, "delta": 781.110977}}
{"target": 0.9548804009841337, "params": {"alpha_power": -3.965191640752596}, "datetime": {"datetime": "2024-05-10 21:20:39", "elapsed": 6311.971341, "delta": 780.394702}}
{"target": 0.9533445913779545, "params": {"alpha_power": -3.9563930251323773}, "datetime": {"datetime": "2024-05-10 21:33:44", "elapsed": 7096.749092, "delta": 784.777751}}
{"target": 0.9553134394888083, "params": {"alpha_power": -3.9510511396790693}, "datetime": {"datetime": "2024-05-10 21:46:49", "elapsed": 7881.530259, "delta": 784.781167}}
{"target": 0.9555566222598728, "params": {"alpha_power": -3.9470962256053754}, "datetime": {"datetime": "2024-05-10 21:59:50", "elapsed": 8662.89479, "delta": 781.364531}}
{"target": 0.9557757613662161, "params": {"alpha_power": -3.9424560544379874}, "datetime": {"datetime": "2024-05-10 22:12:55", "elapsed": 9447.476609, "delta": 784.581819}}
{"target": 0.9533643086470012, "params": {"alpha_power": -3.965423747517714}, "datetime": {"datetime": "2024-05-10 22:26:08", "elapsed": 10240.794184, "delta": 793.317575}}
{"target": 0.9551806904841982, "params": {"alpha_power": -3.951214955022569}, "datetime": {"datetime": "2024-05-10 22:39:17", "elapsed": 11029.419485, "delta": 788.625301}}
{"target": 0.9557589771833911, "params": {"alpha_power": -3.9425997428576576}, "datetime": {"datetime": "2024-05-10 22:52:13", "elapsed": 11805.790463, "delta": 776.370978}}
{"target": 0.9545425687716286, "params": {"alpha_power": -3.9469202864761392}, "datetime": {"datetime": "2024-05-10 23:05:15", "elapsed": 12587.739896, "delta": 781.949433}}
{"target": 0.9544771834927858, "params": {"alpha_power": -3.9472700969045924}, "datetime": {"datetime": "2024-05-10 23:18:21", "elapsed": 13373.935059, "delta": 786.195163}}
{"target": 0.9554355260965751, "params": {"alpha_power": -3.950835876934341}, "datetime": {"datetime": "2024-05-10 23:31:21", "elapsed": 14153.212601, "delta": 779.277542}}
{"target": 0.9552907494864193, "params": {"alpha_power": -3.9506190972237207}, "datetime": {"datetime": "2024-05-10 23:44:20", "elapsed": 14933.037604, "delta": 779.825003}}
{"target": 0.9556476731233611, "params": {"alpha_power": -3.9504486893951425}, "datetime": {"datetime": "2024-05-10 23:57:24", "elapsed": 15716.478649, "delta": 783.441045}}
{"target": 0.9555064386883801, "params": {"alpha_power": -3.942287906564294}, "datetime": {"datetime": "2024-05-11 00:10:23", "elapsed": 16495.762788, "delta": 779.284139}}
{"target": 0.9556268313795122, "params": {"alpha_power": -3.942090266316825}, "datetime": {"datetime": "2024-05-11 00:23:28", "elapsed": 17280.318358, "delta": 784.55557}}
{"target": 0.9556140867797724, "params": {"alpha_power": -3.950301017969921}, "datetime": {"datetime": "2024-05-11 00:36:31", "elapsed": 18063.093538, "delta": 782.77518}}
{"target": 0.9553777082799499, "params": {"alpha_power": -3.963145611249354}, "datetime": {"datetime": "2024-05-11 00:49:32", "elapsed": 18844.574552, "delta": 781.481014}}
{"target": 0.9556241839527072, "params": {"alpha_power": -3.9418793851855582}, "datetime": {"datetime": "2024-05-11 01:02:40", "elapsed": 19632.959067, "delta": 788.384515}}
{"target": 0.9557763070896783, "params": {"alpha_power": -3.9428183020497833}, "datetime": {"datetime": "2024-05-11 01:15:45", "elapsed": 20417.347582, "delta": 784.388515}}
{"target": 0.9558540258154308, "params": {"alpha_power": -3.9429674090253943}, "datetime": {"datetime": "2024-05-11 01:28:47", "elapsed": 21200.006987, "delta": 782.659405}}
{"target": 0.9558251428950577, "params": {"alpha_power": -3.9431564413053195}, "datetime": {"datetime": "2024-05-11 01:41:52", "elapsed": 21984.755054, "delta": 784.748067}}
{"target": 0.9557010584901485, "params": {"alpha_power": -3.9628504453314273}, "datetime": {"datetime": "2024-05-11 01:54:50", "elapsed": 22762.377679, "delta": 777.622625}}
{"target": 0.9552239251345842, "params": {"alpha_power": -3.962670603011574}, "datetime": {"datetime": "2024-05-11 02:07:53", "elapsed": 23546.025597, "delta": 783.647918}}
{"target": 0.9544521281545582, "params": {"alpha_power": -3.943422159552008}, "datetime": {"datetime": "2024-05-11 02:20:54", "elapsed": 24326.253825, "delta": 780.228228}}
{"target": 0.9554156183684546, "params": {"alpha_power": -3.951418739774823}, "datetime": {"datetime": "2024-05-11 02:33:55", "elapsed": 25108.025574, "delta": 781.771749}}
{"target": 0.9554958393484426, "params": {"alpha_power": -3.962525544195623}, "datetime": {"datetime": "2024-05-11 02:47:05", "elapsed": 25897.717077, "delta": 789.691503}}
