{"target": 0.5021052268358076, "params": {"alpha_power": -5.1371583322154155, "gamma": 593.629766340987, "n_components": 296.27275016968906}, "datetime": {"datetime": "2024-05-04 03:01:31", "elapsed": 5879.394404, "delta": 45.448233}}
{"target": 0.503494592788549, "params": {"alpha_power": -1.5770564256664183, "gamma": 650.3658072590213, "n_components": 462.18320905263784}, "datetime": {"datetime": "2024-05-04 03:02:14", "elapsed": 5922.276735, "delta": 42.882331}}
{"target": 0.49859915213067085, "params": {"alpha_power": -3.42317281139185, "gamma": 99.47575957845031, "n_components": 195.58544736674315}, "datetime": {"datetime": "2024-05-04 03:02:51", "elapsed": 5959.103636, "delta": 36.826901}}
{"target": 0.5008347851028436, "params": {"alpha_power": 3.587815643927126, "gamma": 601.651886031194, "n_components": 1775.8927046633835}, "datetime": {"datetime": "2024-05-04 03:03:56", "elapsed": 6024.105253, "delta": 65.001617}}
{"target": 0.49871881978998367, "params": {"alpha_power": 3.2303932314439034, "gamma": 863.139906751069, "n_components": 1825.1322907716017}, "datetime": {"datetime": "2024-05-04 03:05:03", "elapsed": 6091.014236, "delta": 66.908983}}
{"target": 0.5, "params": {"alpha_power": 5.1367779039259975, "gamma": 247.88682645789228, "n_components": 1846.6792722107566}, "datetime": {"datetime": "2024-05-04 03:06:12", "elapsed": 6159.487133, "delta": 68.472897}}
{"target": 0.5004282112776557, "params": {"alpha_power": 1.0467545244217868, "gamma": 786.793570521317, "n_components": 678.5621311736853}, "datetime": {"datetime": "2024-05-04 03:06:57", "elapsed": 6204.737999, "delta": 45.250866}}
{"target": 0.5039902569940508, "params": {"alpha_power": -4.3664929132684005, "gamma": 451.21766393503935, "n_components": 117.86785905673787}, "datetime": {"datetime": "2024-05-04 03:07:31", "elapsed": 6239.297245, "delta": 34.559246}}
{"target": 0.5012223470842813, "params": {"alpha_power": -1.0802683753279139, "gamma": 35.937141779541065, "n_components": 963.4365499122978}, "datetime": {"datetime": "2024-05-04 03:08:20", "elapsed": 6287.424469, "delta": 48.127224}}
{"target": 0.5008014928648624, "params": {"alpha_power": -0.062197044107431765, "gamma": 599.734647575495, "n_components": 1774.036111179491}, "datetime": {"datetime": "2024-05-04 03:09:19", "elapsed": 6347.3773, "delta": 59.952831}}
{"target": 0.5031470675846677, "params": {"alpha_power": -0.498626057831725, "gamma": 64.19460064287041, "n_components": 1204.6096967307815}, "datetime": {"datetime": "2024-05-04 03:10:09", "elapsed": 6397.397363, "delta": 50.020063}}
{"target": 0.49943951544895426, "params": {"alpha_power": -3.2740554592260174, "gamma": 600.3392859176541, "n_components": 524.583176692598}, "datetime": {"datetime": "2024-05-04 03:10:52", "elapsed": 6439.495117, "delta": 42.097754}}
{"target": 0.49919337169268185, "params": {"alpha_power": -5.70282755966672, "gamma": 393.3107309450876, "n_components": 1272.6260836010606}, "datetime": {"datetime": "2024-05-04 03:12:20", "elapsed": 6528.265754, "delta": 88.770637}}
{"target": 0.49990748601001866, "params": {"alpha_power": 4.912743502426455, "gamma": 672.3285835424836, "n_components": 718.8211547187797}, "datetime": {"datetime": "2024-05-04 03:13:08", "elapsed": 6575.788388, "delta": 47.522634}}
{"target": 0.502299092187757, "params": {"alpha_power": -2.9545293922390017, "gamma": 255.27362089657436, "n_components": 1088.496074953253}, "datetime": {"datetime": "2024-05-04 03:14:00", "elapsed": 6627.41731, "delta": 51.628922}}
{"target": 0.4999001647661811, "params": {"alpha_power": -4.978395576716728, "gamma": 223.64360728901107, "n_components": 1404.9502696385825}, "datetime": {"datetime": "2024-05-04 03:15:08", "elapsed": 6696.138846, "delta": 68.721536}}
{"target": 0.49860071532183453, "params": {"alpha_power": 3.8164049832871303, "gamma": 499.2934913575881, "n_components": 543.6809812503586}, "datetime": {"datetime": "2024-05-04 03:15:53", "elapsed": 6740.841566, "delta": 44.70272}}
{"target": 0.5001950816425753, "params": {"alpha_power": -0.4179562612877472, "gamma": 474.3702623160113, "n_components": 1480.1059758179365}, "datetime": {"datetime": "2024-05-04 03:16:49", "elapsed": 6797.029996, "delta": 56.18843}}
{"target": 0.5002106013453756, "params": {"alpha_power": -5.847072515252839, "gamma": 175.43576574773817, "n_components": 333.5865617132904}, "datetime": {"datetime": "2024-05-04 03:17:48", "elapsed": 6855.668664, "delta": 58.638668}}
{"target": 0.5012505087118619, "params": {"alpha_power": -3.061560686171631, "gamma": 964.8043198362196, "n_components": 1508.9128419723115}, "datetime": {"datetime": "2024-05-04 03:18:49", "elapsed": 6916.546136, "delta": 60.877472}}
{"target": 0.5032013943167101, "params": {"alpha_power": -2.7527423251263556, "gamma": 588.6174712523265, "n_components": 1568.701997012865}, "datetime": {"datetime": "2024-05-04 03:19:49", "elapsed": 6977.195019, "delta": 60.648883}}
{"target": 0.5042777834440172, "params": {"alpha_power": -2.045084609890383, "gamma": 79.84485058203127, "n_components": 985.5702523918861}, "datetime": {"datetime": "2024-05-04 03:20:37", "elapsed": 7025.287525, "delta": 48.092506}}
{"target": 0.5048355610800832, "params": {"alpha_power": -1.481791486335334, "gamma": 63.71347322993137, "n_components": 1204.9284590559976}, "datetime": {"datetime": "2024-05-04 03:21:28", "elapsed": 7076.390698, "delta": 51.103173}}
{"target": 0.5045382072358588, "params": {"alpha_power": -3.1296757176880865, "gamma": 598.3670085830659, "n_components": 1775.2800810980616}, "datetime": {"datetime": "2024-05-04 03:22:32", "elapsed": 7139.848558, "delta": 63.45786}}
{"target": 0.5023639321328397, "params": {"alpha_power": -2.794693459466418, "gamma": 504.9684986498854, "n_components": 853.2157240045964}, "datetime": {"datetime": "2024-05-04 03:23:21", "elapsed": 7189.39994, "delta": 49.551382}}
{"target": 0.4979898128428834, "params": {"alpha_power": -5.003266077908431, "gamma": 506.3661350021732, "n_components": 853.3322935508886}, "datetime": {"datetime": "2024-05-04 03:24:18", "elapsed": 7246.180485, "delta": 56.780545}}
{"target": 0.4993263505798744, "params": {"alpha_power": 1.0121465849133866, "gamma": 597.9923740110767, "n_components": 1777.5643733740312}, "datetime": {"datetime": "2024-05-04 03:25:21", "elapsed": 7308.654216, "delta": 62.473731}}
{"target": 0.5019416271722078, "params": {"alpha_power": -2.709096985950332, "gamma": 476.0473356281349, "n_components": 1483.8931225567496}, "datetime": {"datetime": "2024-05-04 03:26:17", "elapsed": 7365.01663, "delta": 56.362414}}
{"target": 0.499661926914804, "params": {"alpha_power": -2.816838488521145, "gamma": 597.0334603624492, "n_components": 1774.0869499720466}, "datetime": {"datetime": "2024-05-04 03:27:21", "elapsed": 7429.076248, "delta": 64.059618}}
{"target": 0.5025630852545296, "params": {"alpha_power": -4.012710824818527, "gamma": 322.87078598242687, "n_components": 1337.1139674155609}, "datetime": {"datetime": "2024-05-04 03:28:19", "elapsed": 7486.904011, "delta": 57.827763}}
{"target": 0.5021498399765789, "params": {"alpha_power": 1.6803255648022049, "gamma": 63.77960023166752, "n_components": 1206.7811362093637}, "datetime": {"datetime": "2024-05-04 03:29:56", "elapsed": 7583.801186, "delta": 96.897175}}
{"target": 0.49967679989638436, "params": {"alpha_power": -5.164099816124255, "gamma": 848.9490530953556, "n_components": 1105.8342035348944}, "datetime": {"datetime": "2024-05-04 03:31:01", "elapsed": 7649.100282, "delta": 65.299096}}
{"target": 0.5018359955666949, "params": {"alpha_power": -0.672863080708825, "gamma": 77.19485029220864, "n_components": 983.6813039477032}, "datetime": {"datetime": "2024-05-04 03:31:49", "elapsed": 7696.833935, "delta": 47.733653}}
{"target": 0.49932316545045846, "params": {"alpha_power": -2.697930360152097, "gamma": 507.2900745559896, "n_components": 854.8880365235344}, "datetime": {"datetime": "2024-05-04 03:32:36", "elapsed": 7743.472591, "delta": 46.638656}}
{"target": 0.4995406696079514, "params": {"alpha_power": -4.985497954139383, "gamma": 741.2587956699922, "n_components": 597.0079089290953}, "datetime": {"datetime": "2024-05-04 03:33:27", "elapsed": 7794.890108, "delta": 51.417517}}
{"target": 0.4990591377281567, "params": {"alpha_power": 0.24234808034893618, "gamma": 957.2875742496254, "n_components": 1812.5047447030938}, "datetime": {"datetime": "2024-05-04 03:34:28", "elapsed": 7856.12214, "delta": 61.232032}}
{"target": 0.5045058298187957, "params": {"alpha_power": -3.1708279437982485, "gamma": 257.12378037484183, "n_components": 1086.92719558407}, "datetime": {"datetime": "2024-05-04 03:35:21", "elapsed": 7908.536313, "delta": 52.414173}}
{"target": 0.4999742609810206, "params": {"alpha_power": 2.5428264653005925, "gamma": 588.5069261844047, "n_components": 1568.1483720844951}, "datetime": {"datetime": "2024-05-04 03:36:28", "elapsed": 7975.553711, "delta": 67.017398}}
{"target": 0.49921332768557314, "params": {"alpha_power": -1.5769893959904628, "gamma": 598.4754342143818, "n_components": 1773.5211690059941}, "datetime": {"datetime": "2024-05-04 03:37:29", "elapsed": 8036.742196, "delta": 61.188485}}
{"target": 0.5026359677569061, "params": {"alpha_power": 1.6635448798251815, "gamma": 63.768082121768074, "n_components": 1204.5628055617913}, "datetime": {"datetime": "2024-05-04 03:39:08", "elapsed": 8135.473892, "delta": 98.731696}}
{"target": 0.4975078017870544, "params": {"alpha_power": -2.8643608684153476, "gamma": 593.7117732206883, "n_components": 296.2682795332049}, "datetime": {"datetime": "2024-05-04 03:39:44", "elapsed": 8171.908841, "delta": 36.434949}}
{"target": 0.4992654147485129, "params": {"alpha_power": 0.5538567355786022, "gamma": 63.509498916395195, "n_components": 1208.036700697545}, "datetime": {"datetime": "2024-05-04 03:40:36", "elapsed": 8224.327148, "delta": 52.418307}}
{"target": 0.5034416767392564, "params": {"alpha_power": -0.48102132155204735, "gamma": 964.8275115074177, "n_components": 1510.5625709214062}, "datetime": {"datetime": "2024-05-04 03:41:32", "elapsed": 8280.02058, "delta": 55.693432}}
{"target": 0.4996274406725972, "params": {"alpha_power": 4.3643095999120085, "gamma": 560.5706495891645, "n_components": 1532.2944198124005}, "datetime": {"datetime": "2024-05-04 03:42:34", "elapsed": 8342.047747, "delta": 62.027167}}
{"target": 0.5020273631931466, "params": {"alpha_power": 0.7828243219820585, "gamma": 62.166536251380315, "n_components": 1204.3087050969302}, "datetime": {"datetime": "2024-05-04 03:43:28", "elapsed": 8396.360076, "delta": 54.312329}}
{"target": 0.5011806014084487, "params": {"alpha_power": -1.3102471409729777, "gamma": 65.0418404137874, "n_components": 1205.479274695375}, "datetime": {"datetime": "2024-05-04 03:44:20", "elapsed": 8447.653003, "delta": 51.292927}}
{"target": 0.49938459725862944, "params": {"alpha_power": -3.6817549409837147, "gamma": 599.0609833925677, "n_components": 1773.303584478587}, "datetime": {"datetime": "2024-05-04 03:45:25", "elapsed": 8512.465569, "delta": 64.812566}}
{"target": 0.5022143847308769, "params": {"alpha_power": -0.367300111908083, "gamma": 505.241205195401, "n_components": 853.031232438933}, "datetime": {"datetime": "2024-05-04 03:46:10", "elapsed": 8557.960634, "delta": 45.495065}}
{"target": 0.50066920904413, "params": {"alpha_power": -4.933902762629872, "gamma": 326.7038621766457, "n_components": 1335.2740031513736}, "datetime": {"datetime": "2024-05-04 03:47:17", "elapsed": 8624.993824, "delta": 67.03319}}
{"target": 0.4984964389109615, "params": {"alpha_power": -4.776891939345309, "gamma": 450.8506173350645, "n_components": 116.34800812812098}, "datetime": {"datetime": "2024-05-04 03:47:52", "elapsed": 8660.371262, "delta": 35.377438}}
{"target": 0.5023705588424929, "params": {"alpha_power": -2.0242963653632007, "gamma": 257.36930874023113, "n_components": 1085.9806045941073}, "datetime": {"datetime": "2024-05-04 03:48:43", "elapsed": 8711.056752, "delta": 50.68549}}
{"target": 0.5014828060836286, "params": {"alpha_power": 0.21511136615908288, "gamma": 965.8236212732446, "n_components": 1508.9953689377621}, "datetime": {"datetime": "2024-05-04 03:49:38", "elapsed": 8766.059035, "delta": 55.002283}}
{"target": 0.5002726328202127, "params": {"alpha_power": 1.2050030206182019, "gamma": 36.617757105525996, "n_components": 963.3366852163782}, "datetime": {"datetime": "2024-05-04 03:50:28", "elapsed": 8816.265087, "delta": 50.206052}}
{"target": 0.5029488823543302, "params": {"alpha_power": 3.6987025415635717, "gamma": 127.6503595586679, "n_components": 520.4954901885983}, "datetime": {"datetime": "2024-05-04 03:51:11", "elapsed": 8859.197013, "delta": 42.931926}}
{"target": 0.4974343874644699, "params": {"alpha_power": -2.5736033442110258, "gamma": 964.2078743459322, "n_components": 1509.9477332002516}, "datetime": {"datetime": "2024-05-04 03:52:08", "elapsed": 8916.086103, "delta": 56.88909}}
{"target": 0.4948404170438945, "params": {"alpha_power": -1.5405006181930698, "gamma": 591.2220403775314, "n_components": 1567.4033722351032}, "datetime": {"datetime": "2024-05-04 03:53:06", "elapsed": 8973.802239, "delta": 57.716136}}
{"target": 0.5005062955101327, "params": {"alpha_power": 3.5196316135829377, "gamma": 64.73569654685875, "n_components": 1208.9664432563336}, "datetime": {"datetime": "2024-05-04 03:54:02", "elapsed": 9030.069822, "delta": 56.267583}}
{"target": 0.5003611809830357, "params": {"alpha_power": 3.9242290283728387, "gamma": 600.333745757347, "n_components": 1774.9313510786847}, "datetime": {"datetime": "2024-05-04 03:55:08", "elapsed": 9095.757553, "delta": 65.687731}}
{"target": 0.500477152723765, "params": {"alpha_power": -0.7491683679988252, "gamma": 474.4489787471919, "n_components": 1481.6504362710496}, "datetime": {"datetime": "2024-05-04 03:56:03", "elapsed": 9150.745788, "delta": 54.988235}}
{"target": 0.5012252683922495, "params": {"alpha_power": -4.218803956224463, "gamma": 393.1259176896083, "n_components": 1277.1127308851178}, "datetime": {"datetime": "2024-05-04 03:57:00", "elapsed": 9207.590924, "delta": 56.845136}}
{"target": 0.49952919131251167, "params": {"alpha_power": 0.35740117527869586, "gamma": 967.0957856765127, "n_components": 1510.5525438829936}, "datetime": {"datetime": "2024-05-04 03:57:55", "elapsed": 9262.970251, "delta": 55.379327}}
{"target": 0.4971650639229007, "params": {"alpha_power": 0.8297859486294339, "gamma": 2.683637313208338, "n_components": 1783.3367630576745}, "datetime": {"datetime": "2024-05-04 03:58:58", "elapsed": 9325.550607, "delta": 62.580356}}
{"target": 0.5005295247894728, "params": {"alpha_power": -1.9789424158784081, "gamma": 450.6480590741584, "n_components": 118.07469806162372}, "datetime": {"datetime": "2024-05-04 03:59:30", "elapsed": 9358.317904, "delta": 32.767297}}
{"target": 0.5005175610853309, "params": {"alpha_power": 4.136539748348662, "gamma": 562.2132546942516, "n_components": 1536.4893842676283}, "datetime": {"datetime": "2024-05-04 04:00:32", "elapsed": 9420.103774, "delta": 61.78587}}
{"target": 0.4994629136277921, "params": {"alpha_power": 1.0120395412084289, "gamma": 587.7030367566451, "n_components": 1568.5051507699447}, "datetime": {"datetime": "2024-05-04 04:01:31", "elapsed": 9478.681566, "delta": 58.577792}}
{"target": 0.4981767261868642, "params": {"alpha_power": 2.8508329719671472, "gamma": 562.674287277832, "n_components": 1534.1426044753623}, "datetime": {"datetime": "2024-05-04 04:02:38", "elapsed": 9546.163745, "delta": 67.482179}}
{"target": 0.5018435989668099, "params": {"alpha_power": 0.6233797583462275, "gamma": 0.5780142291182147, "n_components": 1778.8977417049357}, "datetime": {"datetime": "2024-05-04 04:03:43", "elapsed": 9611.088921, "delta": 64.925176}}
{"target": 0.504061435725039, "params": {"alpha_power": -4.312575778628921, "gamma": 587.9280035636124, "n_components": 1564.8491551346337}, "datetime": {"datetime": "2024-05-04 04:04:49", "elapsed": 9677.149416, "delta": 66.060495}}
{"target": 0.4987203128684238, "params": {"alpha_power": 1.959342801787292, "gamma": 588.9045527467117, "n_components": 1570.7175356813177}, "datetime": {"datetime": "2024-05-04 04:06:14", "elapsed": 9762.068298, "delta": 84.918882}}
{"target": 0.4993315596588335, "params": {"alpha_power": -4.464555947910586, "gamma": 630.7040655763998, "n_components": 1081.545260827389}, "datetime": {"datetime": "2024-05-04 04:07:13", "elapsed": 9820.698454, "delta": 58.630156}}
{"target": 0.4984023970538594, "params": {"alpha_power": -3.3210760940304933, "gamma": 450.21066990708476, "n_components": 119.25967458294988}, "datetime": {"datetime": "2024-05-04 04:07:48", "elapsed": 9855.71096, "delta": 35.012506}}
{"target": 0.5002582036782227, "params": {"alpha_power": -0.3018962430095282, "gamma": 1.4380316399698985, "n_components": 1779.8497609188191}, "datetime": {"datetime": "2024-05-04 04:08:51", "elapsed": 9918.425855, "delta": 62.714895}}
{"target": 0.49873782322768945, "params": {"alpha_power": -3.91310590174199, "gamma": 114.58102495490643, "n_components": 218.52387768048186}, "datetime": {"datetime": "2024-05-04 04:09:27", "elapsed": 9955.395008, "delta": 36.969153}}
{"target": 0.5014492574149207, "params": {"alpha_power": -3.505332868061055, "gamma": 870.1296283949719, "n_components": 914.4739301228525}, "datetime": {"datetime": "2024-05-04 04:10:20", "elapsed": 10007.455707, "delta": 52.060699}}
{"target": 0.50225309337035, "params": {"alpha_power": -1.1022318008909942, "gamma": 966.3553903621449, "n_components": 1511.5344681995125}, "datetime": {"datetime": "2024-05-04 04:11:18", "elapsed": 10066.057044, "delta": 58.601337}}
{"target": 0.4966793339410544, "params": {"alpha_power": -2.8315549296479468, "gamma": 258.03270633892816, "n_components": 1089.0528040396623}, "datetime": {"datetime": "2024-05-04 04:12:13", "elapsed": 10120.834027, "delta": 54.776983}}
{"target": 0.5014302989192397, "params": {"alpha_power": -1.2749266027968993, "gamma": 551.3695887606665, "n_components": 447.71779787733584}, "datetime": {"datetime": "2024-05-04 04:12:54", "elapsed": 10162.0376, "delta": 41.203573}}
{"target": 0.5002060406429536, "params": {"alpha_power": -3.7561276796887757, "gamma": 694.2886501773938, "n_components": 531.3844667510491}, "datetime": {"datetime": "2024-05-04 04:13:39", "elapsed": 10207.033988, "delta": 44.996388}}
{"target": 0.5030060847495141, "params": {"alpha_power": 0.8822406486103436, "gamma": 64.99900979250869, "n_components": 1207.0374635038377}, "datetime": {"datetime": "2024-05-04 04:14:34", "elapsed": 10261.883287, "delta": 54.849299}}
{"target": 0.5004213779498405, "params": {"alpha_power": -5.804242876029724, "gamma": 325.7726661597256, "n_components": 1335.889392710775}, "datetime": {"datetime": "2024-05-04 04:16:12", "elapsed": 10360.168193, "delta": 98.284906}}
{"target": 0.4966058506661949, "params": {"alpha_power": -1.5754735116026204, "gamma": 255.3282443873147, "n_components": 1090.787123070641}, "datetime": {"datetime": "2024-05-04 04:17:04", "elapsed": 10411.751045, "delta": 51.582852}}
{"target": 0.49850220653381694, "params": {"alpha_power": 3.115381270872991, "gamma": 64.79999180442228, "n_components": 1063.2088856531393}, "datetime": {"datetime": "2024-05-04 04:17:58", "elapsed": 10466.203022, "delta": 54.451977}}
{"target": 0.5022943909123456, "params": {"alpha_power": -0.47340232749040023, "gamma": 646.1101888054425, "n_components": 462.28015106316013}, "datetime": {"datetime": "2024-05-04 04:18:40", "elapsed": 10507.886249, "delta": 41.683227}}
{"target": 0.5008481323266214, "params": {"alpha_power": -2.8220399269422387, "gamma": 201.28375846697043, "n_components": 1407.96187886533}, "datetime": {"datetime": "2024-05-04 04:19:40", "elapsed": 10567.834615, "delta": 59.948366}}
{"target": 0.5017197745815595, "params": {"alpha_power": -4.579032031548914, "gamma": 589.5650351517506, "n_components": 1571.116740092649}, "datetime": {"datetime": "2024-05-04 04:20:51", "elapsed": 10638.46275, "delta": 70.628135}}
{"target": 0.49987111213075897, "params": {"alpha_power": -1.341327270405067, "gamma": 1.7876463091684347, "n_components": 1777.2718046245634}, "datetime": {"datetime": "2024-05-04 04:21:52", "elapsed": 10700.05969, "delta": 61.59694}}
{"target": 0.49978557616489294, "params": {"alpha_power": -1.4232294749459085, "gamma": 588.6432332484869, "n_components": 1570.5831790608831}, "datetime": {"datetime": "2024-05-04 04:22:50", "elapsed": 10757.570407, "delta": 57.510717}}
{"target": 0.49894811915835524, "params": {"alpha_power": -4.237390784773833, "gamma": 254.51889605700703, "n_components": 1085.7085736506308}, "datetime": {"datetime": "2024-05-04 04:23:46", "elapsed": 10814.139876, "delta": 56.569469}}
{"target": 0.4995660670601764, "params": {"alpha_power": -4.770484682949341, "gamma": 220.7973587172586, "n_components": 810.8544279564336}, "datetime": {"datetime": "2024-05-04 04:24:45", "elapsed": 10872.76173, "delta": 58.621854}}
{"target": 0.503387886763474, "params": {"alpha_power": 3.419921853259293, "gamma": 986.4043611605691, "n_components": 761.1051098721981}, "datetime": {"datetime": "2024-05-04 04:25:32", "elapsed": 10920.222522, "delta": 47.460792}}
{"target": 0.4980064038372779, "params": {"alpha_power": -2.9607122039157896, "gamma": 590.6521755023698, "n_components": 1563.1918649283646}, "datetime": {"datetime": "2024-05-04 04:26:32", "elapsed": 10980.081073, "delta": 59.858551}}
{"target": 0.5006260623643974, "params": {"alpha_power": -3.15973365255637, "gamma": 257.0538702905265, "n_components": 1084.892843280857}, "datetime": {"datetime": "2024-05-04 04:27:23", "elapsed": 11031.166994, "delta": 51.085921}}
{"target": 0.5021785832107585, "params": {"alpha_power": 2.6863542632019595, "gamma": 597.930353101184, "n_components": 1778.4016578752723}, "datetime": {"datetime": "2024-05-04 04:28:34", "elapsed": 11101.64439, "delta": 70.477396}}
