{"target": 0.5008782811608171, "params": {"alpha_power": -2.386251739002708, "gamma": 505.44320896231204, "n_components": 853.9829195816635}, "datetime": {"datetime": "2024-05-04 04:29:20", "elapsed": 11147.831461, "delta": 46.187071}}
{"target": 0.5001303614458819, "params": {"alpha_power": -2.1786411612863152, "gamma": 967.239146673954, "n_components": 1509.9022396793384}, "datetime": {"datetime": "2024-05-04 04:30:16", "elapsed": 11204.024052, "delta": 56.192591}}
{"target": 0.49896500736372384, "params": {"alpha_power": -2.0561451782754574, "gamma": 437.0203612210781, "n_components": 226.93135669937786}, "datetime": {"datetime": "2024-05-04 04:30:51", "elapsed": 11239.07012, "delta": 35.046068}}
{"target": 0.5, "params": {"alpha_power": 5.680054935978944, "gamma": 350.8655968192548, "n_components": 1015.0021441775021}, "datetime": {"datetime": "2024-05-04 04:31:43", "elapsed": 11291.321822, "delta": 52.251702}}
{"target": 0.5000320920896968, "params": {"alpha_power": 3.9903493576813265, "gamma": 879.70080030648, "n_components": 1396.2849831867495}, "datetime": {"datetime": "2024-05-04 04:32:41", "elapsed": 11348.675042, "delta": 57.35322}}
{"target": 0.4958488180973169, "params": {"alpha_power": -3.4600443502208185, "gamma": 587.7642430951204, "n_components": 1570.0468962698221}, "datetime": {"datetime": "2024-05-04 04:33:42", "elapsed": 11409.709213, "delta": 61.034171}}
{"target": 0.49587363131229417, "params": {"alpha_power": -3.4063925425633683, "gamma": 506.4198041420642, "n_components": 1726.0965933926966}, "datetime": {"datetime": "2024-05-04 04:34:45", "elapsed": 11472.859463, "delta": 63.15025}}
{"target": 0.5000198898196009, "params": {"alpha_power": -3.1101044986998185, "gamma": 461.4972103081802, "n_components": 1090.811566522549}, "datetime": {"datetime": "2024-05-04 04:35:37", "elapsed": 11524.906265, "delta": 52.046802}}
{"target": 0.49982410715907105, "params": {"alpha_power": -5.751057042472875, "gamma": 618.5242239578644, "n_components": 1908.783665279418}, "datetime": {"datetime": "2024-05-04 04:37:29", "elapsed": 11637.253389, "delta": 112.347124}}
{"target": 0.4969826231907062, "params": {"alpha_power": -3.326930516144083, "gamma": 393.29021165107656, "n_components": 1275.6467315303478}, "datetime": {"datetime": "2024-05-04 04:38:24", "elapsed": 11691.514345, "delta": 54.260956}}
{"target": 0.49969472561214945, "params": {"alpha_power": 4.596435874219962, "gamma": 22.195687011019, "n_components": 1838.2390238532873}, "datetime": {"datetime": "2024-05-04 04:39:31", "elapsed": 11758.497104, "delta": 66.982759}}
{"target": 0.5008712134510886, "params": {"alpha_power": -2.200498696350014, "gamma": 258.5175819140395, "n_components": 1085.408306257366}, "datetime": {"datetime": "2024-05-04 04:40:21", "elapsed": 11808.851514, "delta": 50.35441}}
{"target": 0.49780877135866514, "params": {"alpha_power": 0.7039523270058332, "gamma": 471.99370551914876, "n_components": 1483.8437395097947}, "datetime": {"datetime": "2024-05-04 04:41:18", "elapsed": 11866.168629, "delta": 57.317115}}
{"target": 0.5006901470132966, "params": {"alpha_power": 3.179171435625376, "gamma": 986.7094370525946, "n_components": 760.2549197547416}, "datetime": {"datetime": "2024-05-04 04:42:06", "elapsed": 11914.109068, "delta": 47.940439}}
{"target": 0.5000171588065234, "params": {"alpha_power": 1.2641850177076472, "gamma": 130.53267984522665, "n_components": 248.157799319299}, "datetime": {"datetime": "2024-05-04 04:42:42", "elapsed": 11949.898729, "delta": 35.789661}}
{"target": 0.5, "params": {"alpha_power": 5.282180293237772, "gamma": 525.2477531242008, "n_components": 928.1218604106765}, "datetime": {"datetime": "2024-05-04 04:43:34", "elapsed": 12001.879574, "delta": 51.980845}}
{"target": 0.5025035255524192, "params": {"alpha_power": 0.435488546975316, "gamma": 646.6912585350606, "n_components": 460.53783303949575}, "datetime": {"datetime": "2024-05-04 04:44:13", "elapsed": 12041.266036, "delta": 39.386462}}
{"target": 0.4963249194580454, "params": {"alpha_power": 2.8423267503050447, "gamma": 776.416927975362, "n_components": 1617.5962121134055}, "datetime": {"datetime": "2024-05-04 04:45:23", "elapsed": 12110.43943, "delta": 69.173394}}
{"target": 0.4998920279698405, "params": {"alpha_power": 0.7788259427169439, "gamma": 956.2501016958063, "n_components": 1814.8453906361003}, "datetime": {"datetime": "2024-05-04 04:46:27", "elapsed": 12174.73412, "delta": 64.29469}}
{"target": 0.5, "params": {"alpha_power": 5.367681922418669, "gamma": 368.6731307785023, "n_components": 989.7118876580599}, "datetime": {"datetime": "2024-05-04 04:47:20", "elapsed": 12228.369433, "delta": 53.635313}}
{"target": 0.4988502888580501, "params": {"alpha_power": -2.652840190224344, "gamma": 3.455646284245224, "n_components": 1779.986592030453}, "datetime": {"datetime": "2024-05-04 04:48:21", "elapsed": 12289.398566, "delta": 61.029133}}
{"target": 0.501055749578298, "params": {"alpha_power": -5.6493468576020085, "gamma": 479.7116988415124, "n_components": 331.54994083260254}, "datetime": {"datetime": "2024-05-04 04:49:17", "elapsed": 12344.517473, "delta": 55.118907}}
{"target": 0.5031886703516566, "params": {"alpha_power": 0.4427132492408763, "gamma": 579.0093351880878, "n_components": 858.2313622997867}, "datetime": {"datetime": "2024-05-04 04:50:04", "elapsed": 12391.997745, "delta": 47.480272}}
{"target": 0.49759593705966837, "params": {"alpha_power": -5.949268513433759, "gamma": 146.44028238501554, "n_components": 453.607672042468}, "datetime": {"datetime": "2024-05-04 04:51:07", "elapsed": 12455.40375, "delta": 63.406005}}
{"target": 0.502687013516083, "params": {"alpha_power": -2.182338647922056, "gamma": 50.36013285746814, "n_components": 1082.46895569478}, "datetime": {"datetime": "2024-05-04 04:51:57", "elapsed": 12505.199231, "delta": 49.795481}}
{"target": 0.5004345972679441, "params": {"alpha_power": -2.588379451463457, "gamma": 429.4040437892167, "n_components": 1626.3058036016905}, "datetime": {"datetime": "2024-05-04 04:52:56", "elapsed": 12563.465971, "delta": 58.26674}}
{"target": 0.4973348305817125, "params": {"alpha_power": -2.7822528826701602, "gamma": 606.7132209230788, "n_components": 1267.2543308351756}, "datetime": {"datetime": "2024-05-04 04:53:50", "elapsed": 12618.055625, "delta": 54.589654}}
{"target": 0.5, "params": {"alpha_power": 5.651956128549672, "gamma": 760.2994257093592, "n_components": 1890.380438525579}, "datetime": {"datetime": "2024-05-04 04:54:58", "elapsed": 12686.147651, "delta": 68.092026}}
{"target": 0.49896481129092474, "params": {"alpha_power": -3.7200862701809743, "gamma": 824.1429129685258, "n_components": 497.0134717778074}, "datetime": {"datetime": "2024-05-04 04:55:40", "elapsed": 12727.771495, "delta": 41.623844}}
{"target": 0.5013047991706769, "params": {"alpha_power": -5.400441133898215, "gamma": 78.7923390622256, "n_components": 1571.717049345532}, "datetime": {"datetime": "2024-05-04 04:57:10", "elapsed": 12817.869524, "delta": 90.098029}}
{"target": 0.5001743754011644, "params": {"alpha_power": 4.969974081720284, "gamma": 530.6314450009506, "n_components": 522.6327276363065}, "datetime": {"datetime": "2024-05-04 04:57:54", "elapsed": 12861.953925, "delta": 44.084401}}
{"target": 0.5, "params": {"alpha_power": 5.5727643887301745, "gamma": 580.2655647888974, "n_components": 1497.3951826996765}, "datetime": {"datetime": "2024-05-04 04:58:55", "elapsed": 12922.867528, "delta": 60.913603}}
{"target": 0.5023731521596767, "params": {"alpha_power": -4.62581457045915, "gamma": 924.5583277187394, "n_components": 1913.1271649766186}, "datetime": {"datetime": "2024-05-04 05:00:10", "elapsed": 12998.23853, "delta": 75.371002}}
{"target": 0.498029737478123, "params": {"alpha_power": 2.360561922344571, "gamma": 355.87665238378094, "n_components": 218.9087951468543}, "datetime": {"datetime": "2024-05-04 05:00:50", "elapsed": 13038.361553, "delta": 40.123023}}
{"target": 0.5045566466952007, "params": {"alpha_power": -0.22060067947935735, "gamma": 703.4639304652399, "n_components": 384.3940505737286}, "datetime": {"datetime": "2024-05-04 05:01:28", "elapsed": 13076.292587, "delta": 37.931034}}
{"target": 0.497964627588307, "params": {"alpha_power": -3.663311083235216, "gamma": 789.0016682227132, "n_components": 1722.5599242968844}, "datetime": {"datetime": "2024-05-04 05:02:32", "elapsed": 13140.03023, "delta": 63.737643}}
{"target": 0.5000921313972064, "params": {"alpha_power": -2.794214416251434, "gamma": 50.838264740041176, "n_components": 1080.8687671496334}, "datetime": {"datetime": "2024-05-04 05:03:24", "elapsed": 13191.969136, "delta": 51.938906}}
{"target": 0.49881779726424363, "params": {"alpha_power": -3.4729956255529952, "gamma": 627.7185522577407, "n_components": 381.99524030567494}, "datetime": {"datetime": "2024-05-04 05:04:04", "elapsed": 13232.222942, "delta": 40.253806}}
