{"target": 0.5000748213411901, "params": {"alpha_power": 0.20757460615907064, "gamma": 946.9679075544326, "n_components": 1554.3735428541231}, "datetime": {"datetime": "2024-05-04 01:23:32", "elapsed": 0.0, "delta": 0.0}}
{"target": 0.5024637648569314, "params": {"alpha_power": -2.6112498723946476, "gamma": 221.1232587253264, "n_components": 1403.821961951187}, "datetime": {"datetime": "2024-05-04 01:24:26", "elapsed": 53.863986, "delta": 53.863986}}
{"target": 0.5017301264910865, "params": {"alpha_power": -3.994329562799325, "gamma": 392.50322221838417, "n_components": 1274.2994597803374}, "datetime": {"datetime": "2024-05-04 01:25:21", "elapsed": 108.422697, "delta": 54.558711}}
{"target": 0.5030841077589538, "params": {"alpha_power": -1.0568388616950486, "gamma": 2.5646347127660825, "n_components": 1779.661146506999}, "datetime": {"datetime": "2024-05-04 01:26:22", "elapsed": 169.565944, "delta": 61.143247}}
{"target": 0.499735402040966, "params": {"alpha_power": 4.619370460517683, "gamma": 300.4796483975443, "n_components": 1220.2055439079577}, "datetime": {"datetime": "2024-05-04 01:27:18", "elapsed": 225.811113, "delta": 56.245169}}
{"target": 0.5, "params": {"alpha_power": 5.741122992177971, "gamma": 845.1093127440985, "n_components": 223.64333420866762}, "datetime": {"datetime": "2024-05-04 01:27:55", "elapsed": 262.500087, "delta": 36.688974}}
{"target": 0.49909065666378866, "params": {"alpha_power": -2.463066423391613, "gamma": 288.0056475231497, "n_components": 1662.6860442965228}, "datetime": {"datetime": "2024-05-04 01:28:52", "elapsed": 320.235343, "delta": 57.735256}}
{"target": 0.49634189363368647, "params": {"alpha_power": 1.5141964555229528, "gamma": 110.5666661422824, "n_components": 101.0047412216245}, "datetime": {"datetime": "2024-05-04 01:29:41", "elapsed": 368.996343, "delta": 48.761}}
{"target": 0.5, "params": {"alpha_power": 5.305994794265995, "gamma": 141.58660764941726, "n_components": 901.0333997157035}, "datetime": {"datetime": "2024-05-04 01:30:31", "elapsed": 419.356734, "delta": 50.360391}}
{"target": 0.5031361726853357, "params": {"alpha_power": -1.8421267182174699, "gamma": 869.7981058887418, "n_components": 914.343443469344}, "datetime": {"datetime": "2024-05-04 01:31:19", "elapsed": 466.964372, "delta": 47.607638}}
{"target": 0.49766152018106097, "params": {"alpha_power": 3.9450178118730683, "gamma": 717.8800530422156, "n_components": 326.5307189498331}, "datetime": {"datetime": "2024-05-04 01:31:59", "elapsed": 506.519285, "delta": 39.554913}}
{"target": 0.5003221447523738, "params": {"alpha_power": 1.1566100725153063, "gamma": 129.84332207540942, "n_components": 247.31477428163663}, "datetime": {"datetime": "2024-05-04 01:32:34", "elapsed": 541.506835, "delta": 34.98755}}
{"target": 0.4990783933169343, "params": {"alpha_power": 3.974463068285017, "gamma": 464.43917621872447, "n_components": 407.82371010522303}, "datetime": {"datetime": "2024-05-04 01:33:21", "elapsed": 589.093912, "delta": 47.587077}}
{"target": 0.5040701554801181, "params": {"alpha_power": 0.5757035051160795, "gamma": 588.5269732601583, "n_components": 1569.8650212438952}, "datetime": {"datetime": "2024-05-04 01:34:23", "elapsed": 650.704796, "delta": 61.610884}}
{"target": 0.49661172106368856, "params": {"alpha_power": 1.8701454960828396, "gamma": 557.7509888024751, "n_components": 438.66980648327234}, "datetime": {"datetime": "2024-05-04 01:35:18", "elapsed": 706.274412, "delta": 55.569616}}
{"target": 0.5025393587277166, "params": {"alpha_power": -3.1129976253838425, "gamma": 506.1040269056224, "n_components": 853.8168277766752}, "datetime": {"datetime": "2024-05-04 01:36:10", "elapsed": 758.078301, "delta": 51.803889}}
{"target": 0.5019357493380314, "params": {"alpha_power": -0.2033377746847025, "gamma": 955.744267104077, "n_components": 1813.0441663340234}, "datetime": {"datetime": "2024-05-04 01:37:15", "elapsed": 822.462408, "delta": 64.384107}}
{"target": 0.4984605669110165, "params": {"alpha_power": 0.06911186373018197, "gamma": 820.7194150143986, "n_components": 1672.6602595424642}, "datetime": {"datetime": "2024-05-04 01:38:17", "elapsed": 884.713427, "delta": 62.251019}}
{"target": 0.5028827242465748, "params": {"alpha_power": -3.217999828775347, "gamma": 79.14758085628993, "n_components": 984.9495603102263}, "datetime": {"datetime": "2024-05-04 01:39:11", "elapsed": 939.007117, "delta": 54.29369}}
{"target": 0.4997692454932623, "params": {"alpha_power": 4.547709700851279, "gamma": 147.58830839998285, "n_components": 539.3774800900023}, "datetime": {"datetime": "2024-05-04 01:39:59", "elapsed": 987.012265, "delta": 48.005148}}
{"target": 0.5, "params": {"alpha_power": 5.015349668447158, "gamma": 129.15062125341007, "n_components": 1841.174671925095}, "datetime": {"datetime": "2024-05-04 01:41:09", "elapsed": 1056.998279, "delta": 69.986014}}
{"target": 0.5026841650209006, "params": {"alpha_power": -3.1824293890644353, "gamma": 616.0251699626384, "n_components": 1908.016744002402}, "datetime": {"datetime": "2024-05-04 01:42:17", "elapsed": 1124.835456, "delta": 67.837177}}
{"target": 0.4985776385327557, "params": {"alpha_power": -2.9384301633319696, "gamma": 450.3101228301559, "n_components": 1947.7837828103382}, "datetime": {"datetime": "2024-05-04 01:43:26", "elapsed": 1193.557971, "delta": 68.722515}}
{"target": 0.5005409370626845, "params": {"alpha_power": -3.127548022060336, "gamma": 198.76143456435943, "n_components": 1407.0981161499524}, "datetime": {"datetime": "2024-05-04 01:44:23", "elapsed": 1251.174633, "delta": 57.616662}}
{"target": 0.5020871552725156, "params": {"alpha_power": 4.140110336028862, "gamma": 453.37085019862343, "n_components": 292.6030523202274}, "datetime": {"datetime": "2024-05-04 01:45:03", "elapsed": 1290.785959, "delta": 39.611326}}
{"target": 0.49950252924169936, "params": {"alpha_power": -4.626859026900615, "gamma": 870.2319844960915, "n_components": 915.7488243569699}, "datetime": {"datetime": "2024-05-04 01:45:58", "elapsed": 1345.810887, "delta": 55.024928}}
{"target": 0.5, "params": {"alpha_power": 5.213862635477918, "gamma": 738.1716959120861, "n_components": 1588.8719619989117}, "datetime": {"datetime": "2024-05-04 01:47:00", "elapsed": 1407.954873, "delta": 62.143986}}
{"target": 0.4984331717144378, "params": {"alpha_power": 1.3784666643473784, "gamma": 309.1107598959832, "n_components": 1689.3739897998282}, "datetime": {"datetime": "2024-05-04 01:49:49", "elapsed": 1576.883178, "delta": 168.928305}}
{"target": 0.49783037315652834, "params": {"alpha_power": 2.4287657743928577, "gamma": 342.5069916406103, "n_components": 1709.442855331575}, "datetime": {"datetime": "2024-05-04 01:51:00", "elapsed": 1648.243022, "delta": 71.359844}}
{"target": 0.4995371320256023, "params": {"alpha_power": -4.848994428711187, "gamma": 484.9075728753332, "n_components": 551.1635209072494}, "datetime": {"datetime": "2024-05-04 01:51:48", "elapsed": 1695.711574, "delta": 47.468552}}
{"target": 0.5, "params": {"alpha_power": 5.750277973212732, "gamma": 617.8548964819456, "n_components": 1033.783406936153}, "datetime": {"datetime": "2024-05-04 01:52:40", "elapsed": 1748.018487, "delta": 52.306913}}
{"target": 0.4973244274705445, "params": {"alpha_power": 1.4449495355779236, "gamma": 8.608253152365998, "n_components": 1741.7690369638958}, "datetime": {"datetime": "2024-05-04 01:55:16", "elapsed": 1904.389901, "delta": 156.371414}}
{"target": 0.5001361192781789, "params": {"alpha_power": 3.8085759790618514, "gamma": 347.93562338965774, "n_components": 1776.4459570090235}, "datetime": {"datetime": "2024-05-04 01:56:21", "elapsed": 1968.976923, "delta": 64.587022}}
{"target": 0.4990373679954835, "params": {"alpha_power": -5.733353391623723, "gamma": 964.2617610000777, "n_components": 1041.2036460743452}, "datetime": {"datetime": "2024-05-04 01:57:40", "elapsed": 2048.284054, "delta": 79.307131}}
{"target": 0.49890556206684816, "params": {"alpha_power": -2.7948025728349264, "gamma": 652.7887738649439, "n_components": 1669.7567377796333}, "datetime": {"datetime": "2024-05-04 01:58:43", "elapsed": 2111.316443, "delta": 63.032389}}
{"target": 0.49721687683382704, "params": {"alpha_power": 1.4173925633543085, "gamma": 952.1018604652697, "n_components": 1383.7122043388406}, "datetime": {"datetime": "2024-05-04 02:01:02", "elapsed": 2250.020552, "delta": 138.704109}}
{"target": 0.4986986790912932, "params": {"alpha_power": -0.5426754748561287, "gamma": 367.4412648507198, "n_components": 332.0036366948866}, "datetime": {"datetime": "2024-05-04 02:01:41", "elapsed": 2289.152006, "delta": 39.131454}}
{"target": 0.5003937911766769, "params": {"alpha_power": 2.14213406929116, "gamma": 855.147729061541, "n_components": 509.4626560406415}, "datetime": {"datetime": "2024-05-04 02:02:32", "elapsed": 2339.814501, "delta": 50.662495}}
{"target": 0.49904681541382906, "params": {"alpha_power": 3.087067320408046, "gamma": 698.2843148029423, "n_components": 1953.9884318800591}, "datetime": {"datetime": "2024-05-04 02:03:42", "elapsed": 2410.397724, "delta": 70.583223}}
{"target": 0.5, "params": {"alpha_power": 5.802171823313637, "gamma": 692.7286964421011, "n_components": 434.74989314164515}, "datetime": {"datetime": "2024-05-04 02:04:25", "elapsed": 2453.065835, "delta": 42.668111}}
{"target": 0.49896410820497533, "params": {"alpha_power": 0.5956095139825228, "gamma": 475.26014155887395, "n_components": 1323.5996719133684}, "datetime": {"datetime": "2024-05-04 02:05:21", "elapsed": 2509.065032, "delta": 55.999197}}
{"target": 0.4961101338415969, "params": {"alpha_power": 2.9730563188473145, "gamma": 942.3185541540744, "n_components": 1946.6460020413215}, "datetime": {"datetime": "2024-05-04 02:06:30", "elapsed": 2578.182879, "delta": 69.117847}}
{"target": 0.4980771834657757, "params": {"alpha_power": 0.16470179423799802, "gamma": 660.3910882140863, "n_components": 1129.014892938626}, "datetime": {"datetime": "2024-05-04 02:07:21", "elapsed": 2628.861216, "delta": 50.678337}}
{"target": 0.5010651637238207, "params": {"alpha_power": 4.168764941815175, "gamma": 563.4568621836377, "n_components": 1534.3582297379883}, "datetime": {"datetime": "2024-05-04 02:08:25", "elapsed": 2693.17936, "delta": 64.318144}}
{"target": 0.49840639299919137, "params": {"alpha_power": -2.8684787580793394, "gamma": 858.9130032913822, "n_components": 958.5663319756078}, "datetime": {"datetime": "2024-05-04 02:09:14", "elapsed": 2742.363356, "delta": 49.183996}}
{"target": 0.5000630827080352, "params": {"alpha_power": -4.838728677261036, "gamma": 355.6045366698528, "n_components": 999.0307919121454}, "datetime": {"datetime": "2024-05-04 02:10:13", "elapsed": 2800.558917, "delta": 58.195561}}
{"target": 0.4990835002061105, "params": {"alpha_power": -5.222331342231956, "gamma": 349.08819203120356, "n_components": 1308.4798751967135}, "datetime": {"datetime": "2024-05-04 02:11:24", "elapsed": 2872.284633, "delta": 71.725716}}
{"target": 0.4993161659845578, "params": {"alpha_power": 4.5706160444418735, "gamma": 51.22885664332002, "n_components": 518.4964956711901}, "datetime": {"datetime": "2024-05-04 02:12:07", "elapsed": 2915.371818, "delta": 43.087185}}
{"target": 0.5053278000102541, "params": {"alpha_power": -0.20028283598157692, "gamma": 473.3111174405524, "n_components": 1483.4469562373404}, "datetime": {"datetime": "2024-05-04 02:13:04", "elapsed": 2971.709705, "delta": 56.337887}}
{"target": 0.5, "params": {"alpha_power": 5.100535543590961, "gamma": 652.4142611299585, "n_components": 1673.1140059479576}, "datetime": {"datetime": "2024-05-04 02:14:08", "elapsed": 3035.981851, "delta": 64.272146}}
{"target": 0.5020946318344873, "params": {"alpha_power": 3.377774770086077, "gamma": 62.58515231465067, "n_components": 1064.4497566958494}, "datetime": {"datetime": "2024-05-04 02:15:01", "elapsed": 3088.915989, "delta": 52.934138}}
{"target": 0.5001826143235055, "params": {"alpha_power": 4.635753430529972, "gamma": 128.54647219611297, "n_components": 1840.8373046142856}, "datetime": {"datetime": "2024-05-04 02:16:07", "elapsed": 3155.106212, "delta": 66.190223}}
{"target": 0.49810644082892014, "params": {"alpha_power": 2.048072498669427, "gamma": 78.58933073580717, "n_components": 987.8945853005391}, "datetime": {"datetime": "2024-05-04 02:17:11", "elapsed": 3218.442988, "delta": 63.336776}}
{"target": 0.49765787337772915, "params": {"alpha_power": 1.0535257895338743, "gamma": 867.926926787908, "n_components": 915.9884781289563}, "datetime": {"datetime": "2024-05-04 02:17:59", "elapsed": 3267.189548, "delta": 48.74656}}
{"target": 0.49787017170635933, "params": {"alpha_power": 4.090137196925102, "gamma": 453.16204928030953, "n_components": 290.1552898792328}, "datetime": {"datetime": "2024-05-04 02:18:39", "elapsed": 3306.91111, "delta": 39.721562}}
{"target": 0.5030129617166494, "params": {"alpha_power": -2.642005545733617, "gamma": 504.6676609537748, "n_components": 854.305817851981}, "datetime": {"datetime": "2024-05-04 02:19:25", "elapsed": 3353.026247, "delta": 46.115137}}
{"target": 0.4976648215831723, "params": {"alpha_power": 2.7266287477519757, "gamma": 565.6973192440527, "n_components": 1532.4932852410511}, "datetime": {"datetime": "2024-05-04 02:20:30", "elapsed": 3418.351062, "delta": 65.324815}}
{"target": 0.49549672241438836, "params": {"alpha_power": -2.348554586191498, "gamma": 221.78465949778553, "n_components": 1402.1255967083982}, "datetime": {"datetime": "2024-05-04 02:21:25", "elapsed": 3473.032891, "delta": 54.681829}}
{"target": 0.49978790250737, "params": {"alpha_power": 1.5760783946729457, "gamma": 958.8562711046791, "n_components": 1815.829387446257}, "datetime": {"datetime": "2024-05-04 02:23:40", "elapsed": 3608.247419, "delta": 135.214528}}
{"target": 0.5040027777046729, "params": {"alpha_power": -1.9214468774584557, "gamma": 588.175130925782, "n_components": 1567.3536636102529}, "datetime": {"datetime": "2024-05-04 02:24:39", "elapsed": 3667.150942, "delta": 58.903523}}
{"target": 0.5035654141114609, "params": {"alpha_power": -4.599359602829562, "gamma": 587.0713885978168, "n_components": 1566.913032611963}, "datetime": {"datetime": "2024-05-04 02:25:49", "elapsed": 3736.63367, "delta": 69.482728}}
{"target": 0.498008047613851, "params": {"alpha_power": -4.82365323990701, "gamma": 585.1867262647019, "n_components": 1568.2223823166564}, "datetime": {"datetime": "2024-05-04 02:27:00", "elapsed": 3807.745471, "delta": 71.111801}}
{"target": 0.5026749627497773, "params": {"alpha_power": -1.1285553185507027, "gamma": 473.1721955544842, "n_components": 1480.5799651868194}, "datetime": {"datetime": "2024-05-04 02:27:55", "elapsed": 3863.263419, "delta": 55.517948}}
{"target": 0.4995859496588516, "params": {"alpha_power": -3.173556641465041, "gamma": 1.808661527931139, "n_components": 1781.9670665956608}, "datetime": {"datetime": "2024-05-04 02:29:01", "elapsed": 3928.514896, "delta": 65.251477}}
{"target": 0.4981739005127569, "params": {"alpha_power": 1.6260435196990226, "gamma": 131.48056327571277, "n_components": 245.35159002904408}, "datetime": {"datetime": "2024-05-04 02:29:51", "elapsed": 3978.773818, "delta": 50.258922}}
{"target": 0.49876995385135936, "params": {"alpha_power": -2.1867486575994852, "gamma": 617.9833740453693, "n_components": 1910.07059525186}, "datetime": {"datetime": "2024-05-04 02:30:52", "elapsed": 4040.209881, "delta": 61.436063}}
{"target": 0.5005368330980214, "params": {"alpha_power": -2.149756989641664, "gamma": 870.640347610003, "n_components": 911.6510076360612}, "datetime": {"datetime": "2024-05-04 02:31:40", "elapsed": 4088.08104, "delta": 47.871159}}
{"target": 0.5012352374055296, "params": {"alpha_power": -3.07287338415499, "gamma": 391.4372675301829, "n_components": 1278.0056552147635}, "datetime": {"datetime": "2024-05-04 02:32:35", "elapsed": 4142.90746, "delta": 54.82642}}
{"target": 0.49971208322153354, "params": {"alpha_power": -2.3362216162376903, "gamma": 587.1822773755906, "n_components": 1567.873809299105}, "datetime": {"datetime": "2024-05-04 02:33:32", "elapsed": 4199.543531, "delta": 56.636071}}
{"target": 0.5000263133182022, "params": {"alpha_power": -2.791486688854025, "gamma": 406.04045142914146, "n_components": 1225.821139087062}, "datetime": {"datetime": "2024-05-04 02:34:26", "elapsed": 4253.886031, "delta": 54.3425}}
{"target": 0.5, "params": {"alpha_power": 5.162921224480236, "gamma": 653.9721397392893, "n_components": 1671.860528573503}, "datetime": {"datetime": "2024-05-04 02:35:31", "elapsed": 4318.992519, "delta": 65.106488}}
{"target": 0.5013861371157022, "params": {"alpha_power": -0.2246449498630021, "gamma": 648.222070707843, "n_components": 462.92793467806945}, "datetime": {"datetime": "2024-05-04 02:36:11", "elapsed": 4359.109371, "delta": 40.116852}}
{"target": 0.4984588424371374, "params": {"alpha_power": 3.4913191190057784, "gamma": 720.5524179127227, "n_components": 977.9656411482318}, "datetime": {"datetime": "2024-05-04 02:37:02", "elapsed": 4410.05737, "delta": 50.947999}}
{"target": 0.49844231943809214, "params": {"alpha_power": -0.7486745982063194, "gamma": 648.6609142446418, "n_components": 464.82550283649834}, "datetime": {"datetime": "2024-05-04 02:37:41", "elapsed": 4449.019688, "delta": 38.962318}}
{"target": 0.4987396554973921, "params": {"alpha_power": -1.8598212671941017, "gamma": 614.3180400844216, "n_components": 1907.5094830887126}, "datetime": {"datetime": "2024-05-04 02:38:44", "elapsed": 4511.496855, "delta": 62.477167}}
{"target": 0.49950246770379714, "params": {"alpha_power": 0.1672600126149657, "gamma": 109.6430678622716, "n_components": 676.3358303004103}, "datetime": {"datetime": "2024-05-04 02:39:28", "elapsed": 4556.162831, "delta": 44.665976}}
{"target": 0.5017877973970735, "params": {"alpha_power": 1.6295072578240912, "gamma": 985.9153156963521, "n_components": 760.4451974949311}, "datetime": {"datetime": "2024-05-04 02:40:48", "elapsed": 4635.570209, "delta": 79.407378}}
{"target": 0.5029660595535479, "params": {"alpha_power": -5.239769674360278, "gamma": 324.76756423475047, "n_components": 1336.262346484569}, "datetime": {"datetime": "2024-05-04 02:42:02", "elapsed": 4710.386078, "delta": 74.815869}}
{"target": 0.49966173673349096, "params": {"alpha_power": 4.499561698786433, "gamma": 917.839635602308, "n_components": 1318.5965291510718}, "datetime": {"datetime": "2024-05-04 02:43:02", "elapsed": 4770.212072, "delta": 59.825994}}
{"target": 0.5008030525813021, "params": {"alpha_power": 1.3458856265338586, "gamma": 125.30487702569258, "n_components": 519.3078200894101}, "datetime": {"datetime": "2024-05-04 02:44:23", "elapsed": 4851.039892, "delta": 80.82782}}
{"target": 0.5, "params": {"alpha_power": 5.317202053728703, "gamma": 241.57783290835926, "n_components": 617.2361962878426}, "datetime": {"datetime": "2024-05-04 02:45:09", "elapsed": 4896.620455, "delta": 45.580563}}
{"target": 0.501685604233705, "params": {"alpha_power": 1.5865511606383986, "gamma": 598.9304063977092, "n_components": 1778.4978691990689}, "datetime": {"datetime": "2024-05-04 02:47:26", "elapsed": 5033.939283, "delta": 137.318828}}
{"target": 0.5010167096940227, "params": {"alpha_power": -4.456110477063266, "gamma": 628.448687787036, "n_components": 1082.444904392472}, "datetime": {"datetime": "2024-05-04 02:48:25", "elapsed": 5093.037784, "delta": 59.098501}}
{"target": 0.5027683288122696, "params": {"alpha_power": -3.8810160401995035, "gamma": 617.0632532416596, "n_components": 1907.9021299174942}, "datetime": {"datetime": "2024-05-04 02:49:34", "elapsed": 5161.65435, "delta": 68.616566}}
{"target": 0.5, "params": {"alpha_power": 5.902189531668503, "gamma": 748.5850314576679, "n_components": 1321.136552746654}, "datetime": {"datetime": "2024-05-04 02:50:32", "elapsed": 5220.010004, "delta": 58.355654}}
{"target": 0.5, "params": {"alpha_power": 5.250336115861323, "gamma": 591.2738294230376, "n_components": 1641.738928843683}, "datetime": {"datetime": "2024-05-04 02:51:38", "elapsed": 5285.719178, "delta": 65.709174}}
{"target": 0.4989122016584778, "params": {"alpha_power": 3.3068337593523793, "gamma": 585.7101984360195, "n_components": 1565.609111592405}, "datetime": {"datetime": "2024-05-04 02:52:41", "elapsed": 5348.455644, "delta": 62.736466}}
{"target": 0.49798996496424053, "params": {"alpha_power": -3.4845935880068555, "gamma": 79.06578870077054, "n_components": 983.6071984854677}, "datetime": {"datetime": "2024-05-04 02:53:33", "elapsed": 5401.302827, "delta": 52.847183}}
{"target": 0.5017743585748033, "params": {"alpha_power": -4.24260696561957, "gamma": 626.6974829209523, "n_components": 1082.9867066688425}, "datetime": {"datetime": "2024-05-04 02:54:30", "elapsed": 5458.335119, "delta": 57.032292}}
{"target": 0.5015067735669827, "params": {"alpha_power": 2.7048843047475177, "gamma": 599.8900962439363, "n_components": 1775.3371983168886}, "datetime": {"datetime": "2024-05-04 02:55:43", "elapsed": 5530.863956, "delta": 72.528837}}
{"target": 0.5013339030809393, "params": {"alpha_power": -4.840638949834055, "gamma": 741.2700763712836, "n_components": 595.7289305741077}, "datetime": {"datetime": "2024-05-04 02:56:34", "elapsed": 5581.656864, "delta": 50.792908}}
{"target": 0.502036096899587, "params": {"alpha_power": -5.786361152903611, "gamma": 848.9234098594961, "n_components": 1104.3626353282234}, "datetime": {"datetime": "2024-05-04 02:57:59", "elapsed": 5666.660779, "delta": 85.003915}}
{"target": 0.49738450379031657, "params": {"alpha_power": -0.9907856995694004, "gamma": 358.089027435744, "n_components": 1228.4406374845566}, "datetime": {"datetime": "2024-05-04 02:58:53", "elapsed": 5721.199036, "delta": 54.538257}}
{"target": 0.49668466432493724, "params": {"alpha_power": 1.5010201033401804, "gamma": 508.1003671834993, "n_components": 1194.1056073939067}, "datetime": {"datetime": "2024-05-04 03:00:46", "elapsed": 5833.946171, "delta": 112.747135}}
