{"target": 0.9205862637463268, "params": {"alpha_power": 0.20757460615907064}, "datetime": {"datetime": "2024-05-04 07:33:18", "elapsed": 0.0, "delta": 0.0}}
{"target": 0.8201839203256005, "params": {"alpha_power": 5.363551245777769}, "datetime": {"datetime": "2024-05-04 07:34:19", "elapsed": 61.045764, "delta": 61.045764}}
{"target": 0.8203774299365512, "params": {"alpha_power": 3.1855171127628825}, "datetime": {"datetime": "2024-05-04 07:35:26", "elapsed": 127.678279, "delta": 66.632515}}
{"target": 0.9446701818237537, "params": {"alpha_power": -2.6112498723946476}, "datetime": {"datetime": "2024-05-04 07:51:48", "elapsed": 1109.588881, "delta": 981.910602}}
{"target": 0.9465521271961063, "params": {"alpha_power": -3.347455640860169}, "datetime": {"datetime": "2024-05-04 08:40:38", "elapsed": 4039.503163, "delta": 2929.914282}}
{"target": 0.8424544414068675, "params": {"alpha_power": 2.2346650228496028}, "datetime": {"datetime": "2024-05-04 08:41:48", "elapsed": 4109.873624, "delta": 70.370461}}
{"target": 0.9570149674699149, "params": {"alpha_power": -3.994329562799325}, "datetime": {"datetime": "2024-05-04 09:16:29", "elapsed": 6190.326402, "delta": 2080.452778}}
{"target": 0.9295207969930346, "params": {"alpha_power": -1.2906904024196315}, "datetime": {"datetime": "2024-05-04 09:18:24", "elapsed": 6305.513793, "delta": 115.187391}}
{"target": 0.9055612831978876, "params": {"alpha_power": 1.4166281670337106}, "datetime": {"datetime": "2024-05-04 09:20:52", "elapsed": 6453.531422, "delta": 148.017629}}
{"target": 0.9294490763625612, "params": {"alpha_power": -1.0568388616950486}, "datetime": {"datetime": "2024-05-04 09:22:42", "elapsed": 6563.603784, "delta": 110.072362}}
{"target": 0.9244717057516112, "params": {"alpha_power": -5.970421425589366}, "datetime": {"datetime": "2024-05-04 09:47:42", "elapsed": 8063.936614, "delta": 1500.33283}}
{"target": 0.8201838792767585, "params": {"alpha_power": 4.608386188465257}, "datetime": {"datetime": "2024-05-04 09:48:43", "elapsed": 8124.804117, "delta": 60.867503}}
{"target": 0.8201838816195055, "params": {"alpha_power": 4.619370460517683}, "datetime": {"datetime": "2024-05-04 09:49:44", "elapsed": 8185.376799, "delta": 60.572682}}
{"target": 0.9436287781943733, "params": {"alpha_power": -2.3950837276022288}, "datetime": {"datetime": "2024-05-04 09:59:50", "elapsed": 8791.543791, "delta": 606.166992}}
{"target": 0.9207134882488504, "params": {"alpha_power": 1.0749823825765752}, "datetime": {"datetime": "2024-05-04 10:01:07", "elapsed": 8868.333747, "delta": 76.789956}}
{"target": 0.8201839007182065, "params": {"alpha_power": 5.741122992177971}, "datetime": {"datetime": "2024-05-04 10:02:08", "elapsed": 8929.775894, "delta": 61.442147}}
{"target": 0.8201839487112895, "params": {"alpha_power": 4.141125865515733}, "datetime": {"datetime": "2024-05-04 10:03:10", "elapsed": 8991.350671, "delta": 61.574777}}
{"target": 0.9481872160669372, "params": {"alpha_power": -5.219094731313678}, "datetime": {"datetime": "2024-05-04 10:50:42", "elapsed": 11843.976569, "delta": 2852.625898}}
{"target": 0.9439723424061274, "params": {"alpha_power": -2.463066423391613}, "datetime": {"datetime": "2024-05-04 11:02:18", "elapsed": 12539.105425, "delta": 695.128856}}
{"target": 0.9441739774433353, "params": {"alpha_power": -2.544786708393043}, "datetime": {"datetime": "2024-05-04 11:15:32", "elapsed": 13333.736633, "delta": 794.631208}}
{"target": 0.8201838602753823, "params": {"alpha_power": 3.8695960692411973}, "datetime": {"datetime": "2024-05-04 11:16:33", "elapsed": 13394.750936, "delta": 61.014303}}
{"target": 0.8889352155937393, "params": {"alpha_power": 1.5141964555229528}, "datetime": {"datetime": "2024-05-04 11:18:52", "elapsed": 13533.071806, "delta": 138.32087}}
{"target": 0.95134760596776, "params": {"alpha_power": -4.674267433035915}, "datetime": {"datetime": "2024-05-04 12:05:57", "elapsed": 16358.972356, "delta": 2825.90055}}
{"target": 0.9466942304860172, "params": {"alpha_power": -5.993654265968687}, "datetime": {"datetime": "2024-05-04 12:34:01", "elapsed": 18042.325309, "delta": 1683.352953}}
{"target": 0.8201839546370747, "params": {"alpha_power": 5.305994794265995}, "datetime": {"datetime": "2024-05-04 12:35:03", "elapsed": 18104.096001, "delta": 61.770692}}
{"target": 0.9562160536204068, "params": {"alpha_power": -4.321317716867094}, "datetime": {"datetime": "2024-05-04 13:20:09", "elapsed": 20810.400859, "delta": 2706.304858}}
{"target": 0.9446696127662169, "params": {"alpha_power": -2.611288344724239}, "datetime": {"datetime": "2024-05-04 13:36:31", "elapsed": 21792.983747, "delta": 982.582888}}
{"target": 0.9549395008235354, "params": {"alpha_power": -3.67312320323246}, "datetime": {"datetime": "2024-05-04 13:54:05", "elapsed": 22846.494015, "delta": 1053.510268}}
{"target": 0.9326311926234077, "params": {"alpha_power": -1.8538901569880424}, "datetime": {"datetime": "2024-05-04 13:58:53", "elapsed": 23134.387572, "delta": 287.893557}}
{"target": 0.9282561516756311, "params": {"alpha_power": -0.4319701044669842}, "datetime": {"datetime": "2024-05-04 14:00:42", "elapsed": 23243.303933, "delta": 108.916361}}
{"target": 0.9527170099724088, "params": {"alpha_power": -4.9573102034940355}, "datetime": {"datetime": "2024-05-04 14:48:09", "elapsed": 26090.266361, "delta": 2846.962428}}
{"target": 0.945625858092718, "params": {"alpha_power": -3.007530419612199}, "datetime": {"datetime": "2024-05-04 15:16:02", "elapsed": 27763.923627, "delta": 1673.657266}}
{"target": 0.9167227552936194, "params": {"alpha_power": 0.630085350423714}, "datetime": {"datetime": "2024-05-04 15:16:58", "elapsed": 27819.398631, "delta": 55.475004}}
{"target": 0.925643664842718, "params": {"alpha_power": -0.12266532470039132}, "datetime": {"datetime": "2024-05-04 15:18:49", "elapsed": 27930.858797, "delta": 111.460166}}
{"target": 0.9295530557831604, "params": {"alpha_power": -0.7409513531975105}, "datetime": {"datetime": "2024-05-04 15:20:36", "elapsed": 28037.085761, "delta": 106.226964}}
{"target": 0.9292223579088837, "params": {"alpha_power": -1.5843068479392735}, "datetime": {"datetime": "2024-05-04 15:23:07", "elapsed": 28188.086117, "delta": 151.000356}}
{"target": 0.9420411481901511, "params": {"alpha_power": -2.110194657104764}, "datetime": {"datetime": "2024-05-04 15:30:19", "elapsed": 28620.981281, "delta": 432.895164}}
{"target": 0.9534781292217541, "params": {"alpha_power": -4.489758015598666}, "datetime": {"datetime": "2024-05-04 16:15:25", "elapsed": 31326.215976, "delta": 2705.234695}}
{"target": 0.9536128683266949, "params": {"alpha_power": -3.834239597455937}, "datetime": {"datetime": "2024-05-04 16:22:57", "elapsed": 31778.235998, "delta": 452.020022}}
{"target": 0.9531164496913254, "params": {"alpha_power": -4.156300679143362}, "datetime": {"datetime": "2024-05-04 16:50:46", "elapsed": 33447.592493, "delta": 1669.356495}}
{"target": 0.9532302805981624, "params": {"alpha_power": -3.5135736624948173}, "datetime": {"datetime": "2024-05-04 17:35:59", "elapsed": 36160.151877, "delta": 2712.559384}}
{"target": 0.9551404584226442, "params": {"alpha_power": -5.093771330968619}, "datetime": {"datetime": "2024-05-04 18:23:31", "elapsed": 39012.364394, "delta": 2852.212517}}
{"target": 0.9451108062410626, "params": {"alpha_power": -2.834563220462275}, "datetime": {"datetime": "2024-05-04 18:44:45", "elapsed": 40286.630102, "delta": 1274.265708}}
{"target": 0.9534067933716841, "params": {"alpha_power": -4.811076116781182}, "datetime": {"datetime": "2024-05-04 19:31:51", "elapsed": 43112.298659, "delta": 2825.668557}}
{"target": 0.9457499069097206, "params": {"alpha_power": -3.173949874015903}, "datetime": {"datetime": "2024-05-04 20:16:23", "elapsed": 45784.412345, "delta": 2672.113686}}
{"target": 0.9558703877427405, "params": {"alpha_power": -4.397507030670486}, "datetime": {"datetime": "2024-05-04 20:58:17", "elapsed": 48298.471482, "delta": 2514.059137}}
{"target": 0.9570396507455776, "params": {"alpha_power": -3.930646705671897}, "datetime": {"datetime": "2024-05-04 21:23:29", "elapsed": 49810.933926, "delta": 1512.462444}}
