{"target": 0.9436882563099143, "params": {"alpha_power": -2.3097232776875183}, "datetime": {"datetime": "2024-05-05 08:13:59", "elapsed": 0.0, "delta": 0.0}}
{"target": 0.8328481020240741, "params": {"alpha_power": 2.4165886419629548}, "datetime": {"datetime": "2024-05-05 08:15:04", "elapsed": 65.778432, "delta": 65.778432}}
{"target": 0.9174415716998643, "params": {"alpha_power": 0.4200573533659764}, "datetime": {"datetime": "2024-05-05 08:16:02", "elapsed": 123.409794, "delta": 57.631362}}
{"target": 0.9524065658712475, "params": {"alpha_power": -4.89364571636176}, "datetime": {"datetime": "2024-05-05 09:03:43", "elapsed": 2984.27196, "delta": 2860.862166}}
{"target": 0.9436706379932362, "params": {"alpha_power": -5.5685010041218215}, "datetime": {"datetime": "2024-05-05 09:24:01", "elapsed": 4202.041506, "delta": 1217.769546}}
{"target": 0.9283934688993135, "params": {"alpha_power": -0.45155706238786486}, "datetime": {"datetime": "2024-05-05 09:25:51", "elapsed": 4312.364733, "delta": 110.323227}}
{"target": 0.9401821846570003, "params": {"alpha_power": -6.161468765899381}, "datetime": {"datetime": "2024-05-05 09:59:35", "elapsed": 6335.924684, "delta": 2023.559951}}
{"target": 0.9552572388786189, "params": {"alpha_power": -3.6831328688846625}, "datetime": {"datetime": "2024-05-05 10:15:20", "elapsed": 7281.618815, "delta": 945.694131}}
{"target": 0.9296362150831946, "params": {"alpha_power": -1.2014241802190986}, "datetime": {"datetime": "2024-05-05 10:17:19", "elapsed": 7400.636053, "delta": 119.017238}}
{"target": 0.9476207011912223, "params": {"alpha_power": -3.4687689565537942}, "datetime": {"datetime": "2024-05-05 11:06:10", "elapsed": 10331.251422, "delta": 2930.615369}}
{"target": 0.948451363969928, "params": {"alpha_power": -8.0}, "datetime": {"datetime": "2024-05-05 11:49:58", "elapsed": 12959.467231, "delta": 2628.215809}}
{"target": 0.9515148068724735, "params": {"alpha_power": -4.253952704434827}, "datetime": {"datetime": "2024-05-05 12:32:04", "elapsed": 15485.894193, "delta": 2526.426962}}
{"target": 0.9472156344449546, "params": {"alpha_power": -7.193514485259693}, "datetime": {"datetime": "2024-05-05 13:15:46", "elapsed": 18107.724053, "delta": 2621.82986}}
{"target": 0.9332738061517946, "params": {"alpha_power": -7.6198205139820745}, "datetime": {"datetime": "2024-05-05 13:55:15", "elapsed": 20476.838253, "delta": 2369.1142}}
{"target": 0.9480112310074231, "params": {"alpha_power": -6.731054648590234}, "datetime": {"datetime": "2024-05-05 14:32:18", "elapsed": 22699.143571, "delta": 2222.305318}}
{"target": 0.9328109662514054, "params": {"alpha_power": -1.8395293629498477}, "datetime": {"datetime": "2024-05-05 14:37:05", "elapsed": 22986.166273, "delta": 287.022702}}
{"target": 0.9450699141691412, "params": {"alpha_power": -2.7980186544266736}, "datetime": {"datetime": "2024-05-05 14:53:26", "elapsed": 23967.087104, "delta": 980.920831}}
{"target": 0.9571191726610815, "params": {"alpha_power": -3.938917805416877}, "datetime": {"datetime": "2024-05-05 15:20:38", "elapsed": 25599.03755, "delta": 1631.950446}}
{"target": 0.9549816481749331, "params": {"alpha_power": -5.164816802337544}, "datetime": {"datetime": "2024-05-05 16:08:35", "elapsed": 28476.33676, "delta": 2877.29921}}
{"target": 0.9548717981913025, "params": {"alpha_power": -3.832500629675721}, "datetime": {"datetime": "2024-05-05 16:15:53", "elapsed": 28914.554037, "delta": 438.217277}}
{"target": 0.9206036243278728, "params": {"alpha_power": 1.1786519949558927}, "datetime": {"datetime": "2024-05-05 16:17:50", "elapsed": 29031.696721, "delta": 117.142684}}
{"target": 0.9534802561948419, "params": {"alpha_power": -4.253981194114486}, "datetime": {"datetime": "2024-05-05 16:58:42", "elapsed": 31483.343613, "delta": 2451.646892}}
{"target": 0.9572112511300743, "params": {"alpha_power": -3.9397378535557035}, "datetime": {"datetime": "2024-05-05 17:26:26", "elapsed": 33147.096174, "delta": 1663.752561}}
{"target": 0.9552910100514327, "params": {"alpha_power": -4.255347048085384}, "datetime": {"datetime": "2024-05-05 18:08:22", "elapsed": 35663.744886, "delta": 2516.648712}}
{"target": 0.9550640832573876, "params": {"alpha_power": -3.682074899481817}, "datetime": {"datetime": "2024-05-05 18:24:18", "elapsed": 36619.20444, "delta": 955.459554}}
{"target": 0.9522293218080028, "params": {"alpha_power": -5.163696145197306}, "datetime": {"datetime": "2024-05-05 19:12:29", "elapsed": 39510.903734, "delta": 2891.699294}}
{"target": 0.9537477499352344, "params": {"alpha_power": -3.8338126700459485}, "datetime": {"datetime": "2024-05-05 19:20:06", "elapsed": 39967.867187, "delta": 456.963453}}
{"target": 0.9551148112383554, "params": {"alpha_power": -3.6844762278756154}, "datetime": {"datetime": "2024-05-05 19:35:17", "elapsed": 40878.884988, "delta": 911.017801}}
{"target": 0.9570306207128907, "params": {"alpha_power": -3.9410965578455404}, "datetime": {"datetime": "2024-05-05 19:59:42", "elapsed": 42343.220415, "delta": 1464.335427}}
{"target": 0.9532253559507593, "params": {"alpha_power": -4.895039871738527}, "datetime": {"datetime": "2024-05-05 20:47:22", "elapsed": 45203.083488, "delta": 2859.863073}}
{"target": 0.9559661988428612, "params": {"alpha_power": -3.942488022958515}, "datetime": {"datetime": "2024-05-05 21:15:17", "elapsed": 46878.750885, "delta": 1675.667397}}
{"target": 0.9322395751626267, "params": {"alpha_power": -5.166305878494535}, "datetime": {"datetime": "2024-05-05 22:02:58", "elapsed": 49738.951927, "delta": 2860.201042}}
{"target": 0.9559449923053525, "params": {"alpha_power": -3.9438946802904047}, "datetime": {"datetime": "2024-05-05 22:27:42", "elapsed": 51223.734039, "delta": 1484.782112}}
{"target": 0.9567898961154283, "params": {"alpha_power": -3.9373315897529357}, "datetime": {"datetime": "2024-05-05 22:55:18", "elapsed": 52878.998494, "delta": 1655.264455}}
{"target": 0.9572503753206671, "params": {"alpha_power": -3.9358915401993055}, "datetime": {"datetime": "2024-05-05 23:19:46", "elapsed": 54347.163024, "delta": 1468.16453}}
{"target": 0.955061939443531, "params": {"alpha_power": -3.6861733651554793}, "datetime": {"datetime": "2024-05-05 23:34:56", "elapsed": 55256.917809, "delta": 909.754785}}
{"target": 0.9568943004658195, "params": {"alpha_power": -3.9454885544437817}, "datetime": {"datetime": "2024-05-05 23:59:14", "elapsed": 56715.852246, "delta": 1458.934437}}
{"target": 0.9550232297523855, "params": {"alpha_power": -3.687572209432962}, "datetime": {"datetime": "2024-05-06 00:14:13", "elapsed": 57613.90634, "delta": 898.054094}}
{"target": 0.9573061826375764, "params": {"alpha_power": -3.9468523652520897}, "datetime": {"datetime": "2024-05-06 00:38:39", "elapsed": 59080.90494, "delta": 1466.9986}}
{"target": 0.9566099157001322, "params": {"alpha_power": -3.948597465753788}, "datetime": {"datetime": "2024-05-06 01:03:17", "elapsed": 60558.042851, "delta": 1477.137911}}
{"target": 0.9565426263544422, "params": {"alpha_power": -3.9500377786653003}, "datetime": {"datetime": "2024-05-06 01:30:56", "elapsed": 62217.29425, "delta": 1659.251399}}
{"target": 0.9560179716869873, "params": {"alpha_power": -3.9344322992522054}, "datetime": {"datetime": "2024-05-06 01:56:14", "elapsed": 63735.578896, "delta": 1518.284646}}
{"target": 0.9551707472262689, "params": {"alpha_power": -3.6803514923586755}, "datetime": {"datetime": "2024-05-06 02:12:14", "elapsed": 64695.831046, "delta": 960.25215}}
{"target": 0.9572749095879475, "params": {"alpha_power": -3.951937861443543}, "datetime": {"datetime": "2024-05-06 02:36:16", "elapsed": 66137.233059, "delta": 1441.402013}}
{"target": 0.9553766708510741, "params": {"alpha_power": -3.6892337006067546}, "datetime": {"datetime": "2024-05-06 02:50:59", "elapsed": 67020.04171, "delta": 882.808651}}
{"target": 0.955258464651345, "params": {"alpha_power": -3.6789056850861623}, "datetime": {"datetime": "2024-05-06 03:09:26", "elapsed": 68127.465355, "delta": 1107.423645}}
{"target": 0.9550398324673516, "params": {"alpha_power": -3.953717854521484}, "datetime": {"datetime": "2024-05-06 03:33:17", "elapsed": 69558.202304, "delta": 1430.736949}}
{"target": 0.9552174234491984, "params": {"alpha_power": -3.6771348174777883}, "datetime": {"datetime": "2024-05-06 03:52:20", "elapsed": 70701.074066, "delta": 1142.871762}}
{"target": 0.9551469876549735, "params": {"alpha_power": -3.690854195789778}, "datetime": {"datetime": "2024-05-06 04:06:32", "elapsed": 71553.085959, "delta": 852.011893}}
{"target": 0.9554639118178617, "params": {"alpha_power": -3.8305742783151455}, "datetime": {"datetime": "2024-05-06 04:13:59", "elapsed": 72000.67461, "delta": 447.588651}}
{"target": 0.9544332881175197, "params": {"alpha_power": -3.8289975444481295}, "datetime": {"datetime": "2024-05-06 04:21:49", "elapsed": 72470.071015, "delta": 469.396405}}
{"target": 0.9540656270401608, "params": {"alpha_power": -3.933059708643129}, "datetime": {"datetime": "2024-05-06 04:47:19", "elapsed": 74000.177978, "delta": 1530.106963}}
{"target": 0.9552163219344747, "params": {"alpha_power": -3.6756596475637755}, "datetime": {"datetime": "2024-05-06 05:06:21", "elapsed": 75142.400317, "delta": 1142.222339}}
{"target": 0.9551248600855023, "params": {"alpha_power": -3.6739728215414518}, "datetime": {"datetime": "2024-05-06 05:24:57", "elapsed": 76258.24159, "delta": 1115.841273}}
{"target": 0.9552186378207921, "params": {"alpha_power": -3.672333105517329}, "datetime": {"datetime": "2024-05-06 05:42:39", "elapsed": 77320.14858, "delta": 1061.90699}}
{"target": 0.9551315936668932, "params": {"alpha_power": -3.6923048026330356}, "datetime": {"datetime": "2024-05-06 05:56:46", "elapsed": 78167.000151, "delta": 846.851571}}
{"target": 0.9560772440504696, "params": {"alpha_power": -3.931579139688142}, "datetime": {"datetime": "2024-05-06 06:24:29", "elapsed": 79829.923339, "delta": 1662.923188}}
{"target": 0.9551800928424623, "params": {"alpha_power": -3.67092667583049}, "datetime": {"datetime": "2024-05-06 06:42:13", "elapsed": 80894.096178, "delta": 1064.172839}}
{"target": 0.9525895303374968, "params": {"alpha_power": -4.254482307197012}, "datetime": {"datetime": "2024-05-06 07:23:13", "elapsed": 83354.172385, "delta": 2460.076207}}
{"target": 0.9567440365481497, "params": {"alpha_power": -3.944718719664274}, "datetime": {"datetime": "2024-05-06 07:47:40", "elapsed": 84821.756112, "delta": 1467.583727}}
