{"target": 0.5, "params": {"alpha_power": 0.20757460615907064, "l1_ratio": 0.9469626038148141}, "datetime": {"datetime": "2024-05-04 01:15:14", "elapsed": 0.0, "delta": 0.0}}
{"target": 0.5, "params": {"alpha_power": 3.1855171127628825, "l1_ratio": 0.2823958439671127}, "datetime": {"datetime": "2024-05-04 01:17:17", "elapsed": 122.758698, "delta": 122.758698}}
{"target": 0.8965816701819938, "params": {"alpha_power": -3.347455640860169, "l1_ratio": 0.6862220852374669}, "datetime": {"datetime": "2024-05-04 05:22:11", "elapsed": 14816.935705, "delta": 14694.177007}}
{"target": 0.9088114970860177, "params": {"alpha_power": -3.994329562799325, "l1_ratio": 0.39244246646503067}, "datetime": {"datetime": "2024-05-04 07:04:27", "elapsed": 20952.88545, "delta": 6135.949745}}
{"target": 0.5, "params": {"alpha_power": 1.4166281670337106, "l1_ratio": 0.411930094858746}, "datetime": {"datetime": "2024-05-04 07:07:15", "elapsed": 21120.44687, "delta": 167.56142}}
{"target": 0.9362753262424848, "params": {"alpha_power": -5.970421425589366, "l1_ratio": 0.8840321823721048}, "datetime": {"datetime": "2024-05-04 08:58:34", "elapsed": 27800.101435, "delta": 6679.654565}}
{"target": 0.5, "params": {"alpha_power": 4.619370460517683, "l1_ratio": 0.30040968936648094}, "datetime": {"datetime": "2024-05-04 09:00:35", "elapsed": 27921.224617, "delta": 121.123182}}
{"target": 0.5, "params": {"alpha_power": 1.0749823825765752, "l1_ratio": 0.9784269160148309}, "datetime": {"datetime": "2024-05-04 09:03:39", "elapsed": 28104.875399, "delta": 183.650782}}
{"target": 0.5, "params": {"alpha_power": 4.141125865515733, "l1_ratio": 0.06507543905719348}, "datetime": {"datetime": "2024-05-04 09:05:39", "elapsed": 28225.213266, "delta": 120.337867}}
{"target": 0.9190144418831979, "params": {"alpha_power": -2.463066423391613, "l1_ratio": 0.2879344409672464}, "datetime": {"datetime": "2024-05-04 10:42:29", "elapsed": 34035.047011, "delta": 5809.833745}}
{"target": 0.5, "params": {"alpha_power": 3.8695960692411973, "l1_ratio": 0.6261830379602461}, "datetime": {"datetime": "2024-05-04 10:44:29", "elapsed": 34155.282297, "delta": 120.235286}}
{"target": 0.9046296563742044, "params": {"alpha_power": -4.674267433035915, "l1_ratio": 0.0005288111692760555}, "datetime": {"datetime": "2024-05-04 14:18:48", "elapsed": 47013.843969, "delta": 12858.561672}}
{"target": 0.5, "params": {"alpha_power": 5.305994794265995, "l1_ratio": 0.14150075772518977}, "datetime": {"datetime": "2024-05-04 14:20:49", "elapsed": 47135.050317, "delta": 121.206348}}
{"target": 0.9184810942573491, "params": {"alpha_power": -0.9408416860060829, "l1_ratio": 0.3464894401485442}, "datetime": {"datetime": "2024-05-04 14:23:23", "elapsed": 47288.830099, "delta": 153.779782}}
{"target": 0.5, "params": {"alpha_power": 4.437421012766178, "l1_ratio": 0.42860181235228634}, "datetime": {"datetime": "2024-05-04 14:25:24", "elapsed": 47409.998911, "delta": 121.168812}}
{"target": 0.5, "params": {"alpha_power": 3.9450178118730683, "l1_ratio": 0.7178518382260383}, "datetime": {"datetime": "2024-05-04 14:27:26", "elapsed": 47531.447916, "delta": 121.449005}}
{"target": 0.9014596916276565, "params": {"alpha_power": -4.569279669790528, "l1_ratio": 0.5963841727096089}, "datetime": {"datetime": "2024-05-04 17:50:03", "elapsed": 59688.479242, "delta": 12157.031326}}
