{"target": 0.9073894857348307, "params": {"alpha_power": -2.3789148130738753, "l1_ratio": 0.9469626038148141}, "datetime": {"datetime": "2024-05-05 09:16:58", "elapsed": 0.0, "delta": 0.0}}
{"target": 0.9076363155358178, "params": {"alpha_power": -0.6417816842216517, "l1_ratio": 0.2823958439671127}, "datetime": {"datetime": "2024-05-05 09:20:39", "elapsed": 221.172672, "delta": 221.172672}}
{"target": 0.9033879887556344, "params": {"alpha_power": -4.452682457168432, "l1_ratio": 0.6862220852374669}, "datetime": {"datetime": "2024-05-05 12:01:30", "elapsed": 9871.870804, "delta": 9650.698132}}
{"target": 0.9033801720268407, "params": {"alpha_power": -4.830025578299606, "l1_ratio": 0.39244246646503067}, "datetime": {"datetime": "2024-05-05 15:32:04", "elapsed": 22506.659471, "delta": 12634.788667}}
{"target": 0.906482323495547, "params": {"alpha_power": -1.6736335692303355, "l1_ratio": 0.411930094858746}, "datetime": {"datetime": "2024-05-05 15:56:00", "elapsed": 23941.753224, "delta": 1435.093753}}
{"target": 0.9367299686146369, "params": {"alpha_power": -5.982745831593797, "l1_ratio": 0.8840321823721048}, "datetime": {"datetime": "2024-05-05 17:49:01", "elapsed": 30722.71208, "delta": 6780.958856}}
{"target": 0.5, "params": {"alpha_power": 0.19463276863531487, "l1_ratio": 0.30040968936648094}, "datetime": {"datetime": "2024-05-05 17:51:40", "elapsed": 30881.976206, "delta": 159.264126}}
{"target": 0.8798061825483818, "params": {"alpha_power": -1.8729269434969984, "l1_ratio": 0.9784269160148309}, "datetime": {"datetime": "2024-05-05 18:31:42", "elapsed": 33283.740483, "delta": 2401.764277}}
{"target": 0.8931157875681462, "params": {"alpha_power": -0.08434324511582236, "l1_ratio": 0.06507543905719348}, "datetime": {"datetime": "2024-05-05 18:37:16", "elapsed": 33617.843375, "delta": 334.102892}}
{"target": 0.9112249879325047, "params": {"alpha_power": -3.936788746978441, "l1_ratio": 0.2879344409672464}, "datetime": {"datetime": "2024-05-05 20:21:42", "elapsed": 39883.786015, "delta": 6265.94264}}
{"target": 0.5, "params": {"alpha_power": -0.24273562627596856, "l1_ratio": 0.6261830379602461}, "datetime": {"datetime": "2024-05-05 20:24:08", "elapsed": 40029.997913, "delta": 146.211898}}
{"target": 0.9123876992685075, "params": {"alpha_power": -5.226656002604283, "l1_ratio": 0.0005288111692760555}, "datetime": {"datetime": "2024-05-06 00:03:47", "elapsed": 53209.073863, "delta": 13179.07595}}
{"target": 0.5, "params": {"alpha_power": 0.5951636299884973, "l1_ratio": 0.14150075772518977}, "datetime": {"datetime": "2024-05-06 00:06:56", "elapsed": 53397.825116, "delta": 188.751253}}
{"target": 0.9062531741800018, "params": {"alpha_power": -3.048824316836882, "l1_ratio": 0.3464894401485442}, "datetime": {"datetime": "2024-05-06 03:50:00", "elapsed": 66782.29144, "delta": 13384.466324}}
{"target": 0.5, "params": {"alpha_power": 0.08849559078027092, "l1_ratio": 0.42860181235228634}, "datetime": {"datetime": "2024-05-06 03:52:37", "elapsed": 66938.765522, "delta": 156.474082}}
{"target": 0.9095557826496791, "params": {"alpha_power": -0.4665219404546619, "l1_ratio": 0.06862592650839439}, "datetime": {"datetime": "2024-05-06 03:58:08", "elapsed": 67269.748894, "delta": 330.983372}}
{"target": 0.8956707418536514, "params": {"alpha_power": -5.299734527993537, "l1_ratio": 1.0}, "datetime": {"datetime": "2024-05-06 07:28:03", "elapsed": 79865.10926, "delta": 12595.360366}}
{"target": 0.9410620900522917, "params": {"alpha_power": -6.0, "l1_ratio": 0.1534969572219325}, "datetime": {"datetime": "2024-05-06 09:37:29", "elapsed": 87631.113922, "delta": 7766.004662}}
{"target": 0.9398383177303948, "params": {"alpha_power": -1.1595366993666691, "l1_ratio": 0.0}, "datetime": {"datetime": "2024-05-06 09:44:21", "elapsed": 88042.979609, "delta": 411.865687}}
{"target": 0.8760562036700446, "params": {"alpha_power": -3.471303222372231, "l1_ratio": 0.9910044536860955}, "datetime": {"datetime": "2024-05-06 11:53:20", "elapsed": 95782.299351, "delta": 7739.319742}}
{"target": 0.9347337335586584, "params": {"alpha_power": -2.3747926383421, "l1_ratio": 0.00038682448103943834}, "datetime": {"datetime": "2024-05-06 12:44:01", "elapsed": 98822.721802, "delta": 3040.422451}}
{"target": 0.5, "params": {"alpha_power": 0.6652862327766558, "l1_ratio": 0.23151882309919258}, "datetime": {"datetime": "2024-05-06 12:47:26", "elapsed": 99027.827977, "delta": 205.106175}}
{"target": 0.9350560323623451, "params": {"alpha_power": -5.968201994914086, "l1_ratio": 0.8878412489271119}, "datetime": {"datetime": "2024-05-06 14:39:59", "elapsed": 105781.472033, "delta": 6753.644056}}
{"target": 0.9043652878121939, "params": {"alpha_power": -4.420719826281258, "l1_ratio": 0.0014779005190505012}, "datetime": {"datetime": "2024-05-06 18:16:11", "elapsed": 118753.377643, "delta": 12971.90561}}
{"target": 0.9172161839492707, "params": {"alpha_power": -1.1771761674924983, "l1_ratio": 0.7322700272670998}, "datetime": {"datetime": "2024-05-06 18:18:41", "elapsed": 118903.496296, "delta": 150.118653}}
{"target": 0.8956253389987502, "params": {"alpha_power": -3.449440806105621, "l1_ratio": 0.0}, "datetime": {"datetime": "2024-05-06 22:28:50", "elapsed": 133911.928851, "delta": 15008.432555}}
{"target": 0.9558059566726886, "params": {"alpha_power": -5.5631844142062565, "l1_ratio": 0.4490331057934709}, "datetime": {"datetime": "2024-05-07 00:08:30", "elapsed": 139891.821512, "delta": 5979.892661}}
{"target": 0.9077731953067261, "params": {"alpha_power": -3.0443721352029147, "l1_ratio": 0.3444906529699787}, "datetime": {"datetime": "2024-05-07 03:15:55", "elapsed": 151137.411495, "delta": 11245.589983}}
{"target": 0.9051735817507364, "params": {"alpha_power": -2.449133520483151, "l1_ratio": 0.4560935312915729}, "datetime": {"datetime": "2024-05-07 06:21:49", "elapsed": 162291.077645, "delta": 11153.66615}}
{"target": 0.8670886802131982, "params": {"alpha_power": -4.019734859483655, "l1_ratio": 0.9975294927585462}, "datetime": {"datetime": "2024-05-07 09:53:04", "elapsed": 174966.16768, "delta": 12675.090035}}
{"target": 0.9225587721398429, "params": {"alpha_power": -2.8275146370565483, "l1_ratio": 0.0}, "datetime": {"datetime": "2024-05-07 11:41:05", "elapsed": 181447.488758, "delta": 6481.321078}}
{"target": 0.8869818565484323, "params": {"alpha_power": -2.8808364084812217, "l1_ratio": 0.996251830752488}, "datetime": {"datetime": "2024-05-07 13:26:16", "elapsed": 187758.509375, "delta": 6311.020617}}
{"target": 0.9344550795718856, "params": {"alpha_power": -1.7218579019872138, "l1_ratio": 0.0015669454899133184}, "datetime": {"datetime": "2024-05-07 13:35:02", "elapsed": 188284.166825, "delta": 525.65745}}
{"target": 0.9010580021123417, "params": {"alpha_power": -4.763981161197889, "l1_ratio": 1.0}, "datetime": {"datetime": "2024-05-07 16:36:20", "elapsed": 199162.469763, "delta": 10878.302938}}
{"target": 0.9171776179007471, "params": {"alpha_power": -1.097968028782128, "l1_ratio": 0.350867522508934}, "datetime": {"datetime": "2024-05-07 16:40:03", "elapsed": 199385.599577, "delta": 223.129814}}
{"target": 0.9333051669021002, "params": {"alpha_power": -5.990011295001866, "l1_ratio": 0.5168574072635049}, "datetime": {"datetime": "2024-05-07 18:32:44", "elapsed": 206146.159994, "delta": 6760.560417}}
{"target": 0.9520217443748876, "params": {"alpha_power": -5.661889322343477, "l1_ratio": 0.018692488434931986}, "datetime": {"datetime": "2024-05-07 20:04:52", "elapsed": 211673.80264, "delta": 5527.642646}}
{"target": 0.8982281311977793, "params": {"alpha_power": -1.384946297397843, "l1_ratio": 1.0}, "datetime": {"datetime": "2024-05-07 20:13:04", "elapsed": 212165.741237, "delta": 491.938597}}
{"target": 0.5, "params": {"alpha_power": 1.0, "l1_ratio": 1.0}, "datetime": {"datetime": "2024-05-07 20:16:29", "elapsed": 212370.858482, "delta": 205.117245}}
{"target": 0.9112936625711999, "params": {"alpha_power": -3.9593385708940096, "l1_ratio": 0.0}, "datetime": {"datetime": "2024-05-07 22:59:06", "elapsed": 222128.520611, "delta": 9757.662129}}
{"target": 0.9024148960172603, "params": {"alpha_power": -5.2092056929931125, "l1_ratio": 0.583121447420711}, "datetime": {"datetime": "2024-05-08 02:31:47", "elapsed": 234888.851148, "delta": 12760.330537}}
{"target": 0.9420128435787258, "params": {"alpha_power": -0.8349621582802444, "l1_ratio": 0.0}, "datetime": {"datetime": "2024-05-08 02:37:32", "elapsed": 235234.519216, "delta": 345.668068}}
{"target": 0.9290781367437869, "params": {"alpha_power": -2.058637720015047, "l1_ratio": 0.17611585923049777}, "datetime": {"datetime": "2024-05-08 03:20:30", "elapsed": 237811.91706, "delta": 2577.397844}}
{"target": 0.9049695479407603, "params": {"alpha_power": -5.7352093520803145, "l1_ratio": 0.2606058863938031}, "datetime": {"datetime": "2024-05-08 04:39:38", "elapsed": 242560.43335, "delta": 4748.51629}}
{"target": 0.9418085998607573, "params": {"alpha_power": -6.0, "l1_ratio": 0.0}, "datetime": {"datetime": "2024-05-08 07:11:06", "elapsed": 251648.043787, "delta": 9087.610437}}
{"target": 0.9553668647327441, "params": {"alpha_power": -5.582395030085141, "l1_ratio": 0.7257327333704582}, "datetime": {"datetime": "2024-05-08 09:37:35", "elapsed": 260437.611353, "delta": 8789.567566}}
{"target": 0.8863850934082624, "params": {"alpha_power": -0.9862801795258305, "l1_ratio": 0.9999525784448567}, "datetime": {"datetime": "2024-05-08 09:40:26", "elapsed": 260608.280489, "delta": 170.669136}}
{"target": 0.9042987148042119, "params": {"alpha_power": -4.320561400900523, "l1_ratio": 0.3205843674315496}, "datetime": {"datetime": "2024-05-08 12:44:14", "elapsed": 271636.036333, "delta": 11027.755844}}
{"target": 0.919058010111427, "params": {"alpha_power": -2.7962339092983, "l1_ratio": 0.6030135612584686}, "datetime": {"datetime": "2024-05-08 14:56:35", "elapsed": 279576.874213, "delta": 7940.83788}}
{"target": 0.9242948287653453, "params": {"alpha_power": -2.6834320856032816, "l1_ratio": 0.23684783319530348}, "datetime": {"datetime": "2024-05-08 16:37:18", "elapsed": 285620.420621, "delta": 6043.546408}}
{"target": 0.9043055056452936, "params": {"alpha_power": -4.805983106949962, "l1_ratio": 0.0034684468882902886}, "datetime": {"datetime": "2024-05-08 20:12:34", "elapsed": 298535.672879, "delta": 12915.252258}}
{"target": 0.9107747569419683, "params": {"alpha_power": -2.0536219085676994, "l1_ratio": 0.6156454763832467}, "datetime": {"datetime": "2024-05-08 21:07:58", "elapsed": 301859.756663, "delta": 3324.083784}}
{"target": 0.9530600482009296, "params": {"alpha_power": -5.371836437791302, "l1_ratio": 0.2618471276239239}, "datetime": {"datetime": "2024-05-09 00:55:52", "elapsed": 315534.156863, "delta": 13674.4002}}
{"target": 0.9278992515318969, "params": {"alpha_power": -2.0720355263919052, "l1_ratio": 0.0004162447853416351}, "datetime": {"datetime": "2024-05-09 01:14:32", "elapsed": 316653.836541, "delta": 1119.679678}}
{"target": 0.9375619518012769, "params": {"alpha_power": -1.4412569637451715, "l1_ratio": 0.0}, "datetime": {"datetime": "2024-05-09 01:21:46", "elapsed": 317088.661983, "delta": 434.825442}}
{"target": 0.887637497100026, "params": {"alpha_power": -3.7648896660534374, "l1_ratio": 0.6392509474151503}, "datetime": {"datetime": "2024-05-09 05:50:42", "elapsed": 333224.017878, "delta": 16135.355895}}
{"target": 0.9381262242684489, "params": {"alpha_power": -0.23525038365162843, "l1_ratio": 0.00013880691638390452}, "datetime": {"datetime": "2024-05-09 05:54:23", "elapsed": 333445.489918, "delta": 221.47204}}
{"target": 0.9436247055888127, "params": {"alpha_power": -5.484938382721314, "l1_ratio": 0.0}, "datetime": {"datetime": "2024-05-09 07:25:02", "elapsed": 338884.528257, "delta": 5439.038339}}
{"target": 0.8735101699555441, "params": {"alpha_power": -4.4349118114679635, "l1_ratio": 1.0}, "datetime": {"datetime": "2024-05-09 11:18:14", "elapsed": 352875.976704, "delta": 13991.448447}}
{"target": 0.9146195954147126, "params": {"alpha_power": -0.883511964399843, "l1_ratio": 0.18559834940875253}, "datetime": {"datetime": "2024-05-09 11:21:44", "elapsed": 353085.953142, "delta": 209.976438}}
{"target": 0.9528605465401808, "params": {"alpha_power": -5.460244798568805, "l1_ratio": 0.5604527529313132}, "datetime": {"datetime": "2024-05-09 15:02:09", "elapsed": 366311.544735, "delta": 13225.591593}}
