{"target": 0.5000748213411901, "params": {"alpha_power": 0.20757460615907064, "gamma": 946.9679075544326, "n_components": 1554.3735428541231}, "datetime": {"datetime": "2024-05-04 07:31:38", "elapsed": 0.0, "delta": 0.0}}
{"target": 0.5024637648569314, "params": {"alpha_power": -2.6112498723946476, "gamma": 221.1232587253264, "n_components": 1403.821961951187}, "datetime": {"datetime": "2024-05-04 07:32:32", "elapsed": 53.437531, "delta": 53.437531}}
{"target": 0.5017301264910865, "params": {"alpha_power": -3.994329562799325, "gamma": 392.50322221838417, "n_components": 1274.2994597803374}, "datetime": {"datetime": "2024-05-04 07:33:26", "elapsed": 107.81295, "delta": 54.375419}}
{"target": 0.5030841077589538, "params": {"alpha_power": -1.0568388616950486, "gamma": 2.5646347127660825, "n_components": 1779.661146506999}, "datetime": {"datetime": "2024-05-04 07:34:26", "elapsed": 167.234345, "delta": 59.421395}}
{"target": 0.499735402040966, "params": {"alpha_power": 4.619370460517683, "gamma": 300.4796483975443, "n_components": 1220.2055439079577}, "datetime": {"datetime": "2024-05-04 07:35:18", "elapsed": 219.986838, "delta": 52.752493}}
{"target": 0.5, "params": {"alpha_power": 5.741122992177971, "gamma": 845.1093127440985, "n_components": 223.64333420866762}, "datetime": {"datetime": "2024-05-04 07:35:54", "elapsed": 255.410164, "delta": 35.423326}}
{"target": 0.49909065666378866, "params": {"alpha_power": -2.463066423391613, "gamma": 288.0056475231497, "n_components": 1662.6860442965228}, "datetime": {"datetime": "2024-05-04 07:36:51", "elapsed": 312.346581, "delta": 56.936417}}
{"target": 0.49634189363368647, "params": {"alpha_power": 1.5141964555229528, "gamma": 110.5666661422824, "n_components": 101.0047412216245}, "datetime": {"datetime": "2024-05-04 07:37:35", "elapsed": 357.006417, "delta": 44.659836}}
{"target": 0.5, "params": {"alpha_power": 5.305994794265995, "gamma": 141.58660764941726, "n_components": 901.0333997157035}, "datetime": {"datetime": "2024-05-04 07:38:24", "elapsed": 405.260006, "delta": 48.253589}}
{"target": 0.5031361726853357, "params": {"alpha_power": -1.8421267182174699, "gamma": 869.7981058887418, "n_components": 914.343443469344}, "datetime": {"datetime": "2024-05-04 07:39:10", "elapsed": 451.719718, "delta": 46.459712}}
{"target": 0.49766152018106097, "params": {"alpha_power": 3.9450178118730683, "gamma": 717.8800530422156, "n_components": 326.5307189498331}, "datetime": {"datetime": "2024-05-04 07:39:48", "elapsed": 489.715816, "delta": 37.996098}}
{"target": 0.5003221447523738, "params": {"alpha_power": 1.1566100725153063, "gamma": 129.84332207540942, "n_components": 247.31477428163663}, "datetime": {"datetime": "2024-05-04 07:40:23", "elapsed": 525.053166, "delta": 35.33735}}
{"target": 0.4990783933169343, "params": {"alpha_power": 3.974463068285017, "gamma": 464.43917621872447, "n_components": 407.82371010522303}, "datetime": {"datetime": "2024-05-04 07:41:03", "elapsed": 565.037756, "delta": 39.98459}}
{"target": 0.5040701554801181, "params": {"alpha_power": 0.5757035051160795, "gamma": 588.5269732601583, "n_components": 1569.8650212438952}, "datetime": {"datetime": "2024-05-04 07:42:02", "elapsed": 623.416472, "delta": 58.378716}}
{"target": 0.49661172106368856, "params": {"alpha_power": 1.8701454960828396, "gamma": 557.7509888024751, "n_components": 438.66980648327234}, "datetime": {"datetime": "2024-05-04 07:42:53", "elapsed": 674.653337, "delta": 51.236865}}
{"target": 0.5025393587277166, "params": {"alpha_power": -3.1129976253838425, "gamma": 506.1040269056224, "n_components": 853.8168277766752}, "datetime": {"datetime": "2024-05-04 07:43:41", "elapsed": 722.798992, "delta": 48.145655}}
{"target": 0.5019357493380314, "params": {"alpha_power": -0.2033377746847025, "gamma": 955.744267104077, "n_components": 1813.0441663340234}, "datetime": {"datetime": "2024-05-04 07:44:41", "elapsed": 782.786678, "delta": 59.987686}}
{"target": 0.4984605669110165, "params": {"alpha_power": 0.06911186373018197, "gamma": 820.7194150143986, "n_components": 1672.6602595424642}, "datetime": {"datetime": "2024-05-04 07:45:39", "elapsed": 840.707127, "delta": 57.920449}}
{"target": 0.5028827242465748, "params": {"alpha_power": -3.217999828775347, "gamma": 79.14758085628993, "n_components": 984.9495603102263}, "datetime": {"datetime": "2024-05-04 07:46:29", "elapsed": 890.41378, "delta": 49.706653}}
{"target": 0.4997692454932623, "params": {"alpha_power": 4.547709700851279, "gamma": 147.58830839998285, "n_components": 539.3774800900023}, "datetime": {"datetime": "2024-05-04 07:47:11", "elapsed": 932.643246, "delta": 42.229466}}
{"target": 0.5, "params": {"alpha_power": 5.015349668447158, "gamma": 129.15062125341007, "n_components": 1841.174671925095}, "datetime": {"datetime": "2024-05-04 07:48:15", "elapsed": 996.455217, "delta": 63.811971}}
{"target": 0.5026841650209006, "params": {"alpha_power": -3.1824293890644353, "gamma": 616.0251699626384, "n_components": 1908.016744002402}, "datetime": {"datetime": "2024-05-04 07:49:20", "elapsed": 1061.458206, "delta": 65.002989}}
{"target": 0.4985776385327557, "params": {"alpha_power": -2.9384301633319696, "gamma": 450.3101228301559, "n_components": 1947.7837828103382}, "datetime": {"datetime": "2024-05-04 07:50:26", "elapsed": 1127.473302, "delta": 66.015096}}
{"target": 0.5005409370626845, "params": {"alpha_power": -3.127548022060336, "gamma": 198.76143456435943, "n_components": 1407.0981161499524}, "datetime": {"datetime": "2024-05-04 07:51:22", "elapsed": 1183.773084, "delta": 56.299782}}
{"target": 0.5020871552725156, "params": {"alpha_power": 4.140110336028862, "gamma": 453.37085019862343, "n_components": 292.6030523202274}, "datetime": {"datetime": "2024-05-04 07:51:59", "elapsed": 1221.034762, "delta": 37.261678}}
{"target": 0.49950252924169936, "params": {"alpha_power": -4.626859026900615, "gamma": 870.2319844960915, "n_components": 915.7488243569699}, "datetime": {"datetime": "2024-05-04 07:52:52", "elapsed": 1273.703717, "delta": 52.668955}}
{"target": 0.5, "params": {"alpha_power": 5.213862635477918, "gamma": 738.1716959120861, "n_components": 1588.8719619989117}, "datetime": {"datetime": "2024-05-04 07:53:52", "elapsed": 1333.220397, "delta": 59.51668}}
{"target": 0.4984331717144378, "params": {"alpha_power": 1.3784666643473784, "gamma": 309.1107598959832, "n_components": 1689.3739897998282}, "datetime": {"datetime": "2024-05-04 07:56:40", "elapsed": 1501.359127, "delta": 168.13873}}
{"target": 0.49783037315652834, "params": {"alpha_power": 2.4287657743928577, "gamma": 342.5069916406103, "n_components": 1709.442855331575}, "datetime": {"datetime": "2024-05-04 07:57:50", "elapsed": 1571.371013, "delta": 70.011886}}
{"target": 0.4995371320256023, "params": {"alpha_power": -4.848994428711187, "gamma": 484.9075728753332, "n_components": 551.1635209072494}, "datetime": {"datetime": "2024-05-04 07:58:36", "elapsed": 1617.952412, "delta": 46.581399}}
{"target": 0.5, "params": {"alpha_power": 5.750277973212732, "gamma": 617.8548964819456, "n_components": 1033.783406936153}, "datetime": {"datetime": "2024-05-04 07:59:27", "elapsed": 1668.229327, "delta": 50.276915}}
{"target": 0.4973244274705445, "params": {"alpha_power": 1.4449495355779236, "gamma": 8.608253152365998, "n_components": 1741.7690369638958}, "datetime": {"datetime": "2024-05-04 08:02:01", "elapsed": 1822.782422, "delta": 154.553095}}
{"target": 0.5001361192781789, "params": {"alpha_power": 3.8085759790618514, "gamma": 347.93562338965774, "n_components": 1776.4459570090235}, "datetime": {"datetime": "2024-05-04 08:03:03", "elapsed": 1885.027862, "delta": 62.24544}}
{"target": 0.4990373679954835, "params": {"alpha_power": -5.733353391623723, "gamma": 964.2617610000777, "n_components": 1041.2036460743452}, "datetime": {"datetime": "2024-05-04 08:04:22", "elapsed": 1963.848454, "delta": 78.820592}}
{"target": 0.49890556206684816, "params": {"alpha_power": -2.7948025728349264, "gamma": 652.7887738649439, "n_components": 1669.7567377796333}, "datetime": {"datetime": "2024-05-04 08:05:24", "elapsed": 2025.401058, "delta": 61.552604}}
{"target": 0.49721687683382704, "params": {"alpha_power": 1.4173925633543085, "gamma": 952.1018604652697, "n_components": 1383.7122043388406}, "datetime": {"datetime": "2024-05-04 08:07:37", "elapsed": 2158.911399, "delta": 133.510341}}
{"target": 0.4986986790912932, "params": {"alpha_power": -0.5426754748561287, "gamma": 367.4412648507198, "n_components": 332.0036366948866}, "datetime": {"datetime": "2024-05-04 08:08:14", "elapsed": 2195.642129, "delta": 36.73073}}
{"target": 0.5003937911766769, "params": {"alpha_power": 2.14213406929116, "gamma": 855.147729061541, "n_components": 509.4626560406415}, "datetime": {"datetime": "2024-05-04 08:09:03", "elapsed": 2244.533437, "delta": 48.891308}}
{"target": 0.49904681541382906, "params": {"alpha_power": 3.087067320408046, "gamma": 698.2843148029423, "n_components": 1953.9884318800591}, "datetime": {"datetime": "2024-05-04 08:10:09", "elapsed": 2310.978516, "delta": 66.445079}}
