{"target": 0.518400245519489, "params": {"alpha_power": -3.9255573583225476, "gamma_power": -1.5866038101503617, "n_components": 587.5078431800866}, "datetime": {"datetime": "2024-05-04 11:18:01", "elapsed": 10908.35413, "delta": 42.19016}}
{"target": 0.5, "params": {"alpha_power": 5.327573503589978, "gamma_power": 0.9395717420267973, "n_components": 820.832675130533}, "datetime": {"datetime": "2024-05-04 11:18:48", "elapsed": 10954.678771, "delta": 46.324641}}
{"target": 0.5630378909356177, "params": {"alpha_power": 3.9476715900385067, "gamma_power": -1.6230980134070323, "n_components": 1437.2919575839178}, "datetime": {"datetime": "2024-05-04 11:19:44", "elapsed": 11011.332207, "delta": 56.653436}}
{"target": 0.9274914163350223, "params": {"alpha_power": -5.955844347859069, "gamma_power": -2.994426176346799, "n_components": 744.7297319667798}, "datetime": {"datetime": "2024-05-04 11:20:55", "elapsed": 11082.017012, "delta": 70.684805}}
{"target": 0.5002727676242844, "params": {"alpha_power": 4.432493160409495, "gamma_power": 1.966279634106213, "n_components": 945.7270226872157}, "datetime": {"datetime": "2024-05-04 11:21:43", "elapsed": 11129.724669, "delta": 47.707657}}
{"target": 0.6077075031417332, "params": {"alpha_power": 5.061458138381818, "gamma_power": -1.8265025077872958, "n_components": 468.94382607330823}, "datetime": {"datetime": "2024-05-04 11:22:22", "elapsed": 11168.805937, "delta": 39.081268}}
{"target": 0.5, "params": {"alpha_power": 5.987598597261073, "gamma_power": -0.9688145122085077, "n_components": 1837.8587904485291}, "datetime": {"datetime": "2024-05-04 11:23:26", "elapsed": 11232.41424, "delta": 63.608303}}
{"target": 0.5014397770256844, "params": {"alpha_power": -5.751704814185979, "gamma_power": -1.102367639163147, "n_components": 139.10274347348098}, "datetime": {"datetime": "2024-05-04 11:24:05", "elapsed": 11272.358496, "delta": 39.944256}}
{"target": 0.4989033708101477, "params": {"alpha_power": -5.278757177630569, "gamma_power": -1.2639282580693552, "n_components": 195.9413054400223}, "datetime": {"datetime": "2024-05-04 11:24:43", "elapsed": 11310.366047, "delta": 38.007551}}
{"target": 0.9034287255234187, "params": {"alpha_power": 0.8241289356585311, "gamma_power": -3.0, "n_components": 1837.2435122798}, "datetime": {"datetime": "2024-05-04 11:25:46", "elapsed": 11372.801049, "delta": 62.435002}}
{"target": 0.5349661296781455, "params": {"alpha_power": -1.2228584614156652, "gamma_power": -1.5659709437672062, "n_components": 1838.0025170912506}, "datetime": {"datetime": "2024-05-04 11:26:46", "elapsed": 11432.643623, "delta": 59.842574}}
{"target": 0.8439767506574981, "params": {"alpha_power": 5.986461965142162, "gamma_power": -2.813671395187378, "n_components": 1139.5604195525611}, "datetime": {"datetime": "2024-05-04 11:27:38", "elapsed": 11484.682602, "delta": 52.038979}}
{"target": 0.790905492107098, "params": {"alpha_power": 3.6501700073176213, "gamma_power": -2.474882775229884, "n_components": 1141.5325858100218}, "datetime": {"datetime": "2024-05-04 11:28:30", "elapsed": 11536.940052, "delta": 52.25745}}
{"target": 0.5010419998044294, "params": {"alpha_power": 3.9423160979203384, "gamma_power": -0.9076170376254407, "n_components": 1139.0636789269201}, "datetime": {"datetime": "2024-05-04 11:29:22", "elapsed": 11588.892002, "delta": 51.95195}}
{"target": 0.6594551245945843, "params": {"alpha_power": 5.810951852866912, "gamma_power": -2.0081277074603827, "n_components": 1142.7756169777394}, "datetime": {"datetime": "2024-05-04 11:30:14", "elapsed": 11640.954259, "delta": 52.062257}}
{"target": 0.884578831640779, "params": {"alpha_power": -0.1395571184473514, "gamma_power": -2.701448840935486, "n_components": 1834.528740464528}, "datetime": {"datetime": "2024-05-04 11:31:14", "elapsed": 11700.98193, "delta": 60.027671}}
{"target": 0.8656713303667039, "params": {"alpha_power": -1.675166718614804, "gamma_power": -2.5642658782956955, "n_components": 1831.7973370642085}, "datetime": {"datetime": "2024-05-04 11:32:13", "elapsed": 11760.161163, "delta": 59.179233}}
{"target": 0.4989934220927699, "params": {"alpha_power": -1.6463495768189702, "gamma_power": -0.6382858190402594, "n_components": 1832.369414227175}, "datetime": {"datetime": "2024-05-04 11:33:13", "elapsed": 11820.107623, "delta": 59.94646}}
{"target": 0.7670959446468446, "params": {"alpha_power": 0.8813247137900042, "gamma_power": -2.18315557013958, "n_components": 1829.9944940468702}, "datetime": {"datetime": "2024-05-04 11:34:16", "elapsed": 11882.731328, "delta": 62.623705}}
{"target": 0.9304569130629504, "params": {"alpha_power": -5.16301458681844, "gamma_power": -2.7900569996071196, "n_components": 1736.2394385376579}, "datetime": {"datetime": "2024-05-04 11:35:37", "elapsed": 11964.228791, "delta": 81.497463}}
{"target": 0.9119161463669586, "params": {"alpha_power": -2.287214979450056, "gamma_power": -3.0, "n_components": 1829.5051350012545}, "datetime": {"datetime": "2024-05-04 11:36:34", "elapsed": 12021.185863, "delta": 56.957072}}
{"target": 0.6693100099908482, "params": {"alpha_power": -4.965109544902488, "gamma_power": -1.8514687769716478, "n_components": 1828.2483054915951}, "datetime": {"datetime": "2024-05-04 11:37:48", "elapsed": 12095.107446, "delta": 73.921583}}
{"target": 0.9264001726876675, "params": {"alpha_power": -4.685020104002636, "gamma_power": -2.784825706627938, "n_components": 1831.9638622556472}, "datetime": {"datetime": "2024-05-04 11:38:55", "elapsed": 12161.93244, "delta": 66.824994}}
{"target": 0.8895964960319136, "params": {"alpha_power": -1.099993006035664, "gamma_power": -2.7533966160721306, "n_components": 1827.7388099267328}, "datetime": {"datetime": "2024-05-04 11:39:54", "elapsed": 12221.001519, "delta": 59.069079}}
{"target": 0.9125105341309279, "params": {"alpha_power": -5.747535447881764, "gamma_power": -2.6401173888148426, "n_components": 1734.2351612604493}, "datetime": {"datetime": "2024-05-04 11:42:06", "elapsed": 12353.089976, "delta": 132.088457}}
{"target": 0.9037370864386907, "params": {"alpha_power": -0.6761157412639358, "gamma_power": -2.994683750915307, "n_components": 1824.5861886289174}, "datetime": {"datetime": "2024-05-04 11:43:06", "elapsed": 12412.711868, "delta": 59.621892}}
{"target": 0.5011812233985651, "params": {"alpha_power": 1.5115426704573167, "gamma_power": -1.0381035720069944, "n_components": 1825.50504630053}, "datetime": {"datetime": "2024-05-04 11:45:34", "elapsed": 12560.487016, "delta": 147.775148}}
{"target": 0.889903280529302, "params": {"alpha_power": -3.588035325836045, "gamma_power": -2.4978639597958967, "n_components": 1823.0740236483928}, "datetime": {"datetime": "2024-05-04 11:46:33", "elapsed": 12619.466944, "delta": 58.979928}}
{"target": 0.567464134007157, "params": {"alpha_power": -2.566438358611964, "gamma_power": -1.6666178863102046, "n_components": 1825.571671762123}, "datetime": {"datetime": "2024-05-04 11:47:33", "elapsed": 12679.54381, "delta": 60.076866}}
{"target": 0.5021041781792343, "params": {"alpha_power": -1.1314360666911778, "gamma_power": -1.1247904160227755, "n_components": 1821.5920544390547}, "datetime": {"datetime": "2024-05-04 11:48:33", "elapsed": 12739.423521, "delta": 59.879711}}
{"target": 0.8057436128924873, "params": {"alpha_power": -5.601875441238152, "gamma_power": -2.1317626603825683, "n_components": 1819.4847888544875}, "datetime": {"datetime": "2024-05-04 11:50:12", "elapsed": 12838.689261, "delta": 99.26574}}
{"target": 0.49928086262596344, "params": {"alpha_power": -5.900296934435401, "gamma_power": -1.1103380401326648, "n_components": 1822.6247529755728}, "datetime": {"datetime": "2024-05-04 11:52:08", "elapsed": 12954.935615, "delta": 116.246354}}
{"target": 0.9373332666673255, "params": {"alpha_power": -5.7171565307446635, "gamma_power": -2.8744843381154785, "n_components": 1832.6611259745362}, "datetime": {"datetime": "2024-05-04 11:53:32", "elapsed": 13038.405539, "delta": 83.469924}}
{"target": 0.5025015232175502, "params": {"alpha_power": -5.93500862997097, "gamma_power": -0.8081744946870053, "n_components": 1833.3387584857226}, "datetime": {"datetime": "2024-05-04 11:55:28", "elapsed": 13154.863519, "delta": 116.45798}}
{"target": 0.9178964744972478, "params": {"alpha_power": -3.3100876201455955, "gamma_power": -2.794248176535289, "n_components": 1833.5905724998897}, "datetime": {"datetime": "2024-05-04 11:56:26", "elapsed": 13213.048252, "delta": 58.184733}}
{"target": 0.7544407827906304, "params": {"alpha_power": -5.652773484203751, "gamma_power": -2.0255724092436918, "n_components": 1730.6340636193925}, "datetime": {"datetime": "2024-05-04 11:58:05", "elapsed": 13312.033841, "delta": 98.985589}}
{"target": 0.8122475520382639, "params": {"alpha_power": 1.9920480083253018, "gamma_power": -2.5860671831721205, "n_components": 1836.383042942257}, "datetime": {"datetime": "2024-05-04 11:59:35", "elapsed": 13401.810393, "delta": 89.776552}}
{"target": 0.8693140606146127, "params": {"alpha_power": -5.740078261942207, "gamma_power": -2.3089782045211837, "n_components": 1816.1600884263012}, "datetime": {"datetime": "2024-05-04 12:01:25", "elapsed": 13511.75987, "delta": 109.949477}}
{"target": 0.4998108081359375, "params": {"alpha_power": -4.352774150009118, "gamma_power": 0.0315457715998777, "n_components": 1816.9141181271898}, "datetime": {"datetime": "2024-05-04 12:02:32", "elapsed": 13578.860538, "delta": 67.100668}}
{"target": 0.5012221408405224, "params": {"alpha_power": -5.923006735921906, "gamma_power": -0.5512951914334536, "n_components": 1733.1442901275357}, "datetime": {"datetime": "2024-05-04 12:04:24", "elapsed": 13690.743048, "delta": 111.88251}}
{"target": 0.9417208620420489, "params": {"alpha_power": -5.911641662526256, "gamma_power": -3.0, "n_components": 1727.5183446248934}, "datetime": {"datetime": "2024-05-04 12:05:51", "elapsed": 13778.135325, "delta": 87.392277}}
{"target": 0.9349137715417557, "params": {"alpha_power": -3.9057837935960866, "gamma_power": -3.0, "n_components": 1727.7247593028649}, "datetime": {"datetime": "2024-05-04 12:06:48", "elapsed": 13835.367232, "delta": 57.231907}}
{"target": 0.6895102963419887, "params": {"alpha_power": -4.785368877228656, "gamma_power": -1.8858538513702692, "n_components": 1725.1971980186304}, "datetime": {"datetime": "2024-05-04 12:07:56", "elapsed": 13903.370515, "delta": 68.003283}}
