{"target": 0.501007734742046, "params": {"alpha_power": 0.20757460615907064, "gamma_power": 2.6817756228888845, "n_components": 1554.3735428541231}, "datetime": {"datetime": "2024-05-04 08:16:13", "elapsed": 0.0, "delta": 0.0}}
{"target": 0.5629096956064158, "params": {"alpha_power": -2.6112498723946476, "gamma_power": -1.6737278204300845, "n_components": 1403.821961951187}, "datetime": {"datetime": "2024-05-04 08:17:10", "elapsed": 56.80611, "delta": 56.80611}}
{"target": 0.5005154602693039, "params": {"alpha_power": -3.994329562799325, "gamma_power": -0.6453452012098158, "n_components": 1274.2994597803374}, "datetime": {"datetime": "2024-05-04 08:18:06", "elapsed": 112.423996, "delta": 55.617886}}
{"target": 0.9043399245829346, "params": {"alpha_power": -1.0568388616950486, "gamma_power": -2.985210712794683, "n_components": 1779.661146506999}, "datetime": {"datetime": "2024-05-04 08:19:06", "elapsed": 172.584872, "delta": 60.160876}}
{"target": 0.5001574722415995, "params": {"alpha_power": 4.619370460517683, "gamma_power": -1.1975418638011144, "n_components": 1220.2055439079577}, "datetime": {"datetime": "2024-05-04 08:20:00", "elapsed": 226.91599, "delta": 54.331118}}
{"target": 0.5, "params": {"alpha_power": 5.741122992177971, "gamma_power": 2.0705629327578663, "n_components": 223.64333420866762}, "datetime": {"datetime": "2024-05-04 08:20:36", "elapsed": 262.970439, "delta": 36.054449}}
{"target": 0.5011737556179977, "params": {"alpha_power": -2.463066423391613, "gamma_power": -1.2723933541965216, "n_components": 1662.6860442965228}, "datetime": {"datetime": "2024-05-04 08:21:34", "elapsed": 320.7722, "delta": 57.801761}}
{"target": 0.694600295896325, "params": {"alpha_power": 1.5141964555229528, "gamma_power": -2.3371337165179575, "n_components": 101.0047412216245}, "datetime": {"datetime": "2024-05-04 08:22:16", "elapsed": 363.045589, "delta": 42.273389}}
{"target": 0.7191810619277791, "params": {"alpha_power": 5.305994794265995, "gamma_power": -2.1509954536488616, "n_components": 901.0333997157035}, "datetime": {"datetime": "2024-05-04 08:23:04", "elapsed": 411.188521, "delta": 48.142932}}
{"target": 0.49746938006153585, "params": {"alpha_power": -1.8421267182174699, "gamma_power": 2.218710506383089, "n_components": 914.343443469344}, "datetime": {"datetime": "2024-05-04 08:23:51", "elapsed": 457.841798, "delta": 46.653277}}
{"target": 0.4971209979841477, "params": {"alpha_power": 3.9450178118730683, "gamma_power": 1.3071110293562294, "n_components": 326.5307189498331}, "datetime": {"datetime": "2024-05-04 08:24:30", "elapsed": 496.873715, "delta": 39.031917}}
{"target": 0.7156752684559452, "params": {"alpha_power": 1.1566100725153063, "gamma_power": -2.2214622137689206, "n_components": 247.31477428163663}, "datetime": {"datetime": "2024-05-04 08:25:05", "elapsed": 532.141528, "delta": 35.267813}}
{"target": 0.5024076213970445, "params": {"alpha_power": 3.974463068285017, "gamma_power": -0.21368631131878502, "n_components": 407.82371010522303}, "datetime": {"datetime": "2024-05-04 08:25:45", "elapsed": 572.14644, "delta": 40.004912}}
{"target": 0.49790871315798463, "params": {"alpha_power": 0.5757035051160795, "gamma_power": 0.5309149310540553, "n_components": 1569.8650212438952}, "datetime": {"datetime": "2024-05-04 08:26:44", "elapsed": 630.621064, "delta": 58.474624}}
{"target": 0.5010534326965574, "params": {"alpha_power": 1.8701454960828396, "gamma_power": 0.346240556870538, "n_components": 438.66980648327234}, "datetime": {"datetime": "2024-05-04 08:27:46", "elapsed": 693.153501, "delta": 62.532437}}
{"target": 0.4988585531146251, "params": {"alpha_power": -3.1129976253838425, "gamma_power": 0.036327794213155684, "n_components": 853.8168277766752}, "datetime": {"datetime": "2024-05-04 08:28:33", "elapsed": 740.120368, "delta": 46.966867}}
{"target": 0.49882800555134355, "params": {"alpha_power": -0.2033377746847025, "gamma_power": 2.734439046529115, "n_components": 1813.0441663340234}, "datetime": {"datetime": "2024-05-04 08:29:33", "elapsed": 799.462448, "delta": 59.34208}}
{"target": 0.5003487012200101, "params": {"alpha_power": 0.06911186373018197, "gamma_power": 1.9242089109774891, "n_components": 1672.6602595424642}, "datetime": {"datetime": "2024-05-04 08:30:30", "elapsed": 856.680882, "delta": 57.218434}}
{"target": 0.88248228289734, "params": {"alpha_power": -3.217999828775347, "gamma_power": -2.5256670815704174, "n_components": 984.9495603102263}, "datetime": {"datetime": "2024-05-04 08:31:17", "elapsed": 903.640745, "delta": 46.959863}}
{"target": 0.6894909716810689, "params": {"alpha_power": 4.547709700851279, "gamma_power": -2.1149816477648793, "n_components": 539.3774800900023}, "datetime": {"datetime": "2024-05-04 08:31:59", "elapsed": 945.672987, "delta": 42.032242}}
{"target": 0.7489792385193966, "params": {"alpha_power": 5.015349668447158, "gamma_power": -2.225618834362976, "n_components": 1841.174671925095}, "datetime": {"datetime": "2024-05-04 08:33:03", "elapsed": 1009.46554, "delta": 63.792553}}
{"target": 0.5012515773383888, "params": {"alpha_power": -3.1824293890644353, "gamma_power": 0.6959206118370145, "n_components": 1908.016744002402}, "datetime": {"datetime": "2024-05-04 08:34:07", "elapsed": 1074.044276, "delta": 64.578736}}
{"target": 0.49781047296952075, "params": {"alpha_power": -2.9384301633319696, "gamma_power": -0.2984691099300578, "n_components": 1947.7837828103382}, "datetime": {"datetime": "2024-05-04 08:35:13", "elapsed": 1139.84043, "delta": 65.796154}}
{"target": 0.6318579215995468, "params": {"alpha_power": -3.127548022060336, "gamma_power": -1.8079121838322265, "n_components": 1407.0981161499524}, "datetime": {"datetime": "2024-05-04 08:36:06", "elapsed": 1193.093189, "delta": 53.252759}}
{"target": 0.5006087216518988, "params": {"alpha_power": 4.140110336028862, "gamma_power": -0.2801029090991696, "n_components": 292.6030523202274}, "datetime": {"datetime": "2024-05-04 08:36:42", "elapsed": 1229.22384, "delta": 36.130651}}
{"target": 0.5005577325097806, "params": {"alpha_power": -1.876050466772048, "gamma_power": 0.3020063235626598, "n_components": 1775.609511739137}, "datetime": {"datetime": "2024-05-04 08:37:41", "elapsed": 1287.48078, "delta": 58.25694}}
{"target": 0.5, "params": {"alpha_power": 5.213862635477918, "gamma_power": 1.428873062778794, "n_components": 1588.8719619989117}, "datetime": {"datetime": "2024-05-04 08:38:40", "elapsed": 1346.874938, "delta": 59.394158}}
{"target": 0.500064037647839, "params": {"alpha_power": 1.3784666643473784, "gamma_power": -1.1457500156256635, "n_components": 1689.3739897998282}, "datetime": {"datetime": "2024-05-04 08:41:27", "elapsed": 1513.396446, "delta": 166.521508}}
{"target": 0.5001896297697106, "params": {"alpha_power": 2.4287657743928577, "gamma_power": -0.9453525854148799, "n_components": 1709.442855331575}, "datetime": {"datetime": "2024-05-04 08:42:36", "elapsed": 1582.593508, "delta": 69.197062}}
{"target": 0.5047675041105917, "params": {"alpha_power": -4.848994428711187, "gamma_power": -0.09086364911291245, "n_components": 551.1635209072494}, "datetime": {"datetime": "2024-05-04 08:43:21", "elapsed": 1627.581171, "delta": 44.987663}}
{"target": 0.5, "params": {"alpha_power": 5.750277973212732, "gamma_power": 0.7069000688985634, "n_components": 1033.783406936153}, "datetime": {"datetime": "2024-05-04 08:44:10", "elapsed": 1676.822373, "delta": 49.241202}}
{"target": 0.857809501283948, "params": {"alpha_power": 1.4449495355779236, "gamma_power": -2.9489453756233663, "n_components": 1741.7690369638958}, "datetime": {"datetime": "2024-05-04 08:46:43", "elapsed": 1829.875757, "delta": 153.053384}}
{"target": 0.5009119141778481, "params": {"alpha_power": 3.8085759790618514, "gamma_power": -0.9127775374157956, "n_components": 1776.4459570090235}, "datetime": {"datetime": "2024-05-04 08:47:45", "elapsed": 1891.831138, "delta": 61.955381}}
{"target": 0.5012511534473589, "params": {"alpha_power": -5.733353391623723, "gamma_power": 2.785549120912558, "n_components": 1041.2036460743452}, "datetime": {"datetime": "2024-05-04 08:49:00", "elapsed": 1966.731683, "delta": 74.900545}}
{"target": 0.49993309491228927, "params": {"alpha_power": -2.7948025728349264, "gamma_power": 0.9165242956192254, "n_components": 1669.7567377796333}, "datetime": {"datetime": "2024-05-04 08:50:00", "elapsed": 2026.452606, "delta": 59.720923}}
{"target": 0.8961732095192995, "params": {"alpha_power": 0.6006713367288281, "gamma_power": -2.9234623370803563, "n_components": 1741.2487464193157}, "datetime": {"datetime": "2024-05-04 08:51:00", "elapsed": 2086.598331, "delta": 60.145725}}
{"target": 0.8981364582362851, "params": {"alpha_power": -0.6549181890524993, "gamma_power": -2.8455389449253374, "n_components": 1743.2334724755399}, "datetime": {"datetime": "2024-05-04 08:51:58", "elapsed": 2144.933781, "delta": 58.33545}}
{"target": 0.9056686337029035, "params": {"alpha_power": -3.0182069920466597, "gamma_power": -2.711507462340718, "n_components": 1741.6663419228867}, "datetime": {"datetime": "2024-05-04 08:52:55", "elapsed": 2202.190811, "delta": 57.25703}}
{"target": 0.8991363610119377, "params": {"alpha_power": -1.323281658782399, "gamma_power": -2.855943667085998, "n_components": 1782.3977966547861}, "datetime": {"datetime": "2024-05-04 08:53:54", "elapsed": 2260.924738, "delta": 58.733927}}
{"target": 0.5025393177994654, "params": {"alpha_power": -2.2835056830526894, "gamma_power": 1.3446271566385661, "n_components": 1740.0976111176926}, "datetime": {"datetime": "2024-05-04 08:54:52", "elapsed": 2319.083197, "delta": 58.158459}}
{"target": 0.4994211633826978, "params": {"alpha_power": -3.603952640385302, "gamma_power": 0.6674865894970425, "n_components": 986.3534273662144}, "datetime": {"datetime": "2024-05-04 08:55:41", "elapsed": 2367.902037, "delta": 48.81884}}
{"target": 0.8315211840598818, "params": {"alpha_power": -2.5291390474977278, "gamma_power": -2.338458290079928, "n_components": 982.1212991631681}, "datetime": {"datetime": "2024-05-04 08:56:28", "elapsed": 2414.78932, "delta": 46.887283}}
{"target": 0.5027717205175602, "params": {"alpha_power": 0.5021354706476391, "gamma_power": -1.0958567620097537, "n_components": 1780.9899647325765}, "datetime": {"datetime": "2024-05-04 08:57:29", "elapsed": 2476.255404, "delta": 61.466084}}
{"target": 0.8983213346036063, "params": {"alpha_power": -3.032872172995555, "gamma_power": -2.6044605895735886, "n_components": 1779.436146112795}, "datetime": {"datetime": "2024-05-04 08:58:28", "elapsed": 2534.721104, "delta": 58.4657}}
{"target": 0.8711471464899301, "params": {"alpha_power": -2.0688312720070665, "gamma_power": -2.533662360995114, "n_components": 1784.9381610791036}, "datetime": {"datetime": "2024-05-04 08:59:27", "elapsed": 2593.690668, "delta": 58.969564}}
{"target": 0.9118671865901163, "params": {"alpha_power": -2.4660078727188157, "gamma_power": -2.9320871315117927, "n_components": 1781.157355095654}, "datetime": {"datetime": "2024-05-04 09:00:22", "elapsed": 2649.205404, "delta": 55.514736}}
{"target": 0.9295482038717644, "params": {"alpha_power": -5.917152595509641, "gamma_power": -2.9639016535905975, "n_components": 984.53661006744}, "datetime": {"datetime": "2024-05-04 09:01:44", "elapsed": 2731.17284, "delta": 81.967436}}
{"target": 0.915410339034407, "params": {"alpha_power": -5.146582530204945, "gamma_power": -2.759634678547059, "n_components": 980.1891999233503}, "datetime": {"datetime": "2024-05-04 09:02:48", "elapsed": 2794.858163, "delta": 63.685323}}
{"target": 0.8868231956541301, "params": {"alpha_power": -4.260075845897633, "gamma_power": -2.433113989868455, "n_components": 1744.9450675972432}, "datetime": {"datetime": "2024-05-04 09:03:48", "elapsed": 2855.024357, "delta": 60.166194}}
{"target": 0.5966502173153573, "params": {"alpha_power": -4.931153720485826, "gamma_power": -1.757454085986132, "n_components": 976.584427130551}, "datetime": {"datetime": "2024-05-04 09:04:43", "elapsed": 2910.331767, "delta": 55.30741}}
{"target": 0.526497376254043, "params": {"alpha_power": -4.997594328247631, "gamma_power": -1.5605846771139107, "n_components": 982.2358184511903}, "datetime": {"datetime": "2024-05-04 09:05:41", "elapsed": 2967.541507, "delta": 57.20974}}
{"target": 0.5008887065492835, "params": {"alpha_power": -2.7146957322553904, "gamma_power": -1.0905648011614426, "n_components": 1745.072153944682}, "datetime": {"datetime": "2024-05-04 09:06:38", "elapsed": 3025.34465, "delta": 57.803143}}
{"target": 0.7747392604156262, "params": {"alpha_power": -1.157662687956189, "gamma_power": -2.172996919443228, "n_components": 1741.3092016526587}, "datetime": {"datetime": "2024-05-04 09:07:37", "elapsed": 3084.064501, "delta": 58.719851}}
{"target": 0.9060780986688852, "params": {"alpha_power": -5.116556681366822, "gamma_power": -2.6725328658913776, "n_components": 985.6884015750809}, "datetime": {"datetime": "2024-05-04 09:08:37", "elapsed": 3143.739034, "delta": 59.674533}}
{"target": 0.9337458875808441, "params": {"alpha_power": -4.433867572364621, "gamma_power": -2.865287792934975, "n_components": 1743.2502362609416}, "datetime": {"datetime": "2024-05-04 09:09:36", "elapsed": 3203.246471, "delta": 59.507437}}
{"target": 0.8126292388483065, "params": {"alpha_power": -3.485358486065282, "gamma_power": -2.2240253993914996, "n_components": 979.4112128983458}, "datetime": {"datetime": "2024-05-04 09:10:24", "elapsed": 3251.233946, "delta": 47.987475}}
{"target": 0.4998341672634572, "params": {"alpha_power": -3.4876704021687863, "gamma_power": -0.8077748460922551, "n_components": 1783.7495349868493}, "datetime": {"datetime": "2024-05-04 09:11:27", "elapsed": 3313.896796, "delta": 62.66285}}
{"target": 0.8888660294744565, "params": {"alpha_power": -0.35150794980346767, "gamma_power": -2.8672542733286606, "n_components": 984.6737993254532}, "datetime": {"datetime": "2024-05-04 09:12:14", "elapsed": 3360.733661, "delta": 46.836865}}
{"target": 0.7870578316650919, "params": {"alpha_power": 0.08168175913965037, "gamma_power": -2.2517784133121466, "n_components": 981.7230767485144}, "datetime": {"datetime": "2024-05-04 09:13:00", "elapsed": 3407.287969, "delta": 46.554308}}
{"target": 0.8947701774054423, "params": {"alpha_power": -1.5104130526538562, "gamma_power": -2.9212997186184606, "n_components": 987.0610065534793}, "datetime": {"datetime": "2024-05-04 09:13:47", "elapsed": 3454.24812, "delta": 46.960151}}
{"target": 0.4949708303182156, "params": {"alpha_power": 0.35942459635244006, "gamma_power": -0.6259785585162376, "n_components": 985.3534835110893}, "datetime": {"datetime": "2024-05-04 09:14:34", "elapsed": 3501.054157, "delta": 46.806037}}
{"target": 0.49936344885000433, "params": {"alpha_power": -5.948641210283039, "gamma_power": -1.0824821382670533, "n_components": 1745.3909935620618}, "datetime": {"datetime": "2024-05-04 09:16:30", "elapsed": 3616.48979, "delta": 115.435633}}
{"target": 0.5912351992110744, "params": {"alpha_power": -0.6229248709565836, "gamma_power": -1.723371289947586, "n_components": 1786.0407949121154}, "datetime": {"datetime": "2024-05-04 09:17:29", "elapsed": 3675.567648, "delta": 59.077858}}
{"target": 0.8872283681476875, "params": {"alpha_power": -5.585922791629082, "gamma_power": -2.4330870422394306, "n_components": 1740.653061594123}, "datetime": {"datetime": "2024-05-04 09:19:05", "elapsed": 3771.693717, "delta": 96.126069}}
{"target": 0.839480231795154, "params": {"alpha_power": -3.190535116845298, "gamma_power": -2.3044305849251, "n_components": 987.5882739266989}, "datetime": {"datetime": "2024-05-04 09:19:53", "elapsed": 3819.875983, "delta": 48.182266}}
{"target": 0.7747183633175018, "params": {"alpha_power": -5.318721627282322, "gamma_power": -2.0676951945960482, "n_components": 1738.3339072576912}, "datetime": {"datetime": "2024-05-04 09:21:30", "elapsed": 3916.877396, "delta": 97.001413}}
{"target": 0.888859607793402, "params": {"alpha_power": -1.8442061573634039, "gamma_power": -2.8181261554784385, "n_components": 984.6385755453173}, "datetime": {"datetime": "2024-05-04 09:22:35", "elapsed": 3981.945407, "delta": 65.068011}}
{"target": 0.9040478120961681, "params": {"alpha_power": -5.289112465662668, "gamma_power": -2.571960119765852, "n_components": 1780.6499302960644}, "datetime": {"datetime": "2024-05-04 09:23:59", "elapsed": 4066.223786, "delta": 84.278379}}
{"target": 0.7958496840236977, "params": {"alpha_power": 1.8576188841335277, "gamma_power": -2.552037448301494, "n_components": 1739.139305793122}, "datetime": {"datetime": "2024-05-04 09:25:34", "elapsed": 4161.310058, "delta": 95.086272}}
{"target": 0.5635492877148225, "params": {"alpha_power": -5.521605359444127, "gamma_power": -1.6556385248248577, "n_components": 1778.808780920846}, "datetime": {"datetime": "2024-05-04 09:27:25", "elapsed": 4272.292038, "delta": 110.98198}}
{"target": 0.8991601619845591, "params": {"alpha_power": -1.492429310438866, "gamma_power": -3.0, "n_components": 989.4302132079022}, "datetime": {"datetime": "2024-05-04 09:28:12", "elapsed": 4319.17442, "delta": 46.882382}}
{"target": 0.5086990418037975, "params": {"alpha_power": -1.916060012079523, "gamma_power": -1.446624632946643, "n_components": 990.837232553389}, "datetime": {"datetime": "2024-05-04 09:28:59", "elapsed": 4366.351922, "delta": 47.177502}}
{"target": 0.8994816611292036, "params": {"alpha_power": 0.21799221212566033, "gamma_power": -3.0, "n_components": 988.5240751923408}, "datetime": {"datetime": "2024-05-04 09:29:46", "elapsed": 4413.232357, "delta": 46.880435}}
{"target": 0.6937060276857487, "params": {"alpha_power": -3.987242780508483, "gamma_power": -1.896274296834912, "n_components": 1740.7457218688662}, "datetime": {"datetime": "2024-05-04 09:30:45", "elapsed": 4471.46075, "delta": 58.228393}}
{"target": 0.9158380238914772, "params": {"alpha_power": -3.5174041649019143, "gamma_power": -2.7346166775977485, "n_components": 1744.0051066426756}, "datetime": {"datetime": "2024-05-04 09:31:41", "elapsed": 4528.293694, "delta": 56.832944}}
{"target": 0.9008046243296276, "params": {"alpha_power": -1.4527522919715954, "gamma_power": -3.0, "n_components": 980.1479264516474}, "datetime": {"datetime": "2024-05-04 09:32:28", "elapsed": 4574.44207, "delta": 46.148376}}
{"target": 0.8986233994877246, "params": {"alpha_power": 0.24283102770358464, "gamma_power": -3.0, "n_components": 978.3300940900336}, "datetime": {"datetime": "2024-05-04 09:33:14", "elapsed": 4620.408636, "delta": 45.966566}}
{"target": 0.5004639208669934, "params": {"alpha_power": 1.2561694603803826, "gamma_power": -1.1558532458146333, "n_components": 977.3810574740836}, "datetime": {"datetime": "2024-05-04 09:34:02", "elapsed": 4668.512468, "delta": 48.103832}}
{"target": 0.9198238501222946, "params": {"alpha_power": -5.871956887944848, "gamma_power": -2.823534709772295, "n_components": 987.6739583061878}, "datetime": {"datetime": "2024-05-04 09:35:17", "elapsed": 4743.724057, "delta": 75.211589}}
{"target": 0.5021905995823822, "params": {"alpha_power": 3.34001570443486, "gamma_power": -0.48994096959660594, "n_components": 1742.5582075371372}, "datetime": {"datetime": "2024-05-04 09:36:18", "elapsed": 4805.081307, "delta": 61.35725}}
{"target": 0.8483455505571182, "params": {"alpha_power": 3.272772103699298, "gamma_power": -2.8123028894196116, "n_components": 988.7240261896815}, "datetime": {"datetime": "2024-05-04 09:37:07", "elapsed": 4854.345072, "delta": 49.263765}}
{"target": 0.5106842768443836, "params": {"alpha_power": 3.9673293562559007, "gamma_power": -1.340798133504855, "n_components": 991.2418553074904}, "datetime": {"datetime": "2024-05-04 09:37:56", "elapsed": 4903.14551, "delta": 48.800438}}
{"target": 0.9063642089250225, "params": {"alpha_power": -5.869804686206892, "gamma_power": -2.58013159190995, "n_components": 1782.0037214042497}, "datetime": {"datetime": "2024-05-04 09:39:59", "elapsed": 5025.607538, "delta": 122.462028}}
{"target": 0.9347979392977637, "params": {"alpha_power": -6.0, "gamma_power": -3.0, "n_components": 989.9353554492329}, "datetime": {"datetime": "2024-05-04 09:41:10", "elapsed": 5097.016851, "delta": 71.409313}}
{"target": 0.9275872676222295, "params": {"alpha_power": -4.2427043448978905, "gamma_power": -2.9350361783054653, "n_components": 989.6668326619626}, "datetime": {"datetime": "2024-05-04 09:41:59", "elapsed": 5145.597625, "delta": 48.580774}}
{"target": 0.8506013722209562, "params": {"alpha_power": -5.719982798397625, "gamma_power": -2.2796874768343685, "n_components": 992.6223821152394}, "datetime": {"datetime": "2024-05-04 09:43:13", "elapsed": 5220.21492, "delta": 74.617295}}
{"target": 0.502696426557827, "params": {"alpha_power": -5.058121484264443, "gamma_power": 0.4033515820830562, "n_components": 995.601736143546}, "datetime": {"datetime": "2024-05-04 09:44:12", "elapsed": 5278.49159, "delta": 58.27667}}
{"target": 0.5, "params": {"alpha_power": 5.196656020463291, "gamma_power": 2.212985012754703, "n_components": 1840.7783676369754}, "datetime": {"datetime": "2024-05-04 09:45:15", "elapsed": 5342.332526, "delta": 63.840936}}
{"target": 0.7492932064166863, "params": {"alpha_power": 4.60485202055912, "gamma_power": -2.306355213763746, "n_components": 986.08987466868}, "datetime": {"datetime": "2024-05-04 09:46:05", "elapsed": 5391.650955, "delta": 49.318429}}
{"target": 0.8305375275338476, "params": {"alpha_power": 1.9657704312883517, "gamma_power": -2.6934823931965513, "n_components": 1735.356216746653}, "datetime": {"datetime": "2024-05-04 09:47:31", "elapsed": 5477.7205, "delta": 86.069545}}
{"target": 0.9008644305905253, "params": {"alpha_power": -1.1132355694481983, "gamma_power": -2.8878748627034927, "n_components": 1736.23787313143}, "datetime": {"datetime": "2024-05-04 09:48:29", "elapsed": 5535.413254, "delta": 57.692754}}
