{"target": 0.5012368460485698, "params": {"alpha_power": -1.8801560998691933, "gamma_power": -0.8694040799560536, "n_components": 1734.28764164923}, "datetime": {"datetime": "2024-05-04 09:49:27", "elapsed": 5593.483585, "delta": 58.070331}}
{"target": 0.5, "params": {"alpha_power": 5.227261676939756, "gamma_power": -0.41264652449267025, "n_components": 1733.3066554161223}, "datetime": {"datetime": "2024-05-04 09:50:28", "elapsed": 5655.037349, "delta": 61.553764}}
{"target": 0.8263366071445635, "params": {"alpha_power": -0.0824007525506758, "gamma_power": -2.3742898362741833, "n_components": 1737.4137367128294}, "datetime": {"datetime": "2024-05-04 09:51:26", "elapsed": 5712.648905, "delta": 57.611556}}
{"target": 0.8000555427204313, "params": {"alpha_power": 4.884988826271313, "gamma_power": -2.51570538491411, "n_components": 1845.2166789608616}, "datetime": {"datetime": "2024-05-04 09:52:28", "elapsed": 5775.26591, "delta": 62.617005}}
{"target": 0.8188915324844496, "params": {"alpha_power": 1.7397199222994182, "gamma_power": -2.551799768011437, "n_components": 1846.1156606023192}, "datetime": {"datetime": "2024-05-04 09:54:19", "elapsed": 5885.925903, "delta": 110.659993}}
{"target": 0.8606736782665856, "params": {"alpha_power": 2.494580911799444, "gamma_power": -2.9103967351992184, "n_components": 1849.5121555391866}, "datetime": {"datetime": "2024-05-04 09:55:31", "elapsed": 5958.131895, "delta": 72.205992}}
{"target": 0.5, "params": {"alpha_power": 5.172260983598498, "gamma_power": -0.3280586623144144, "n_components": 1847.7252855213626}, "datetime": {"datetime": "2024-05-04 09:56:35", "elapsed": 6022.231864, "delta": 64.099969}}
{"target": 0.6518181202883369, "params": {"alpha_power": 1.597036511739951, "gamma_power": -1.8577459461096388, "n_components": 1851.9510389188938}, "datetime": {"datetime": "2024-05-04 09:58:44", "elapsed": 6150.827591, "delta": 128.595727}}
{"target": 0.5037061361387736, "params": {"alpha_power": 0.8370432980560336, "gamma_power": -1.3295248219066642, "n_components": 1842.8404056679303}, "datetime": {"datetime": "2024-05-04 09:59:46", "elapsed": 6212.5753, "delta": 61.747709}}
{"target": 0.49731452231270434, "params": {"alpha_power": 0.7002674815334942, "gamma_power": -1.2135251782776337, "n_components": 1848.103779707162}, "datetime": {"datetime": "2024-05-04 10:00:48", "elapsed": 6275.019427, "delta": 62.444127}}
{"target": 0.9211859941219886, "params": {"alpha_power": -5.453180404562319, "gamma_power": -2.7215286936154364, "n_components": 1786.1743698095747}, "datetime": {"datetime": "2024-05-04 10:02:18", "elapsed": 6364.711931, "delta": 89.692504}}
{"target": 0.9366380173399597, "params": {"alpha_power": -5.14611315764093, "gamma_power": -2.893604993546914, "n_components": 1789.4059128076574}, "datetime": {"datetime": "2024-05-04 10:03:28", "elapsed": 6434.94694, "delta": 70.235009}}
{"target": 0.9208321670299433, "params": {"alpha_power": -3.439273248168995, "gamma_power": -2.840106262105137, "n_components": 1786.7173505130165}, "datetime": {"datetime": "2024-05-04 10:04:26", "elapsed": 6492.594184, "delta": 57.647244}}
{"target": 0.5125237771850925, "params": {"alpha_power": -5.830321016405013, "gamma_power": -1.4111051495441649, "n_components": 1787.4667815034597}, "datetime": {"datetime": "2024-05-04 10:06:13", "elapsed": 6599.551401, "delta": 106.957217}}
{"target": 0.9275759826981057, "params": {"alpha_power": -3.2848281046626537, "gamma_power": -3.0, "n_components": 1789.7743910154386}, "datetime": {"datetime": "2024-05-04 10:07:10", "elapsed": 6657.112205, "delta": 57.560804}}
{"target": 0.6987781933999637, "params": {"alpha_power": -2.2320887188734684, "gamma_power": -1.9304351977642225, "n_components": 1791.2906026435644}, "datetime": {"datetime": "2024-05-04 10:08:09", "elapsed": 6715.941799, "delta": 58.829594}}
{"target": 0.9396262105486489, "params": {"alpha_power": -5.287211142511634, "gamma_power": -2.9095241130778504, "n_components": 1791.4755354111035}, "datetime": {"datetime": "2024-05-04 10:09:27", "elapsed": 6793.872027, "delta": 77.930228}}
{"target": 0.5042242386305483, "params": {"alpha_power": -5.669564792027904, "gamma_power": -0.7075264752044821, "n_components": 1793.3323985480692}, "datetime": {"datetime": "2024-05-04 10:11:11", "elapsed": 6897.971943, "delta": 104.099916}}
{"target": 0.9398496033794089, "params": {"alpha_power": -4.820204614794377, "gamma_power": -2.9753478388882177, "n_components": 1783.2309743258345}, "datetime": {"datetime": "2024-05-04 10:12:17", "elapsed": 6963.54539, "delta": 65.573447}}
{"target": 0.8613664829331565, "params": {"alpha_power": 5.48214466493183, "gamma_power": -2.897808309907843, "n_components": 1852.3592148663959}, "datetime": {"datetime": "2024-05-04 10:13:21", "elapsed": 7027.39703, "delta": 63.85164}}
{"target": 0.5472247358368654, "params": {"alpha_power": 3.917150284489047, "gamma_power": -1.560235419539123, "n_components": 1855.1525935547006}, "datetime": {"datetime": "2024-05-04 10:14:24", "elapsed": 7090.995182, "delta": 63.598152}}
{"target": 0.8053305907950044, "params": {"alpha_power": 1.6409015892913725, "gamma_power": -2.618386087978907, "n_components": 896.644243492978}, "datetime": {"datetime": "2024-05-04 10:15:44", "elapsed": 7170.467171, "delta": 79.471989}}
{"target": 0.9362778708640143, "params": {"alpha_power": -4.0435563628340905, "gamma_power": -2.9464543926743634, "n_components": 1784.7387271798164}, "datetime": {"datetime": "2024-05-04 10:16:42", "elapsed": 7228.613789, "delta": 58.146618}}
{"target": 0.4999803177744866, "params": {"alpha_power": 3.288353685591499, "gamma_power": -0.8984060480396647, "n_components": 893.9585220007374}, "datetime": {"datetime": "2024-05-04 10:17:30", "elapsed": 7276.741784, "delta": 48.127995}}
{"target": 0.6169950344134454, "params": {"alpha_power": 0.3118191671329118, "gamma_power": -1.814811411493323, "n_components": 899.0056676330659}, "datetime": {"datetime": "2024-05-04 10:18:16", "elapsed": 7322.772788, "delta": 46.031004}}
{"target": 0.501203111170814, "params": {"alpha_power": -5.97576879315861, "gamma_power": -0.8828136173849237, "n_components": 989.7787429398203}, "datetime": {"datetime": "2024-05-04 10:19:41", "elapsed": 7407.516801, "delta": 84.744013}}
{"target": 0.7990319644467284, "params": {"alpha_power": 5.287580411929238, "gamma_power": -2.568385350741952, "n_components": 906.4967695372198}, "datetime": {"datetime": "2024-05-04 10:20:29", "elapsed": 7455.753621, "delta": 48.23682}}
{"target": 0.5, "params": {"alpha_power": 5.458442021606393, "gamma_power": 0.6028734708631998, "n_components": 908.9234516709522}, "datetime": {"datetime": "2024-05-04 10:21:17", "elapsed": 7503.598824, "delta": 47.845203}}
{"target": 0.8564408903111111, "params": {"alpha_power": 1.6392989809683467, "gamma_power": -2.830001769683336, "n_components": 986.3764351680695}, "datetime": {"datetime": "2024-05-04 10:22:42", "elapsed": 7589.046528, "delta": 85.447704}}
{"target": 0.5185802237568998, "params": {"alpha_power": 2.4888496043614534, "gamma_power": -1.3999827909070803, "n_components": 905.7005813895355}, "datetime": {"datetime": "2024-05-04 10:23:34", "elapsed": 7640.982453, "delta": 51.935925}}
{"target": 0.8856912861648434, "params": {"alpha_power": -1.8151983491579475, "gamma_power": -2.7843338257562396, "n_components": 893.877555157128}, "datetime": {"datetime": "2024-05-04 10:24:37", "elapsed": 7704.183432, "delta": 63.200979}}
{"target": 0.9243554101349123, "params": {"alpha_power": -4.2482667288806315, "gamma_power": -2.924722767378265, "n_components": 895.5256480974493}, "datetime": {"datetime": "2024-05-04 10:25:27", "elapsed": 7753.684438, "delta": 49.501006}}
{"target": 0.500444548474267, "params": {"alpha_power": -3.8664377381131056, "gamma_power": -1.2315447540277287, "n_components": 893.7669351926744}, "datetime": {"datetime": "2024-05-04 10:26:14", "elapsed": 7801.051286, "delta": 47.366848}}
{"target": 0.8953661995348622, "params": {"alpha_power": 0.5298487627373376, "gamma_power": -2.969885513102245, "n_components": 895.0282512256252}, "datetime": {"datetime": "2024-05-04 10:27:01", "elapsed": 7847.677816, "delta": 46.62653}}
{"target": 0.8938220241085058, "params": {"alpha_power": -1.743672692795192, "gamma_power": -2.8818851286910694, "n_components": 895.9343658973428}, "datetime": {"datetime": "2024-05-04 10:28:03", "elapsed": 7910.30118, "delta": 62.623364}}
{"target": 0.9254061065757588, "params": {"alpha_power": -5.43033736415556, "gamma_power": -2.9591574886817895, "n_components": 901.5214247677937}, "datetime": {"datetime": "2024-05-04 10:29:12", "elapsed": 7978.448835, "delta": 68.147655}}
{"target": 0.622429820067181, "params": {"alpha_power": -5.068285870847888, "gamma_power": -1.8169678454818616, "n_components": 897.5232171386187}, "datetime": {"datetime": "2024-05-04 10:30:09", "elapsed": 8035.521682, "delta": 57.072847}}
{"target": 0.6906219294273469, "params": {"alpha_power": -5.237970048326095, "gamma_power": -1.9414889199830507, "n_components": 903.3739567579217}, "datetime": {"datetime": "2024-05-04 10:31:21", "elapsed": 8107.454424, "delta": 71.932742}}
{"target": 0.8168346035398271, "params": {"alpha_power": -3.061126825941462, "gamma_power": -2.2668467911419032, "n_components": 900.7321208329715}, "datetime": {"datetime": "2024-05-04 10:32:17", "elapsed": 8163.925192, "delta": 56.470768}}
{"target": 0.503768302508101, "params": {"alpha_power": -5.779567574147473, "gamma_power": -0.8945785379743469, "n_components": 901.3224715977613}, "datetime": {"datetime": "2024-05-04 10:33:30", "elapsed": 8236.613586, "delta": 72.688394}}
{"target": 0.49773192021944423, "params": {"alpha_power": -2.138880262333609, "gamma_power": -1.1269444291816388, "n_components": 251.16851596366718}, "datetime": {"datetime": "2024-05-04 10:34:04", "elapsed": 8271.211591, "delta": 34.598005}}
{"target": 0.8496927919850641, "params": {"alpha_power": -0.02375313549869773, "gamma_power": -2.5061308757605874, "n_components": 892.3183433928151}, "datetime": {"datetime": "2024-05-04 10:34:50", "elapsed": 8316.478158, "delta": 45.266567}}
{"target": 0.501546162407583, "params": {"alpha_power": -0.3989616909415359, "gamma_power": -1.0029605851637107, "n_components": 895.0764997886506}, "datetime": {"datetime": "2024-05-04 10:35:35", "elapsed": 8361.409437, "delta": 44.931279}}
{"target": 0.7986349865206497, "params": {"alpha_power": 1.0601424554408148, "gamma_power": -2.3088302903897038, "n_components": 889.4064111913781}, "datetime": {"datetime": "2024-05-04 10:36:21", "elapsed": 8408.308113, "delta": 46.898676}}
{"target": 0.5758243927103358, "params": {"alpha_power": -0.7634300166563879, "gamma_power": -1.719990853287453, "n_components": 887.4017628284862}, "datetime": {"datetime": "2024-05-04 10:37:07", "elapsed": 8453.610329, "delta": 45.302216}}
{"target": 0.9414657175314994, "params": {"alpha_power": -6.0, "gamma_power": -3.0, "n_components": 1742.2141328419955}, "datetime": {"datetime": "2024-05-04 10:38:47", "elapsed": 8554.355165, "delta": 100.744836}}
{"target": 0.8998322130810976, "params": {"alpha_power": -2.0426869468062936, "gamma_power": -2.9355504342380554, "n_components": 891.730107351705}, "datetime": {"datetime": "2024-05-04 10:39:31", "elapsed": 8598.370141, "delta": 44.014976}}
{"target": 0.7600705201053775, "params": {"alpha_power": 4.638363225250767, "gamma_power": -2.2915368053333185, "n_components": 1850.3399784546832}, "datetime": {"datetime": "2024-05-04 10:40:35", "elapsed": 8662.198368, "delta": 63.828227}}
{"target": 0.7793068302033486, "params": {"alpha_power": 4.319485560844312, "gamma_power": -2.497560284232822, "n_components": 887.3015466242259}, "datetime": {"datetime": "2024-05-04 10:41:23", "elapsed": 8710.069597, "delta": 47.871229}}
{"target": 0.5, "params": {"alpha_power": 5.746341371017099, "gamma_power": 0.6250016109363097, "n_components": 886.5059435461661}, "datetime": {"datetime": "2024-05-04 10:42:11", "elapsed": 8758.196817, "delta": 48.12722}}
{"target": 0.9383631649018909, "params": {"alpha_power": -5.391068378410106, "gamma_power": -2.893524379100568, "n_components": 1784.7024056777082}, "datetime": {"datetime": "2024-05-04 10:43:29", "elapsed": 8835.700868, "delta": 77.504051}}
{"target": 0.8949763786443288, "params": {"alpha_power": -1.1120791375359875, "gamma_power": -2.940406772129413, "n_components": 977.772244972115}, "datetime": {"datetime": "2024-05-04 10:44:16", "elapsed": 8882.459574, "delta": 46.758706}}
{"target": 0.5356452385277671, "params": {"alpha_power": 4.033810490243875, "gamma_power": -1.6333942060194566, "n_components": 243.07255571714992}, "datetime": {"datetime": "2024-05-04 10:44:51", "elapsed": 8917.603213, "delta": 35.143639}}
{"target": 0.5027967000351632, "params": {"alpha_power": -3.8311078599579016, "gamma_power": 2.958292578512248, "n_components": 1165.272174049776}, "datetime": {"datetime": "2024-05-04 10:45:42", "elapsed": 8969.226062, "delta": 51.622849}}
{"target": 0.4997689147302733, "params": {"alpha_power": -3.982263531469902, "gamma_power": 2.433247676837884, "n_components": 787.9417275511989}, "datetime": {"datetime": "2024-05-04 10:46:28", "elapsed": 9014.577589, "delta": 45.351527}}
{"target": 0.4975391720505404, "params": {"alpha_power": -4.738392474509645, "gamma_power": 2.683456089815257, "n_components": 497.2909199275113}, "datetime": {"datetime": "2024-05-04 10:47:11", "elapsed": 9057.928012, "delta": 43.350423}}
{"target": 0.4998185683144222, "params": {"alpha_power": 4.4740420108046415, "gamma_power": -0.12872189400115452, "n_components": 1510.1615181326024}, "datetime": {"datetime": "2024-05-04 10:48:08", "elapsed": 9115.337069, "delta": 57.409057}}
{"target": 0.5032647544597645, "params": {"alpha_power": -3.6159897776198724, "gamma_power": 0.1146435165459776, "n_components": 1111.2122621402373}, "datetime": {"datetime": "2024-05-04 10:49:00", "elapsed": 9166.725664, "delta": 51.388595}}
{"target": 0.5004695119727796, "params": {"alpha_power": -2.7906496371964495, "gamma_power": 1.3572639108452567, "n_components": 671.1589160066186}, "datetime": {"datetime": "2024-05-04 10:49:43", "elapsed": 9210.137243, "delta": 43.411579}}
{"target": 0.9399710543185902, "params": {"alpha_power": -4.347499032899907, "gamma_power": -3.0, "n_components": 1790.6441445382661}, "datetime": {"datetime": "2024-05-04 10:50:42", "elapsed": 9269.294789, "delta": 59.157546}}
{"target": 0.8642243387648876, "params": {"alpha_power": 0.9012867655812773, "gamma_power": -2.64999566531249, "n_components": 748.0204246273647}, "datetime": {"datetime": "2024-05-04 10:51:27", "elapsed": 9313.866224, "delta": 44.571435}}
{"target": 0.4987431831806415, "params": {"alpha_power": 1.5950396104330409, "gamma_power": -0.309124496577164, "n_components": 749.2701467101853}, "datetime": {"datetime": "2024-05-04 10:52:43", "elapsed": 9389.631246, "delta": 75.765022}}
{"target": 0.886704722117474, "params": {"alpha_power": -1.332427999017895, "gamma_power": -2.894963527178891, "n_components": 747.5454661865718}, "datetime": {"datetime": "2024-05-04 10:53:26", "elapsed": 9433.170615, "delta": 43.539369}}
{"target": 0.8909088866172075, "params": {"alpha_power": -1.0771788548479897, "gamma_power": -2.912759970143736, "n_components": 744.7301120485611}, "datetime": {"datetime": "2024-05-04 10:54:09", "elapsed": 9476.371299, "delta": 43.200684}}
{"target": 0.8610801160097863, "params": {"alpha_power": 0.6464527418605375, "gamma_power": -2.6536074781535266, "n_components": 745.958915442609}, "datetime": {"datetime": "2024-05-04 10:54:54", "elapsed": 9520.973822, "delta": 44.602523}}
{"target": 0.9233360057718674, "params": {"alpha_power": -3.923957223637264, "gamma_power": -3.0, "n_components": 745.5472575380318}, "datetime": {"datetime": "2024-05-04 10:55:40", "elapsed": 9567.082087, "delta": 46.108265}}
{"target": 0.7283219970744723, "params": {"alpha_power": -3.5334635753543995, "gamma_power": -2.0674286872669425, "n_components": 742.6698211560002}, "datetime": {"datetime": "2024-05-04 10:56:34", "elapsed": 9620.738803, "delta": 53.656716}}
{"target": 0.5039684908123248, "params": {"alpha_power": -4.508779226449695, "gamma_power": -1.229455266036467, "n_components": 747.3444038307634}, "datetime": {"datetime": "2024-05-04 10:57:23", "elapsed": 9669.495102, "delta": 48.756299}}
{"target": 0.5054251367944096, "params": {"alpha_power": 1.6166420863913684, "gamma_power": -1.241960217464512, "n_components": 743.1018959678044}, "datetime": {"datetime": "2024-05-04 10:58:37", "elapsed": 9743.774673, "delta": 74.279571}}
{"target": 0.4995487346818141, "params": {"alpha_power": -4.059810499749168, "gamma_power": -0.10486093275622732, "n_components": 1363.8983690569619}, "datetime": {"datetime": "2024-05-04 10:59:32", "elapsed": 9799.262747, "delta": 55.488074}}
{"target": 0.5, "params": {"alpha_power": 5.750017351254334, "gamma_power": 1.765337285148818, "n_components": 621.900904482676}, "datetime": {"datetime": "2024-05-04 11:00:16", "elapsed": 9842.574988, "delta": 43.312241}}
{"target": 0.5018549356122336, "params": {"alpha_power": 2.902890006055552, "gamma_power": -1.0154826377418469, "n_components": 1995.2246776986499}, "datetime": {"datetime": "2024-05-04 11:01:26", "elapsed": 9913.13882, "delta": 70.563832}}
{"target": 0.49732029991665705, "params": {"alpha_power": 1.9876103793255364, "gamma_power": 1.5581630234887136, "n_components": 111.01415165897265}, "datetime": {"datetime": "2024-05-04 11:02:03", "elapsed": 9949.8338, "delta": 36.69498}}
{"target": 0.5000319691161252, "params": {"alpha_power": -3.9166411021736116, "gamma_power": -0.23912654191765714, "n_components": 1469.1284516433873}, "datetime": {"datetime": "2024-05-04 11:03:00", "elapsed": 10006.883043, "delta": 57.049243}}
{"target": 0.49767237010506066, "params": {"alpha_power": 3.411502024448282, "gamma_power": 0.7560998070244009, "n_components": 167.80635204010792}, "datetime": {"datetime": "2024-05-04 11:03:34", "elapsed": 10041.073375, "delta": 34.190332}}
{"target": 0.5001826965881807, "params": {"alpha_power": 4.512181555974639, "gamma_power": 1.3695272108031045, "n_components": 1321.870607944532}, "datetime": {"datetime": "2024-05-04 11:04:29", "elapsed": 10096.317136, "delta": 55.243761}}
{"target": 0.4995698419114311, "params": {"alpha_power": -5.26835831754502, "gamma_power": 2.2531749431799675, "n_components": 368.85879757578306}, "datetime": {"datetime": "2024-05-04 11:05:14", "elapsed": 10140.724356, "delta": 44.40722}}
{"target": 0.8632323355839331, "params": {"alpha_power": 5.08710551266871, "gamma_power": -2.9666649402176417, "n_components": 1836.7127066631633}, "datetime": {"datetime": "2024-05-04 11:06:17", "elapsed": 10204.200875, "delta": 63.476519}}
{"target": 0.6757156487075353, "params": {"alpha_power": 3.652096988539988, "gamma_power": -1.9305114562739534, "n_components": 1834.915322175568}, "datetime": {"datetime": "2024-05-04 11:07:21", "elapsed": 10268.04357, "delta": 63.842695}}
{"target": 0.5000475452993172, "params": {"alpha_power": -5.2023979944360335, "gamma_power": 1.8104530587360248, "n_components": 100.60286826929749}, "datetime": {"datetime": "2024-05-04 11:07:55", "elapsed": 10302.069764, "delta": 34.026194}}
{"target": 0.8023051462547499, "params": {"alpha_power": 4.575653705658951, "gamma_power": -2.556977906115141, "n_components": 530.237836831817}, "datetime": {"datetime": "2024-05-04 11:08:36", "elapsed": 10343.120737, "delta": 41.050973}}
{"target": 0.652628766153563, "params": {"alpha_power": 1.389717302381257, "gamma_power": -1.9735958293441738, "n_components": 529.1518830615369}, "datetime": {"datetime": "2024-05-04 11:09:56", "elapsed": 10423.330498, "delta": 80.209761}}
{"target": 0.8347594271030813, "params": {"alpha_power": -2.018115401858127, "gamma_power": -2.4461298027728646, "n_components": 745.7095623548138}, "datetime": {"datetime": "2024-05-04 11:10:40", "elapsed": 10466.873423, "delta": 43.542925}}
{"target": 0.5090711264256976, "params": {"alpha_power": 5.387785204107903, "gamma_power": -1.5267533186259175, "n_components": 533.6393280150669}, "datetime": {"datetime": "2024-05-04 11:11:21", "elapsed": 10508.210716, "delta": 41.337293}}
{"target": 0.5001975467078283, "params": {"alpha_power": 5.686800461836786, "gamma_power": -1.4453587866314215, "n_components": 528.2539570442439}, "datetime": {"datetime": "2024-05-04 11:12:02", "elapsed": 10549.13305, "delta": 40.922334}}
{"target": 0.9243839746996632, "params": {"alpha_power": -3.1310438258746442, "gamma_power": -2.926385812067892, "n_components": 1737.4395804852984}, "datetime": {"datetime": "2024-05-04 11:12:59", "elapsed": 10605.453239, "delta": 56.320189}}
{"target": 0.5574090657099087, "params": {"alpha_power": -4.363570413896144, "gamma_power": -1.648421222913072, "n_components": 1625.385768906895}, "datetime": {"datetime": "2024-05-04 11:14:00", "elapsed": 10666.423239, "delta": 60.97}}
{"target": 0.5, "params": {"alpha_power": 5.6329745771644255, "gamma_power": 2.7881826909377594, "n_components": 706.9527881178759}, "datetime": {"datetime": "2024-05-04 11:14:44", "elapsed": 10710.852375, "delta": 44.429136}}
{"target": 0.8017582589060636, "params": {"alpha_power": 3.5352253896797556, "gamma_power": -2.5644846929934677, "n_components": 1838.8788485271398}, "datetime": {"datetime": "2024-05-04 11:15:47", "elapsed": 10773.588217, "delta": 62.735842}}
{"target": 0.5, "params": {"alpha_power": 5.8655553103257905, "gamma_power": 2.390805017508625, "n_components": 545.2641600633847}, "datetime": {"datetime": "2024-05-04 11:16:28", "elapsed": 10815.097031, "delta": 41.508814}}
{"target": 0.5, "params": {"alpha_power": 5.25275121544076, "gamma_power": 1.2526653916973487, "n_components": 1075.7482849382718}, "datetime": {"datetime": "2024-05-04 11:17:19", "elapsed": 10866.16397, "delta": 51.066939}}
