{"target": 0.9073894857348307, "params": {"alpha_power": -2.3789148130738753, "l1_ratio": 0.9469626038148141}, "datetime": {"datetime": "2024-05-04 12:03:03", "elapsed": 0.0, "delta": 0.0}}
{"target": 0.9076363155358178, "params": {"alpha_power": -0.6417816842216517, "l1_ratio": 0.2823958439671127}, "datetime": {"datetime": "2024-05-04 12:06:37", "elapsed": 213.609384, "delta": 213.609384}}
{"target": 0.9033879887556344, "params": {"alpha_power": -4.452682457168432, "l1_ratio": 0.6862220852374669}, "datetime": {"datetime": "2024-05-04 14:46:43", "elapsed": 9819.7833, "delta": 9606.173916}}
{"target": 0.9033801720268407, "params": {"alpha_power": -4.830025578299606, "l1_ratio": 0.39244246646503067}, "datetime": {"datetime": "2024-05-04 18:20:27", "elapsed": 22644.310754, "delta": 12824.527454}}
{"target": 0.906482323495547, "params": {"alpha_power": -1.6736335692303355, "l1_ratio": 0.411930094858746}, "datetime": {"datetime": "2024-05-04 18:44:47", "elapsed": 24103.762003, "delta": 1459.451249}}
{"target": 0.9367299686146369, "params": {"alpha_power": -5.982745831593797, "l1_ratio": 0.8840321823721048}, "datetime": {"datetime": "2024-05-04 20:37:27", "elapsed": 30864.272314, "delta": 6760.510311}}
{"target": 0.5, "params": {"alpha_power": 0.19463276863531487, "l1_ratio": 0.30040968936648094}, "datetime": {"datetime": "2024-05-04 20:40:04", "elapsed": 31020.640813, "delta": 156.368499}}
{"target": 0.8798061825483818, "params": {"alpha_power": -1.8729269434969984, "l1_ratio": 0.9784269160148309}, "datetime": {"datetime": "2024-05-04 21:20:07", "elapsed": 33424.514088, "delta": 2403.873275}}
{"target": 0.8931157875681462, "params": {"alpha_power": -0.08434324511582236, "l1_ratio": 0.06507543905719348}, "datetime": {"datetime": "2024-05-04 21:25:40", "elapsed": 33756.619233, "delta": 332.105145}}
