{"target": 0.9436882563099143, "params": {"alpha_power": -2.3097232776875183}, "datetime": {"datetime": "2024-05-04 11:00:41", "elapsed": 0.0, "delta": 0.0}}
{"target": 0.8328481020240741, "params": {"alpha_power": 2.4165886419629548}, "datetime": {"datetime": "2024-05-04 11:01:47", "elapsed": 65.876222, "delta": 65.876222}}
{"target": 0.9174415716998643, "params": {"alpha_power": 0.4200573533659764}, "datetime": {"datetime": "2024-05-04 11:02:43", "elapsed": 121.959289, "delta": 56.083067}}
{"target": 0.9524065658712475, "params": {"alpha_power": -4.89364571636176}, "datetime": {"datetime": "2024-05-04 11:50:20", "elapsed": 2978.937399, "delta": 2856.97811}}
{"target": 0.9436706379932362, "params": {"alpha_power": -5.5685010041218215}, "datetime": {"datetime": "2024-05-04 12:09:25", "elapsed": 4124.319101, "delta": 1145.381702}}
{"target": 0.9283934688993135, "params": {"alpha_power": -0.45155706238786486}, "datetime": {"datetime": "2024-05-04 12:11:14", "elapsed": 4232.322355, "delta": 108.003254}}
{"target": 0.9401821846570003, "params": {"alpha_power": -6.161468765899381}, "datetime": {"datetime": "2024-05-04 12:41:41", "elapsed": 6059.967635, "delta": 1827.64528}}
{"target": 0.9552572388786189, "params": {"alpha_power": -3.6831328688846625}, "datetime": {"datetime": "2024-05-04 12:57:12", "elapsed": 6991.197308, "delta": 931.229673}}
{"target": 0.9296362150831946, "params": {"alpha_power": -1.2014241802190986}, "datetime": {"datetime": "2024-05-04 12:59:05", "elapsed": 7103.652187, "delta": 112.454879}}
{"target": 0.9476207011912223, "params": {"alpha_power": -3.4687689565537942}, "datetime": {"datetime": "2024-05-04 13:47:53", "elapsed": 10031.467052, "delta": 2927.814865}}
{"target": 0.9219939831378383, "params": {"alpha_power": -7.972886306790252}, "datetime": {"datetime": "2024-05-04 14:25:21", "elapsed": 12280.077199, "delta": 2248.610147}}
{"target": 0.8727240843492226, "params": {"alpha_power": 1.7243540060931526}, "datetime": {"datetime": "2024-05-04 14:27:28", "elapsed": 12406.995779, "delta": 126.91858}}
{"target": 0.872167905499831, "params": {"alpha_power": 1.73442292214121}, "datetime": {"datetime": "2024-05-04 14:29:36", "elapsed": 12534.968863, "delta": 127.973084}}
{"target": 0.9531565887769473, "params": {"alpha_power": -4.695493416968709}, "datetime": {"datetime": "2024-05-04 15:16:48", "elapsed": 15366.797818, "delta": 2831.828955}}
{"target": 0.929920290677655, "params": {"alpha_power": -1.5145994826381397}, "datetime": {"datetime": "2024-05-04 15:19:00", "elapsed": 15498.581608, "delta": 131.78379}}
{"target": 0.8239843676750933, "params": {"alpha_power": 2.76269607616314}, "datetime": {"datetime": "2024-05-04 15:20:06", "elapsed": 15564.659368, "delta": 66.07776}}
{"target": 0.9166781495187234, "params": {"alpha_power": 1.2960320433894221}, "datetime": {"datetime": "2024-05-04 15:22:25", "elapsed": 15704.128756, "delta": 139.469388}}
{"target": 0.9351352024766892, "params": {"alpha_power": -7.284170170370872}, "datetime": {"datetime": "2024-05-04 16:05:08", "elapsed": 18266.974237, "delta": 2562.845481}}
{"target": 0.9555240903276335, "params": {"alpha_power": -4.7578108881089785}, "datetime": {"datetime": "2024-05-04 16:52:25", "elapsed": 21103.354179, "delta": 2836.379942}}
{"target": 0.9544268698519461, "params": {"alpha_power": -4.83272114936029}, "datetime": {"datetime": "2024-05-04 17:39:52", "elapsed": 23950.689711, "delta": 2847.335532}}
{"target": 0.9209419404349661, "params": {"alpha_power": 1.0471297301377636}, "datetime": {"datetime": "2024-05-04 17:41:04", "elapsed": 24022.822017, "delta": 72.132306}}
{"target": 0.929741384778293, "params": {"alpha_power": -1.111986582437293}, "datetime": {"datetime": "2024-05-04 17:42:54", "elapsed": 24132.90949, "delta": 110.087473}}
{"target": 0.9347186092604355, "params": {"alpha_power": -6.7847451469495885}, "datetime": {"datetime": "2024-05-04 18:19:57", "elapsed": 26355.778614, "delta": 2222.869124}}
{"target": 0.9485116570414405, "params": {"alpha_power": -7.994183077137963}, "datetime": {"datetime": "2024-05-04 19:02:24", "elapsed": 28902.439, "delta": 2546.660386}}
{"target": 0.8352141321515241, "params": {"alpha_power": 2.3638285614104966}, "datetime": {"datetime": "2024-05-04 19:03:34", "elapsed": 28973.175487, "delta": 70.736487}}
{"target": 0.9548439178463031, "params": {"alpha_power": -3.841278003327492}, "datetime": {"datetime": "2024-05-04 19:09:51", "elapsed": 29350.251187, "delta": 377.0757}}
{"target": 0.9530534707995472, "params": {"alpha_power": -4.893680982663886}, "datetime": {"datetime": "2024-05-04 19:57:11", "elapsed": 32189.822902, "delta": 2839.571715}}
{"target": 0.9547592080389151, "params": {"alpha_power": -4.8978062234314}, "datetime": {"datetime": "2024-05-04 20:44:46", "elapsed": 35044.660596, "delta": 2854.837694}}
{"target": 0.9534632873823812, "params": {"alpha_power": -4.7633660520832715}, "datetime": {"datetime": "2024-05-04 21:32:17", "elapsed": 37895.967829, "delta": 2851.307233}}
