{"target": 0.9561427587980578, "params": {"max_depth": 27.313000540789695, "max_samples": 0.9469679075544326, "min_samples_leaf": 4.061839037587628, "min_samples_split": 4.259166751736902, "n_estimators": 298.94082693548734}, "datetime": {"datetime": "2024-05-03 22:55:53", "elapsed": 0.0, "delta": 0.0}}
{"target": 0.9527433369401697, "params": {"max_depth": 35.25243800616094, "max_samples": 0.16722248917974625, "min_samples_leaf": 2.5697698658601227, "min_samples_split": 6.944418778022474, "n_estimators": 470.7370853728714}, "datetime": {"datetime": "2024-05-03 23:04:08", "elapsed": 495.515035, "delta": 495.515035}}
{"target": 0.9089211326196329, "params": {"max_depth": 3.11584941644165, "max_samples": 0.8840437791538676, "min_samples_leaf": 4.539790153505894, "min_samples_split": 4.4032775149318475, "n_estimators": 630.623678693243}, "datetime": {"datetime": "2024-05-03 23:14:31", "elapsed": 1118.337687, "delta": 622.822652}}
{"target": 0.9553585813163682, "params": {"max_depth": 48.98606505269705, "max_samples": 0.8451093127440985, "min_samples_leaf": 1.260301756228774, "min_samples_split": 4.357955717738925, "n_estimators": 359.14099687052175}, "datetime": {"datetime": "2024-05-03 23:44:01", "elapsed": 2888.174788, "delta": 1769.837101}}
{"target": 0.9560818836309725, "params": {"max_depth": 41.65591793786135, "max_samples": 0.62622041965645, "min_samples_leaf": 1.4419108556546951, "min_samples_split": 2.0042304893542084, "n_estimators": 947.9496095699496}, "datetime": {"datetime": "2024-05-04 00:41:22", "elapsed": 6329.19135, "delta": 3441.016562}}
{"target": 0.9468026558206324, "params": {"max_depth": 9.65053561308392, "max_samples": 0.4216543665135431, "min_samples_leaf": 2.385957760594177, "min_samples_split": 8.958280675177452, "n_estimators": 485.7416311170577}, "datetime": {"datetime": "2024-05-04 00:53:01", "elapsed": 7028.212, "delta": 699.02065}}
{"target": 0.9539230535473028, "params": {"max_depth": 41.951319763169515, "max_samples": 0.7178800530422157, "min_samples_leaf": 1.4769067767364907, "min_samples_split": 6.771073381676871, "n_estimators": 216.78066793466195}, "datetime": {"datetime": "2024-05-04 01:09:01", "elapsed": 7988.120147, "delta": 959.908147}}
{"target": 0.9386756707164714, "params": {"max_depth": 6.644102311177328, "max_samples": 0.831222135164849, "min_samples_leaf": 2.85754245912081, "min_samples_split": 3.2960998320219916, "n_estimators": 593.177762883706}, "datetime": {"datetime": "2024-05-04 01:25:42", "elapsed": 8989.418679, "delta": 1001.298532}}
{"target": 0.9551601623876464, "params": {"max_depth": 30.6588336265901, "max_samples": 0.7736358077588267, "min_samples_leaf": 3.623381832027613, "min_samples_split": 6.461654075827384, "n_estimators": 260.422539913129}, "datetime": {"datetime": "2024-05-04 01:44:21", "elapsed": 10108.480397, "delta": 1119.061718}}
{"target": 0.9524168680621387, "params": {"max_depth": 14.307425967246617, "max_samples": 0.5061040269056224, "min_samples_leaf": 2.586982795319316, "min_samples_split": 5.864441483543532, "n_estimators": 960.1658569793673}, "datetime": {"datetime": "2024-05-04 02:18:21", "elapsed": 12147.851256, "delta": 2039.370859}}
{"target": 0.9553197472800203, "params": {"max_depth": 45.375303061946894, "max_samples": 0.5058087460453174, "min_samples_leaf": 4.282805940651659, "min_samples_split": 8.621727408599849, "n_estimators": 308.650012841849}, "datetime": {"datetime": "2024-05-04 02:33:49", "elapsed": 13076.069423, "delta": 928.218167}}
{"target": 0.9387768928855994, "params": {"max_depth": 6.71560786103173, "max_samples": 0.46581635018641854, "min_samples_leaf": 4.515903233617093, "min_samples_split": 3.1800244696468276, "n_estimators": 308.12617477947475}, "datetime": {"datetime": "2024-05-04 02:39:49", "elapsed": 13436.365916, "delta": 360.296493}}
{"target": 0.9533317893861719, "params": {"max_depth": 46.1434528680847, "max_samples": 0.12915062125341006, "min_samples_leaf": 4.665630888263358, "min_samples_split": 3.8783804072903765, "n_estimators": 654.3880917755522}, "datetime": {"datetime": "2024-05-04 02:48:21", "elapsed": 13948.11199, "delta": 511.746074}}
{"target": 0.9530240360757869, "params": {"max_depth": 47.72462472005942, "max_samples": 0.2552053066403636, "min_samples_leaf": 2.8010205933799615, "min_samples_split": 9.78014224341195, "n_estimators": 315.43389834547474}, "datetime": {"datetime": "2024-05-04 02:57:15", "elapsed": 14482.518061, "delta": 534.406071}}
{"target": 0.9505843374734011, "params": {"max_depth": 12.338021226647559, "max_samples": 0.6879775822833355, "min_samples_leaf": 4.3800367786762875, "min_samples_split": 5.626529454534441, "n_estimators": 191.2330247832656}, "datetime": {"datetime": "2024-05-04 03:05:37", "elapsed": 14984.388471, "delta": 501.87041}}
{"target": 0.9517620358677421, "params": {"max_depth": 32.27385461597521, "max_samples": 0.08356758926609874, "min_samples_leaf": 1.2130683785957501, "min_samples_split": 4.763827823833564, "n_estimators": 914.9277026959685}, "datetime": {"datetime": "2024-05-04 03:13:05", "elapsed": 15431.706279, "delta": 447.317808}}
{"target": 0.9546480494833742, "params": {"max_depth": 40.534209745483196, "max_samples": 0.38428852005415576, "min_samples_leaf": 1.3709040178661822, "min_samples_split": 3.0138000769592566, "n_estimators": 580.9575531078776}, "datetime": {"datetime": "2024-05-04 03:36:46", "elapsed": 16852.958192, "delta": 1421.251913}}
{"target": 0.9554389028974238, "params": {"max_depth": 26.843297262532925, "max_samples": 0.5035844202004377, "min_samples_leaf": 1.5064271027386154, "min_samples_split": 8.33032472845078, "n_estimators": 636.4461287108796}, "datetime": {"datetime": "2024-05-04 04:07:48", "elapsed": 18715.208605, "delta": 1862.250413}}
{"target": 0.9548278209069035, "params": {"max_depth": 38.61516051686099, "max_samples": 0.45941815547894294, "min_samples_leaf": 1.2978368194580132, "min_samples_split": 6.81990274773199, "n_estimators": 492.0392525647328}, "datetime": {"datetime": "2024-05-04 04:30:28", "elapsed": 20074.964799, "delta": 1359.756194}}
{"target": 0.9103410691671625, "params": {"max_depth": 3.3021300780671528, "max_samples": 0.04672521537385702, "min_samples_leaf": 2.674969600023653, "min_samples_split": 9.02612684167417, "n_estimators": 489.71592397764846}, "datetime": {"datetime": "2024-05-04 04:31:31", "elapsed": 20138.175288, "delta": 63.210489}}
{"target": 0.9508829970509904, "params": {"max_depth": 33.24262987797614, "max_samples": 0.5683929405108471, "min_samples_leaf": 1.9607276061856482, "min_samples_split": 4.365654424846614, "n_estimators": 104.52243135316644}, "datetime": {"datetime": "2024-05-04 04:38:15", "elapsed": 20541.755564, "delta": 403.580276}}
{"target": 0.9469473486010334, "params": {"max_depth": 9.057996783109967, "max_samples": 0.5292021041766976, "min_samples_leaf": 3.589979952739522, "min_samples_split": 3.162895635953544, "n_estimators": 722.2503344147606}, "datetime": {"datetime": "2024-05-04 04:58:22", "elapsed": 21749.373127, "delta": 1207.617563}}
{"target": 0.9567396598135911, "params": {"max_depth": 31.461564154219708, "max_samples": 0.9635484255844278, "min_samples_leaf": 4.371418204194971, "min_samples_split": 6.146515560467333, "n_estimators": 643.127686494245}, "datetime": {"datetime": "2024-05-04 05:50:36", "elapsed": 24883.138725, "delta": 3133.765598}}
{"target": 0.9421541094390298, "params": {"max_depth": 7.018300847409231, "max_samples": 0.9545589759061283, "min_samples_leaf": 4.580403819560209, "min_samples_split": 6.466777408512402, "n_estimators": 353.81474384394494}, "datetime": {"datetime": "2024-05-04 06:03:47", "elapsed": 25674.18821, "delta": 791.049485}}
{"target": 0.9549462455768623, "params": {"max_depth": 33.051324299570396, "max_samples": 0.41708640425301147, "min_samples_leaf": 3.5089299990290233, "min_samples_split": 5.171445152970013, "n_estimators": 371.6318475238236}, "datetime": {"datetime": "2024-05-04 06:19:50", "elapsed": 26637.483267, "delta": 963.295057}}
{"target": 0.9552463334007207, "params": {"max_depth": 26.6712015795162, "max_samples": 0.38557890640370723, "min_samples_leaf": 2.6241675586412088, "min_samples_split": 6.816998207231022, "n_estimators": 641.9174663701441}, "datetime": {"datetime": "2024-05-04 06:43:40", "elapsed": 28067.554858, "delta": 1430.071591}}
{"target": 0.9561120053263273, "params": {"max_depth": 34.45701519811064, "max_samples": 0.6277490126365696, "min_samples_leaf": 3.2581502183471622, "min_samples_split": 5.857549654061229, "n_estimators": 635.6974862059608}, "datetime": {"datetime": "2024-05-04 07:21:09", "elapsed": 30316.182843, "delta": 2248.627985}}
{"target": 0.9461894428238427, "params": {"max_depth": 40.451293684492825, "max_samples": 0.012570184098757138, "min_samples_leaf": 2.21193004685169, "min_samples_split": 7.608446631126868, "n_estimators": 642.6118411177539}, "datetime": {"datetime": "2024-05-04 07:22:16", "elapsed": 30383.462127, "delta": 67.279284}}
{"target": 0.9553263782758059, "params": {"max_depth": 35.24642772723583, "max_samples": 0.6387454313408346, "min_samples_leaf": 4.038856637295073, "min_samples_split": 6.189758669898302, "n_estimators": 303.2624463972336}, "datetime": {"datetime": "2024-05-04 07:40:41", "elapsed": 31488.505722, "delta": 1105.043595}}
{"target": 0.9557283341331871, "params": {"max_depth": 35.408912309002446, "max_samples": 0.9695250211016128, "min_samples_leaf": 2.942149853894086, "min_samples_split": 4.5959294524174705, "n_estimators": 293.6049876340968}, "datetime": {"datetime": "2024-05-04 08:06:15", "elapsed": 33022.453947, "delta": 1533.948225}}
{"target": 0.9560505699680967, "params": {"max_depth": 44.559319720711564, "max_samples": 0.9712661184848179, "min_samples_leaf": 4.706036518085127, "min_samples_split": 6.391817240702041, "n_estimators": 297.6153773597511}, "datetime": {"datetime": "2024-05-04 08:30:37", "elapsed": 34483.754721, "delta": 1461.300774}}
{"target": 0.9529686934947644, "params": {"max_depth": 18.11710699298856, "max_samples": 0.24086469100525384, "min_samples_leaf": 1.5057401523027698, "min_samples_split": 9.810863670900833, "n_estimators": 481.6580647245858}, "datetime": {"datetime": "2024-05-04 08:41:33", "elapsed": 35140.189629, "delta": 656.434908}}
{"target": 0.955550815698426, "params": {"max_depth": 38.2657645793677, "max_samples": 0.6132893235400708, "min_samples_leaf": 3.1890432137370426, "min_samples_split": 4.034160139513444, "n_estimators": 361.4720568705532}, "datetime": {"datetime": "2024-05-04 09:03:02", "elapsed": 36429.455392, "delta": 1289.265763}}
{"target": 0.954137692676132, "params": {"max_depth": 44.10123580786223, "max_samples": 0.3572332571701585, "min_samples_leaf": 2.2640563247396157, "min_samples_split": 9.773525444913005, "n_estimators": 371.2725199171846}, "datetime": {"datetime": "2024-05-04 09:16:49", "elapsed": 37256.530052, "delta": 827.07466}}
{"target": 0.9561211580973079, "params": {"max_depth": 41.899901787940536, "max_samples": 0.9300563120856875, "min_samples_leaf": 4.24823733051173, "min_samples_split": 8.608361412995267, "n_estimators": 350.72877388672725}, "datetime": {"datetime": "2024-05-04 09:45:08", "elapsed": 38955.603382, "delta": 1699.07333}}
{"target": 0.9556643250103127, "params": {"max_depth": 48.702942678316745, "max_samples": 0.6184417849229685, "min_samples_leaf": 4.274753566660411, "min_samples_split": 2.798675875070699, "n_estimators": 344.03073920987487}, "datetime": {"datetime": "2024-05-04 10:05:36", "elapsed": 40183.487988, "delta": 1227.884606}}
{"target": 0.9527763932303049, "params": {"max_depth": 34.3830373937911, "max_samples": 0.21094002712277155, "min_samples_leaf": 1.3112043376889018, "min_samples_split": 2.4122765142647786, "n_estimators": 345.6106601718977}, "datetime": {"datetime": "2024-05-04 10:13:27", "elapsed": 40654.017997, "delta": 470.530009}}
{"target": 0.9543353116279182, "params": {"max_depth": 43.319796732648506, "max_samples": 0.30655234018237887, "min_samples_leaf": 4.54516206079667, "min_samples_split": 9.99639138735957, "n_estimators": 335.81438915190404}, "datetime": {"datetime": "2024-05-04 10:24:33", "elapsed": 41320.420696, "delta": 666.402699}}
{"target": 0.9567709058049368, "params": {"max_depth": 32.16467596749209, "max_samples": 0.8814564234007924, "min_samples_leaf": 3.0182948731746944, "min_samples_split": 3.8998770692119527, "n_estimators": 954.5458731019783}, "datetime": {"datetime": "2024-05-04 11:35:47", "elapsed": 45594.400122, "delta": 4273.979426}}
{"target": 0.9551033032944923, "params": {"max_depth": 28.24911063463783, "max_samples": 0.35063310279310916, "min_samples_leaf": 1.2131743623519302, "min_samples_split": 5.215872783262012, "n_estimators": 943.3060217320359}, "datetime": {"datetime": "2024-05-04 12:09:06", "elapsed": 47592.9965, "delta": 1998.596378}}
{"target": 0.9535305766605431, "params": {"max_depth": 43.66528083979925, "max_samples": 0.13955001900307407, "min_samples_leaf": 3.896324491435694, "min_samples_split": 9.009607652742112, "n_estimators": 956.0306227443048}, "datetime": {"datetime": "2024-05-04 12:22:16", "elapsed": 48382.883197, "delta": 789.886697}}
{"target": 0.9563142021206529, "params": {"max_depth": 39.749571700540166, "max_samples": 0.47680617489484584, "min_samples_leaf": 4.444342274326935, "min_samples_split": 9.850800140887074, "n_estimators": 940.4118318109654}, "datetime": {"datetime": "2024-05-04 13:07:24", "elapsed": 51091.098739, "delta": 2708.215542}}
{"target": 0.9558350186576234, "params": {"max_depth": 49.277467740813286, "max_samples": 0.45832151021306566, "min_samples_leaf": 2.2641472641873097, "min_samples_split": 4.196533742536729, "n_estimators": 934.6027433767872}, "datetime": {"datetime": "2024-05-04 13:53:28", "elapsed": 53854.680234, "delta": 2763.581495}}
{"target": 0.9565484028228088, "params": {"max_depth": 36.59599876371332, "max_samples": 1.0, "min_samples_leaf": 1.0, "min_samples_split": 2.0, "n_estimators": 932.3944289425274}, "datetime": {"datetime": "2024-05-04 15:12:01", "elapsed": 58567.815282, "delta": 4713.135048}}
{"target": 0.9557110890445129, "params": {"max_depth": 46.311212434599966, "max_samples": 0.34586498630691465, "min_samples_leaf": 3.1745994180080284, "min_samples_split": 9.119684602310564, "n_estimators": 923.2513383072404}, "datetime": {"datetime": "2024-05-04 15:43:21", "elapsed": 60447.663645, "delta": 1879.848363}}
{"target": 0.9544770634674073, "params": {"max_depth": 33.28133877760685, "max_samples": 0.4534744937165956, "min_samples_leaf": 4.433481840970227, "min_samples_split": 6.497309964363902, "n_estimators": 276.75145189969965}, "datetime": {"datetime": "2024-05-04 15:55:59", "elapsed": 61205.65763, "delta": 757.993985}}
{"target": 0.9525251772795054, "params": {"max_depth": 22.641592264079417, "max_samples": 0.1775727315822642, "min_samples_leaf": 3.7881406989875797, "min_samples_split": 6.1328580127632, "n_estimators": 285.53228413836166}, "datetime": {"datetime": "2024-05-04 16:01:18", "elapsed": 61525.343523, "delta": 319.685893}}
{"target": 0.9546456779353856, "params": {"max_depth": 47.0642917850207, "max_samples": 0.5107500785317938, "min_samples_leaf": 3.224277820511345, "min_samples_split": 2.8449596822724086, "n_estimators": 284.15479936778354}, "datetime": {"datetime": "2024-05-04 16:16:05", "elapsed": 62412.236201, "delta": 886.892678}}
{"target": 0.9536519240220658, "params": {"max_depth": 44.7685881274467, "max_samples": 0.40568619148410023, "min_samples_leaf": 2.7162423497844963, "min_samples_split": 4.604272777221358, "n_estimators": 265.4245896816012}, "datetime": {"datetime": "2024-05-04 16:27:33", "elapsed": 63100.116995, "delta": 687.880794}}
