{"target": 0.9558202444632515, "params": {"alpha_power": -7.9308084646136425, "gamma_power": -4.212149584740743, "n_components": 14.59275855638144}, "datetime": {"datetime": "2024-05-10 19:36:40", "elapsed": 0.0, "delta": 0.0}}
{"target": 0.9520500962100036, "params": {"alpha_power": -8.870416624131549, "gamma_power": -7.11581854695339, "n_components": 14.117332511424802}, "datetime": {"datetime": "2024-05-10 19:53:25", "elapsed": 1005.591661, "delta": 1005.591661}}
{"target": 0.9544879645713665, "params": {"alpha_power": -9.331443187599774, "gamma_power": -6.430230134139878, "n_components": 13.708314083516855}, "datetime": {"datetime": "2024-05-10 20:16:22", "elapsed": 2382.434765, "delta": 1376.843104}}
{"target": 0.9444571079678786, "params": {"alpha_power": -8.352279620565016, "gamma_power": -7.990140475196455, "n_components": 15.304193094232629}, "datetime": {"datetime": "2024-05-10 20:27:38", "elapsed": 3058.743975, "delta": 676.30921}}
{"target": 0.9296312676082131, "params": {"alpha_power": -6.460209846494106, "gamma_power": -6.798361242534076, "n_components": 13.537491191288288}, "datetime": {"datetime": "2024-05-10 20:29:52", "elapsed": 3192.212721, "delta": 133.468746}}
{"target": 0.9518370383007013, "params": {"alpha_power": -6.086292335940676, "gamma_power": -4.6196247114947555, "n_components": 10.390452634343161}, "datetime": {"datetime": "2024-05-10 20:31:10", "elapsed": 3270.555924, "delta": 78.343203}}
{"target": 0.9531124490284506, "params": {"alpha_power": -8.821022141130538, "gamma_power": -6.848262236131014, "n_components": 14.934798034620599}, "datetime": {"datetime": "2024-05-10 20:46:23", "elapsed": 4183.384386, "delta": 912.828462}}
{"target": 0.936805937389454, "params": {"alpha_power": -7.495267848159015, "gamma_power": -7.558089144345304, "n_components": 10.003172867015657}, "datetime": {"datetime": "2024-05-10 20:50:20", "elapsed": 4420.332229, "delta": 236.947843}}
{"target": 0.9105452745557987, "params": {"alpha_power": -6.231335068578002, "gamma_power": -7.4339969690992405, "n_components": 12.52957915699696}, "datetime": {"datetime": "2024-05-10 20:52:15", "elapsed": 4535.170194, "delta": 114.837965}}
{"target": 0.9504248811563508, "params": {"alpha_power": -9.169610903379823, "gamma_power": -4.0, "n_components": 11.556396449507409}, "datetime": {"datetime": "2024-05-10 21:09:01", "elapsed": 5541.573408, "delta": 1006.403214}}
{"target": 0.954687296615138, "params": {"alpha_power": -9.980583547831909, "gamma_power": -4.021245967268872, "n_components": 15.798684683419445}, "datetime": {"datetime": "2024-05-10 21:39:23", "elapsed": 7363.308844, "delta": 1821.735436}}
{"target": 0.9573540369411406, "params": {"alpha_power": -6.0, "gamma_power": -4.0, "n_components": 16.0}, "datetime": {"datetime": "2024-05-10 21:40:46", "elapsed": 7446.367273, "delta": 83.058429}}
{"target": 0.9553650693272073, "params": {"alpha_power": -6.0, "gamma_power": -4.0, "n_components": 13.428093771640954}, "datetime": {"datetime": "2024-05-10 21:42:07", "elapsed": 7526.916229, "delta": 80.548956}}
{"target": 0.9528490882069585, "params": {"alpha_power": -10.0, "gamma_power": -6.017591808957321, "n_components": 10.0}, "datetime": {"datetime": "2024-05-10 22:01:36", "elapsed": 8696.444611, "delta": 1169.528382}}
{"target": 0.9577883099494858, "params": {"alpha_power": -7.362301976316144, "gamma_power": -5.371956476100492, "n_components": 16.0}, "datetime": {"datetime": "2024-05-10 22:05:16", "elapsed": 8916.779491, "delta": 220.33488}}
{"target": 0.9500181768459305, "params": {"alpha_power": -7.891891392000752, "gamma_power": -4.0, "n_components": 10.0}, "datetime": {"datetime": "2024-05-10 22:10:35", "elapsed": 9235.027024, "delta": 318.247533}}
{"target": 0.9571971551111739, "params": {"alpha_power": -10.0, "gamma_power": -6.09866191536052, "n_components": 16.0}, "datetime": {"datetime": "2024-05-10 22:41:27", "elapsed": 11087.567932, "delta": 1852.540908}}
{"target": 0.9461778297940769, "params": {"alpha_power": -10.0, "gamma_power": -8.0, "n_components": 11.741853654939808}, "datetime": {"datetime": "2024-05-10 23:05:45", "elapsed": 12545.101957, "delta": 1457.534025}}
{"target": 0.957191544058747, "params": {"alpha_power": -7.939543744322512, "gamma_power": -4.0, "n_components": 16.0}, "datetime": {"datetime": "2024-05-10 23:12:46", "elapsed": 12966.098428, "delta": 420.996471}}
{"target": 0.9527262516739812, "params": {"alpha_power": -10.0, "gamma_power": -4.0, "n_components": 13.677443236328047}, "datetime": {"datetime": "2024-05-10 23:40:46", "elapsed": 14646.10034, "delta": 1680.001912}}
{"target": 0.9482911593875398, "params": {"alpha_power": -10.0, "gamma_power": -7.938682520527562, "n_components": 14.70218355822658}, "datetime": {"datetime": "2024-05-11 00:03:38", "elapsed": 16018.328429, "delta": 1372.228089}}
{"target": 0.9438762906926375, "params": {"alpha_power": -6.0, "gamma_power": -5.853987585732272, "n_components": 16.0}, "datetime": {"datetime": "2024-05-11 00:05:14", "elapsed": 16114.889989, "delta": 96.56156}}
{"target": 0.9591190446391689, "params": {"alpha_power": -8.80737899117751, "gamma_power": -5.2670762679377425, "n_components": 16.0}, "datetime": {"datetime": "2024-05-11 00:22:04", "elapsed": 17124.223833, "delta": 1009.333844}}
{"target": 0.957354264334573, "params": {"alpha_power": -10.0, "gamma_power": -5.382484379736515, "n_components": 14.864864577184965}, "datetime": {"datetime": "2024-05-11 00:52:07", "elapsed": 18927.391683, "delta": 1803.16785}}
{"target": 0.9554754671189697, "params": {"alpha_power": -6.461498096092223, "gamma_power": -4.0, "n_components": 14.904090909840091}, "datetime": {"datetime": "2024-05-11 00:53:57", "elapsed": 19037.308289, "delta": 109.916606}}
{"target": 0.953798722875003, "params": {"alpha_power": -7.073476077894062, "gamma_power": -4.0, "n_components": 12.176775012841102}, "datetime": {"datetime": "2024-05-11 00:56:36", "elapsed": 19196.894143, "delta": 159.585854}}
{"target": 0.9479472065136415, "params": {"alpha_power": -9.940832021892078, "gamma_power": -4.1235749439065845, "n_components": 10.052574573097468}, "datetime": {"datetime": "2024-05-11 01:19:26", "elapsed": 20566.556161, "delta": 1369.662018}}
{"target": 0.957427548025579, "params": {"alpha_power": -8.29501690342101, "gamma_power": -5.391525409260916, "n_components": 14.87313691014872}, "datetime": {"datetime": "2024-05-11 01:28:47", "elapsed": 21127.51769, "delta": 560.961529}}
{"target": 0.9553602668210142, "params": {"alpha_power": -10.0, "gamma_power": -5.614672543219351, "n_components": 12.098799004119936}, "datetime": {"datetime": "2024-05-11 01:56:35", "elapsed": 22795.613495, "delta": 1668.095805}}
{"target": 0.9514743846387569, "params": {"alpha_power": -6.0, "gamma_power": -4.0, "n_components": 10.0}, "datetime": {"datetime": "2024-05-11 01:57:45", "elapsed": 22865.441865, "delta": 69.82837}}
{"target": 0.9590938320399411, "params": {"alpha_power": -10.0, "gamma_power": -5.140378245571071, "n_components": 16.0}, "datetime": {"datetime": "2024-05-11 02:25:42", "elapsed": 24542.061315, "delta": 1676.61945}}
{"target": 0.95739399730709, "params": {"alpha_power": -8.568147776969345, "gamma_power": -4.987383917461422, "n_components": 13.219253550979246}, "datetime": {"datetime": "2024-05-11 02:36:43", "elapsed": 25203.278854, "delta": 661.217539}}
{"target": 0.9584242475157471, "params": {"alpha_power": -7.16651833797617, "gamma_power": -4.531340008028581, "n_components": 15.970578790816061}, "datetime": {"datetime": "2024-05-11 02:39:59", "elapsed": 25399.609266, "delta": 196.330412}}
{"target": 0.9593789612023823, "params": {"alpha_power": -8.017311394107082, "gamma_power": -4.930263830108404, "n_components": 16.0}, "datetime": {"datetime": "2024-05-11 02:47:05", "elapsed": 25825.648401, "delta": 426.039135}}
{"target": 0.956998490337055, "params": {"alpha_power": -7.44312322700754, "gamma_power": -4.714894325753524, "n_components": 13.61069080378187}, "datetime": {"datetime": "2024-05-11 02:51:01", "elapsed": 26061.041905, "delta": 235.393504}}
{"target": 0.9578225991131873, "params": {"alpha_power": -8.191493884793939, "gamma_power": -5.7233133535285265, "n_components": 15.998719927689024}, "datetime": {"datetime": "2024-05-11 03:00:00", "elapsed": 26600.532254, "delta": 539.490349}}
{"target": 0.9584014873088383, "params": {"alpha_power": -9.454452501871481, "gamma_power": -5.266312281937837, "n_components": 15.560791754622574}, "datetime": {"datetime": "2024-05-11 03:20:30", "elapsed": 27830.068304, "delta": 1229.53605}}
{"target": 0.9575944600142051, "params": {"alpha_power": -9.064478867505931, "gamma_power": -5.123265742296478, "n_components": 14.087204521392291}, "datetime": {"datetime": "2024-05-11 03:38:20", "elapsed": 28899.982029, "delta": 1069.913725}}
{"target": 0.9589375062844713, "params": {"alpha_power": -9.133432060239535, "gamma_power": -4.717507487992728, "n_components": 16.0}, "datetime": {"datetime": "2024-05-11 03:56:29", "elapsed": 29989.677093, "delta": 1089.695064}}
{"target": 0.9570203432025941, "params": {"alpha_power": -10.0, "gamma_power": -5.2828619638183625, "n_components": 13.324989790820927}, "datetime": {"datetime": "2024-05-11 04:22:18", "elapsed": 31538.480491, "delta": 1548.803398}}
{"target": 0.9589015836539263, "params": {"alpha_power": -9.50543401605952, "gamma_power": -5.326865896623332, "n_components": 16.0}, "datetime": {"datetime": "2024-05-11 04:44:59", "elapsed": 32899.545601, "delta": 1361.06511}}
{"target": 0.9539031826446784, "params": {"alpha_power": -7.855911930533947, "gamma_power": -4.0, "n_components": 13.327860853221607}, "datetime": {"datetime": "2024-05-11 04:50:19", "elapsed": 33219.799279, "delta": 320.253678}}
{"target": 0.9590227047159472, "params": {"alpha_power": -7.729582566564148, "gamma_power": -4.963831814635327, "n_components": 15.418399747131398}, "datetime": {"datetime": "2024-05-11 04:56:14", "elapsed": 33574.14247, "delta": 354.343191}}
{"target": 0.9590220157998793, "params": {"alpha_power": -8.453914689558033, "gamma_power": -4.8442943226987, "n_components": 15.62538491590535}, "datetime": {"datetime": "2024-05-11 05:07:01", "elapsed": 34220.942917, "delta": 646.800447}}
{"target": 0.9590168690895984, "params": {"alpha_power": -8.523330269170037, "gamma_power": -4.833267654257006, "n_components": 16.0}, "datetime": {"datetime": "2024-05-11 05:19:54", "elapsed": 34994.186493, "delta": 773.243576}}
{"target": 0.9572999749913013, "params": {"alpha_power": -6.907376973269978, "gamma_power": -4.006265052890436, "n_components": 15.984710817690999}, "datetime": {"datetime": "2024-05-11 05:22:28", "elapsed": 35148.101238, "delta": 153.914745}}
{"target": 0.9588560313084817, "params": {"alpha_power": -8.029976709678332, "gamma_power": -5.173639363666398, "n_components": 15.743578699076334}, "datetime": {"datetime": "2024-05-11 05:29:52", "elapsed": 35592.754493, "delta": 444.653255}}
{"target": 0.9589855775090413, "params": {"alpha_power": -7.7923177202868, "gamma_power": -4.70613136431738, "n_components": 15.707497399472423}, "datetime": {"datetime": "2024-05-11 05:36:18", "elapsed": 35978.003329, "delta": 385.248836}}
{"target": 0.9571821209768853, "params": {"alpha_power": -7.299886220786008, "gamma_power": -4.969718056049342, "n_components": 14.666908721803905}, "datetime": {"datetime": "2024-05-11 05:39:40", "elapsed": 36180.311126, "delta": 202.307797}}
{"target": 0.9583728745923418, "params": {"alpha_power": -9.042773653025522, "gamma_power": -4.702904575843507, "n_components": 15.12977542739222}, "datetime": {"datetime": "2024-05-11 05:56:30", "elapsed": 37190.688556, "delta": 1010.37743}}
{"target": 0.9592621809120002, "params": {"alpha_power": -7.625997981655633, "gamma_power": -4.907163016209548, "n_components": 16.0}, "datetime": {"datetime": "2024-05-11 06:02:10", "elapsed": 37529.969843, "delta": 339.281287}}
{"target": 0.9519572271098905, "params": {"alpha_power": -6.0, "gamma_power": -4.0, "n_components": 11.793518506368368}, "datetime": {"datetime": "2024-05-11 06:03:28", "elapsed": 37608.325927, "delta": 78.356084}}
{"target": 0.9550093112453597, "params": {"alpha_power": -8.589730668699016, "gamma_power": -5.273887037917704, "n_components": 11.99461002222287}, "datetime": {"datetime": "2024-05-11 06:13:25", "elapsed": 38205.910348, "delta": 597.584421}}
{"target": 0.958796605237899, "params": {"alpha_power": -9.639987173585087, "gamma_power": -4.903038141742852, "n_components": 16.0}, "datetime": {"datetime": "2024-05-11 06:36:44", "elapsed": 39604.647524, "delta": 1398.737176}}
{"target": 0.9587142582028207, "params": {"alpha_power": -8.14441373964713, "gamma_power": -4.817318666376702, "n_components": 15.170468707775045}, "datetime": {"datetime": "2024-05-11 06:44:52", "elapsed": 40092.7426, "delta": 488.095076}}
{"target": 0.9593305841891924, "params": {"alpha_power": -7.893631111120305, "gamma_power": -4.746444184117748, "n_components": 16.0}, "datetime": {"datetime": "2024-05-11 06:51:29", "elapsed": 40489.26946, "delta": 396.52686}}
{"target": 0.9580833092728493, "params": {"alpha_power": -8.997913251273985, "gamma_power": -4.975767930755266, "n_components": 15.77055181607626}, "datetime": {"datetime": "2024-05-11 07:09:54", "elapsed": 41594.129351, "delta": 1104.859891}}
{"target": 0.9549214723923363, "params": {"alpha_power": -8.954991694580569, "gamma_power": -4.0, "n_components": 16.0}, "datetime": {"datetime": "2024-05-11 07:26:00", "elapsed": 42560.462698, "delta": 966.333347}}
{"target": 0.9457234429637065, "params": {"alpha_power": -10.0, "gamma_power": -8.0, "n_components": 10.0}, "datetime": {"datetime": "2024-05-11 07:45:22", "elapsed": 43722.039051, "delta": 1161.576353}}
{"target": 0.9551714667797976, "params": {"alpha_power": -9.359718283757479, "gamma_power": -5.119584616824248, "n_components": 12.829320031091715}, "datetime": {"datetime": "2024-05-11 08:03:05", "elapsed": 44785.011508, "delta": 1062.972457}}
{"target": 0.9568822915030755, "params": {"alpha_power": -8.160024010425575, "gamma_power": -5.519661999783034, "n_components": 13.633203673939512}, "datetime": {"datetime": "2024-05-11 08:11:30", "elapsed": 45290.364785, "delta": 505.353277}}
{"target": 0.9574145044759321, "params": {"alpha_power": -9.078937108089049, "gamma_power": -6.029997921158319, "n_components": 16.0}, "datetime": {"datetime": "2024-05-11 08:34:35", "elapsed": 46674.989939, "delta": 1384.625154}}
{"target": 0.958416673916999, "params": {"alpha_power": -10.0, "gamma_power": -4.674578971850498, "n_components": 15.017426509715857}, "datetime": {"datetime": "2024-05-11 08:56:46", "elapsed": 48006.70648, "delta": 1331.716541}}
{"target": 0.9557067438641209, "params": {"alpha_power": -7.762569856857891, "gamma_power": -4.92768452354703, "n_components": 12.690633682964771}, "datetime": {"datetime": "2024-05-11 09:02:01", "elapsed": 48321.768257, "delta": 315.061777}}
{"target": 0.9538398014096867, "params": {"alpha_power": -8.496314425010013, "gamma_power": -5.4977457496085975, "n_components": 10.0}, "datetime": {"datetime": "2024-05-11 09:11:59", "elapsed": 48919.806005, "delta": 598.037748}}
{"target": 0.958747024977658, "params": {"alpha_power": -10.0, "gamma_power": -5.0911709004726085, "n_components": 15.514420707242918}, "datetime": {"datetime": "2024-05-11 09:33:49", "elapsed": 50228.924157, "delta": 1309.118152}}
{"target": 0.9577640679775132, "params": {"alpha_power": -8.187765148946326, "gamma_power": -4.940073654830515, "n_components": 14.11489815753868}, "datetime": {"datetime": "2024-05-11 09:42:16", "elapsed": 50736.140045, "delta": 507.215888}}
{"target": 0.9542273966144714, "params": {"alpha_power": -10.0, "gamma_power": -6.2817961911341405, "n_components": 12.834578356476086}, "datetime": {"datetime": "2024-05-11 10:09:33", "elapsed": 52373.315363, "delta": 1637.175318}}
{"target": 0.9566812650203943, "params": {"alpha_power": -9.575841472962434, "gamma_power": -4.70441649949014, "n_components": 14.535530433517081}, "datetime": {"datetime": "2024-05-11 10:35:20", "elapsed": 53920.863846, "delta": 1547.548483}}
{"target": 0.9543930890475483, "params": {"alpha_power": -9.250180608103094, "gamma_power": -5.739897586079016, "n_components": 11.06565741635964}, "datetime": {"datetime": "2024-05-11 10:53:32", "elapsed": 55012.152183, "delta": 1091.288337}}
{"target": 0.9586523559719671, "params": {"alpha_power": -7.243057859095528, "gamma_power": -4.912830928663243, "n_components": 15.506275453170245}, "datetime": {"datetime": "2024-05-11 10:57:07", "elapsed": 55227.90265, "delta": 215.750467}}
{"target": 0.9573782298088872, "params": {"alpha_power": -9.09104699258461, "gamma_power": -5.321770465712554, "n_components": 14.87472105028864}, "datetime": {"datetime": "2024-05-11 11:17:00", "elapsed": 56420.857868, "delta": 1192.955218}}
{"target": 0.9591905572501777, "params": {"alpha_power": -8.39920298517093, "gamma_power": -5.2366714493205455, "n_components": 16.0}, "datetime": {"datetime": "2024-05-11 11:27:01", "elapsed": 57021.598298, "delta": 600.74043}}
{"target": 0.9588745383462406, "params": {"alpha_power": -8.419585080579386, "gamma_power": -4.511129211365409, "n_components": 15.432811133742401}, "datetime": {"datetime": "2024-05-11 11:38:19", "elapsed": 57698.915407, "delta": 677.317109}}
{"target": 0.958020888246887, "params": {"alpha_power": -9.93761401332543, "gamma_power": -5.660437155474462, "n_components": 15.597448206408817}, "datetime": {"datetime": "2024-05-11 12:09:12", "elapsed": 59552.226205, "delta": 1853.310798}}
{"target": 0.9590371905044452, "params": {"alpha_power": -8.207812054719094, "gamma_power": -4.672969108486354, "n_components": 15.737031722443707}, "datetime": {"datetime": "2024-05-11 12:17:56", "elapsed": 60076.864559, "delta": 524.638354}}
{"target": 0.9586797528503442, "params": {"alpha_power": -10.0, "gamma_power": -5.481423585059178, "n_components": 16.0}, "datetime": {"datetime": "2024-05-11 12:54:13", "elapsed": 62253.364633, "delta": 2176.500074}}
{"target": 0.9590210079339482, "params": {"alpha_power": -8.524264718829532, "gamma_power": -4.771478773130692, "n_components": 15.104903014674989}, "datetime": {"datetime": "2024-05-11 13:05:45", "elapsed": 62945.096767, "delta": 691.732134}}
{"target": 0.9588035946215069, "params": {"alpha_power": -8.740789954833618, "gamma_power": -5.526112022069301, "n_components": 16.0}, "datetime": {"datetime": "2024-05-11 13:22:51", "elapsed": 63970.929897, "delta": 1025.83313}}
{"target": 0.9582024348611246, "params": {"alpha_power": -7.540788071523034, "gamma_power": -5.286287599353912, "n_components": 15.465463707096898}, "datetime": {"datetime": "2024-05-11 13:27:09", "elapsed": 64229.887787, "delta": 258.95789}}
{"target": 0.9591376367130475, "params": {"alpha_power": -7.852624861342682, "gamma_power": -5.11746499261145, "n_components": 16.0}, "datetime": {"datetime": "2024-05-11 13:33:34", "elapsed": 64614.315784, "delta": 384.427997}}
{"target": 0.9588722415832912, "params": {"alpha_power": -10.0, "gamma_power": -4.787009468324579, "n_components": 16.0}, "datetime": {"datetime": "2024-05-11 14:06:20", "elapsed": 66580.791462, "delta": 1966.475678}}
{"target": 0.9592071728790044, "params": {"alpha_power": -7.615051707895283, "gamma_power": -4.650160750285213, "n_components": 16.0}, "datetime": {"datetime": "2024-05-11 14:11:16", "elapsed": 66876.069495, "delta": 295.278033}}
{"target": 0.9589990992361622, "params": {"alpha_power": -7.851242191956869, "gamma_power": -4.949698955542056, "n_components": 15.999236003392351}, "datetime": {"datetime": "2024-05-11 14:17:42", "elapsed": 67262.494467, "delta": 386.424972}}
{"target": 0.9542023685560841, "params": {"alpha_power": -7.778445421351036, "gamma_power": -4.886746231540043, "n_components": 11.096270160508338}, "datetime": {"datetime": "2024-05-11 14:22:45", "elapsed": 67565.757984, "delta": 303.263517}}
{"target": 0.9495356747809108, "params": {"alpha_power": -10.0, "gamma_power": -8.0, "n_components": 16.0}, "datetime": {"datetime": "2024-05-11 14:47:00", "elapsed": 69020.211999, "delta": 1454.454015}}
{"target": 0.9543115084118886, "params": {"alpha_power": -6.0, "gamma_power": -4.668558393526648, "n_components": 14.229174566515628}, "datetime": {"datetime": "2024-05-11 14:48:27", "elapsed": 69107.191662, "delta": 86.979663}}
{"target": 0.9551046963032427, "params": {"alpha_power": -10.0, "gamma_power": -6.349149758661525, "n_components": 14.459327901066679}, "datetime": {"datetime": "2024-05-11 15:16:11", "elapsed": 70771.269417, "delta": 1664.077755}}
{"target": 0.955677724444439, "params": {"alpha_power": -6.739264423893479, "gamma_power": -4.065966598286655, "n_components": 13.703230368731003}, "datetime": {"datetime": "2024-05-11 15:18:23", "elapsed": 70903.687411, "delta": 132.417994}}
{"target": 0.9568629052497615, "params": {"alpha_power": -8.929175684028957, "gamma_power": -5.539695075430446, "n_components": 13.55330444255846}, "datetime": {"datetime": "2024-05-11 15:35:39", "elapsed": 71939.548593, "delta": 1035.861182}}
