{"target": 0.5, "params": {"alpha_power": 0.20757460615907064, "l1_ratio": 0.9469626038148141}, "datetime": {"datetime": "2024-05-04 01:24:00", "elapsed": 0.0, "delta": 0.0}}
{"target": 0.5, "params": {"alpha_power": 3.1855171127628825, "l1_ratio": 0.2823958439671127}, "datetime": {"datetime": "2024-05-04 01:26:01", "elapsed": 120.362795, "delta": 120.362795}}
{"target": 0.8965816701819938, "params": {"alpha_power": -3.347455640860169, "l1_ratio": 0.6862220852374669}, "datetime": {"datetime": "2024-05-04 05:31:01", "elapsed": 14820.15439, "delta": 14699.791595}}
{"target": 0.9088114970860177, "params": {"alpha_power": -3.994329562799325, "l1_ratio": 0.39244246646503067}, "datetime": {"datetime": "2024-05-04 07:13:55", "elapsed": 20994.125057, "delta": 6173.970667}}
{"target": 0.5, "params": {"alpha_power": 1.4166281670337106, "l1_ratio": 0.411930094858746}, "datetime": {"datetime": "2024-05-04 07:16:41", "elapsed": 21160.148163, "delta": 166.023106}}
{"target": 0.9362753262424848, "params": {"alpha_power": -5.970421425589366, "l1_ratio": 0.8840321823721048}, "datetime": {"datetime": "2024-05-04 09:08:35", "elapsed": 27874.28646, "delta": 6714.138297}}
{"target": 0.5, "params": {"alpha_power": 4.619370460517683, "l1_ratio": 0.30040968936648094}, "datetime": {"datetime": "2024-05-04 09:10:34", "elapsed": 27994.004811, "delta": 119.718351}}
{"target": 0.5, "params": {"alpha_power": 1.0749823825765752, "l1_ratio": 0.9784269160148309}, "datetime": {"datetime": "2024-05-04 09:13:36", "elapsed": 28175.757884, "delta": 181.753073}}
{"target": 0.5, "params": {"alpha_power": 4.141125865515733, "l1_ratio": 0.06507543905719348}, "datetime": {"datetime": "2024-05-04 09:15:45", "elapsed": 28304.720377, "delta": 128.962493}}
{"target": 0.9190144418831979, "params": {"alpha_power": -2.463066423391613, "l1_ratio": 0.2879344409672464}, "datetime": {"datetime": "2024-05-04 10:52:45", "elapsed": 34124.907629, "delta": 5820.187252}}
{"target": 0.5, "params": {"alpha_power": 3.8695960692411973, "l1_ratio": 0.6261830379602461}, "datetime": {"datetime": "2024-05-04 10:54:46", "elapsed": 34245.287335, "delta": 120.379706}}
{"target": 0.9046296563742044, "params": {"alpha_power": -4.674267433035915, "l1_ratio": 0.0005288111692760555}, "datetime": {"datetime": "2024-05-04 14:29:05", "elapsed": 47104.08998, "delta": 12858.802645}}
{"target": 0.5, "params": {"alpha_power": 5.305994794265995, "l1_ratio": 0.14150075772518977}, "datetime": {"datetime": "2024-05-04 14:31:04", "elapsed": 47223.521396, "delta": 119.431416}}
{"target": 0.9184810942573491, "params": {"alpha_power": -0.9408416860060829, "l1_ratio": 0.3464894401485442}, "datetime": {"datetime": "2024-05-04 14:33:39", "elapsed": 47378.586156, "delta": 155.06476}}
{"target": 0.5, "params": {"alpha_power": 4.437421012766178, "l1_ratio": 0.42860181235228634}, "datetime": {"datetime": "2024-05-04 14:35:39", "elapsed": 47498.253147, "delta": 119.666991}}
{"target": 0.5, "params": {"alpha_power": 3.9450178118730683, "l1_ratio": 0.7178518382260383}, "datetime": {"datetime": "2024-05-04 14:37:42", "elapsed": 47621.690435, "delta": 123.437288}}
{"target": 0.9014596916276565, "params": {"alpha_power": -4.569279669790528, "l1_ratio": 0.5963841727096089}, "datetime": {"datetime": "2024-05-04 18:00:33", "elapsed": 59792.597787, "delta": 12170.907352}}
