{"target": 0.9500476801130621, "params": {"alpha_power": -7.9308084646136425, "gamma_power": -4.212149584740743, "n_components": 14.59275855638144}, "datetime": {"datetime": "2024-05-12 01:52:24", "elapsed": 0.0, "delta": 0.0}}
{"target": 0.9471764080580065, "params": {"alpha_power": -8.870416624131549, "gamma_power": -7.11581854695339, "n_components": 14.117332511424802}, "datetime": {"datetime": "2024-05-12 02:09:25", "elapsed": 1021.186049, "delta": 1021.186049}}
{"target": 0.9500932451677201, "params": {"alpha_power": -9.331443187599774, "gamma_power": -6.430230134139878, "n_components": 13.708314083516855}, "datetime": {"datetime": "2024-05-12 02:32:23", "elapsed": 2398.38178, "delta": 1377.195731}}
{"target": 0.9370833700617387, "params": {"alpha_power": -8.352279620565016, "gamma_power": -7.990140475196455, "n_components": 15.304193094232629}, "datetime": {"datetime": "2024-05-12 02:43:07", "elapsed": 3042.967474, "delta": 644.585694}}
{"target": 0.9254086554739093, "params": {"alpha_power": -6.460209846494106, "gamma_power": -6.798361242534076, "n_components": 13.537491191288288}, "datetime": {"datetime": "2024-05-12 02:45:09", "elapsed": 3164.583152, "delta": 121.615678}}
{"target": 0.9466727593517315, "params": {"alpha_power": -6.086292335940676, "gamma_power": -4.6196247114947555, "n_components": 10.390452634343161}, "datetime": {"datetime": "2024-05-12 02:46:26", "elapsed": 3241.74342, "delta": 77.160268}}
{"target": 0.9487071218562623, "params": {"alpha_power": -8.821022141130538, "gamma_power": -6.848262236131014, "n_components": 14.934798034620599}, "datetime": {"datetime": "2024-05-12 03:03:31", "elapsed": 4266.702284, "delta": 1024.958864}}
{"target": 0.930510681354224, "params": {"alpha_power": -7.495267848159015, "gamma_power": -7.558089144345304, "n_components": 10.003172867015657}, "datetime": {"datetime": "2024-05-12 03:07:33", "elapsed": 4509.215123, "delta": 242.512839}}
{"target": 0.9066901623278747, "params": {"alpha_power": -6.231335068578002, "gamma_power": -7.4339969690992405, "n_components": 12.52957915699696}, "datetime": {"datetime": "2024-05-12 03:09:23", "elapsed": 4618.493295, "delta": 109.278172}}
{"target": 0.9519247151327683, "params": {"alpha_power": -9.937057544433834, "gamma_power": -4.344054892414684, "n_components": 15.942260633501286}, "datetime": {"datetime": "2024-05-12 03:40:33", "elapsed": 6489.174078, "delta": 1870.680783}}
{"target": 0.9444629458984348, "params": {"alpha_power": -10.0, "gamma_power": -4.0, "n_components": 11.349412886091589}, "datetime": {"datetime": "2024-05-12 04:02:37", "elapsed": 7812.940238, "delta": 1323.76616}}
{"target": 0.9519609339027081, "params": {"alpha_power": -6.0, "gamma_power": -4.0, "n_components": 16.0}, "datetime": {"datetime": "2024-05-12 04:04:05", "elapsed": 7900.508092, "delta": 87.567854}}
{"target": 0.9482907992950402, "params": {"alpha_power": -10.0, "gamma_power": -4.0, "n_components": 13.942470059416113}, "datetime": {"datetime": "2024-05-12 04:26:18", "elapsed": 9234.01337, "delta": 1333.505278}}
{"target": 0.9502333913755325, "params": {"alpha_power": -6.0, "gamma_power": -4.0, "n_components": 13.309250940043643}, "datetime": {"datetime": "2024-05-12 04:27:45", "elapsed": 9321.144672, "delta": 87.131302}}
{"target": 0.9467210849073686, "params": {"alpha_power": -7.997052227744426, "gamma_power": -4.0, "n_components": 10.0}, "datetime": {"datetime": "2024-05-12 04:33:39", "elapsed": 9675.099353, "delta": 353.954681}}
{"target": 0.953378608199046, "params": {"alpha_power": -7.517527761020549, "gamma_power": -5.3451592495846025, "n_components": 16.0}, "datetime": {"datetime": "2024-05-12 04:39:05", "elapsed": 10001.324689, "delta": 326.225336}}
{"target": 0.952515555776847, "params": {"alpha_power": -10.0, "gamma_power": -6.248844752940932, "n_components": 16.0}, "datetime": {"datetime": "2024-05-12 05:08:59", "elapsed": 11795.255969, "delta": 1793.93128}}
{"target": 0.9403442825035402, "params": {"alpha_power": -10.0, "gamma_power": -8.0, "n_components": 10.0}, "datetime": {"datetime": "2024-05-12 05:35:53", "elapsed": 13408.47324, "delta": 1613.217271}}
{"target": 0.93868225283037, "params": {"alpha_power": -6.0, "gamma_power": -5.781155358783486, "n_components": 16.0}, "datetime": {"datetime": "2024-05-12 05:37:37", "elapsed": 13512.810503, "delta": 104.337263}}
{"target": 0.952261672292971, "params": {"alpha_power": -8.017181087576514, "gamma_power": -4.0, "n_components": 16.0}, "datetime": {"datetime": "2024-05-12 05:45:38", "elapsed": 13994.252581, "delta": 481.442078}}
{"target": 0.949182807682049, "params": {"alpha_power": -7.5857484251093465, "gamma_power": -4.0, "n_components": 12.167306064895236}, "datetime": {"datetime": "2024-05-12 05:50:03", "elapsed": 14258.763754, "delta": 264.511173}}
{"target": 0.9542406596913174, "params": {"alpha_power": -8.872613585583624, "gamma_power": -5.340838793416099, "n_components": 16.0}, "datetime": {"datetime": "2024-05-12 06:07:32", "elapsed": 15307.78604, "delta": 1049.022286}}
{"target": 0.9514198534558018, "params": {"alpha_power": -10.0, "gamma_power": -5.572200756053216, "n_components": 14.853328643952926}, "datetime": {"datetime": "2024-05-12 06:38:23", "elapsed": 17159.340508, "delta": 1851.554468}}
{"target": 0.9440941622110707, "params": {"alpha_power": -9.976310228660987, "gamma_power": -7.7481366696456515, "n_components": 14.036216430499106}, "datetime": {"datetime": "2024-05-12 07:09:42", "elapsed": 19037.975341, "delta": 1878.634833}}
{"target": 0.9499161364985389, "params": {"alpha_power": -6.410433759608124, "gamma_power": -4.0, "n_components": 14.861161854447875}, "datetime": {"datetime": "2024-05-12 07:11:32", "elapsed": 19148.055214, "delta": 110.079873}}
{"target": 0.9467097154879033, "params": {"alpha_power": -6.0, "gamma_power": -4.0, "n_components": 11.596758182422457}, "datetime": {"datetime": "2024-05-12 07:12:51", "elapsed": 19226.582108, "delta": 78.526894}}
{"target": 0.9521629845328048, "params": {"alpha_power": -8.333992316931845, "gamma_power": -5.514038935869325, "n_components": 14.611653737947805}, "datetime": {"datetime": "2024-05-12 07:22:18", "elapsed": 19793.86446, "delta": 567.282352}}
{"target": 0.9485242101600718, "params": {"alpha_power": -10.0, "gamma_power": -5.5911818451376005, "n_components": 10.0}, "datetime": {"datetime": "2024-05-12 07:45:20", "elapsed": 21175.930714, "delta": 1382.066254}}
{"target": 0.9485126055817753, "params": {"alpha_power": -10.0, "gamma_power": -5.961866822073818, "n_components": 11.922522625660132}, "datetime": {"datetime": "2024-05-12 08:09:11", "elapsed": 22607.044342, "delta": 1431.113628}}
{"target": 0.9518122425419928, "params": {"alpha_power": -8.734159372478604, "gamma_power": -4.992613014129167, "n_components": 13.039244650055858}, "datetime": {"datetime": "2024-05-12 08:22:23", "elapsed": 23399.145091, "delta": 792.100749}}
{"target": 0.9538738244855353, "params": {"alpha_power": -8.109965896646035, "gamma_power": -4.896736456088956, "n_components": 16.0}, "datetime": {"datetime": "2024-05-12 08:30:34", "elapsed": 23889.716983, "delta": 490.571892}}
{"target": 0.9540127673648934, "params": {"alpha_power": -10.0, "gamma_power": -5.327212154616034, "n_components": 16.0}, "datetime": {"datetime": "2024-05-12 08:57:42", "elapsed": 25517.861875, "delta": 1628.144892}}
{"target": 0.9537733737567639, "params": {"alpha_power": -7.102222720159467, "gamma_power": -4.292429485082829, "n_components": 15.928594205589583}, "datetime": {"datetime": "2024-05-12 09:00:56", "elapsed": 25712.156816, "delta": 194.294941}}
{"target": 0.9529589568756552, "params": {"alpha_power": -8.41359108554269, "gamma_power": -5.910255295788277, "n_components": 16.0}, "datetime": {"datetime": "2024-05-12 09:11:04", "elapsed": 26319.879383, "delta": 607.722567}}
{"target": 0.9536458686045052, "params": {"alpha_power": -9.419627347118478, "gamma_power": -5.72426354998181, "n_components": 16.0}, "datetime": {"datetime": "2024-05-12 09:38:57", "elapsed": 27992.495847, "delta": 1672.616464}}
{"target": 0.9521254399236861, "params": {"alpha_power": -7.495391418080701, "gamma_power": -4.7277896037527505, "n_components": 13.442218193421015}, "datetime": {"datetime": "2024-05-12 09:43:10", "elapsed": 28246.100798, "delta": 253.604951}}
{"target": 0.9466651656666578, "params": {"alpha_power": -6.067503986203377, "gamma_power": -4.047374922986659, "n_components": 10.004971042474354}, "datetime": {"datetime": "2024-05-12 09:44:25", "elapsed": 28321.243386, "delta": 75.142588}}
{"target": 0.9526203206064464, "params": {"alpha_power": -6.877188922482736, "gamma_power": -4.0, "n_components": 16.0}, "datetime": {"datetime": "2024-05-12 09:46:56", "elapsed": 28471.75378, "delta": 150.510394}}
{"target": 0.9540496029995946, "params": {"alpha_power": -7.4500998632719755, "gamma_power": -4.9755501416299515, "n_components": 15.337087480609224}, "datetime": {"datetime": "2024-05-12 09:51:14", "elapsed": 28729.827501, "delta": 258.073721}}
{"target": 0.9494981230556518, "params": {"alpha_power": -8.568720952518765, "gamma_power": -5.2310121959484635, "n_components": 11.382400887366929}, "datetime": {"datetime": "2024-05-12 10:01:03", "elapsed": 29318.846509, "delta": 589.019008}}
{"target": 0.9545175556368823, "params": {"alpha_power": -9.153407302890509, "gamma_power": -5.078948554292657, "n_components": 15.475713247736651}, "datetime": {"datetime": "2024-05-12 10:22:44", "elapsed": 30620.031705, "delta": 1301.185196}}
{"target": 0.9540444040807035, "params": {"alpha_power": -8.534586622078088, "gamma_power": -5.429044027846656, "n_components": 15.487914041411127}, "datetime": {"datetime": "2024-05-12 10:34:34", "elapsed": 31329.919745, "delta": 709.88804}}
{"target": 0.9531870588805003, "params": {"alpha_power": -9.270777108210469, "gamma_power": -4.817828102673745, "n_components": 16.0}, "datetime": {"datetime": "2024-05-12 10:59:37", "elapsed": 32832.722076, "delta": 1502.802331}}
{"target": 0.9543139426802778, "params": {"alpha_power": -10.0, "gamma_power": -4.859643879980236, "n_components": 15.386494905787547}, "datetime": {"datetime": "2024-05-12 11:26:37", "elapsed": 34453.014286, "delta": 1620.29221}}
{"target": 0.9536065404681817, "params": {"alpha_power": -9.333681235387006, "gamma_power": -4.490998079361415, "n_components": 15.013790265850933}, "datetime": {"datetime": "2024-05-12 11:47:57", "elapsed": 35732.896305, "delta": 1279.882019}}
{"target": 0.9539786368587437, "params": {"alpha_power": -7.4535146269410015, "gamma_power": -4.741684405779343, "n_components": 16.0}, "datetime": {"datetime": "2024-05-12 11:52:18", "elapsed": 35993.371714, "delta": 260.475409}}
{"target": 0.9503642145161342, "params": {"alpha_power": -8.1399134609101, "gamma_power": -5.453936736371788, "n_components": 12.907159285701411}, "datetime": {"datetime": "2024-05-12 11:59:21", "elapsed": 36417.095774, "delta": 423.72406}}
{"target": 0.9541804746992021, "params": {"alpha_power": -9.650288215919257, "gamma_power": -5.215687390650969, "n_components": 15.528273810168534}, "datetime": {"datetime": "2024-05-12 12:20:31", "elapsed": 37686.749012, "delta": 1269.653238}}
{"target": 0.9542291735728483, "params": {"alpha_power": -8.537727428225452, "gamma_power": -4.796491435200637, "n_components": 15.425070859185523}, "datetime": {"datetime": "2024-05-12 12:32:17", "elapsed": 38392.447859, "delta": 705.698847}}
{"target": 0.9536185672293624, "params": {"alpha_power": -7.644614864436758, "gamma_power": -4.551952733636243, "n_components": 15.599435713402208}, "datetime": {"datetime": "2024-05-12 12:37:11", "elapsed": 38686.459219, "delta": 294.01136}}
{"target": 0.9531499893422376, "params": {"alpha_power": -6.9183892196893355, "gamma_power": -4.715351013713318, "n_components": 15.63153969072034}, "datetime": {"datetime": "2024-05-12 12:39:50", "elapsed": 38846.174013, "delta": 159.714794}}
{"target": 0.950745820283268, "params": {"alpha_power": -9.134454089135506, "gamma_power": -5.009182082497226, "n_components": 14.923911317011276}, "datetime": {"datetime": "2024-05-12 12:59:41", "elapsed": 40037.328503, "delta": 1191.15449}}
{"target": 0.9505405827882735, "params": {"alpha_power": -9.284542547646648, "gamma_power": -4.0, "n_components": 15.36560596873845}, "datetime": {"datetime": "2024-05-12 13:21:36", "elapsed": 41351.493729, "delta": 1314.165226}}
{"target": 0.9434257949967388, "params": {"alpha_power": -10.0, "gamma_power": -8.0, "n_components": 16.0}, "datetime": {"datetime": "2024-05-12 13:47:58", "elapsed": 42933.669679, "delta": 1582.17595}}
{"target": 0.9507679512864226, "params": {"alpha_power": -7.388420908508975, "gamma_power": -5.363027010947089, "n_components": 14.397015641555711}, "datetime": {"datetime": "2024-05-12 13:51:48", "elapsed": 43164.215714, "delta": 230.546035}}
{"target": 0.9497748954360838, "params": {"alpha_power": -8.273475626739037, "gamma_power": -4.0, "n_components": 13.162555977622475}, "datetime": {"datetime": "2024-05-12 14:00:39", "elapsed": 43694.986058, "delta": 530.770344}}
{"target": 0.9525266157017054, "params": {"alpha_power": -10.0, "gamma_power": -5.401980147061035, "n_components": 13.106590199672263}, "datetime": {"datetime": "2024-05-12 14:22:53", "elapsed": 45029.21602, "delta": 1334.229962}}
{"target": 0.9480779924425334, "params": {"alpha_power": -8.560864479592396, "gamma_power": -5.355874653714852, "n_components": 10.0}, "datetime": {"datetime": "2024-05-12 14:32:14", "elapsed": 45589.459823, "delta": 560.243803}}
{"target": 0.941842342347209, "params": {"alpha_power": -9.90863950963155, "gamma_power": -4.018933773699489, "n_components": 10.00808691859088}, "datetime": {"datetime": "2024-05-12 14:50:02", "elapsed": 46657.382766, "delta": 1067.922943}}
{"target": 0.9522935332561777, "params": {"alpha_power": -7.817017076888874, "gamma_power": -5.781229421998906, "n_components": 15.260586610715182}, "datetime": {"datetime": "2024-05-12 14:56:01", "elapsed": 47017.255217, "delta": 359.872451}}
{"target": 0.9508247261673104, "params": {"alpha_power": -9.502109174072677, "gamma_power": -4.97305152053972, "n_components": 12.346098700724419}, "datetime": {"datetime": "2024-05-12 15:17:08", "elapsed": 48283.523257, "delta": 1266.26804}}
{"target": 0.9487591796432584, "params": {"alpha_power": -9.958552836984587, "gamma_power": -4.269569752287666, "n_components": 14.955439575883204}, "datetime": {"datetime": "2024-05-12 15:39:10", "elapsed": 49605.622489, "delta": 1322.099232}}
{"target": 0.9425005922346896, "params": {"alpha_power": -10.0, "gamma_power": -4.0, "n_components": 12.81000757055304}, "datetime": {"datetime": "2024-05-12 16:08:34", "elapsed": 51369.917483, "delta": 1764.294994}}
{"target": 0.9507466631822554, "params": {"alpha_power": -7.015773762080804, "gamma_power": -4.0, "n_components": 13.343876765306153}, "datetime": {"datetime": "2024-05-12 16:11:18", "elapsed": 51533.376198, "delta": 163.458715}}
{"target": 0.950348540242804, "params": {"alpha_power": -9.259118464685058, "gamma_power": -5.775061481899536, "n_components": 12.75419720928844}, "datetime": {"datetime": "2024-05-12 16:31:11", "elapsed": 52727.36036, "delta": 1193.984162}}
{"target": 0.9499170499137375, "params": {"alpha_power": -10.0, "gamma_power": -6.585795769934923, "n_components": 14.939287892658433}, "datetime": {"datetime": "2024-05-12 17:01:22", "elapsed": 54537.800725, "delta": 1810.440365}}
{"target": 0.9538553108999238, "params": {"alpha_power": -7.957932078043707, "gamma_power": -5.206576652776732, "n_components": 15.562067576154684}, "datetime": {"datetime": "2024-05-12 17:08:01", "elapsed": 54936.497318, "delta": 398.696593}}
{"target": 0.9538783234492678, "params": {"alpha_power": -9.34056762836288, "gamma_power": -4.664462567416346, "n_components": 15.478257796797124}, "datetime": {"datetime": "2024-05-12 17:30:27", "elapsed": 56282.877597, "delta": 1346.380279}}
{"target": 0.9484959220218467, "params": {"alpha_power": -9.04431337909173, "gamma_power": -4.040080801697378, "n_components": 14.296312185524812}, "datetime": {"datetime": "2024-05-12 17:51:04", "elapsed": 57519.885295, "delta": 1237.007698}}
{"target": 0.9417357100328017, "params": {"alpha_power": -10.0, "gamma_power": -8.0, "n_components": 12.230035062217194}, "datetime": {"datetime": "2024-05-12 18:17:43", "elapsed": 59118.414277, "delta": 1598.528982}}
{"target": 0.9507867181286034, "params": {"alpha_power": -8.327405998738904, "gamma_power": -4.7720172810927695, "n_components": 12.156277942964863}, "datetime": {"datetime": "2024-05-12 18:26:50", "elapsed": 59666.06153, "delta": 547.647253}}
{"target": 0.9507298352399356, "params": {"alpha_power": -10.0, "gamma_power": -6.216366394487963, "n_components": 13.316107994284037}, "datetime": {"datetime": "2024-05-12 18:51:06", "elapsed": 61122.196015, "delta": 1456.134485}}
{"target": 0.9525270493337088, "params": {"alpha_power": -10.0, "gamma_power": -5.110261033649591, "n_components": 13.814738680783538}, "datetime": {"datetime": "2024-05-12 19:13:53", "elapsed": 62489.179552, "delta": 1366.983537}}
{"target": 0.9532108034862847, "params": {"alpha_power": -9.035988835937347, "gamma_power": -5.93431449304379, "n_components": 15.583766959434508}, "datetime": {"datetime": "2024-05-12 19:31:38", "elapsed": 63553.4613, "delta": 1064.281748}}
{"target": 0.9542792479198059, "params": {"alpha_power": -10.0, "gamma_power": -4.929562246132293, "n_components": 15.787125585306535}, "datetime": {"datetime": "2024-05-12 19:56:13", "elapsed": 65029.087397, "delta": 1475.626097}}
{"target": 0.9491209560038116, "params": {"alpha_power": -9.58655460302814, "gamma_power": -5.199351778378266, "n_components": 11.051566375838018}, "datetime": {"datetime": "2024-05-12 20:15:08", "elapsed": 66164.358119, "delta": 1135.270722}}
{"target": 0.9545923707702965, "params": {"alpha_power": -8.771574038735812, "gamma_power": -4.977918610113672, "n_components": 15.727822819977757}, "datetime": {"datetime": "2024-05-12 20:29:39", "elapsed": 67035.183337, "delta": 870.825218}}
{"target": 0.9539255523926163, "params": {"alpha_power": -9.987105097713433, "gamma_power": -5.454096983110519, "n_components": 15.514949961819937}, "datetime": {"datetime": "2024-05-12 21:02:18", "elapsed": 68993.868154, "delta": 1958.684817}}
{"target": 0.9524504594083837, "params": {"alpha_power": -8.050220866884507, "gamma_power": -5.1136480420837565, "n_components": 13.833734402918012}, "datetime": {"datetime": "2024-05-12 21:09:09", "elapsed": 69405.066265, "delta": 411.198111}}
{"target": 0.9507987685197108, "params": {"alpha_power": -8.301126566658237, "gamma_power": -6.032256488532214, "n_components": 14.035180581785681}, "datetime": {"datetime": "2024-05-12 21:17:34", "elapsed": 69909.435756, "delta": 504.369491}}
{"target": 0.9543346658784543, "params": {"alpha_power": -9.110010694020245, "gamma_power": -5.322965427236655, "n_components": 15.712077401843118}, "datetime": {"datetime": "2024-05-12 21:39:32", "elapsed": 71227.604364, "delta": 1318.168608}}
{"target": 0.9514565067898367, "params": {"alpha_power": -9.183891588245737, "gamma_power": -6.480867484747055, "n_components": 16.0}, "datetime": {"datetime": "2024-05-12 22:01:07", "elapsed": 72522.635091, "delta": 1295.030727}}
