{"target": 0.9511697883327551, "params": {"alpha_power": -3.9654042323068213}, "datetime": {"datetime": "2024-05-12 02:14:46", "elapsed": 0.0, "delta": 0.0}}
{"target": 0.9392363461451427, "params": {"alpha_power": -3.1060747923703715}, "datetime": {"datetime": "2024-05-12 02:54:17", "elapsed": 2370.621974, "delta": 2370.621974}}
{"target": 0.9490464355728013, "params": {"alpha_power": -3.469080481206186}, "datetime": {"datetime": "2024-05-12 03:27:20", "elapsed": 4353.866502, "delta": 1983.244528}}
{"target": 0.9514822220452024, "params": {"alpha_power": -3.965391215249596}, "datetime": {"datetime": "2024-05-12 04:00:17", "elapsed": 6330.394318, "delta": 1976.527816}}
{"target": 0.9512867795809535, "params": {"alpha_power": -3.964991187964621}, "datetime": {"datetime": "2024-05-12 04:30:16", "elapsed": 8129.547396, "delta": 1799.153078}}
{"target": 0.9514158231733578, "params": {"alpha_power": -3.964265524389159}, "datetime": {"datetime": "2024-05-12 05:03:11", "elapsed": 10104.850267, "delta": 1975.302871}}
{"target": 0.951053648519913, "params": {"alpha_power": -3.963607415583013}, "datetime": {"datetime": "2024-05-12 05:36:17", "elapsed": 12090.943333, "delta": 1986.093066}}
{"target": 0.9512649176535233, "params": {"alpha_power": -3.9631575612886314}, "datetime": {"datetime": "2024-05-12 06:09:16", "elapsed": 14069.853744, "delta": 1978.910411}}
{"target": 0.9513738467131585, "params": {"alpha_power": -3.9627564171418252}, "datetime": {"datetime": "2024-05-12 06:42:20", "elapsed": 16053.737058, "delta": 1983.883314}}
{"target": 0.9519433124923813, "params": {"alpha_power": -3.9621790399609433}, "datetime": {"datetime": "2024-05-12 07:15:21", "elapsed": 18034.841493, "delta": 1981.104435}}
{"target": 0.9393830343952345, "params": {"alpha_power": -3.9617876490988575}, "datetime": {"datetime": "2024-05-12 07:45:10", "elapsed": 19823.216639, "delta": 1788.375146}}
{"target": 0.9507481684446087, "params": {"alpha_power": -3.962426575481856}, "datetime": {"datetime": "2024-05-12 08:15:02", "elapsed": 21615.467784, "delta": 1792.251145}}
{"target": 0.9496721591592852, "params": {"alpha_power": -3.9639073279824713}, "datetime": {"datetime": "2024-05-12 08:47:58", "elapsed": 23591.891785, "delta": 1976.424001}}
{"target": 0.9445360511366276, "params": {"alpha_power": -4.507802060916347}, "datetime": {"datetime": "2024-05-12 09:34:32", "elapsed": 26385.680606, "delta": 2793.788821}}
{"target": 0.9491391077246261, "params": {"alpha_power": -3.469780037592377}, "datetime": {"datetime": "2024-05-12 10:05:39", "elapsed": 28252.535345, "delta": 1866.854739}}
{"target": 0.9493907343321822, "params": {"alpha_power": -3.470639383914507}, "datetime": {"datetime": "2024-05-12 10:36:29", "elapsed": 30102.033066, "delta": 1849.497721}}
{"target": 0.9514991051965378, "params": {"alpha_power": -3.9646914796804227}, "datetime": {"datetime": "2024-05-12 11:06:32", "elapsed": 31905.649198, "delta": 1803.616132}}
{"target": 0.9492378145769333, "params": {"alpha_power": -3.4719451672753694}, "datetime": {"datetime": "2024-05-12 11:36:44", "elapsed": 33717.984745, "delta": 1812.335547}}
{"target": 0.9496631230968106, "params": {"alpha_power": -3.4729150612162965}, "datetime": {"datetime": "2024-05-12 12:06:50", "elapsed": 35523.366104, "delta": 1805.381359}}
{"target": 0.9494280239550109, "params": {"alpha_power": -3.4734651635006113}, "datetime": {"datetime": "2024-05-12 12:36:39", "elapsed": 37312.556678, "delta": 1789.190574}}
{"target": 0.9496026695999676, "params": {"alpha_power": -3.474175553956073}, "datetime": {"datetime": "2024-05-12 13:03:36", "elapsed": 38929.493803, "delta": 1616.937125}}
{"target": 0.9497229878400753, "params": {"alpha_power": -3.4746761187500907}, "datetime": {"datetime": "2024-05-12 13:29:28", "elapsed": 40481.933083, "delta": 1552.43928}}
{"target": 0.9496375790394831, "params": {"alpha_power": -3.4751581835187}, "datetime": {"datetime": "2024-05-12 13:58:13", "elapsed": 42206.04231, "delta": 1724.109227}}
{"target": 0.949450917829151, "params": {"alpha_power": -3.475868121260681}, "datetime": {"datetime": "2024-05-12 14:27:58", "elapsed": 43991.724249, "delta": 1785.681939}}
{"target": 0.949106262734773, "params": {"alpha_power": -3.4763937628317465}, "datetime": {"datetime": "2024-05-12 14:57:34", "elapsed": 45767.340216, "delta": 1775.615967}}
{"target": 0.9494916128138259, "params": {"alpha_power": -3.472463493747741}, "datetime": {"datetime": "2024-05-12 15:27:37", "elapsed": 47570.054135, "delta": 1802.713919}}
{"target": 0.9512391503749275, "params": {"alpha_power": -3.965191085644932}, "datetime": {"datetime": "2024-05-12 16:00:40", "elapsed": 49553.177076, "delta": 1983.122941}}
{"target": 0.9487177759843805, "params": {"alpha_power": -3.8280988519079173}, "datetime": {"datetime": "2024-05-12 16:06:28", "elapsed": 49901.971964, "delta": 348.794888}}
{"target": 0.9512366274182555, "params": {"alpha_power": -4.104463111089802}, "datetime": {"datetime": "2024-05-12 16:34:39", "elapsed": 51592.034364, "delta": 1690.0624}}
{"target": 0.9501570346281467, "params": {"alpha_power": -4.104790784959124}, "datetime": {"datetime": "2024-05-12 17:03:01", "elapsed": 53294.573773, "delta": 1702.539409}}
