{"target": 0.9205862637463268, "params": {"alpha_power": 0.20757460615907064}, "datetime": {"datetime": "2024-05-04 01:22:58", "elapsed": 0.0, "delta": 0.0}}
{"target": 0.8201839203256005, "params": {"alpha_power": 5.363551245777769}, "datetime": {"datetime": "2024-05-04 01:23:59", "elapsed": 60.818693, "delta": 60.818693}}
{"target": 0.8203774299365512, "params": {"alpha_power": 3.1855171127628825}, "datetime": {"datetime": "2024-05-04 01:25:06", "elapsed": 127.616212, "delta": 66.797519}}
{"target": 0.9446701818237537, "params": {"alpha_power": -2.6112498723946476}, "datetime": {"datetime": "2024-05-04 01:41:23", "elapsed": 1104.552779, "delta": 976.936567}}
{"target": 0.9465521271961063, "params": {"alpha_power": -3.347455640860169}, "datetime": {"datetime": "2024-05-04 02:29:55", "elapsed": 4017.296945, "delta": 2912.744166}}
{"target": 0.8424544414068675, "params": {"alpha_power": 2.2346650228496028}, "datetime": {"datetime": "2024-05-04 02:31:06", "elapsed": 4087.776428, "delta": 70.479483}}
{"target": 0.9570149674699149, "params": {"alpha_power": -3.994329562799325}, "datetime": {"datetime": "2024-05-04 03:05:39", "elapsed": 6161.154554, "delta": 2073.378126}}
{"target": 0.9295207969930346, "params": {"alpha_power": -1.2906904024196315}, "datetime": {"datetime": "2024-05-04 03:07:35", "elapsed": 6276.726504, "delta": 115.57195}}
{"target": 0.9055612831978876, "params": {"alpha_power": 1.4166281670337106}, "datetime": {"datetime": "2024-05-04 03:10:03", "elapsed": 6425.041078, "delta": 148.314574}}
{"target": 0.9294490763625612, "params": {"alpha_power": -1.0568388616950486}, "datetime": {"datetime": "2024-05-04 03:11:53", "elapsed": 6535.523844, "delta": 110.482766}}
{"target": 0.9244717057516112, "params": {"alpha_power": -5.970421425589366}, "datetime": {"datetime": "2024-05-04 03:36:45", "elapsed": 8027.433608, "delta": 1491.909764}}
{"target": 0.8201838792767585, "params": {"alpha_power": 4.608386188465257}, "datetime": {"datetime": "2024-05-04 03:37:47", "elapsed": 8089.034017, "delta": 61.600409}}
{"target": 0.8201838816195055, "params": {"alpha_power": 4.619370460517683}, "datetime": {"datetime": "2024-05-04 03:38:48", "elapsed": 8150.48714, "delta": 61.453123}}
{"target": 0.9436287781943733, "params": {"alpha_power": -2.3950837276022288}, "datetime": {"datetime": "2024-05-04 03:48:52", "elapsed": 8754.216737, "delta": 603.729597}}
{"target": 0.9207134882488504, "params": {"alpha_power": 1.0749823825765752}, "datetime": {"datetime": "2024-05-04 03:50:09", "elapsed": 8830.937098, "delta": 76.720361}}
{"target": 0.8201839007182065, "params": {"alpha_power": 5.741122992177971}, "datetime": {"datetime": "2024-05-04 03:51:10", "elapsed": 8892.342742, "delta": 61.405644}}
{"target": 0.8201839487112895, "params": {"alpha_power": 4.141125865515733}, "datetime": {"datetime": "2024-05-04 03:52:12", "elapsed": 8953.587267, "delta": 61.244525}}
{"target": 0.9481872160669372, "params": {"alpha_power": -5.219094731313678}, "datetime": {"datetime": "2024-05-04 04:39:37", "elapsed": 11799.1506, "delta": 2845.563333}}
{"target": 0.9439723424061274, "params": {"alpha_power": -2.463066423391613}, "datetime": {"datetime": "2024-05-04 04:51:10", "elapsed": 12491.576664, "delta": 692.426064}}
{"target": 0.9441739774433353, "params": {"alpha_power": -2.544786708393043}, "datetime": {"datetime": "2024-05-04 05:04:19", "elapsed": 13281.235115, "delta": 789.658451}}
{"target": 0.8201838602753823, "params": {"alpha_power": 3.8695960692411973}, "datetime": {"datetime": "2024-05-04 05:05:20", "elapsed": 13341.914947, "delta": 60.679832}}
{"target": 0.8889352155937393, "params": {"alpha_power": 1.5141964555229528}, "datetime": {"datetime": "2024-05-04 05:07:37", "elapsed": 13478.853552, "delta": 136.938605}}
{"target": 0.95134760596776, "params": {"alpha_power": -4.674267433035915}, "datetime": {"datetime": "2024-05-04 05:54:32", "elapsed": 16293.60074, "delta": 2814.747188}}
{"target": 0.9466942304860172, "params": {"alpha_power": -5.993654265968687}, "datetime": {"datetime": "2024-05-04 06:22:31", "elapsed": 17972.576884, "delta": 1678.976144}}
{"target": 0.8201839546370747, "params": {"alpha_power": 5.305994794265995}, "datetime": {"datetime": "2024-05-04 06:23:31", "elapsed": 18033.370679, "delta": 60.793795}}
{"target": 0.9562160536204068, "params": {"alpha_power": -4.321317716867094}, "datetime": {"datetime": "2024-05-04 07:08:25", "elapsed": 20727.136153, "delta": 2693.765474}}
{"target": 0.9446696127662169, "params": {"alpha_power": -2.611288344724239}, "datetime": {"datetime": "2024-05-04 07:24:42", "elapsed": 21704.169146, "delta": 977.032993}}
{"target": 0.9549395008235354, "params": {"alpha_power": -3.67312320323246}, "datetime": {"datetime": "2024-05-04 07:42:10", "elapsed": 22751.777713, "delta": 1047.608567}}
{"target": 0.9326311926234077, "params": {"alpha_power": -1.8538901569880424}, "datetime": {"datetime": "2024-05-04 07:46:56", "elapsed": 23038.34143, "delta": 286.563717}}
{"target": 0.9282561516756311, "params": {"alpha_power": -0.4319701044669842}, "datetime": {"datetime": "2024-05-04 07:48:44", "elapsed": 23146.240996, "delta": 107.899566}}
{"target": 0.9527170099724088, "params": {"alpha_power": -4.9573102034940355}, "datetime": {"datetime": "2024-05-04 08:36:01", "elapsed": 25983.305913, "delta": 2837.064917}}
{"target": 0.945625858092718, "params": {"alpha_power": -3.007530419612199}, "datetime": {"datetime": "2024-05-04 09:03:48", "elapsed": 27650.338143, "delta": 1667.03223}}
{"target": 0.9167227552936194, "params": {"alpha_power": 0.630085350423714}, "datetime": {"datetime": "2024-05-04 09:04:45", "elapsed": 27706.556549, "delta": 56.218406}}
{"target": 0.925643664842718, "params": {"alpha_power": -0.12266532470039132}, "datetime": {"datetime": "2024-05-04 09:06:35", "elapsed": 27816.869258, "delta": 110.312709}}
{"target": 0.9295530557831604, "params": {"alpha_power": -0.7409513531975105}, "datetime": {"datetime": "2024-05-04 09:08:20", "elapsed": 27922.393151, "delta": 105.523893}}
{"target": 0.9292223579088837, "params": {"alpha_power": -1.5843068479392735}, "datetime": {"datetime": "2024-05-04 09:10:52", "elapsed": 28074.39461, "delta": 152.001459}}
{"target": 0.9420411481901511, "params": {"alpha_power": -2.110194657104764}, "datetime": {"datetime": "2024-05-04 09:18:06", "elapsed": 28507.56362, "delta": 433.16901}}
{"target": 0.9534781292217541, "params": {"alpha_power": -4.489758015598666}, "datetime": {"datetime": "2024-05-04 10:02:57", "elapsed": 31199.118118, "delta": 2691.554498}}
{"target": 0.9536128683266949, "params": {"alpha_power": -3.834239597455937}, "datetime": {"datetime": "2024-05-04 10:10:27", "elapsed": 31648.880259, "delta": 449.762141}}
{"target": 0.9531164496913254, "params": {"alpha_power": -4.156300679143362}, "datetime": {"datetime": "2024-05-04 10:38:10", "elapsed": 33311.955526, "delta": 1663.075267}}
{"target": 0.9532302805981624, "params": {"alpha_power": -3.5135736624948173}, "datetime": {"datetime": "2024-05-04 11:23:12", "elapsed": 36013.873008, "delta": 2701.917482}}
{"target": 0.9551404584226442, "params": {"alpha_power": -5.093771330968619}, "datetime": {"datetime": "2024-05-04 12:10:32", "elapsed": 38853.703542, "delta": 2839.830534}}
{"target": 0.9451108062410626, "params": {"alpha_power": -2.834563220462275}, "datetime": {"datetime": "2024-05-04 12:31:41", "elapsed": 40122.612359, "delta": 1268.908817}}
{"target": 0.9534067933716841, "params": {"alpha_power": -4.811076116781182}, "datetime": {"datetime": "2024-05-04 13:18:35", "elapsed": 42937.092581, "delta": 2814.480222}}
{"target": 0.9457499069097206, "params": {"alpha_power": -3.173949874015903}, "datetime": {"datetime": "2024-05-04 14:02:43", "elapsed": 45584.867405, "delta": 2647.774824}}
{"target": 0.9558703877427405, "params": {"alpha_power": -4.397507030670486}, "datetime": {"datetime": "2024-05-04 14:44:29", "elapsed": 48091.061754, "delta": 2506.194349}}
{"target": 0.9570396507455776, "params": {"alpha_power": -3.930646705671897}, "datetime": {"datetime": "2024-05-04 15:09:33", "elapsed": 49594.541556, "delta": 1503.479802}}
{"target": 0.9550167659049886, "params": {"alpha_power": -3.5978748168717174}, "datetime": {"datetime": "2024-05-04 15:34:23", "elapsed": 51085.339843, "delta": 1490.798287}}
{"target": 0.9557349072777438, "params": {"alpha_power": -4.252655231646405}, "datetime": {"datetime": "2024-05-04 16:11:02", "elapsed": 53283.986495, "delta": 2198.646652}}
{"target": 0.9572545817613406, "params": {"alpha_power": -3.9628409113447223}, "datetime": {"datetime": "2024-05-04 16:34:34", "elapsed": 54696.140664, "delta": 1412.154169}}
{"target": 0.9436831953777787, "params": {"alpha_power": -5.143280837176692}, "datetime": {"datetime": "2024-05-04 17:21:51", "elapsed": 57532.732248, "delta": 2836.591584}}
{"target": 0.9493692158785301, "params": {"alpha_power": -5.4400971014645565}, "datetime": {"datetime": "2024-05-04 17:45:33", "elapsed": 58955.213407, "delta": 1422.481159}}
{"target": 0.8251372375930135, "params": {"alpha_power": 2.692903854520787}, "datetime": {"datetime": "2024-05-04 17:46:40", "elapsed": 59021.55807, "delta": 66.344663}}
{"target": 0.9372188863100591, "params": {"alpha_power": -5.340648956579431}, "datetime": {"datetime": "2024-05-04 18:32:06", "elapsed": 61747.691885, "delta": 2726.133815}}
{"target": 0.9205870312833857, "params": {"alpha_power": 0.8529655178418416}, "datetime": {"datetime": "2024-05-04 18:33:01", "elapsed": 61803.454239, "delta": 55.762354}}
{"target": 0.9330808915053208, "params": {"alpha_power": -5.585173265122991}, "datetime": {"datetime": "2024-05-04 18:51:04", "elapsed": 62885.705383, "delta": 1082.251144}}
{"target": 0.8663217632690717, "params": {"alpha_power": 1.8707185937333985}, "datetime": {"datetime": "2024-05-04 18:52:42", "elapsed": 62983.958751, "delta": 98.253368}}
{"target": 0.9175563433964126, "params": {"alpha_power": 0.41117362291486614}, "datetime": {"datetime": "2024-05-04 18:53:37", "elapsed": 63039.386611, "delta": 55.42786}}
{"target": 0.942941975244274, "params": {"alpha_power": -2.2379985700863325}, "datetime": {"datetime": "2024-05-04 19:01:31", "elapsed": 63513.528272, "delta": 474.141661}}
{"target": 0.9295210696186762, "params": {"alpha_power": -0.896781301900857}, "datetime": {"datetime": "2024-05-04 19:03:19", "elapsed": 63621.310454, "delta": 107.782182}}
{"target": 0.9278522793917794, "params": {"alpha_power": -0.2770067910139353}, "datetime": {"datetime": "2024-05-04 19:05:08", "elapsed": 63730.525273, "delta": 109.214819}}
{"target": 0.8201838686476155, "params": {"alpha_power": 6.0}, "datetime": {"datetime": "2024-05-04 19:06:11", "elapsed": 63792.554632, "delta": 62.029359}}
